ARM GAS  C:\Users\kbuchi\AppData\Local\Temp\ccmqIjm4.s 			page 1


   1              		.cpu cortex-m0
   2              		.fpu softvfp
   3              		.eabi_attribute 20, 1
   4              		.eabi_attribute 21, 1
   5              		.eabi_attribute 23, 3
   6              		.eabi_attribute 24, 1
   7              		.eabi_attribute 25, 1
   8              		.eabi_attribute 26, 1
   9              		.eabi_attribute 30, 1
  10              		.eabi_attribute 34, 0
  11              		.eabi_attribute 18, 4
  12              		.code	16
  13              		.file	"cyfitter_cfg.c"
  14              		.text
  15              	.Ltext0:
  16              		.cfi_sections	.debug_frame
  17              		.section	.text.cfg_write_bytes32,"ax",%progbits
  18              		.align	2
  19              		.code	16
  20              		.thumb_func
  21              		.type	cfg_write_bytes32, %function
  22              	cfg_write_bytes32:
  23              	.LFB3:
  24              		.file 1 ".\\Generated_Source\\PSoC4\\cyfitter_cfg.c"
   1:.\Generated_Source\PSoC4/cyfitter_cfg.c **** /*******************************************************************************
   2:.\Generated_Source\PSoC4/cyfitter_cfg.c **** * FILENAME: cyfitter_cfg.c
   3:.\Generated_Source\PSoC4/cyfitter_cfg.c **** * 
   4:.\Generated_Source\PSoC4/cyfitter_cfg.c **** * PSoC Creator  3.2
   5:.\Generated_Source\PSoC4/cyfitter_cfg.c **** *
   6:.\Generated_Source\PSoC4/cyfitter_cfg.c **** * DESCRIPTION:
   7:.\Generated_Source\PSoC4/cyfitter_cfg.c **** * This file contains device initialization code.
   8:.\Generated_Source\PSoC4/cyfitter_cfg.c **** * Except for the user defined sections in CyClockStartupError(), this file should not be modified.
   9:.\Generated_Source\PSoC4/cyfitter_cfg.c **** * This file is automatically generated by PSoC Creator.
  10:.\Generated_Source\PSoC4/cyfitter_cfg.c **** *
  11:.\Generated_Source\PSoC4/cyfitter_cfg.c **** ********************************************************************************
  12:.\Generated_Source\PSoC4/cyfitter_cfg.c **** * Copyright (c) 2007-2015 Cypress Semiconductor.  All rights reserved.
  13:.\Generated_Source\PSoC4/cyfitter_cfg.c **** * You may use this file only in accordance with the license, terms, conditions, 
  14:.\Generated_Source\PSoC4/cyfitter_cfg.c **** * disclaimers, and limitations in the end user license agreement accompanying 
  15:.\Generated_Source\PSoC4/cyfitter_cfg.c **** * the software package with which this file was provided.
  16:.\Generated_Source\PSoC4/cyfitter_cfg.c **** ********************************************************************************/
  17:.\Generated_Source\PSoC4/cyfitter_cfg.c **** 
  18:.\Generated_Source\PSoC4/cyfitter_cfg.c **** #include <string.h>
  19:.\Generated_Source\PSoC4/cyfitter_cfg.c **** #include "cytypes.h"
  20:.\Generated_Source\PSoC4/cyfitter_cfg.c **** #include "cydevice_trm.h"
  21:.\Generated_Source\PSoC4/cyfitter_cfg.c **** #include "cyfitter.h"
  22:.\Generated_Source\PSoC4/cyfitter_cfg.c **** #include "CyLib.h"
  23:.\Generated_Source\PSoC4/cyfitter_cfg.c **** #include "CyLFClk.h"
  24:.\Generated_Source\PSoC4/cyfitter_cfg.c **** #include "cyfitter_cfg.h"
  25:.\Generated_Source\PSoC4/cyfitter_cfg.c **** 
  26:.\Generated_Source\PSoC4/cyfitter_cfg.c **** 
  27:.\Generated_Source\PSoC4/cyfitter_cfg.c **** #if defined(__GNUC__) || defined(__ARMCC_VERSION)
  28:.\Generated_Source\PSoC4/cyfitter_cfg.c ****     #define CYPACKED 
  29:.\Generated_Source\PSoC4/cyfitter_cfg.c ****     #define CYPACKED_ATTR __attribute__ ((packed))
  30:.\Generated_Source\PSoC4/cyfitter_cfg.c ****     #define CYALIGNED __attribute__ ((aligned))
  31:.\Generated_Source\PSoC4/cyfitter_cfg.c ****     #define CY_CFG_UNUSED __attribute__ ((unused))
  32:.\Generated_Source\PSoC4/cyfitter_cfg.c ****     #define CY_CFG_SECTION __attribute__ ((section(".psocinit")))
  33:.\Generated_Source\PSoC4/cyfitter_cfg.c ****     
ARM GAS  C:\Users\kbuchi\AppData\Local\Temp\ccmqIjm4.s 			page 2


  34:.\Generated_Source\PSoC4/cyfitter_cfg.c ****     #if defined(__ARMCC_VERSION)
  35:.\Generated_Source\PSoC4/cyfitter_cfg.c ****         #define CY_CFG_MEMORY_BARRIER() __memory_changed()
  36:.\Generated_Source\PSoC4/cyfitter_cfg.c ****     #else
  37:.\Generated_Source\PSoC4/cyfitter_cfg.c ****         #define CY_CFG_MEMORY_BARRIER() __sync_synchronize()
  38:.\Generated_Source\PSoC4/cyfitter_cfg.c ****     #endif
  39:.\Generated_Source\PSoC4/cyfitter_cfg.c ****     
  40:.\Generated_Source\PSoC4/cyfitter_cfg.c **** #elif defined(__ICCARM__)
  41:.\Generated_Source\PSoC4/cyfitter_cfg.c ****     #include <intrinsics.h>
  42:.\Generated_Source\PSoC4/cyfitter_cfg.c **** 
  43:.\Generated_Source\PSoC4/cyfitter_cfg.c ****     #define CYPACKED __packed
  44:.\Generated_Source\PSoC4/cyfitter_cfg.c ****     #define CYPACKED_ATTR 
  45:.\Generated_Source\PSoC4/cyfitter_cfg.c ****     #define CYALIGNED _Pragma("data_alignment=4")
  46:.\Generated_Source\PSoC4/cyfitter_cfg.c ****     #define CY_CFG_UNUSED _Pragma("diag_suppress=Pe177")
  47:.\Generated_Source\PSoC4/cyfitter_cfg.c ****     #define CY_CFG_SECTION _Pragma("location=\".psocinit\"")
  48:.\Generated_Source\PSoC4/cyfitter_cfg.c ****     
  49:.\Generated_Source\PSoC4/cyfitter_cfg.c ****     #define CY_CFG_MEMORY_BARRIER() __DMB()
  50:.\Generated_Source\PSoC4/cyfitter_cfg.c ****     
  51:.\Generated_Source\PSoC4/cyfitter_cfg.c **** #else
  52:.\Generated_Source\PSoC4/cyfitter_cfg.c ****     #error Unsupported toolchain
  53:.\Generated_Source\PSoC4/cyfitter_cfg.c **** #endif
  54:.\Generated_Source\PSoC4/cyfitter_cfg.c **** 
  55:.\Generated_Source\PSoC4/cyfitter_cfg.c **** 
  56:.\Generated_Source\PSoC4/cyfitter_cfg.c **** CY_CFG_UNUSED
  57:.\Generated_Source\PSoC4/cyfitter_cfg.c **** static void CYMEMZERO(void *s, size_t n);
  58:.\Generated_Source\PSoC4/cyfitter_cfg.c **** CY_CFG_UNUSED
  59:.\Generated_Source\PSoC4/cyfitter_cfg.c **** static void CYMEMZERO(void *s, size_t n)
  60:.\Generated_Source\PSoC4/cyfitter_cfg.c **** {
  61:.\Generated_Source\PSoC4/cyfitter_cfg.c **** 	(void)memset(s, 0, n);
  62:.\Generated_Source\PSoC4/cyfitter_cfg.c **** }
  63:.\Generated_Source\PSoC4/cyfitter_cfg.c **** CY_CFG_UNUSED
  64:.\Generated_Source\PSoC4/cyfitter_cfg.c **** static void CYCONFIGCPY(void *dest, const void *src, size_t n);
  65:.\Generated_Source\PSoC4/cyfitter_cfg.c **** CY_CFG_UNUSED
  66:.\Generated_Source\PSoC4/cyfitter_cfg.c **** static void CYCONFIGCPY(void *dest, const void *src, size_t n)
  67:.\Generated_Source\PSoC4/cyfitter_cfg.c **** {
  68:.\Generated_Source\PSoC4/cyfitter_cfg.c **** 	(void)memcpy(dest, src, n);
  69:.\Generated_Source\PSoC4/cyfitter_cfg.c **** }
  70:.\Generated_Source\PSoC4/cyfitter_cfg.c **** CY_CFG_UNUSED
  71:.\Generated_Source\PSoC4/cyfitter_cfg.c **** static void CYCONFIGCPYCODE(void *dest, const void *src, size_t n);
  72:.\Generated_Source\PSoC4/cyfitter_cfg.c **** CY_CFG_UNUSED
  73:.\Generated_Source\PSoC4/cyfitter_cfg.c **** static void CYCONFIGCPYCODE(void *dest, const void *src, size_t n)
  74:.\Generated_Source\PSoC4/cyfitter_cfg.c **** {
  75:.\Generated_Source\PSoC4/cyfitter_cfg.c **** 	(void)memcpy(dest, src, n);
  76:.\Generated_Source\PSoC4/cyfitter_cfg.c **** }
  77:.\Generated_Source\PSoC4/cyfitter_cfg.c **** 
  78:.\Generated_Source\PSoC4/cyfitter_cfg.c **** 
  79:.\Generated_Source\PSoC4/cyfitter_cfg.c **** 
  80:.\Generated_Source\PSoC4/cyfitter_cfg.c **** /* Clock startup error codes                                                   */
  81:.\Generated_Source\PSoC4/cyfitter_cfg.c **** #define CYCLOCKSTART_NO_ERROR    0u
  82:.\Generated_Source\PSoC4/cyfitter_cfg.c **** #define CYCLOCKSTART_XTAL_ERROR  1u
  83:.\Generated_Source\PSoC4/cyfitter_cfg.c **** #define CYCLOCKSTART_32KHZ_ERROR 2u
  84:.\Generated_Source\PSoC4/cyfitter_cfg.c **** #define CYCLOCKSTART_PLL_ERROR   3u
  85:.\Generated_Source\PSoC4/cyfitter_cfg.c **** 
  86:.\Generated_Source\PSoC4/cyfitter_cfg.c **** #ifdef CY_NEED_CYCLOCKSTARTUPERROR
  87:.\Generated_Source\PSoC4/cyfitter_cfg.c **** /*******************************************************************************
  88:.\Generated_Source\PSoC4/cyfitter_cfg.c **** * Function Name: CyClockStartupError
  89:.\Generated_Source\PSoC4/cyfitter_cfg.c **** ********************************************************************************
  90:.\Generated_Source\PSoC4/cyfitter_cfg.c **** * Summary:
ARM GAS  C:\Users\kbuchi\AppData\Local\Temp\ccmqIjm4.s 			page 3


  91:.\Generated_Source\PSoC4/cyfitter_cfg.c **** *  If an error is encountered during clock configuration (crystal startup error,
  92:.\Generated_Source\PSoC4/cyfitter_cfg.c **** *  PLL lock error, etc.), the system will end up here.  Unless reimplemented by
  93:.\Generated_Source\PSoC4/cyfitter_cfg.c **** *  the customer, this function will stop in an infinite loop.
  94:.\Generated_Source\PSoC4/cyfitter_cfg.c **** *
  95:.\Generated_Source\PSoC4/cyfitter_cfg.c **** * Parameters:
  96:.\Generated_Source\PSoC4/cyfitter_cfg.c **** *   void
  97:.\Generated_Source\PSoC4/cyfitter_cfg.c **** *
  98:.\Generated_Source\PSoC4/cyfitter_cfg.c **** * Return:
  99:.\Generated_Source\PSoC4/cyfitter_cfg.c **** *   void
 100:.\Generated_Source\PSoC4/cyfitter_cfg.c **** *
 101:.\Generated_Source\PSoC4/cyfitter_cfg.c **** *******************************************************************************/
 102:.\Generated_Source\PSoC4/cyfitter_cfg.c **** CY_CFG_UNUSED
 103:.\Generated_Source\PSoC4/cyfitter_cfg.c **** static void CyClockStartupError(uint8 errorCode);
 104:.\Generated_Source\PSoC4/cyfitter_cfg.c **** CY_CFG_UNUSED
 105:.\Generated_Source\PSoC4/cyfitter_cfg.c **** static void CyClockStartupError(uint8 errorCode)
 106:.\Generated_Source\PSoC4/cyfitter_cfg.c **** {
 107:.\Generated_Source\PSoC4/cyfitter_cfg.c ****     /* To remove the compiler warning if errorCode not used.                */
 108:.\Generated_Source\PSoC4/cyfitter_cfg.c ****     errorCode = errorCode;
 109:.\Generated_Source\PSoC4/cyfitter_cfg.c **** 
 110:.\Generated_Source\PSoC4/cyfitter_cfg.c ****     /* `#START CyClockStartupError` */
 111:.\Generated_Source\PSoC4/cyfitter_cfg.c **** 
 112:.\Generated_Source\PSoC4/cyfitter_cfg.c ****     /* If we have a clock startup error (bad MHz crystal, PLL lock, etc.),  */
 113:.\Generated_Source\PSoC4/cyfitter_cfg.c ****     /* we will end up here to allow the customer to implement something to  */
 114:.\Generated_Source\PSoC4/cyfitter_cfg.c ****     /* deal with the clock condition.                                       */
 115:.\Generated_Source\PSoC4/cyfitter_cfg.c **** 
 116:.\Generated_Source\PSoC4/cyfitter_cfg.c ****     /* `#END` */
 117:.\Generated_Source\PSoC4/cyfitter_cfg.c **** 
 118:.\Generated_Source\PSoC4/cyfitter_cfg.c ****     /* If nothing else, stop here since the clocks have not started         */
 119:.\Generated_Source\PSoC4/cyfitter_cfg.c ****     /* correctly.                                                           */
 120:.\Generated_Source\PSoC4/cyfitter_cfg.c ****     while(1) {}
 121:.\Generated_Source\PSoC4/cyfitter_cfg.c **** }
 122:.\Generated_Source\PSoC4/cyfitter_cfg.c **** #endif
 123:.\Generated_Source\PSoC4/cyfitter_cfg.c **** 
 124:.\Generated_Source\PSoC4/cyfitter_cfg.c **** #define CY_CFG_BASE_ADDR_COUNT 2u
 125:.\Generated_Source\PSoC4/cyfitter_cfg.c **** CYPACKED typedef struct
 126:.\Generated_Source\PSoC4/cyfitter_cfg.c **** {
 127:.\Generated_Source\PSoC4/cyfitter_cfg.c **** 	uint8 offset;
 128:.\Generated_Source\PSoC4/cyfitter_cfg.c **** 	uint8 value;
 129:.\Generated_Source\PSoC4/cyfitter_cfg.c **** } CYPACKED_ATTR cy_cfg_addrvalue_t;
 130:.\Generated_Source\PSoC4/cyfitter_cfg.c **** 
 131:.\Generated_Source\PSoC4/cyfitter_cfg.c **** 
 132:.\Generated_Source\PSoC4/cyfitter_cfg.c **** 
 133:.\Generated_Source\PSoC4/cyfitter_cfg.c **** /*******************************************************************************
 134:.\Generated_Source\PSoC4/cyfitter_cfg.c **** * Function Name: cfg_write_bytes32
 135:.\Generated_Source\PSoC4/cyfitter_cfg.c **** ********************************************************************************
 136:.\Generated_Source\PSoC4/cyfitter_cfg.c **** * Summary:
 137:.\Generated_Source\PSoC4/cyfitter_cfg.c **** *  This function is used for setting up the chip configuration areas that
 138:.\Generated_Source\PSoC4/cyfitter_cfg.c **** *  contain relatively sparse data.
 139:.\Generated_Source\PSoC4/cyfitter_cfg.c **** *
 140:.\Generated_Source\PSoC4/cyfitter_cfg.c **** * Parameters:
 141:.\Generated_Source\PSoC4/cyfitter_cfg.c **** *   void
 142:.\Generated_Source\PSoC4/cyfitter_cfg.c **** *
 143:.\Generated_Source\PSoC4/cyfitter_cfg.c **** * Return:
 144:.\Generated_Source\PSoC4/cyfitter_cfg.c **** *   void
 145:.\Generated_Source\PSoC4/cyfitter_cfg.c **** *
 146:.\Generated_Source\PSoC4/cyfitter_cfg.c **** *******************************************************************************/
 147:.\Generated_Source\PSoC4/cyfitter_cfg.c **** static void cfg_write_bytes32(const uint32 addr_table[], const cy_cfg_addrvalue_t data_table[]);
ARM GAS  C:\Users\kbuchi\AppData\Local\Temp\ccmqIjm4.s 			page 4


 148:.\Generated_Source\PSoC4/cyfitter_cfg.c **** static void cfg_write_bytes32(const uint32 addr_table[], const cy_cfg_addrvalue_t data_table[])
 149:.\Generated_Source\PSoC4/cyfitter_cfg.c **** {
  25              		.loc 1 149 0
  26              		.cfi_startproc
  27              	.LVL0:
  28 0000 F0B5     		push	{r4, r5, r6, r7, lr}
  29              		.cfi_def_cfa_offset 20
  30              		.cfi_offset 4, -20
  31              		.cfi_offset 5, -16
  32              		.cfi_offset 6, -12
  33              		.cfi_offset 7, -8
  34              		.cfi_offset 14, -4
  35              	.LVL1:
 150:.\Generated_Source\PSoC4/cyfitter_cfg.c **** 	/* For 32-bit little-endian architectures */
 151:.\Generated_Source\PSoC4/cyfitter_cfg.c **** 	uint32 i, j = 0u;
  36              		.loc 1 151 0
  37 0002 0022     		mov	r2, #0
 152:.\Generated_Source\PSoC4/cyfitter_cfg.c **** 	for (i = 0u; i < CY_CFG_BASE_ADDR_COUNT; i++)
  38              		.loc 1 152 0
  39 0004 0027     		mov	r7, #0
  40              	.LBB2:
 153:.\Generated_Source\PSoC4/cyfitter_cfg.c **** 	{
 154:.\Generated_Source\PSoC4/cyfitter_cfg.c **** 		uint32 baseAddr = addr_table[i];
 155:.\Generated_Source\PSoC4/cyfitter_cfg.c **** 		uint8 count = (uint8)baseAddr;
 156:.\Generated_Source\PSoC4/cyfitter_cfg.c **** 		baseAddr &= 0xFFFFFF00u;
  41              		.loc 1 156 0
  42 0006 FF23     		mov	r3, #255
  43 0008 9C46     		mov	ip, r3
  44              	.LBE2:
 152:.\Generated_Source\PSoC4/cyfitter_cfg.c **** 	for (i = 0u; i < CY_CFG_BASE_ADDR_COUNT; i++)
  45              		.loc 1 152 0
  46 000a 11E0     		b	.L2
  47              	.LVL2:
  48              	.L5:
  49              	.LBB3:
 154:.\Generated_Source\PSoC4/cyfitter_cfg.c **** 		uint32 baseAddr = addr_table[i];
  50              		.loc 1 154 0
  51 000c BB00     		lsl	r3, r7, #2
  52 000e C658     		ldr	r6, [r0, r3]
  53              	.LVL3:
 155:.\Generated_Source\PSoC4/cyfitter_cfg.c **** 		uint8 count = (uint8)baseAddr;
  54              		.loc 1 155 0
  55 0010 F3B2     		uxtb	r3, r6
  56              	.LVL4:
  57              		.loc 1 156 0
  58 0012 6446     		mov	r4, ip
  59 0014 A643     		bic	r6, r4
  60              	.LVL5:
 157:.\Generated_Source\PSoC4/cyfitter_cfg.c **** 		while (count != 0u)
  61              		.loc 1 157 0
  62 0016 08E0     		b	.L3
  63              	.L4:
 158:.\Generated_Source\PSoC4/cyfitter_cfg.c **** 		{
 159:.\Generated_Source\PSoC4/cyfitter_cfg.c **** 			CY_SET_XTND_REG8((void CYFAR *)(baseAddr + data_table[j].offset), data_table[j].value);
  64              		.loc 1 159 0
  65 0018 5400     		lsl	r4, r2, #1
  66 001a 0C19     		add	r4, r1, r4
ARM GAS  C:\Users\kbuchi\AppData\Local\Temp\ccmqIjm4.s 			page 5


  67 001c 2578     		ldrb	r5, [r4]
  68 001e AD19     		add	r5, r5, r6
  69 0020 6478     		ldrb	r4, [r4, #1]
  70 0022 2C70     		strb	r4, [r5]
 160:.\Generated_Source\PSoC4/cyfitter_cfg.c **** 			j++;
  71              		.loc 1 160 0
  72 0024 0132     		add	r2, r2, #1
  73              	.LVL6:
 161:.\Generated_Source\PSoC4/cyfitter_cfg.c **** 			count--;
  74              		.loc 1 161 0
  75 0026 013B     		sub	r3, r3, #1
  76              	.LVL7:
  77 0028 DBB2     		uxtb	r3, r3
  78              	.LVL8:
  79              	.L3:
 157:.\Generated_Source\PSoC4/cyfitter_cfg.c **** 		while (count != 0u)
  80              		.loc 1 157 0 discriminator 1
  81 002a 002B     		cmp	r3, #0
  82 002c F4D1     		bne	.L4
  83              	.LBE3:
 152:.\Generated_Source\PSoC4/cyfitter_cfg.c **** 	for (i = 0u; i < CY_CFG_BASE_ADDR_COUNT; i++)
  84              		.loc 1 152 0
  85 002e 0137     		add	r7, r7, #1
  86              	.LVL9:
  87              	.L2:
 152:.\Generated_Source\PSoC4/cyfitter_cfg.c **** 	for (i = 0u; i < CY_CFG_BASE_ADDR_COUNT; i++)
  88              		.loc 1 152 0 is_stmt 0 discriminator 1
  89 0030 012F     		cmp	r7, #1
  90 0032 EBD9     		bls	.L5
 162:.\Generated_Source\PSoC4/cyfitter_cfg.c **** 		}
 163:.\Generated_Source\PSoC4/cyfitter_cfg.c **** 	}
 164:.\Generated_Source\PSoC4/cyfitter_cfg.c **** }
  91              		.loc 1 164 0 is_stmt 1
  92              		@ sp needed
  93              	.LVL10:
  94 0034 F0BD     		pop	{r4, r5, r6, r7, pc}
  95              		.cfi_endproc
  96              	.LFE3:
  97              		.size	cfg_write_bytes32, .-cfg_write_bytes32
  98 0036 C046     		.section	.text.CYMEMZERO,"ax",%progbits
  99              		.align	2
 100              		.code	16
 101              		.thumb_func
 102              		.type	CYMEMZERO, %function
 103              	CYMEMZERO:
 104              	.LFB0:
  60:.\Generated_Source\PSoC4/cyfitter_cfg.c **** {
 105              		.loc 1 60 0
 106              		.cfi_startproc
 107              	.LVL11:
 108 0000 08B5     		push	{r3, lr}
 109              		.cfi_def_cfa_offset 8
 110              		.cfi_offset 3, -8
 111              		.cfi_offset 14, -4
 112 0002 0A1C     		mov	r2, r1
  61:.\Generated_Source\PSoC4/cyfitter_cfg.c **** 	(void)memset(s, 0, n);
 113              		.loc 1 61 0
ARM GAS  C:\Users\kbuchi\AppData\Local\Temp\ccmqIjm4.s 			page 6


 114 0004 0021     		mov	r1, #0
 115              	.LVL12:
 116 0006 FFF7FEFF 		bl	memset
 117              	.LVL13:
  62:.\Generated_Source\PSoC4/cyfitter_cfg.c **** }
 118              		.loc 1 62 0
 119              		@ sp needed
 120 000a 08BD     		pop	{r3, pc}
 121              		.cfi_endproc
 122              	.LFE0:
 123              		.size	CYMEMZERO, .-CYMEMZERO
 124              		.section	.psocinit,"ax",%progbits
 125              		.align	2
 126              		.code	16
 127              		.thumb_func
 128              		.type	ClockSetup, %function
 129              	ClockSetup:
 130              	.LFB4:
 165:.\Generated_Source\PSoC4/cyfitter_cfg.c **** 
 166:.\Generated_Source\PSoC4/cyfitter_cfg.c **** 
 167:.\Generated_Source\PSoC4/cyfitter_cfg.c **** /*******************************************************************************
 168:.\Generated_Source\PSoC4/cyfitter_cfg.c **** * Function Name: ClockSetup
 169:.\Generated_Source\PSoC4/cyfitter_cfg.c **** ********************************************************************************
 170:.\Generated_Source\PSoC4/cyfitter_cfg.c **** *
 171:.\Generated_Source\PSoC4/cyfitter_cfg.c **** * Summary:
 172:.\Generated_Source\PSoC4/cyfitter_cfg.c **** *   Performs the initialization of all of the clocks in the device based on the
 173:.\Generated_Source\PSoC4/cyfitter_cfg.c **** *   settings in the Clock tab of the DWR.  This includes enabling the requested
 174:.\Generated_Source\PSoC4/cyfitter_cfg.c **** *   clocks and setting the necessary dividers to produce the desired frequency. 
 175:.\Generated_Source\PSoC4/cyfitter_cfg.c **** *
 176:.\Generated_Source\PSoC4/cyfitter_cfg.c **** * Parameters:
 177:.\Generated_Source\PSoC4/cyfitter_cfg.c **** *   void
 178:.\Generated_Source\PSoC4/cyfitter_cfg.c **** *
 179:.\Generated_Source\PSoC4/cyfitter_cfg.c **** * Return:
 180:.\Generated_Source\PSoC4/cyfitter_cfg.c **** *   void
 181:.\Generated_Source\PSoC4/cyfitter_cfg.c **** *
 182:.\Generated_Source\PSoC4/cyfitter_cfg.c **** *******************************************************************************/
 183:.\Generated_Source\PSoC4/cyfitter_cfg.c **** static void ClockSetup(void);
 184:.\Generated_Source\PSoC4/cyfitter_cfg.c **** CY_CFG_SECTION
 185:.\Generated_Source\PSoC4/cyfitter_cfg.c **** static void ClockSetup(void)
 186:.\Generated_Source\PSoC4/cyfitter_cfg.c **** {
 131              		.loc 1 186 0
 132              		.cfi_startproc
 133 0000 10B5     		push	{r4, lr}
 134              		.cfi_def_cfa_offset 8
 135              		.cfi_offset 4, -8
 136              		.cfi_offset 14, -4
 187:.\Generated_Source\PSoC4/cyfitter_cfg.c **** 	/* Enable HALF_EN before trimming for the flash accelerator. */
 188:.\Generated_Source\PSoC4/cyfitter_cfg.c **** 	CY_SET_REG32((void CYXDATA *)(CYREG_CLK_SELECT), (CY_GET_REG32((void *)CYREG_CLK_SELECT) | 0x00040
 137              		.loc 1 188 0
 138 0002 0F4C     		ldr	r4, .L8
 139 0004 2268     		ldr	r2, [r4]
 140 0006 8023     		mov	r3, #128
 141 0008 DB02     		lsl	r3, r3, #11
 142 000a 1343     		orr	r3, r2
 143 000c 2360     		str	r3, [r4]
 189:.\Generated_Source\PSoC4/cyfitter_cfg.c **** 
 190:.\Generated_Source\PSoC4/cyfitter_cfg.c **** 	/* Setup and trim IMO based on desired frequency. */
ARM GAS  C:\Users\kbuchi\AppData\Local\Temp\ccmqIjm4.s 			page 7


 191:.\Generated_Source\PSoC4/cyfitter_cfg.c **** 	CySysClkWriteImoFreq(24u);
 144              		.loc 1 191 0
 145 000e 1820     		mov	r0, #24
 146 0010 FFF7FEFF 		bl	CySysClkWriteImoFreq
 147              	.LVL14:
 192:.\Generated_Source\PSoC4/cyfitter_cfg.c **** 
 193:.\Generated_Source\PSoC4/cyfitter_cfg.c **** 	/* Disable HALF_EN since it is not required at this IMO frequency. */
 194:.\Generated_Source\PSoC4/cyfitter_cfg.c **** 	CY_SET_REG32((void CYXDATA *)(CYREG_CLK_SELECT), (CY_GET_REG32((void *)CYREG_CLK_SELECT) & 0xFFFBF
 148              		.loc 1 194 0
 149 0014 2268     		ldr	r2, [r4]
 150 0016 0B4B     		ldr	r3, .L8+4
 151 0018 1340     		and	r3, r2
 152 001a 2360     		str	r3, [r4]
 195:.\Generated_Source\PSoC4/cyfitter_cfg.c **** 	/* CYDEV_CLK_ILO_CONFIG Starting address: CYDEV_CLK_ILO_CONFIG */
 196:.\Generated_Source\PSoC4/cyfitter_cfg.c **** 	CY_SET_XTND_REG32((void CYFAR *)(CYREG_CLK_ILO_CONFIG), 0x80000006u);
 153              		.loc 1 196 0
 154 001c 0A4A     		ldr	r2, .L8+8
 155 001e 0B4B     		ldr	r3, .L8+12
 156 0020 1A60     		str	r2, [r3]
 197:.\Generated_Source\PSoC4/cyfitter_cfg.c **** 
 198:.\Generated_Source\PSoC4/cyfitter_cfg.c **** 
 199:.\Generated_Source\PSoC4/cyfitter_cfg.c **** 	/* CYDEV_CLK_IMO_CONFIG Starting address: CYDEV_CLK_IMO_CONFIG */
 200:.\Generated_Source\PSoC4/cyfitter_cfg.c **** 	CY_SET_XTND_REG32((void CYFAR *)(CYREG_CLK_IMO_CONFIG), 0x80000000u);
 157              		.loc 1 200 0
 158 0022 8022     		mov	r2, #128
 159 0024 1206     		lsl	r2, r2, #24
 160 0026 0A4B     		ldr	r3, .L8+16
 161 0028 1A60     		str	r2, [r3]
 201:.\Generated_Source\PSoC4/cyfitter_cfg.c **** 
 202:.\Generated_Source\PSoC4/cyfitter_cfg.c **** 	(void)CyIntSetVector(9u, &CySysWdtIsr);
 162              		.loc 1 202 0
 163 002a 0920     		mov	r0, #9
 164 002c 0949     		ldr	r1, .L8+20
 165 002e FFF7FEFF 		bl	CyIntSetVector
 166              	.LVL15:
 203:.\Generated_Source\PSoC4/cyfitter_cfg.c **** 	CyIntEnable(9u);
 167              		.loc 1 203 0
 168 0032 0920     		mov	r0, #9
 169 0034 FFF7FEFF 		bl	CyIntEnable
 170              	.LVL16:
 204:.\Generated_Source\PSoC4/cyfitter_cfg.c **** 	CY_SET_XTND_REG32((void CYFAR *)(CYREG_WDT_CONFIG), 0x00000000u);
 171              		.loc 1 204 0
 172 0038 0022     		mov	r2, #0
 173 003a 074B     		ldr	r3, .L8+24
 174 003c 1A60     		str	r2, [r3]
 205:.\Generated_Source\PSoC4/cyfitter_cfg.c **** }
 175              		.loc 1 205 0
 176              		@ sp needed
 177 003e 10BD     		pop	{r4, pc}
 178              	.L9:
 179              		.align	2
 180              	.L8:
 181 0040 00010B40 		.word	1074462976
 182 0044 FFFFFBFF 		.word	-262145
 183 0048 06000080 		.word	-2147483642
 184 004c 04010B40 		.word	1074462980
 185 0050 08010B40 		.word	1074462984
ARM GAS  C:\Users\kbuchi\AppData\Local\Temp\ccmqIjm4.s 			page 8


 186 0054 00000000 		.word	CySysWdtIsr
 187 0058 0C020B40 		.word	1074463244
 188              		.cfi_endproc
 189              	.LFE4:
 190              		.size	ClockSetup, .-ClockSetup
 191              		.align	2
 192              		.global	cyfitter_cfg
 193              		.code	16
 194              		.thumb_func
 195              		.type	cyfitter_cfg, %function
 196              	cyfitter_cfg:
 197              	.LFB6:
 206:.\Generated_Source\PSoC4/cyfitter_cfg.c **** 
 207:.\Generated_Source\PSoC4/cyfitter_cfg.c **** 
 208:.\Generated_Source\PSoC4/cyfitter_cfg.c **** /* Analog API Functions */
 209:.\Generated_Source\PSoC4/cyfitter_cfg.c **** 
 210:.\Generated_Source\PSoC4/cyfitter_cfg.c **** 
 211:.\Generated_Source\PSoC4/cyfitter_cfg.c **** /*******************************************************************************
 212:.\Generated_Source\PSoC4/cyfitter_cfg.c **** * Function Name: AnalogSetDefault
 213:.\Generated_Source\PSoC4/cyfitter_cfg.c **** ********************************************************************************
 214:.\Generated_Source\PSoC4/cyfitter_cfg.c **** *
 215:.\Generated_Source\PSoC4/cyfitter_cfg.c **** * Summary:
 216:.\Generated_Source\PSoC4/cyfitter_cfg.c **** *  Sets up the analog portions of the chip to default values based on chip
 217:.\Generated_Source\PSoC4/cyfitter_cfg.c **** *  configuration options from the project.
 218:.\Generated_Source\PSoC4/cyfitter_cfg.c **** *
 219:.\Generated_Source\PSoC4/cyfitter_cfg.c **** * Parameters:
 220:.\Generated_Source\PSoC4/cyfitter_cfg.c **** *  void
 221:.\Generated_Source\PSoC4/cyfitter_cfg.c **** *
 222:.\Generated_Source\PSoC4/cyfitter_cfg.c **** * Return:
 223:.\Generated_Source\PSoC4/cyfitter_cfg.c **** *  void
 224:.\Generated_Source\PSoC4/cyfitter_cfg.c **** *
 225:.\Generated_Source\PSoC4/cyfitter_cfg.c **** *******************************************************************************/
 226:.\Generated_Source\PSoC4/cyfitter_cfg.c **** static void AnalogSetDefault(void);
 227:.\Generated_Source\PSoC4/cyfitter_cfg.c **** static void AnalogSetDefault(void)
 228:.\Generated_Source\PSoC4/cyfitter_cfg.c **** {
 229:.\Generated_Source\PSoC4/cyfitter_cfg.c **** }
 230:.\Generated_Source\PSoC4/cyfitter_cfg.c **** 
 231:.\Generated_Source\PSoC4/cyfitter_cfg.c **** #define CY_AMUX_UNUSED CYREG_CM0_ROM_DWT
 232:.\Generated_Source\PSoC4/cyfitter_cfg.c **** 
 233:.\Generated_Source\PSoC4/cyfitter_cfg.c **** 
 234:.\Generated_Source\PSoC4/cyfitter_cfg.c **** /*******************************************************************************
 235:.\Generated_Source\PSoC4/cyfitter_cfg.c **** * Function Name: cyfitter_cfg
 236:.\Generated_Source\PSoC4/cyfitter_cfg.c **** ********************************************************************************
 237:.\Generated_Source\PSoC4/cyfitter_cfg.c **** * Summary:
 238:.\Generated_Source\PSoC4/cyfitter_cfg.c **** *  This function is called by the start-up code for the selected device. It
 239:.\Generated_Source\PSoC4/cyfitter_cfg.c **** *  performs all of the necessary device configuration based on the design
 240:.\Generated_Source\PSoC4/cyfitter_cfg.c **** *  settings.  This includes settings from the Design Wide Resources (DWR) such
 241:.\Generated_Source\PSoC4/cyfitter_cfg.c **** *  as Clocks and Pins as well as any component configuration that is necessary.
 242:.\Generated_Source\PSoC4/cyfitter_cfg.c **** *
 243:.\Generated_Source\PSoC4/cyfitter_cfg.c **** * Parameters:  
 244:.\Generated_Source\PSoC4/cyfitter_cfg.c **** *   void
 245:.\Generated_Source\PSoC4/cyfitter_cfg.c **** *
 246:.\Generated_Source\PSoC4/cyfitter_cfg.c **** * Return:
 247:.\Generated_Source\PSoC4/cyfitter_cfg.c **** *   void
 248:.\Generated_Source\PSoC4/cyfitter_cfg.c **** *
 249:.\Generated_Source\PSoC4/cyfitter_cfg.c **** *******************************************************************************/
 250:.\Generated_Source\PSoC4/cyfitter_cfg.c **** CY_CFG_SECTION
ARM GAS  C:\Users\kbuchi\AppData\Local\Temp\ccmqIjm4.s 			page 9


 251:.\Generated_Source\PSoC4/cyfitter_cfg.c **** void cyfitter_cfg(void)
 252:.\Generated_Source\PSoC4/cyfitter_cfg.c **** {
 198              		.loc 1 252 0
 199              		.cfi_startproc
 200 005c 38B5     		push	{r3, r4, r5, lr}
 201              		.cfi_def_cfa_offset 16
 202              		.cfi_offset 3, -16
 203              		.cfi_offset 4, -12
 204              		.cfi_offset 5, -8
 205              		.cfi_offset 14, -4
 253:.\Generated_Source\PSoC4/cyfitter_cfg.c **** 	/* Disable interrupts by default. Let user enable if/when they want. */
 254:.\Generated_Source\PSoC4/cyfitter_cfg.c **** 	CyGlobalIntDisable;
 206              		.loc 1 254 0
 207              	@ 254 ".\Generated_Source\PSoC4\cyfitter_cfg.c" 1
 208 005e 72B6     		CPSID   i
 209              	@ 0 "" 2
 210              	.LVL17:
 211              		.code	16
 212              	.LBB4:
 255:.\Generated_Source\PSoC4/cyfitter_cfg.c **** 
 256:.\Generated_Source\PSoC4/cyfitter_cfg.c **** 	{
 257:.\Generated_Source\PSoC4/cyfitter_cfg.c **** 		static const uint32 CYCODE cy_cfg_addr_table[] = {
 258:.\Generated_Source\PSoC4/cyfitter_cfg.c **** 			0x400F4004u, /* Base address: 0x400F4000 Count: 4 */
 259:.\Generated_Source\PSoC4/cyfitter_cfg.c **** 			0x400F6002u, /* Base address: 0x400F6000 Count: 2 */
 260:.\Generated_Source\PSoC4/cyfitter_cfg.c **** 		};
 261:.\Generated_Source\PSoC4/cyfitter_cfg.c **** 
 262:.\Generated_Source\PSoC4/cyfitter_cfg.c **** 		static const cy_cfg_addrvalue_t CYCODE cy_cfg_data_table[] = {
 263:.\Generated_Source\PSoC4/cyfitter_cfg.c **** 			{0x06u, 0x80u},
 264:.\Generated_Source\PSoC4/cyfitter_cfg.c **** 			{0x56u, 0x80u},
 265:.\Generated_Source\PSoC4/cyfitter_cfg.c **** 			{0xC0u, 0x20u},
 266:.\Generated_Source\PSoC4/cyfitter_cfg.c **** 			{0xD4u, 0x40u},
 267:.\Generated_Source\PSoC4/cyfitter_cfg.c **** 			{0x02u, 0x01u},
 268:.\Generated_Source\PSoC4/cyfitter_cfg.c **** 			{0x11u, 0x01u},
 269:.\Generated_Source\PSoC4/cyfitter_cfg.c **** 		};
 270:.\Generated_Source\PSoC4/cyfitter_cfg.c **** 
 271:.\Generated_Source\PSoC4/cyfitter_cfg.c **** 
 272:.\Generated_Source\PSoC4/cyfitter_cfg.c **** 
 273:.\Generated_Source\PSoC4/cyfitter_cfg.c **** 		CYPACKED typedef struct {
 274:.\Generated_Source\PSoC4/cyfitter_cfg.c **** 			void CYFAR *address;
 275:.\Generated_Source\PSoC4/cyfitter_cfg.c **** 			uint16 size;
 276:.\Generated_Source\PSoC4/cyfitter_cfg.c **** 		} CYPACKED_ATTR cfg_memset_t;
 277:.\Generated_Source\PSoC4/cyfitter_cfg.c **** 
 278:.\Generated_Source\PSoC4/cyfitter_cfg.c **** 		static const cfg_memset_t CYCODE cfg_memset_list [] = {
 279:.\Generated_Source\PSoC4/cyfitter_cfg.c **** 			/* address, size */
 280:.\Generated_Source\PSoC4/cyfitter_cfg.c **** 			{(void CYFAR *)(CYDEV_UDB_P0_U0_BASE), 1024u},
 281:.\Generated_Source\PSoC4/cyfitter_cfg.c **** 			{(void CYFAR *)(CYDEV_UDB_DSI0_BASE), 1024u},
 282:.\Generated_Source\PSoC4/cyfitter_cfg.c **** 		};
 283:.\Generated_Source\PSoC4/cyfitter_cfg.c **** 
 284:.\Generated_Source\PSoC4/cyfitter_cfg.c **** 		uint8 CYDATA i;
 285:.\Generated_Source\PSoC4/cyfitter_cfg.c **** 
 286:.\Generated_Source\PSoC4/cyfitter_cfg.c **** 		/* Zero out critical memory blocks before beginning configuration */
 287:.\Generated_Source\PSoC4/cyfitter_cfg.c **** 		for (i = 0u; i < (sizeof(cfg_memset_list)/sizeof(cfg_memset_list[0])); i++)
 213              		.loc 1 287 0
 214 0060 0024     		mov	r4, #0
 215              	.LBB5:
 288:.\Generated_Source\PSoC4/cyfitter_cfg.c **** 		{
 289:.\Generated_Source\PSoC4/cyfitter_cfg.c **** 			const cfg_memset_t CYCODE * CYDATA ms = &cfg_memset_list[i];
ARM GAS  C:\Users\kbuchi\AppData\Local\Temp\ccmqIjm4.s 			page 10


 216              		.loc 1 289 0
 217 0062 254D     		ldr	r5, .L13
 218              	.LBE5:
 287:.\Generated_Source\PSoC4/cyfitter_cfg.c **** 		for (i = 0u; i < (sizeof(cfg_memset_list)/sizeof(cfg_memset_list[0])); i++)
 219              		.loc 1 287 0
 220 0064 0CE0     		b	.L11
 221              	.LVL18:
 222              	.L12:
 223              	.LBB6:
 224              		.loc 1 289 0 discriminator 2
 225 0066 6300     		lsl	r3, r4, #1
 226 0068 1B19     		add	r3, r3, r4
 227 006a 5B00     		lsl	r3, r3, #1
 228 006c EB18     		add	r3, r5, r3
 229              	.LVL19:
 290:.\Generated_Source\PSoC4/cyfitter_cfg.c **** 			CYMEMZERO(ms->address, (size_t)(uint32)(ms->size));
 230              		.loc 1 290 0 discriminator 2
 231 006e 9988     		ldrh	r1, [r3, #4]
 232 0070 1A88     		ldrh	r2, [r3]
 233 0072 5888     		ldrh	r0, [r3, #2]
 234 0074 0004     		lsl	r0, r0, #16
 235 0076 1043     		orr	r0, r2
 236 0078 FFF7FEFF 		bl	CYMEMZERO
 237              	.LVL20:
 238              	.LBE6:
 287:.\Generated_Source\PSoC4/cyfitter_cfg.c **** 		for (i = 0u; i < (sizeof(cfg_memset_list)/sizeof(cfg_memset_list[0])); i++)
 239              		.loc 1 287 0 discriminator 2
 240 007c 0134     		add	r4, r4, #1
 241              	.LVL21:
 242 007e E4B2     		uxtb	r4, r4
 243              	.LVL22:
 244              	.L11:
 287:.\Generated_Source\PSoC4/cyfitter_cfg.c **** 		for (i = 0u; i < (sizeof(cfg_memset_list)/sizeof(cfg_memset_list[0])); i++)
 245              		.loc 1 287 0 is_stmt 0 discriminator 1
 246 0080 012C     		cmp	r4, #1
 247 0082 F0D9     		bls	.L12
 291:.\Generated_Source\PSoC4/cyfitter_cfg.c **** 		}
 292:.\Generated_Source\PSoC4/cyfitter_cfg.c **** 
 293:.\Generated_Source\PSoC4/cyfitter_cfg.c **** 		cfg_write_bytes32(cy_cfg_addr_table, cy_cfg_data_table);
 248              		.loc 1 293 0 is_stmt 1
 249 0084 1C49     		ldr	r1, .L13
 250 0086 081C     		mov	r0, r1
 251 0088 0C30     		add	r0, r0, #12
 252 008a 1431     		add	r1, r1, #20
 253 008c FFF7FEFF 		bl	cfg_write_bytes32
 254              	.LVL23:
 294:.\Generated_Source\PSoC4/cyfitter_cfg.c **** 
 295:.\Generated_Source\PSoC4/cyfitter_cfg.c **** 		/* HSIOM Starting address: CYDEV_HSIOM_BASE */
 296:.\Generated_Source\PSoC4/cyfitter_cfg.c **** 		CY_SET_XTND_REG32((void CYFAR *)(CYDEV_HSIOM_BASE), 0x00000300u);
 255              		.loc 1 296 0
 256 0090 C022     		mov	r2, #192
 257 0092 9200     		lsl	r2, r2, #2
 258 0094 194B     		ldr	r3, .L13+4
 259 0096 1A60     		str	r2, [r3]
 297:.\Generated_Source\PSoC4/cyfitter_cfg.c **** 		CY_SET_XTND_REG32((void CYFAR *)(CYREG_HSIOM_PORT_SEL3), 0x0000EE00u);
 260              		.loc 1 297 0
 261 0098 EE22     		mov	r2, #238
ARM GAS  C:\Users\kbuchi\AppData\Local\Temp\ccmqIjm4.s 			page 11


 262 009a 1202     		lsl	r2, r2, #8
 263 009c 184B     		ldr	r3, .L13+8
 264 009e 1A60     		str	r2, [r3]
 298:.\Generated_Source\PSoC4/cyfitter_cfg.c **** 
 299:.\Generated_Source\PSoC4/cyfitter_cfg.c **** 		/* UDB_PA_0 Starting address: CYDEV_UDB_PA0_BASE */
 300:.\Generated_Source\PSoC4/cyfitter_cfg.c **** 		CY_SET_XTND_REG32((void CYFAR *)(CYDEV_UDB_PA0_BASE), 0x00990004u);
 265              		.loc 1 300 0
 266 00a0 184A     		ldr	r2, .L13+12
 267 00a2 194B     		ldr	r3, .L13+16
 268 00a4 1A60     		str	r2, [r3]
 301:.\Generated_Source\PSoC4/cyfitter_cfg.c **** 		CY_SET_XTND_REG32((void CYFAR *)(CYREG_UDB_PA0_CFG4), 0x000A0000u);
 269              		.loc 1 301 0
 270 00a6 A022     		mov	r2, #160
 271 00a8 1203     		lsl	r2, r2, #12
 272 00aa 184B     		ldr	r3, .L13+20
 273 00ac 1A60     		str	r2, [r3]
 302:.\Generated_Source\PSoC4/cyfitter_cfg.c **** 		CY_SET_XTND_REG32((void CYFAR *)(CYREG_UDB_PA0_CFG8), 0x00100000u);
 274              		.loc 1 302 0
 275 00ae 8022     		mov	r2, #128
 276 00b0 5203     		lsl	r2, r2, #13
 277 00b2 174B     		ldr	r3, .L13+24
 278 00b4 1A60     		str	r2, [r3]
 303:.\Generated_Source\PSoC4/cyfitter_cfg.c **** 
 304:.\Generated_Source\PSoC4/cyfitter_cfg.c **** 		/* UDB_PA_3 Starting address: CYDEV_UDB_PA3_BASE */
 305:.\Generated_Source\PSoC4/cyfitter_cfg.c **** 		CY_SET_XTND_REG32((void CYFAR *)(CYDEV_UDB_PA3_BASE), 0x00990000u);
 279              		.loc 1 305 0
 280 00b6 9922     		mov	r2, #153
 281 00b8 1204     		lsl	r2, r2, #16
 282 00ba 164B     		ldr	r3, .L13+28
 283 00bc 1A60     		str	r2, [r3]
 306:.\Generated_Source\PSoC4/cyfitter_cfg.c **** 
 307:.\Generated_Source\PSoC4/cyfitter_cfg.c **** 		/* Enable digital routing */
 308:.\Generated_Source\PSoC4/cyfitter_cfg.c **** 		CY_SET_XTND_REG8((void *)CYREG_UDB_UDBIF_BANK_CTL, CY_GET_XTND_REG8((void *)CYREG_UDB_UDBIF_BANK_
 284              		.loc 1 308 0
 285 00be 164B     		ldr	r3, .L13+32
 286 00c0 1978     		ldrb	r1, [r3]
 287 00c2 0222     		mov	r2, #2
 288 00c4 0A43     		orr	r2, r1
 289 00c6 1A70     		strb	r2, [r3]
 309:.\Generated_Source\PSoC4/cyfitter_cfg.c **** 
 310:.\Generated_Source\PSoC4/cyfitter_cfg.c **** 		/* Enable UDB array */
 311:.\Generated_Source\PSoC4/cyfitter_cfg.c **** 		CY_SET_XTND_REG8((void *)CYREG_UDB_UDBIF_WAIT_CFG, (uint8)((CY_GET_XTND_REG8((void *)CYREG_UDB_UD
 290              		.loc 1 311 0
 291 00c8 144A     		ldr	r2, .L13+36
 292 00ca 1178     		ldrb	r1, [r2]
 293 00cc 3C20     		mov	r0, #60
 294 00ce 8143     		bic	r1, r0
 295 00d0 1420     		mov	r0, #20
 296 00d2 0143     		orr	r1, r0
 297 00d4 1170     		strb	r1, [r2]
 312:.\Generated_Source\PSoC4/cyfitter_cfg.c **** 		CY_SET_XTND_REG8((void *)CYREG_UDB_UDBIF_BANK_CTL, (uint8)(CY_GET_XTND_REG8((void *)CYREG_UDB_UDB
 298              		.loc 1 312 0
 299 00d6 1978     		ldrb	r1, [r3]
 300 00d8 1622     		mov	r2, #22
 301 00da 0A43     		orr	r2, r1
 302 00dc 1A70     		strb	r2, [r3]
 303              	.LBE4:
ARM GAS  C:\Users\kbuchi\AppData\Local\Temp\ccmqIjm4.s 			page 12


 313:.\Generated_Source\PSoC4/cyfitter_cfg.c **** 	}
 314:.\Generated_Source\PSoC4/cyfitter_cfg.c **** 
 315:.\Generated_Source\PSoC4/cyfitter_cfg.c **** 	/* Perform second pass device configuration. These items must be configured in specific order afte
 316:.\Generated_Source\PSoC4/cyfitter_cfg.c **** 	/* IOPINS0_0 Starting address: CYDEV_PRT0_DR */
 317:.\Generated_Source\PSoC4/cyfitter_cfg.c **** 	CY_SET_XTND_REG32((void CYFAR *)(CYREG_PRT0_DR), 0x00000007u);
 304              		.loc 1 317 0
 305 00de 0722     		mov	r2, #7
 306 00e0 0F4B     		ldr	r3, .L13+40
 307 00e2 1A60     		str	r2, [r3]
 318:.\Generated_Source\PSoC4/cyfitter_cfg.c **** 	CY_SET_XTND_REG32((void CYFAR *)(CYREG_PRT0_PC), 0x00000D92u);
 308              		.loc 1 318 0
 309 00e4 0F4A     		ldr	r2, .L13+44
 310 00e6 104B     		ldr	r3, .L13+48
 311 00e8 1A60     		str	r2, [r3]
 319:.\Generated_Source\PSoC4/cyfitter_cfg.c **** 
 320:.\Generated_Source\PSoC4/cyfitter_cfg.c **** 	/* IOPINS0_3 Starting address: CYDEV_PRT3_DR */
 321:.\Generated_Source\PSoC4/cyfitter_cfg.c **** 	CY_SET_XTND_REG32((void CYFAR *)(CYREG_PRT3_PC), 0x00000D80u);
 312              		.loc 1 321 0
 313 00ea D822     		mov	r2, #216
 314 00ec 1201     		lsl	r2, r2, #4
 315 00ee 0F4B     		ldr	r3, .L13+52
 316 00f0 1A60     		str	r2, [r3]
 322:.\Generated_Source\PSoC4/cyfitter_cfg.c **** 
 323:.\Generated_Source\PSoC4/cyfitter_cfg.c **** 	/* Setup clocks based on selections from Clock DWR */
 324:.\Generated_Source\PSoC4/cyfitter_cfg.c **** 	ClockSetup();
 317              		.loc 1 324 0
 318 00f2 FFF785FF 		bl	ClockSetup
 319              	.LVL24:
 325:.\Generated_Source\PSoC4/cyfitter_cfg.c **** 
 326:.\Generated_Source\PSoC4/cyfitter_cfg.c **** 	/* Perform basic analog initialization to defaults */
 327:.\Generated_Source\PSoC4/cyfitter_cfg.c **** 	AnalogSetDefault();
 328:.\Generated_Source\PSoC4/cyfitter_cfg.c **** 
 329:.\Generated_Source\PSoC4/cyfitter_cfg.c **** }
 320              		.loc 1 329 0
 321              		@ sp needed
 322              	.LVL25:
 323 00f6 38BD     		pop	{r3, r4, r5, pc}
 324              	.L14:
 325              		.align	2
 326              	.L13:
 327 00f8 00000000 		.word	.LANCHOR0
 328 00fc 00000140 		.word	1073807360
 329 0100 0C000140 		.word	1073807372
 330 0104 04009900 		.word	10027012
 331 0108 00500F40 		.word	1074745344
 332 010c 04500F40 		.word	1074745348
 333 0110 08500F40 		.word	1074745352
 334 0114 30500F40 		.word	1074745392
 335 0118 00700F40 		.word	1074753536
 336 011c 01700F40 		.word	1074753537
 337 0120 00000440 		.word	1074003968
 338 0124 920D0000 		.word	3474
 339 0128 08000440 		.word	1074003976
 340 012c 08030440 		.word	1074004744
 341              		.cfi_endproc
 342              	.LFE6:
 343              		.size	cyfitter_cfg, .-cyfitter_cfg
ARM GAS  C:\Users\kbuchi\AppData\Local\Temp\ccmqIjm4.s 			page 13


 344              		.section	.rodata
 345              		.align	2
 346              		.set	.LANCHOR0,. + 0
 347              		.type	cfg_memset_list.4740, %object
 348              		.size	cfg_memset_list.4740, 12
 349              	cfg_memset_list.4740:
 350 0000 00300F40 		.word	1074737152
 351 0004 0004     		.short	1024
 352 0006 00400F40 		.4byte	1074741248
 353 000a 0004     		.short	1024
 354              		.type	cy_cfg_addr_table.4734, %object
 355              		.size	cy_cfg_addr_table.4734, 8
 356              	cy_cfg_addr_table.4734:
 357 000c 04400F40 		.word	1074741252
 358 0010 02600F40 		.word	1074749442
 359              		.type	cy_cfg_data_table.4735, %object
 360              		.size	cy_cfg_data_table.4735, 12
 361              	cy_cfg_data_table.4735:
 362 0014 06       		.byte	6
 363 0015 80       		.byte	-128
 364 0016 56       		.byte	86
 365 0017 80       		.byte	-128
 366 0018 C0       		.byte	-64
 367 0019 20       		.byte	32
 368 001a D4       		.byte	-44
 369 001b 40       		.byte	64
 370 001c 02       		.byte	2
 371 001d 01       		.byte	1
 372 001e 11       		.byte	17
 373 001f 01       		.byte	1
 374              		.text
 375              	.Letext0:
 376              		.file 2 "c:\\works\\programs\\psoc_creator\\psoc creator\\3.2\\psoc_creator\\import\\gnu\\arm\\4.8
 377              		.file 3 ".\\Generated_Source\\PSoC4\\cytypes.h"
 378              		.file 4 ".\\Generated_Source\\PSoC4\\CyLib.h"
 379              		.section	.debug_info,"",%progbits
 380              	.Ldebug_info0:
 381 0000 A7030000 		.4byte	0x3a7
 382 0004 0400     		.2byte	0x4
 383 0006 00000000 		.4byte	.Ldebug_abbrev0
 384 000a 04       		.byte	0x4
 385 000b 01       		.uleb128 0x1
 386 000c 63010000 		.4byte	.LASF38
 387 0010 01       		.byte	0x1
 388 0011 0B020000 		.4byte	.LASF39
 389 0015 30010000 		.4byte	.LASF40
 390 0019 30000000 		.4byte	.Ldebug_ranges0+0x30
 391 001d 00000000 		.4byte	0
 392 0021 00000000 		.4byte	.Ldebug_line0
 393 0025 02       		.uleb128 0x2
 394 0026 04       		.byte	0x4
 395 0027 05       		.byte	0x5
 396 0028 696E7400 		.ascii	"int\000"
 397 002c 03       		.uleb128 0x3
 398 002d 06000000 		.4byte	.LASF11
 399 0031 02       		.byte	0x2
 400 0032 D4       		.byte	0xd4
ARM GAS  C:\Users\kbuchi\AppData\Local\Temp\ccmqIjm4.s 			page 14


 401 0033 37000000 		.4byte	0x37
 402 0037 04       		.uleb128 0x4
 403 0038 04       		.byte	0x4
 404 0039 07       		.byte	0x7
 405 003a F7000000 		.4byte	.LASF0
 406 003e 04       		.uleb128 0x4
 407 003f 01       		.byte	0x1
 408 0040 06       		.byte	0x6
 409 0041 88020000 		.4byte	.LASF1
 410 0045 04       		.uleb128 0x4
 411 0046 01       		.byte	0x1
 412 0047 08       		.byte	0x8
 413 0048 99000000 		.4byte	.LASF2
 414 004c 04       		.uleb128 0x4
 415 004d 02       		.byte	0x2
 416 004e 05       		.byte	0x5
 417 004f 60020000 		.4byte	.LASF3
 418 0053 04       		.uleb128 0x4
 419 0054 02       		.byte	0x2
 420 0055 07       		.byte	0x7
 421 0056 94020000 		.4byte	.LASF4
 422 005a 04       		.uleb128 0x4
 423 005b 04       		.byte	0x4
 424 005c 05       		.byte	0x5
 425 005d 7F020000 		.4byte	.LASF5
 426 0061 04       		.uleb128 0x4
 427 0062 04       		.byte	0x4
 428 0063 07       		.byte	0x7
 429 0064 77000000 		.4byte	.LASF6
 430 0068 04       		.uleb128 0x4
 431 0069 08       		.byte	0x8
 432 006a 05       		.byte	0x5
 433 006b 33020000 		.4byte	.LASF7
 434 006f 04       		.uleb128 0x4
 435 0070 08       		.byte	0x8
 436 0071 07       		.byte	0x7
 437 0072 19010000 		.4byte	.LASF8
 438 0076 04       		.uleb128 0x4
 439 0077 04       		.byte	0x4
 440 0078 07       		.byte	0x7
 441 0079 02020000 		.4byte	.LASF9
 442 007d 05       		.uleb128 0x5
 443 007e 04       		.byte	0x4
 444 007f 06       		.uleb128 0x6
 445 0080 04       		.byte	0x4
 446 0081 85000000 		.4byte	0x85
 447 0085 07       		.uleb128 0x7
 448 0086 04       		.uleb128 0x4
 449 0087 01       		.byte	0x1
 450 0088 08       		.byte	0x8
 451 0089 41020000 		.4byte	.LASF10
 452 008d 03       		.uleb128 0x3
 453 008e 89000000 		.4byte	.LASF12
 454 0092 03       		.byte	0x3
 455 0093 B3       		.byte	0xb3
 456 0094 45000000 		.4byte	0x45
 457 0098 03       		.uleb128 0x3
ARM GAS  C:\Users\kbuchi\AppData\Local\Temp\ccmqIjm4.s 			page 15


 458 0099 DE000000 		.4byte	.LASF13
 459 009d 03       		.byte	0x3
 460 009e B4       		.byte	0xb4
 461 009f 53000000 		.4byte	0x53
 462 00a3 03       		.uleb128 0x3
 463 00a4 F0000000 		.4byte	.LASF14
 464 00a8 03       		.byte	0x3
 465 00a9 B5       		.byte	0xb5
 466 00aa 61000000 		.4byte	0x61
 467 00ae 04       		.uleb128 0x4
 468 00af 04       		.byte	0x4
 469 00b0 04       		.byte	0x4
 470 00b1 57000000 		.4byte	.LASF15
 471 00b5 04       		.uleb128 0x4
 472 00b6 08       		.byte	0x8
 473 00b7 04       		.byte	0x4
 474 00b8 AE000000 		.4byte	.LASF16
 475 00bc 08       		.uleb128 0x8
 476 00bd 72000000 		.4byte	.LASF17
 477 00c1 03       		.byte	0x3
 478 00c2 5D01     		.2byte	0x15d
 479 00c4 C8000000 		.4byte	0xc8
 480 00c8 09       		.uleb128 0x9
 481 00c9 8D000000 		.4byte	0x8d
 482 00cd 08       		.uleb128 0x8
 483 00ce 00000000 		.4byte	.LASF18
 484 00d2 03       		.byte	0x3
 485 00d3 5F01     		.2byte	0x15f
 486 00d5 D9000000 		.4byte	0xd9
 487 00d9 09       		.uleb128 0x9
 488 00da A3000000 		.4byte	0xa3
 489 00de 08       		.uleb128 0x8
 490 00df DF010000 		.4byte	.LASF19
 491 00e3 03       		.byte	0x3
 492 00e4 6F01     		.2byte	0x16f
 493 00e6 7F000000 		.4byte	0x7f
 494 00ea 0A       		.uleb128 0xa
 495 00eb 02       		.byte	0x2
 496 00ec 01       		.byte	0x1
 497 00ed 7D       		.byte	0x7d
 498 00ee 0B010000 		.4byte	0x10b
 499 00f2 0B       		.uleb128 0xb
 500 00f3 59020000 		.4byte	.LASF20
 501 00f7 01       		.byte	0x1
 502 00f8 7F       		.byte	0x7f
 503 00f9 8D000000 		.4byte	0x8d
 504 00fd 00       		.byte	0
 505 00fe 0B       		.uleb128 0xb
 506 00ff 1C000000 		.4byte	.LASF21
 507 0103 01       		.byte	0x1
 508 0104 80       		.byte	0x80
 509 0105 8D000000 		.4byte	0x8d
 510 0109 01       		.byte	0x1
 511 010a 00       		.byte	0
 512 010b 03       		.uleb128 0x3
 513 010c 46020000 		.4byte	.LASF22
 514 0110 01       		.byte	0x1
ARM GAS  C:\Users\kbuchi\AppData\Local\Temp\ccmqIjm4.s 			page 16


 515 0111 81       		.byte	0x81
 516 0112 EA000000 		.4byte	0xea
 517 0116 0C       		.uleb128 0xc
 518 0117 B5000000 		.4byte	.LASF27
 519 011b 01       		.byte	0x1
 520 011c 94       		.byte	0x94
 521 011d 00000000 		.4byte	.LFB3
 522 0121 36000000 		.4byte	.LFE3-.LFB3
 523 0125 01       		.uleb128 0x1
 524 0126 9C       		.byte	0x9c
 525 0127 84010000 		.4byte	0x184
 526 012b 0D       		.uleb128 0xd
 527 012c D3000000 		.4byte	.LASF23
 528 0130 01       		.byte	0x1
 529 0131 94       		.byte	0x94
 530 0132 84010000 		.4byte	0x184
 531 0136 01       		.uleb128 0x1
 532 0137 50       		.byte	0x50
 533 0138 0D       		.uleb128 0xd
 534 0139 E5000000 		.4byte	.LASF24
 535 013d 01       		.byte	0x1
 536 013e 94       		.byte	0x94
 537 013f 8F010000 		.4byte	0x18f
 538 0143 01       		.uleb128 0x1
 539 0144 51       		.byte	0x51
 540 0145 0E       		.uleb128 0xe
 541 0146 6900     		.ascii	"i\000"
 542 0148 01       		.byte	0x1
 543 0149 97       		.byte	0x97
 544 014a A3000000 		.4byte	0xa3
 545 014e 00000000 		.4byte	.LLST0
 546 0152 0E       		.uleb128 0xe
 547 0153 6A00     		.ascii	"j\000"
 548 0155 01       		.byte	0x1
 549 0156 97       		.byte	0x97
 550 0157 A3000000 		.4byte	0xa3
 551 015b 1F000000 		.4byte	.LLST1
 552 015f 0F       		.uleb128 0xf
 553 0160 00000000 		.4byte	.Ldebug_ranges0+0
 554 0164 10       		.uleb128 0x10
 555 0165 F9010000 		.4byte	.LASF25
 556 0169 01       		.byte	0x1
 557 016a 9A       		.byte	0x9a
 558 016b A3000000 		.4byte	0xa3
 559 016f 3E000000 		.4byte	.LLST2
 560 0173 10       		.uleb128 0x10
 561 0174 22000000 		.4byte	.LASF26
 562 0178 01       		.byte	0x1
 563 0179 9B       		.byte	0x9b
 564 017a 8D000000 		.4byte	0x8d
 565 017e 51000000 		.4byte	.LLST3
 566 0182 00       		.byte	0
 567 0183 00       		.byte	0
 568 0184 06       		.uleb128 0x6
 569 0185 04       		.byte	0x4
 570 0186 8A010000 		.4byte	0x18a
 571 018a 11       		.uleb128 0x11
ARM GAS  C:\Users\kbuchi\AppData\Local\Temp\ccmqIjm4.s 			page 17


 572 018b A3000000 		.4byte	0xa3
 573 018f 06       		.uleb128 0x6
 574 0190 04       		.byte	0x4
 575 0191 95010000 		.4byte	0x195
 576 0195 11       		.uleb128 0x11
 577 0196 0B010000 		.4byte	0x10b
 578 019a 0C       		.uleb128 0xc
 579 019b 8F000000 		.4byte	.LASF28
 580 019f 01       		.byte	0x1
 581 01a0 3B       		.byte	0x3b
 582 01a1 00000000 		.4byte	.LFB0
 583 01a5 0C000000 		.4byte	.LFE0-.LFB0
 584 01a9 01       		.uleb128 0x1
 585 01aa 9C       		.byte	0x9c
 586 01ab E7010000 		.4byte	0x1e7
 587 01af 12       		.uleb128 0x12
 588 01b0 7300     		.ascii	"s\000"
 589 01b2 01       		.byte	0x1
 590 01b3 3B       		.byte	0x3b
 591 01b4 7D000000 		.4byte	0x7d
 592 01b8 87000000 		.4byte	.LLST4
 593 01bc 12       		.uleb128 0x12
 594 01bd 6E00     		.ascii	"n\000"
 595 01bf 01       		.byte	0x1
 596 01c0 3B       		.byte	0x3b
 597 01c1 2C000000 		.4byte	0x2c
 598 01c5 A8000000 		.4byte	.LLST5
 599 01c9 13       		.uleb128 0x13
 600 01ca 0A000000 		.4byte	.LVL13
 601 01ce 55030000 		.4byte	0x355
 602 01d2 14       		.uleb128 0x14
 603 01d3 01       		.uleb128 0x1
 604 01d4 52       		.byte	0x52
 605 01d5 03       		.uleb128 0x3
 606 01d6 F3       		.byte	0xf3
 607 01d7 01       		.uleb128 0x1
 608 01d8 51       		.byte	0x51
 609 01d9 14       		.uleb128 0x14
 610 01da 01       		.uleb128 0x1
 611 01db 51       		.byte	0x51
 612 01dc 01       		.uleb128 0x1
 613 01dd 30       		.byte	0x30
 614 01de 14       		.uleb128 0x14
 615 01df 01       		.uleb128 0x1
 616 01e0 50       		.byte	0x50
 617 01e1 03       		.uleb128 0x3
 618 01e2 F3       		.byte	0xf3
 619 01e3 01       		.uleb128 0x1
 620 01e4 50       		.byte	0x50
 621 01e5 00       		.byte	0
 622 01e6 00       		.byte	0
 623 01e7 0C       		.uleb128 0xc
 624 01e8 28000000 		.4byte	.LASF29
 625 01ec 01       		.byte	0x1
 626 01ed B9       		.byte	0xb9
 627 01ee 00000000 		.4byte	.LFB4
 628 01f2 5C000000 		.4byte	.LFE4-.LFB4
ARM GAS  C:\Users\kbuchi\AppData\Local\Temp\ccmqIjm4.s 			page 18


 629 01f6 01       		.uleb128 0x1
 630 01f7 9C       		.byte	0x9c
 631 01f8 32020000 		.4byte	0x232
 632 01fc 15       		.uleb128 0x15
 633 01fd 14000000 		.4byte	.LVL14
 634 0201 72030000 		.4byte	0x372
 635 0205 0F020000 		.4byte	0x20f
 636 0209 14       		.uleb128 0x14
 637 020a 01       		.uleb128 0x1
 638 020b 50       		.byte	0x50
 639 020c 01       		.uleb128 0x1
 640 020d 48       		.byte	0x48
 641 020e 00       		.byte	0
 642 020f 15       		.uleb128 0x15
 643 0210 32000000 		.4byte	.LVL15
 644 0214 83030000 		.4byte	0x383
 645 0218 22020000 		.4byte	0x222
 646 021c 14       		.uleb128 0x14
 647 021d 01       		.uleb128 0x1
 648 021e 50       		.byte	0x50
 649 021f 01       		.uleb128 0x1
 650 0220 39       		.byte	0x39
 651 0221 00       		.byte	0
 652 0222 13       		.uleb128 0x13
 653 0223 38000000 		.4byte	.LVL16
 654 0227 9D030000 		.4byte	0x39d
 655 022b 14       		.uleb128 0x14
 656 022c 01       		.uleb128 0x1
 657 022d 50       		.byte	0x50
 658 022e 01       		.uleb128 0x1
 659 022f 39       		.byte	0x39
 660 0230 00       		.byte	0
 661 0231 00       		.byte	0
 662 0232 16       		.uleb128 0x16
 663 0233 04010000 		.4byte	.LASF41
 664 0237 01       		.byte	0x1
 665 0238 FB       		.byte	0xfb
 666 0239 5C000000 		.4byte	.LFB6
 667 023d D4000000 		.4byte	.LFE6-.LFB6
 668 0241 01       		.uleb128 0x1
 669 0242 9C       		.byte	0x9c
 670 0243 2B030000 		.4byte	0x32b
 671 0247 17       		.uleb128 0x17
 672 0248 60000000 		.4byte	.LBB4
 673 024c 7E000000 		.4byte	.LBE4-.LBB4
 674 0250 21030000 		.4byte	0x321
 675 0254 18       		.uleb128 0x18
 676 0255 33000000 		.4byte	.LASF30
 677 0259 01       		.byte	0x1
 678 025a 0101     		.2byte	0x101
 679 025c 3B030000 		.4byte	0x33b
 680 0260 05       		.uleb128 0x5
 681 0261 03       		.byte	0x3
 682 0262 0C000000 		.4byte	cy_cfg_addr_table.4734
 683 0266 18       		.uleb128 0x18
 684 0267 45000000 		.4byte	.LASF31
 685 026b 01       		.byte	0x1
ARM GAS  C:\Users\kbuchi\AppData\Local\Temp\ccmqIjm4.s 			page 19


 686 026c 0601     		.2byte	0x106
 687 026e 50030000 		.4byte	0x350
 688 0272 05       		.uleb128 0x5
 689 0273 03       		.byte	0x3
 690 0274 14000000 		.4byte	cy_cfg_data_table.4735
 691 0278 19       		.uleb128 0x19
 692 0279 06       		.byte	0x6
 693 027a 01       		.byte	0x1
 694 027b 1101     		.2byte	0x111
 695 027d 9C020000 		.4byte	0x29c
 696 0281 1A       		.uleb128 0x1a
 697 0282 11010000 		.4byte	.LASF32
 698 0286 01       		.byte	0x1
 699 0287 1201     		.2byte	0x112
 700 0289 7D000000 		.4byte	0x7d
 701 028d 00       		.byte	0
 702 028e 1A       		.uleb128 0x1a
 703 028f 6D000000 		.4byte	.LASF33
 704 0293 01       		.byte	0x1
 705 0294 1301     		.2byte	0x113
 706 0296 98000000 		.4byte	0x98
 707 029a 04       		.byte	0x4
 708 029b 00       		.byte	0
 709 029c 08       		.uleb128 0x8
 710 029d EC010000 		.4byte	.LASF34
 711 02a1 01       		.byte	0x1
 712 02a2 1401     		.2byte	0x114
 713 02a4 78020000 		.4byte	0x278
 714 02a8 1B       		.uleb128 0x1b
 715 02a9 9C020000 		.4byte	0x29c
 716 02ad B8020000 		.4byte	0x2b8
 717 02b1 1C       		.uleb128 0x1c
 718 02b2 76000000 		.4byte	0x76
 719 02b6 01       		.byte	0x1
 720 02b7 00       		.byte	0
 721 02b8 18       		.uleb128 0x18
 722 02b9 5D000000 		.4byte	.LASF35
 723 02bd 01       		.byte	0x1
 724 02be 1601     		.2byte	0x116
 725 02c0 CA020000 		.4byte	0x2ca
 726 02c4 05       		.uleb128 0x5
 727 02c5 03       		.byte	0x3
 728 02c6 00000000 		.4byte	cfg_memset_list.4740
 729 02ca 11       		.uleb128 0x11
 730 02cb A8020000 		.4byte	0x2a8
 731 02cf 1D       		.uleb128 0x1d
 732 02d0 6900     		.ascii	"i\000"
 733 02d2 01       		.byte	0x1
 734 02d3 1C01     		.2byte	0x11c
 735 02d5 8D000000 		.4byte	0x8d
 736 02d9 D4000000 		.4byte	.LLST6
 737 02dd 1E       		.uleb128 0x1e
 738 02de 18000000 		.4byte	.Ldebug_ranges0+0x18
 739 02e2 0A030000 		.4byte	0x30a
 740 02e6 1D       		.uleb128 0x1d
 741 02e7 6D7300   		.ascii	"ms\000"
 742 02ea 01       		.byte	0x1
ARM GAS  C:\Users\kbuchi\AppData\Local\Temp\ccmqIjm4.s 			page 20


 743 02eb 2101     		.2byte	0x121
 744 02ed F5020000 		.4byte	0x2f5
 745 02f1 0B010000 		.4byte	.LLST7
 746 02f5 06       		.uleb128 0x6
 747 02f6 04       		.byte	0x4
 748 02f7 FB020000 		.4byte	0x2fb
 749 02fb 11       		.uleb128 0x11
 750 02fc 9C020000 		.4byte	0x29c
 751 0300 1F       		.uleb128 0x1f
 752 0301 7C000000 		.4byte	.LVL20
 753 0305 9A010000 		.4byte	0x19a
 754 0309 00       		.byte	0
 755 030a 13       		.uleb128 0x13
 756 030b 90000000 		.4byte	.LVL23
 757 030f 16010000 		.4byte	0x116
 758 0313 14       		.uleb128 0x14
 759 0314 01       		.uleb128 0x1
 760 0315 51       		.byte	0x51
 761 0316 02       		.uleb128 0x2
 762 0317 75       		.byte	0x75
 763 0318 14       		.sleb128 20
 764 0319 14       		.uleb128 0x14
 765 031a 01       		.uleb128 0x1
 766 031b 50       		.byte	0x50
 767 031c 02       		.uleb128 0x2
 768 031d 75       		.byte	0x75
 769 031e 0C       		.sleb128 12
 770 031f 00       		.byte	0
 771 0320 00       		.byte	0
 772 0321 1F       		.uleb128 0x1f
 773 0322 F6000000 		.4byte	.LVL24
 774 0326 E7010000 		.4byte	0x1e7
 775 032a 00       		.byte	0
 776 032b 1B       		.uleb128 0x1b
 777 032c A3000000 		.4byte	0xa3
 778 0330 3B030000 		.4byte	0x33b
 779 0334 1C       		.uleb128 0x1c
 780 0335 76000000 		.4byte	0x76
 781 0339 01       		.byte	0x1
 782 033a 00       		.byte	0
 783 033b 11       		.uleb128 0x11
 784 033c 2B030000 		.4byte	0x32b
 785 0340 1B       		.uleb128 0x1b
 786 0341 0B010000 		.4byte	0x10b
 787 0345 50030000 		.4byte	0x350
 788 0349 1C       		.uleb128 0x1c
 789 034a 76000000 		.4byte	0x76
 790 034e 05       		.byte	0x5
 791 034f 00       		.byte	0
 792 0350 11       		.uleb128 0x11
 793 0351 40030000 		.4byte	0x340
 794 0355 20       		.uleb128 0x20
 795 0356 A7000000 		.4byte	.LASF36
 796 035a 7D000000 		.4byte	0x7d
 797 035e 72030000 		.4byte	0x372
 798 0362 21       		.uleb128 0x21
 799 0363 7D000000 		.4byte	0x7d
ARM GAS  C:\Users\kbuchi\AppData\Local\Temp\ccmqIjm4.s 			page 21


 800 0367 21       		.uleb128 0x21
 801 0368 25000000 		.4byte	0x25
 802 036c 21       		.uleb128 0x21
 803 036d 76000000 		.4byte	0x76
 804 0371 00       		.byte	0
 805 0372 22       		.uleb128 0x22
 806 0373 6A020000 		.4byte	.LASF37
 807 0377 04       		.byte	0x4
 808 0378 31       		.byte	0x31
 809 0379 83030000 		.4byte	0x383
 810 037d 21       		.uleb128 0x21
 811 037e A3000000 		.4byte	0xa3
 812 0382 00       		.byte	0
 813 0383 23       		.uleb128 0x23
 814 0384 0D000000 		.4byte	.LASF42
 815 0388 04       		.byte	0x4
 816 0389 46       		.byte	0x46
 817 038a DE000000 		.4byte	0xde
 818 038e 9D030000 		.4byte	0x39d
 819 0392 21       		.uleb128 0x21
 820 0393 8D000000 		.4byte	0x8d
 821 0397 21       		.uleb128 0x21
 822 0398 DE000000 		.4byte	0xde
 823 039c 00       		.byte	0
 824 039d 24       		.uleb128 0x24
 825 039e C7000000 		.4byte	.LASF43
 826 03a2 04       		.byte	0x4
 827 03a3 4C       		.byte	0x4c
 828 03a4 21       		.uleb128 0x21
 829 03a5 8D000000 		.4byte	0x8d
 830 03a9 00       		.byte	0
 831 03aa 00       		.byte	0
 832              		.section	.debug_abbrev,"",%progbits
 833              	.Ldebug_abbrev0:
 834 0000 01       		.uleb128 0x1
 835 0001 11       		.uleb128 0x11
 836 0002 01       		.byte	0x1
 837 0003 25       		.uleb128 0x25
 838 0004 0E       		.uleb128 0xe
 839 0005 13       		.uleb128 0x13
 840 0006 0B       		.uleb128 0xb
 841 0007 03       		.uleb128 0x3
 842 0008 0E       		.uleb128 0xe
 843 0009 1B       		.uleb128 0x1b
 844 000a 0E       		.uleb128 0xe
 845 000b 55       		.uleb128 0x55
 846 000c 17       		.uleb128 0x17
 847 000d 11       		.uleb128 0x11
 848 000e 01       		.uleb128 0x1
 849 000f 10       		.uleb128 0x10
 850 0010 17       		.uleb128 0x17
 851 0011 00       		.byte	0
 852 0012 00       		.byte	0
 853 0013 02       		.uleb128 0x2
 854 0014 24       		.uleb128 0x24
 855 0015 00       		.byte	0
 856 0016 0B       		.uleb128 0xb
ARM GAS  C:\Users\kbuchi\AppData\Local\Temp\ccmqIjm4.s 			page 22


 857 0017 0B       		.uleb128 0xb
 858 0018 3E       		.uleb128 0x3e
 859 0019 0B       		.uleb128 0xb
 860 001a 03       		.uleb128 0x3
 861 001b 08       		.uleb128 0x8
 862 001c 00       		.byte	0
 863 001d 00       		.byte	0
 864 001e 03       		.uleb128 0x3
 865 001f 16       		.uleb128 0x16
 866 0020 00       		.byte	0
 867 0021 03       		.uleb128 0x3
 868 0022 0E       		.uleb128 0xe
 869 0023 3A       		.uleb128 0x3a
 870 0024 0B       		.uleb128 0xb
 871 0025 3B       		.uleb128 0x3b
 872 0026 0B       		.uleb128 0xb
 873 0027 49       		.uleb128 0x49
 874 0028 13       		.uleb128 0x13
 875 0029 00       		.byte	0
 876 002a 00       		.byte	0
 877 002b 04       		.uleb128 0x4
 878 002c 24       		.uleb128 0x24
 879 002d 00       		.byte	0
 880 002e 0B       		.uleb128 0xb
 881 002f 0B       		.uleb128 0xb
 882 0030 3E       		.uleb128 0x3e
 883 0031 0B       		.uleb128 0xb
 884 0032 03       		.uleb128 0x3
 885 0033 0E       		.uleb128 0xe
 886 0034 00       		.byte	0
 887 0035 00       		.byte	0
 888 0036 05       		.uleb128 0x5
 889 0037 0F       		.uleb128 0xf
 890 0038 00       		.byte	0
 891 0039 0B       		.uleb128 0xb
 892 003a 0B       		.uleb128 0xb
 893 003b 00       		.byte	0
 894 003c 00       		.byte	0
 895 003d 06       		.uleb128 0x6
 896 003e 0F       		.uleb128 0xf
 897 003f 00       		.byte	0
 898 0040 0B       		.uleb128 0xb
 899 0041 0B       		.uleb128 0xb
 900 0042 49       		.uleb128 0x49
 901 0043 13       		.uleb128 0x13
 902 0044 00       		.byte	0
 903 0045 00       		.byte	0
 904 0046 07       		.uleb128 0x7
 905 0047 15       		.uleb128 0x15
 906 0048 00       		.byte	0
 907 0049 27       		.uleb128 0x27
 908 004a 19       		.uleb128 0x19
 909 004b 00       		.byte	0
 910 004c 00       		.byte	0
 911 004d 08       		.uleb128 0x8
 912 004e 16       		.uleb128 0x16
 913 004f 00       		.byte	0
ARM GAS  C:\Users\kbuchi\AppData\Local\Temp\ccmqIjm4.s 			page 23


 914 0050 03       		.uleb128 0x3
 915 0051 0E       		.uleb128 0xe
 916 0052 3A       		.uleb128 0x3a
 917 0053 0B       		.uleb128 0xb
 918 0054 3B       		.uleb128 0x3b
 919 0055 05       		.uleb128 0x5
 920 0056 49       		.uleb128 0x49
 921 0057 13       		.uleb128 0x13
 922 0058 00       		.byte	0
 923 0059 00       		.byte	0
 924 005a 09       		.uleb128 0x9
 925 005b 35       		.uleb128 0x35
 926 005c 00       		.byte	0
 927 005d 49       		.uleb128 0x49
 928 005e 13       		.uleb128 0x13
 929 005f 00       		.byte	0
 930 0060 00       		.byte	0
 931 0061 0A       		.uleb128 0xa
 932 0062 13       		.uleb128 0x13
 933 0063 01       		.byte	0x1
 934 0064 0B       		.uleb128 0xb
 935 0065 0B       		.uleb128 0xb
 936 0066 3A       		.uleb128 0x3a
 937 0067 0B       		.uleb128 0xb
 938 0068 3B       		.uleb128 0x3b
 939 0069 0B       		.uleb128 0xb
 940 006a 01       		.uleb128 0x1
 941 006b 13       		.uleb128 0x13
 942 006c 00       		.byte	0
 943 006d 00       		.byte	0
 944 006e 0B       		.uleb128 0xb
 945 006f 0D       		.uleb128 0xd
 946 0070 00       		.byte	0
 947 0071 03       		.uleb128 0x3
 948 0072 0E       		.uleb128 0xe
 949 0073 3A       		.uleb128 0x3a
 950 0074 0B       		.uleb128 0xb
 951 0075 3B       		.uleb128 0x3b
 952 0076 0B       		.uleb128 0xb
 953 0077 49       		.uleb128 0x49
 954 0078 13       		.uleb128 0x13
 955 0079 38       		.uleb128 0x38
 956 007a 0B       		.uleb128 0xb
 957 007b 00       		.byte	0
 958 007c 00       		.byte	0
 959 007d 0C       		.uleb128 0xc
 960 007e 2E       		.uleb128 0x2e
 961 007f 01       		.byte	0x1
 962 0080 03       		.uleb128 0x3
 963 0081 0E       		.uleb128 0xe
 964 0082 3A       		.uleb128 0x3a
 965 0083 0B       		.uleb128 0xb
 966 0084 3B       		.uleb128 0x3b
 967 0085 0B       		.uleb128 0xb
 968 0086 27       		.uleb128 0x27
 969 0087 19       		.uleb128 0x19
 970 0088 11       		.uleb128 0x11
ARM GAS  C:\Users\kbuchi\AppData\Local\Temp\ccmqIjm4.s 			page 24


 971 0089 01       		.uleb128 0x1
 972 008a 12       		.uleb128 0x12
 973 008b 06       		.uleb128 0x6
 974 008c 40       		.uleb128 0x40
 975 008d 18       		.uleb128 0x18
 976 008e 9742     		.uleb128 0x2117
 977 0090 19       		.uleb128 0x19
 978 0091 01       		.uleb128 0x1
 979 0092 13       		.uleb128 0x13
 980 0093 00       		.byte	0
 981 0094 00       		.byte	0
 982 0095 0D       		.uleb128 0xd
 983 0096 05       		.uleb128 0x5
 984 0097 00       		.byte	0
 985 0098 03       		.uleb128 0x3
 986 0099 0E       		.uleb128 0xe
 987 009a 3A       		.uleb128 0x3a
 988 009b 0B       		.uleb128 0xb
 989 009c 3B       		.uleb128 0x3b
 990 009d 0B       		.uleb128 0xb
 991 009e 49       		.uleb128 0x49
 992 009f 13       		.uleb128 0x13
 993 00a0 02       		.uleb128 0x2
 994 00a1 18       		.uleb128 0x18
 995 00a2 00       		.byte	0
 996 00a3 00       		.byte	0
 997 00a4 0E       		.uleb128 0xe
 998 00a5 34       		.uleb128 0x34
 999 00a6 00       		.byte	0
 1000 00a7 03       		.uleb128 0x3
 1001 00a8 08       		.uleb128 0x8
 1002 00a9 3A       		.uleb128 0x3a
 1003 00aa 0B       		.uleb128 0xb
 1004 00ab 3B       		.uleb128 0x3b
 1005 00ac 0B       		.uleb128 0xb
 1006 00ad 49       		.uleb128 0x49
 1007 00ae 13       		.uleb128 0x13
 1008 00af 02       		.uleb128 0x2
 1009 00b0 17       		.uleb128 0x17
 1010 00b1 00       		.byte	0
 1011 00b2 00       		.byte	0
 1012 00b3 0F       		.uleb128 0xf
 1013 00b4 0B       		.uleb128 0xb
 1014 00b5 01       		.byte	0x1
 1015 00b6 55       		.uleb128 0x55
 1016 00b7 17       		.uleb128 0x17
 1017 00b8 00       		.byte	0
 1018 00b9 00       		.byte	0
 1019 00ba 10       		.uleb128 0x10
 1020 00bb 34       		.uleb128 0x34
 1021 00bc 00       		.byte	0
 1022 00bd 03       		.uleb128 0x3
 1023 00be 0E       		.uleb128 0xe
 1024 00bf 3A       		.uleb128 0x3a
 1025 00c0 0B       		.uleb128 0xb
 1026 00c1 3B       		.uleb128 0x3b
 1027 00c2 0B       		.uleb128 0xb
ARM GAS  C:\Users\kbuchi\AppData\Local\Temp\ccmqIjm4.s 			page 25


 1028 00c3 49       		.uleb128 0x49
 1029 00c4 13       		.uleb128 0x13
 1030 00c5 02       		.uleb128 0x2
 1031 00c6 17       		.uleb128 0x17
 1032 00c7 00       		.byte	0
 1033 00c8 00       		.byte	0
 1034 00c9 11       		.uleb128 0x11
 1035 00ca 26       		.uleb128 0x26
 1036 00cb 00       		.byte	0
 1037 00cc 49       		.uleb128 0x49
 1038 00cd 13       		.uleb128 0x13
 1039 00ce 00       		.byte	0
 1040 00cf 00       		.byte	0
 1041 00d0 12       		.uleb128 0x12
 1042 00d1 05       		.uleb128 0x5
 1043 00d2 00       		.byte	0
 1044 00d3 03       		.uleb128 0x3
 1045 00d4 08       		.uleb128 0x8
 1046 00d5 3A       		.uleb128 0x3a
 1047 00d6 0B       		.uleb128 0xb
 1048 00d7 3B       		.uleb128 0x3b
 1049 00d8 0B       		.uleb128 0xb
 1050 00d9 49       		.uleb128 0x49
 1051 00da 13       		.uleb128 0x13
 1052 00db 02       		.uleb128 0x2
 1053 00dc 17       		.uleb128 0x17
 1054 00dd 00       		.byte	0
 1055 00de 00       		.byte	0
 1056 00df 13       		.uleb128 0x13
 1057 00e0 898201   		.uleb128 0x4109
 1058 00e3 01       		.byte	0x1
 1059 00e4 11       		.uleb128 0x11
 1060 00e5 01       		.uleb128 0x1
 1061 00e6 31       		.uleb128 0x31
 1062 00e7 13       		.uleb128 0x13
 1063 00e8 00       		.byte	0
 1064 00e9 00       		.byte	0
 1065 00ea 14       		.uleb128 0x14
 1066 00eb 8A8201   		.uleb128 0x410a
 1067 00ee 00       		.byte	0
 1068 00ef 02       		.uleb128 0x2
 1069 00f0 18       		.uleb128 0x18
 1070 00f1 9142     		.uleb128 0x2111
 1071 00f3 18       		.uleb128 0x18
 1072 00f4 00       		.byte	0
 1073 00f5 00       		.byte	0
 1074 00f6 15       		.uleb128 0x15
 1075 00f7 898201   		.uleb128 0x4109
 1076 00fa 01       		.byte	0x1
 1077 00fb 11       		.uleb128 0x11
 1078 00fc 01       		.uleb128 0x1
 1079 00fd 31       		.uleb128 0x31
 1080 00fe 13       		.uleb128 0x13
 1081 00ff 01       		.uleb128 0x1
 1082 0100 13       		.uleb128 0x13
 1083 0101 00       		.byte	0
 1084 0102 00       		.byte	0
ARM GAS  C:\Users\kbuchi\AppData\Local\Temp\ccmqIjm4.s 			page 26


 1085 0103 16       		.uleb128 0x16
 1086 0104 2E       		.uleb128 0x2e
 1087 0105 01       		.byte	0x1
 1088 0106 3F       		.uleb128 0x3f
 1089 0107 19       		.uleb128 0x19
 1090 0108 03       		.uleb128 0x3
 1091 0109 0E       		.uleb128 0xe
 1092 010a 3A       		.uleb128 0x3a
 1093 010b 0B       		.uleb128 0xb
 1094 010c 3B       		.uleb128 0x3b
 1095 010d 0B       		.uleb128 0xb
 1096 010e 27       		.uleb128 0x27
 1097 010f 19       		.uleb128 0x19
 1098 0110 11       		.uleb128 0x11
 1099 0111 01       		.uleb128 0x1
 1100 0112 12       		.uleb128 0x12
 1101 0113 06       		.uleb128 0x6
 1102 0114 40       		.uleb128 0x40
 1103 0115 18       		.uleb128 0x18
 1104 0116 9742     		.uleb128 0x2117
 1105 0118 19       		.uleb128 0x19
 1106 0119 01       		.uleb128 0x1
 1107 011a 13       		.uleb128 0x13
 1108 011b 00       		.byte	0
 1109 011c 00       		.byte	0
 1110 011d 17       		.uleb128 0x17
 1111 011e 0B       		.uleb128 0xb
 1112 011f 01       		.byte	0x1
 1113 0120 11       		.uleb128 0x11
 1114 0121 01       		.uleb128 0x1
 1115 0122 12       		.uleb128 0x12
 1116 0123 06       		.uleb128 0x6
 1117 0124 01       		.uleb128 0x1
 1118 0125 13       		.uleb128 0x13
 1119 0126 00       		.byte	0
 1120 0127 00       		.byte	0
 1121 0128 18       		.uleb128 0x18
 1122 0129 34       		.uleb128 0x34
 1123 012a 00       		.byte	0
 1124 012b 03       		.uleb128 0x3
 1125 012c 0E       		.uleb128 0xe
 1126 012d 3A       		.uleb128 0x3a
 1127 012e 0B       		.uleb128 0xb
 1128 012f 3B       		.uleb128 0x3b
 1129 0130 05       		.uleb128 0x5
 1130 0131 49       		.uleb128 0x49
 1131 0132 13       		.uleb128 0x13
 1132 0133 02       		.uleb128 0x2
 1133 0134 18       		.uleb128 0x18
 1134 0135 00       		.byte	0
 1135 0136 00       		.byte	0
 1136 0137 19       		.uleb128 0x19
 1137 0138 13       		.uleb128 0x13
 1138 0139 01       		.byte	0x1
 1139 013a 0B       		.uleb128 0xb
 1140 013b 0B       		.uleb128 0xb
 1141 013c 3A       		.uleb128 0x3a
ARM GAS  C:\Users\kbuchi\AppData\Local\Temp\ccmqIjm4.s 			page 27


 1142 013d 0B       		.uleb128 0xb
 1143 013e 3B       		.uleb128 0x3b
 1144 013f 05       		.uleb128 0x5
 1145 0140 01       		.uleb128 0x1
 1146 0141 13       		.uleb128 0x13
 1147 0142 00       		.byte	0
 1148 0143 00       		.byte	0
 1149 0144 1A       		.uleb128 0x1a
 1150 0145 0D       		.uleb128 0xd
 1151 0146 00       		.byte	0
 1152 0147 03       		.uleb128 0x3
 1153 0148 0E       		.uleb128 0xe
 1154 0149 3A       		.uleb128 0x3a
 1155 014a 0B       		.uleb128 0xb
 1156 014b 3B       		.uleb128 0x3b
 1157 014c 05       		.uleb128 0x5
 1158 014d 49       		.uleb128 0x49
 1159 014e 13       		.uleb128 0x13
 1160 014f 38       		.uleb128 0x38
 1161 0150 0B       		.uleb128 0xb
 1162 0151 00       		.byte	0
 1163 0152 00       		.byte	0
 1164 0153 1B       		.uleb128 0x1b
 1165 0154 01       		.uleb128 0x1
 1166 0155 01       		.byte	0x1
 1167 0156 49       		.uleb128 0x49
 1168 0157 13       		.uleb128 0x13
 1169 0158 01       		.uleb128 0x1
 1170 0159 13       		.uleb128 0x13
 1171 015a 00       		.byte	0
 1172 015b 00       		.byte	0
 1173 015c 1C       		.uleb128 0x1c
 1174 015d 21       		.uleb128 0x21
 1175 015e 00       		.byte	0
 1176 015f 49       		.uleb128 0x49
 1177 0160 13       		.uleb128 0x13
 1178 0161 2F       		.uleb128 0x2f
 1179 0162 0B       		.uleb128 0xb
 1180 0163 00       		.byte	0
 1181 0164 00       		.byte	0
 1182 0165 1D       		.uleb128 0x1d
 1183 0166 34       		.uleb128 0x34
 1184 0167 00       		.byte	0
 1185 0168 03       		.uleb128 0x3
 1186 0169 08       		.uleb128 0x8
 1187 016a 3A       		.uleb128 0x3a
 1188 016b 0B       		.uleb128 0xb
 1189 016c 3B       		.uleb128 0x3b
 1190 016d 05       		.uleb128 0x5
 1191 016e 49       		.uleb128 0x49
 1192 016f 13       		.uleb128 0x13
 1193 0170 02       		.uleb128 0x2
 1194 0171 17       		.uleb128 0x17
 1195 0172 00       		.byte	0
 1196 0173 00       		.byte	0
 1197 0174 1E       		.uleb128 0x1e
 1198 0175 0B       		.uleb128 0xb
ARM GAS  C:\Users\kbuchi\AppData\Local\Temp\ccmqIjm4.s 			page 28


 1199 0176 01       		.byte	0x1
 1200 0177 55       		.uleb128 0x55
 1201 0178 17       		.uleb128 0x17
 1202 0179 01       		.uleb128 0x1
 1203 017a 13       		.uleb128 0x13
 1204 017b 00       		.byte	0
 1205 017c 00       		.byte	0
 1206 017d 1F       		.uleb128 0x1f
 1207 017e 898201   		.uleb128 0x4109
 1208 0181 00       		.byte	0
 1209 0182 11       		.uleb128 0x11
 1210 0183 01       		.uleb128 0x1
 1211 0184 31       		.uleb128 0x31
 1212 0185 13       		.uleb128 0x13
 1213 0186 00       		.byte	0
 1214 0187 00       		.byte	0
 1215 0188 20       		.uleb128 0x20
 1216 0189 2E       		.uleb128 0x2e
 1217 018a 01       		.byte	0x1
 1218 018b 3F       		.uleb128 0x3f
 1219 018c 19       		.uleb128 0x19
 1220 018d 03       		.uleb128 0x3
 1221 018e 0E       		.uleb128 0xe
 1222 018f 27       		.uleb128 0x27
 1223 0190 19       		.uleb128 0x19
 1224 0191 49       		.uleb128 0x49
 1225 0192 13       		.uleb128 0x13
 1226 0193 34       		.uleb128 0x34
 1227 0194 19       		.uleb128 0x19
 1228 0195 3C       		.uleb128 0x3c
 1229 0196 19       		.uleb128 0x19
 1230 0197 01       		.uleb128 0x1
 1231 0198 13       		.uleb128 0x13
 1232 0199 00       		.byte	0
 1233 019a 00       		.byte	0
 1234 019b 21       		.uleb128 0x21
 1235 019c 05       		.uleb128 0x5
 1236 019d 00       		.byte	0
 1237 019e 49       		.uleb128 0x49
 1238 019f 13       		.uleb128 0x13
 1239 01a0 00       		.byte	0
 1240 01a1 00       		.byte	0
 1241 01a2 22       		.uleb128 0x22
 1242 01a3 2E       		.uleb128 0x2e
 1243 01a4 01       		.byte	0x1
 1244 01a5 3F       		.uleb128 0x3f
 1245 01a6 19       		.uleb128 0x19
 1246 01a7 03       		.uleb128 0x3
 1247 01a8 0E       		.uleb128 0xe
 1248 01a9 3A       		.uleb128 0x3a
 1249 01aa 0B       		.uleb128 0xb
 1250 01ab 3B       		.uleb128 0x3b
 1251 01ac 0B       		.uleb128 0xb
 1252 01ad 27       		.uleb128 0x27
 1253 01ae 19       		.uleb128 0x19
 1254 01af 3C       		.uleb128 0x3c
 1255 01b0 19       		.uleb128 0x19
ARM GAS  C:\Users\kbuchi\AppData\Local\Temp\ccmqIjm4.s 			page 29


 1256 01b1 01       		.uleb128 0x1
 1257 01b2 13       		.uleb128 0x13
 1258 01b3 00       		.byte	0
 1259 01b4 00       		.byte	0
 1260 01b5 23       		.uleb128 0x23
 1261 01b6 2E       		.uleb128 0x2e
 1262 01b7 01       		.byte	0x1
 1263 01b8 3F       		.uleb128 0x3f
 1264 01b9 19       		.uleb128 0x19
 1265 01ba 03       		.uleb128 0x3
 1266 01bb 0E       		.uleb128 0xe
 1267 01bc 3A       		.uleb128 0x3a
 1268 01bd 0B       		.uleb128 0xb
 1269 01be 3B       		.uleb128 0x3b
 1270 01bf 0B       		.uleb128 0xb
 1271 01c0 27       		.uleb128 0x27
 1272 01c1 19       		.uleb128 0x19
 1273 01c2 49       		.uleb128 0x49
 1274 01c3 13       		.uleb128 0x13
 1275 01c4 3C       		.uleb128 0x3c
 1276 01c5 19       		.uleb128 0x19
 1277 01c6 01       		.uleb128 0x1
 1278 01c7 13       		.uleb128 0x13
 1279 01c8 00       		.byte	0
 1280 01c9 00       		.byte	0
 1281 01ca 24       		.uleb128 0x24
 1282 01cb 2E       		.uleb128 0x2e
 1283 01cc 01       		.byte	0x1
 1284 01cd 3F       		.uleb128 0x3f
 1285 01ce 19       		.uleb128 0x19
 1286 01cf 03       		.uleb128 0x3
 1287 01d0 0E       		.uleb128 0xe
 1288 01d1 3A       		.uleb128 0x3a
 1289 01d2 0B       		.uleb128 0xb
 1290 01d3 3B       		.uleb128 0x3b
 1291 01d4 0B       		.uleb128 0xb
 1292 01d5 27       		.uleb128 0x27
 1293 01d6 19       		.uleb128 0x19
 1294 01d7 3C       		.uleb128 0x3c
 1295 01d8 19       		.uleb128 0x19
 1296 01d9 00       		.byte	0
 1297 01da 00       		.byte	0
 1298 01db 00       		.byte	0
 1299              		.section	.debug_loc,"",%progbits
 1300              	.Ldebug_loc0:
 1301              	.LLST0:
 1302 0000 02000000 		.4byte	.LVL1
 1303 0004 0C000000 		.4byte	.LVL2
 1304 0008 0200     		.2byte	0x2
 1305 000a 30       		.byte	0x30
 1306 000b 9F       		.byte	0x9f
 1307 000c 0C000000 		.4byte	.LVL2
 1308 0010 34000000 		.4byte	.LVL10
 1309 0014 0100     		.2byte	0x1
 1310 0016 57       		.byte	0x57
 1311 0017 00000000 		.4byte	0
 1312 001b 00000000 		.4byte	0
ARM GAS  C:\Users\kbuchi\AppData\Local\Temp\ccmqIjm4.s 			page 30


 1313              	.LLST1:
 1314 001f 02000000 		.4byte	.LVL1
 1315 0023 0C000000 		.4byte	.LVL2
 1316 0027 0200     		.2byte	0x2
 1317 0029 30       		.byte	0x30
 1318 002a 9F       		.byte	0x9f
 1319 002b 0C000000 		.4byte	.LVL2
 1320 002f 36000000 		.4byte	.LFE3
 1321 0033 0100     		.2byte	0x1
 1322 0035 52       		.byte	0x52
 1323 0036 00000000 		.4byte	0
 1324 003a 00000000 		.4byte	0
 1325              	.LLST2:
 1326 003e 10000000 		.4byte	.LVL3
 1327 0042 30000000 		.4byte	.LVL9
 1328 0046 0100     		.2byte	0x1
 1329 0048 56       		.byte	0x56
 1330 0049 00000000 		.4byte	0
 1331 004d 00000000 		.4byte	0
 1332              	.LLST3:
 1333 0051 12000000 		.4byte	.LVL4
 1334 0055 16000000 		.4byte	.LVL5
 1335 0059 0100     		.2byte	0x1
 1336 005b 56       		.byte	0x56
 1337 005c 16000000 		.4byte	.LVL5
 1338 0060 28000000 		.4byte	.LVL7
 1339 0064 0100     		.2byte	0x1
 1340 0066 53       		.byte	0x53
 1341 0067 28000000 		.4byte	.LVL7
 1342 006b 2A000000 		.4byte	.LVL8
 1343 006f 0300     		.2byte	0x3
 1344 0071 73       		.byte	0x73
 1345 0072 01       		.sleb128 1
 1346 0073 9F       		.byte	0x9f
 1347 0074 2A000000 		.4byte	.LVL8
 1348 0078 30000000 		.4byte	.LVL9
 1349 007c 0100     		.2byte	0x1
 1350 007e 53       		.byte	0x53
 1351 007f 00000000 		.4byte	0
 1352 0083 00000000 		.4byte	0
 1353              	.LLST4:
 1354 0087 00000000 		.4byte	.LVL11
 1355 008b 09000000 		.4byte	.LVL13-1
 1356 008f 0100     		.2byte	0x1
 1357 0091 50       		.byte	0x50
 1358 0092 09000000 		.4byte	.LVL13-1
 1359 0096 0C000000 		.4byte	.LFE0
 1360 009a 0400     		.2byte	0x4
 1361 009c F3       		.byte	0xf3
 1362 009d 01       		.uleb128 0x1
 1363 009e 50       		.byte	0x50
 1364 009f 9F       		.byte	0x9f
 1365 00a0 00000000 		.4byte	0
 1366 00a4 00000000 		.4byte	0
 1367              	.LLST5:
 1368 00a8 00000000 		.4byte	.LVL11
 1369 00ac 06000000 		.4byte	.LVL12
ARM GAS  C:\Users\kbuchi\AppData\Local\Temp\ccmqIjm4.s 			page 31


 1370 00b0 0100     		.2byte	0x1
 1371 00b2 51       		.byte	0x51
 1372 00b3 06000000 		.4byte	.LVL12
 1373 00b7 09000000 		.4byte	.LVL13-1
 1374 00bb 0100     		.2byte	0x1
 1375 00bd 52       		.byte	0x52
 1376 00be 09000000 		.4byte	.LVL13-1
 1377 00c2 0C000000 		.4byte	.LFE0
 1378 00c6 0400     		.2byte	0x4
 1379 00c8 F3       		.byte	0xf3
 1380 00c9 01       		.uleb128 0x1
 1381 00ca 51       		.byte	0x51
 1382 00cb 9F       		.byte	0x9f
 1383 00cc 00000000 		.4byte	0
 1384 00d0 00000000 		.4byte	0
 1385              	.LLST6:
 1386 00d4 60000000 		.4byte	.LVL17
 1387 00d8 66000000 		.4byte	.LVL18
 1388 00dc 0200     		.2byte	0x2
 1389 00de 30       		.byte	0x30
 1390 00df 9F       		.byte	0x9f
 1391 00e0 66000000 		.4byte	.LVL18
 1392 00e4 7E000000 		.4byte	.LVL21
 1393 00e8 0100     		.2byte	0x1
 1394 00ea 54       		.byte	0x54
 1395 00eb 7E000000 		.4byte	.LVL21
 1396 00ef 80000000 		.4byte	.LVL22
 1397 00f3 0300     		.2byte	0x3
 1398 00f5 74       		.byte	0x74
 1399 00f6 7F       		.sleb128 -1
 1400 00f7 9F       		.byte	0x9f
 1401 00f8 80000000 		.4byte	.LVL22
 1402 00fc F6000000 		.4byte	.LVL25
 1403 0100 0100     		.2byte	0x1
 1404 0102 54       		.byte	0x54
 1405 0103 00000000 		.4byte	0
 1406 0107 00000000 		.4byte	0
 1407              	.LLST7:
 1408 010b 6E000000 		.4byte	.LVL19
 1409 010f 7B000000 		.4byte	.LVL20-1
 1410 0113 0100     		.2byte	0x1
 1411 0115 53       		.byte	0x53
 1412 0116 7B000000 		.4byte	.LVL20-1
 1413 011a 7E000000 		.4byte	.LVL21
 1414 011e 0D00     		.2byte	0xd
 1415 0120 74       		.byte	0x74
 1416 0121 00       		.sleb128 0
 1417 0122 31       		.byte	0x31
 1418 0123 24       		.byte	0x24
 1419 0124 74       		.byte	0x74
 1420 0125 00       		.sleb128 0
 1421 0126 22       		.byte	0x22
 1422 0127 31       		.byte	0x31
 1423 0128 24       		.byte	0x24
 1424 0129 75       		.byte	0x75
 1425 012a 00       		.sleb128 0
 1426 012b 22       		.byte	0x22
ARM GAS  C:\Users\kbuchi\AppData\Local\Temp\ccmqIjm4.s 			page 32


 1427 012c 9F       		.byte	0x9f
 1428 012d 7E000000 		.4byte	.LVL21
 1429 0131 80000000 		.4byte	.LVL22
 1430 0135 0D00     		.2byte	0xd
 1431 0137 74       		.byte	0x74
 1432 0138 7F       		.sleb128 -1
 1433 0139 74       		.byte	0x74
 1434 013a 7F       		.sleb128 -1
 1435 013b 31       		.byte	0x31
 1436 013c 24       		.byte	0x24
 1437 013d 22       		.byte	0x22
 1438 013e 31       		.byte	0x31
 1439 013f 24       		.byte	0x24
 1440 0140 75       		.byte	0x75
 1441 0141 00       		.sleb128 0
 1442 0142 22       		.byte	0x22
 1443 0143 9F       		.byte	0x9f
 1444 0144 00000000 		.4byte	0
 1445 0148 00000000 		.4byte	0
 1446              		.section	.debug_aranges,"",%progbits
 1447 0000 34000000 		.4byte	0x34
 1448 0004 0200     		.2byte	0x2
 1449 0006 00000000 		.4byte	.Ldebug_info0
 1450 000a 04       		.byte	0x4
 1451 000b 00       		.byte	0
 1452 000c 0000     		.2byte	0
 1453 000e 0000     		.2byte	0
 1454 0010 00000000 		.4byte	.LFB3
 1455 0014 36000000 		.4byte	.LFE3-.LFB3
 1456 0018 00000000 		.4byte	.LFB0
 1457 001c 0C000000 		.4byte	.LFE0-.LFB0
 1458 0020 00000000 		.4byte	.LFB4
 1459 0024 5C000000 		.4byte	.LFE4-.LFB4
 1460 0028 5C000000 		.4byte	.LFB6
 1461 002c D4000000 		.4byte	.LFE6-.LFB6
 1462 0030 00000000 		.4byte	0
 1463 0034 00000000 		.4byte	0
 1464              		.section	.debug_ranges,"",%progbits
 1465              	.Ldebug_ranges0:
 1466 0000 06000000 		.4byte	.LBB2
 1467 0004 0A000000 		.4byte	.LBE2
 1468 0008 0C000000 		.4byte	.LBB3
 1469 000c 2E000000 		.4byte	.LBE3
 1470 0010 00000000 		.4byte	0
 1471 0014 00000000 		.4byte	0
 1472 0018 62000000 		.4byte	.LBB5
 1473 001c 64000000 		.4byte	.LBE5
 1474 0020 66000000 		.4byte	.LBB6
 1475 0024 7C000000 		.4byte	.LBE6
 1476 0028 00000000 		.4byte	0
 1477 002c 00000000 		.4byte	0
 1478 0030 00000000 		.4byte	.LFB3
 1479 0034 36000000 		.4byte	.LFE3
 1480 0038 00000000 		.4byte	.LFB0
 1481 003c 0C000000 		.4byte	.LFE0
 1482 0040 00000000 		.4byte	.LFB4
 1483 0044 5C000000 		.4byte	.LFE4
ARM GAS  C:\Users\kbuchi\AppData\Local\Temp\ccmqIjm4.s 			page 33


 1484 0048 5C000000 		.4byte	.LFB6
 1485 004c 30010000 		.4byte	.LFE6
 1486 0050 00000000 		.4byte	0
 1487 0054 00000000 		.4byte	0
 1488              		.section	.debug_line,"",%progbits
 1489              	.Ldebug_line0:
 1490 0000 61010000 		.section	.debug_str,"MS",%progbits,1
 1490      0200D800 
 1490      00000201 
 1490      FB0E0D00 
 1490      01010101 
 1491              	.LASF18:
 1492 0000 72656733 		.ascii	"reg32\000"
 1492      3200
 1493              	.LASF11:
 1494 0006 73697A65 		.ascii	"size_t\000"
 1494      5F7400
 1495              	.LASF42:
 1496 000d 4379496E 		.ascii	"CyIntSetVector\000"
 1496      74536574 
 1496      56656374 
 1496      6F7200
 1497              	.LASF21:
 1498 001c 76616C75 		.ascii	"value\000"
 1498      6500
 1499              	.LASF26:
 1500 0022 636F756E 		.ascii	"count\000"
 1500      7400
 1501              	.LASF29:
 1502 0028 436C6F63 		.ascii	"ClockSetup\000"
 1502      6B536574 
 1502      757000
 1503              	.LASF30:
 1504 0033 63795F63 		.ascii	"cy_cfg_addr_table\000"
 1504      66675F61 
 1504      6464725F 
 1504      7461626C 
 1504      6500
 1505              	.LASF31:
 1506 0045 63795F63 		.ascii	"cy_cfg_data_table\000"
 1506      66675F64 
 1506      6174615F 
 1506      7461626C 
 1506      6500
 1507              	.LASF15:
 1508 0057 666C6F61 		.ascii	"float\000"
 1508      7400
 1509              	.LASF35:
 1510 005d 6366675F 		.ascii	"cfg_memset_list\000"
 1510      6D656D73 
 1510      65745F6C 
 1510      69737400 
 1511              	.LASF33:
 1512 006d 73697A65 		.ascii	"size\000"
 1512      00
 1513              	.LASF17:
 1514 0072 72656738 		.ascii	"reg8\000"
ARM GAS  C:\Users\kbuchi\AppData\Local\Temp\ccmqIjm4.s 			page 34


 1514      00
 1515              	.LASF6:
 1516 0077 6C6F6E67 		.ascii	"long unsigned int\000"
 1516      20756E73 
 1516      69676E65 
 1516      6420696E 
 1516      7400
 1517              	.LASF12:
 1518 0089 75696E74 		.ascii	"uint8\000"
 1518      3800
 1519              	.LASF28:
 1520 008f 43594D45 		.ascii	"CYMEMZERO\000"
 1520      4D5A4552 
 1520      4F00
 1521              	.LASF2:
 1522 0099 756E7369 		.ascii	"unsigned char\000"
 1522      676E6564 
 1522      20636861 
 1522      7200
 1523              	.LASF36:
 1524 00a7 6D656D73 		.ascii	"memset\000"
 1524      657400
 1525              	.LASF16:
 1526 00ae 646F7562 		.ascii	"double\000"
 1526      6C6500
 1527              	.LASF27:
 1528 00b5 6366675F 		.ascii	"cfg_write_bytes32\000"
 1528      77726974 
 1528      655F6279 
 1528      74657333 
 1528      3200
 1529              	.LASF43:
 1530 00c7 4379496E 		.ascii	"CyIntEnable\000"
 1530      74456E61 
 1530      626C6500 
 1531              	.LASF23:
 1532 00d3 61646472 		.ascii	"addr_table\000"
 1532      5F746162 
 1532      6C6500
 1533              	.LASF13:
 1534 00de 75696E74 		.ascii	"uint16\000"
 1534      313600
 1535              	.LASF24:
 1536 00e5 64617461 		.ascii	"data_table\000"
 1536      5F746162 
 1536      6C6500
 1537              	.LASF14:
 1538 00f0 75696E74 		.ascii	"uint32\000"
 1538      333200
 1539              	.LASF0:
 1540 00f7 756E7369 		.ascii	"unsigned int\000"
 1540      676E6564 
 1540      20696E74 
 1540      00
 1541              	.LASF41:
 1542 0104 63796669 		.ascii	"cyfitter_cfg\000"
 1542      74746572 
ARM GAS  C:\Users\kbuchi\AppData\Local\Temp\ccmqIjm4.s 			page 35


 1542      5F636667 
 1542      00
 1543              	.LASF32:
 1544 0111 61646472 		.ascii	"address\000"
 1544      65737300 
 1545              	.LASF8:
 1546 0119 6C6F6E67 		.ascii	"long long unsigned int\000"
 1546      206C6F6E 
 1546      6720756E 
 1546      7369676E 
 1546      65642069 
 1547              	.LASF40:
 1548 0130 433A5C57 		.ascii	"C:\\WORKS\\WS\\WS_E2\\psoc\\D-21_s-6#1\\D-21_s-6#1."
 1548      4F524B53 
 1548      5C57535C 
 1548      57535F45 
 1548      325C7073 
 1549 015d 63796473 		.ascii	"cydsn\000"
 1549      6E00
 1550              	.LASF38:
 1551 0163 474E5520 		.ascii	"GNU C 4.8.4 20140526 (release) [ARM/embedded-4_8-br"
 1551      4320342E 
 1551      382E3420 
 1551      32303134 
 1551      30353236 
 1552 0196 616E6368 		.ascii	"anch revision 211358] -mcpu=cortex-m0 -mthumb -g -O"
 1552      20726576 
 1552      6973696F 
 1552      6E203231 
 1552      31333538 
 1553 01c9 67202D66 		.ascii	"g -ffunction-sections\000"
 1553      66756E63 
 1553      74696F6E 
 1553      2D736563 
 1553      74696F6E 
 1554              	.LASF19:
 1555 01df 63796973 		.ascii	"cyisraddress\000"
 1555      72616464 
 1555      72657373 
 1555      00
 1556              	.LASF34:
 1557 01ec 6366675F 		.ascii	"cfg_memset_t\000"
 1557      6D656D73 
 1557      65745F74 
 1557      00
 1558              	.LASF25:
 1559 01f9 62617365 		.ascii	"baseAddr\000"
 1559      41646472 
 1559      00
 1560              	.LASF9:
 1561 0202 73697A65 		.ascii	"sizetype\000"
 1561      74797065 
 1561      00
 1562              	.LASF39:
 1563 020b 2E5C4765 		.ascii	".\\Generated_Source\\PSoC4\\cyfitter_cfg.c\000"
 1563      6E657261 
 1563      7465645F 
ARM GAS  C:\Users\kbuchi\AppData\Local\Temp\ccmqIjm4.s 			page 36


 1563      536F7572 
 1563      63655C50 
 1564              	.LASF7:
 1565 0233 6C6F6E67 		.ascii	"long long int\000"
 1565      206C6F6E 
 1565      6720696E 
 1565      7400
 1566              	.LASF10:
 1567 0241 63686172 		.ascii	"char\000"
 1567      00
 1568              	.LASF22:
 1569 0246 63795F63 		.ascii	"cy_cfg_addrvalue_t\000"
 1569      66675F61 
 1569      64647276 
 1569      616C7565 
 1569      5F7400
 1570              	.LASF20:
 1571 0259 6F666673 		.ascii	"offset\000"
 1571      657400
 1572              	.LASF3:
 1573 0260 73686F72 		.ascii	"short int\000"
 1573      7420696E 
 1573      7400
 1574              	.LASF37:
 1575 026a 43795379 		.ascii	"CySysClkWriteImoFreq\000"
 1575      73436C6B 
 1575      57726974 
 1575      65496D6F 
 1575      46726571 
 1576              	.LASF5:
 1577 027f 6C6F6E67 		.ascii	"long int\000"
 1577      20696E74 
 1577      00
 1578              	.LASF1:
 1579 0288 7369676E 		.ascii	"signed char\000"
 1579      65642063 
 1579      68617200 
 1580              	.LASF4:
 1581 0294 73686F72 		.ascii	"short unsigned int\000"
 1581      7420756E 
 1581      7369676E 
 1581      65642069 
 1581      6E7400
 1582              		.ident	"GCC: (GNU Tools for ARM Embedded Processors) 4.8.4 20140526 (release) [ARM/embedded-4_8-br
