ARM GAS  C:\Users\kbuchi\AppData\Local\Temp\ccp7JS6i.s 			page 1


   1              		.cpu cortex-m0
   2              		.fpu softvfp
   3              		.eabi_attribute 20, 1
   4              		.eabi_attribute 21, 1
   5              		.eabi_attribute 23, 3
   6              		.eabi_attribute 24, 1
   7              		.eabi_attribute 25, 1
   8              		.eabi_attribute 26, 1
   9              		.eabi_attribute 30, 1
  10              		.eabi_attribute 34, 0
  11              		.eabi_attribute 18, 4
  12              		.code	16
  13              		.file	"PWM_1_PM.c"
  14              		.text
  15              	.Ltext0:
  16              		.cfi_sections	.debug_frame
  17              		.section	.text.PWM_1_SaveConfig,"ax",%progbits
  18              		.align	2
  19              		.global	PWM_1_SaveConfig
  20              		.code	16
  21              		.thumb_func
  22              		.type	PWM_1_SaveConfig, %function
  23              	PWM_1_SaveConfig:
  24              	.LFB0:
  25              		.file 1 ".\\Generated_Source\\PSoC4\\PWM_1_PM.c"
   1:.\Generated_Source\PSoC4/PWM_1_PM.c **** /*******************************************************************************
   2:.\Generated_Source\PSoC4/PWM_1_PM.c **** * File Name: PWM_1_PM.c
   3:.\Generated_Source\PSoC4/PWM_1_PM.c **** * Version 3.30
   4:.\Generated_Source\PSoC4/PWM_1_PM.c **** *
   5:.\Generated_Source\PSoC4/PWM_1_PM.c **** * Description:
   6:.\Generated_Source\PSoC4/PWM_1_PM.c **** *  This file provides the power management source code to API for the
   7:.\Generated_Source\PSoC4/PWM_1_PM.c **** *  PWM.
   8:.\Generated_Source\PSoC4/PWM_1_PM.c **** *
   9:.\Generated_Source\PSoC4/PWM_1_PM.c **** * Note:
  10:.\Generated_Source\PSoC4/PWM_1_PM.c **** *
  11:.\Generated_Source\PSoC4/PWM_1_PM.c **** ********************************************************************************
  12:.\Generated_Source\PSoC4/PWM_1_PM.c **** * Copyright 2008-2014, Cypress Semiconductor Corporation.  All rights reserved.
  13:.\Generated_Source\PSoC4/PWM_1_PM.c **** * You may use this file only in accordance with the license, terms, conditions,
  14:.\Generated_Source\PSoC4/PWM_1_PM.c **** * disclaimers, and limitations in the end user license agreement accompanying
  15:.\Generated_Source\PSoC4/PWM_1_PM.c **** * the software package with which this file was provided.
  16:.\Generated_Source\PSoC4/PWM_1_PM.c **** *******************************************************************************/
  17:.\Generated_Source\PSoC4/PWM_1_PM.c **** 
  18:.\Generated_Source\PSoC4/PWM_1_PM.c **** #include "PWM_1.h"
  19:.\Generated_Source\PSoC4/PWM_1_PM.c **** 
  20:.\Generated_Source\PSoC4/PWM_1_PM.c **** static PWM_1_backupStruct PWM_1_backup;
  21:.\Generated_Source\PSoC4/PWM_1_PM.c **** 
  22:.\Generated_Source\PSoC4/PWM_1_PM.c **** 
  23:.\Generated_Source\PSoC4/PWM_1_PM.c **** /*******************************************************************************
  24:.\Generated_Source\PSoC4/PWM_1_PM.c **** * Function Name: PWM_1_SaveConfig
  25:.\Generated_Source\PSoC4/PWM_1_PM.c **** ********************************************************************************
  26:.\Generated_Source\PSoC4/PWM_1_PM.c **** *
  27:.\Generated_Source\PSoC4/PWM_1_PM.c **** * Summary:
  28:.\Generated_Source\PSoC4/PWM_1_PM.c **** *  Saves the current user configuration of the component.
  29:.\Generated_Source\PSoC4/PWM_1_PM.c **** *
  30:.\Generated_Source\PSoC4/PWM_1_PM.c **** * Parameters:
  31:.\Generated_Source\PSoC4/PWM_1_PM.c **** *  None
  32:.\Generated_Source\PSoC4/PWM_1_PM.c **** *
ARM GAS  C:\Users\kbuchi\AppData\Local\Temp\ccp7JS6i.s 			page 2


  33:.\Generated_Source\PSoC4/PWM_1_PM.c **** * Return:
  34:.\Generated_Source\PSoC4/PWM_1_PM.c **** *  None
  35:.\Generated_Source\PSoC4/PWM_1_PM.c **** *
  36:.\Generated_Source\PSoC4/PWM_1_PM.c **** * Global variables:
  37:.\Generated_Source\PSoC4/PWM_1_PM.c **** *  PWM_1_backup:  Variables of this global structure are modified to
  38:.\Generated_Source\PSoC4/PWM_1_PM.c **** *  store the values of non retention configuration registers when Sleep() API is
  39:.\Generated_Source\PSoC4/PWM_1_PM.c **** *  called.
  40:.\Generated_Source\PSoC4/PWM_1_PM.c **** *
  41:.\Generated_Source\PSoC4/PWM_1_PM.c **** *******************************************************************************/
  42:.\Generated_Source\PSoC4/PWM_1_PM.c **** void PWM_1_SaveConfig(void) 
  43:.\Generated_Source\PSoC4/PWM_1_PM.c **** {
  26              		.loc 1 43 0
  27              		.cfi_startproc
  28 0000 10B5     		push	{r4, lr}
  29              		.cfi_def_cfa_offset 8
  30              		.cfi_offset 4, -8
  31              		.cfi_offset 14, -4
  44:.\Generated_Source\PSoC4/PWM_1_PM.c **** 
  45:.\Generated_Source\PSoC4/PWM_1_PM.c ****     #if(!PWM_1_UsingFixedFunction)
  46:.\Generated_Source\PSoC4/PWM_1_PM.c ****         #if(!PWM_1_PWMModeIsCenterAligned)
  47:.\Generated_Source\PSoC4/PWM_1_PM.c ****             PWM_1_backup.PWMPeriod = PWM_1_ReadPeriod();
  32              		.loc 1 47 0
  33 0002 FFF7FEFF 		bl	PWM_1_ReadPeriod
  34              	.LVL0:
  35 0006 044C     		ldr	r4, .L2
  36 0008 A070     		strb	r0, [r4, #2]
  48:.\Generated_Source\PSoC4/PWM_1_PM.c ****         #endif /* (!PWM_1_PWMModeIsCenterAligned) */
  49:.\Generated_Source\PSoC4/PWM_1_PM.c ****         PWM_1_backup.PWMUdb = PWM_1_ReadCounter();
  37              		.loc 1 49 0
  38 000a FFF7FEFF 		bl	PWM_1_ReadCounter
  39              	.LVL1:
  40 000e 6070     		strb	r0, [r4, #1]
  50:.\Generated_Source\PSoC4/PWM_1_PM.c ****         #if (PWM_1_UseStatus)
  51:.\Generated_Source\PSoC4/PWM_1_PM.c ****             PWM_1_backup.InterruptMaskValue = PWM_1_STATUS_MASK;
  41              		.loc 1 51 0
  42 0010 024B     		ldr	r3, .L2+4
  43 0012 1B78     		ldrb	r3, [r3]
  44 0014 E370     		strb	r3, [r4, #3]
  52:.\Generated_Source\PSoC4/PWM_1_PM.c ****         #endif /* (PWM_1_UseStatus) */
  53:.\Generated_Source\PSoC4/PWM_1_PM.c **** 
  54:.\Generated_Source\PSoC4/PWM_1_PM.c ****         #if(PWM_1_DeadBandMode == PWM_1__B_PWM__DBM_256_CLOCKS || \
  55:.\Generated_Source\PSoC4/PWM_1_PM.c ****             PWM_1_DeadBandMode == PWM_1__B_PWM__DBM_2_4_CLOCKS)
  56:.\Generated_Source\PSoC4/PWM_1_PM.c ****             PWM_1_backup.PWMdeadBandValue = PWM_1_ReadDeadTime();
  57:.\Generated_Source\PSoC4/PWM_1_PM.c ****         #endif /*  deadband count is either 2-4 clocks or 256 clocks */
  58:.\Generated_Source\PSoC4/PWM_1_PM.c **** 
  59:.\Generated_Source\PSoC4/PWM_1_PM.c ****         #if(PWM_1_KillModeMinTime)
  60:.\Generated_Source\PSoC4/PWM_1_PM.c ****              PWM_1_backup.PWMKillCounterPeriod = PWM_1_ReadKillTime();
  61:.\Generated_Source\PSoC4/PWM_1_PM.c ****         #endif /* (PWM_1_KillModeMinTime) */
  62:.\Generated_Source\PSoC4/PWM_1_PM.c **** 
  63:.\Generated_Source\PSoC4/PWM_1_PM.c ****         #if(PWM_1_UseControl)
  64:.\Generated_Source\PSoC4/PWM_1_PM.c ****             PWM_1_backup.PWMControlRegister = PWM_1_ReadControlRegister();
  65:.\Generated_Source\PSoC4/PWM_1_PM.c ****         #endif /* (PWM_1_UseControl) */
  66:.\Generated_Source\PSoC4/PWM_1_PM.c ****     #endif  /* (!PWM_1_UsingFixedFunction) */
  67:.\Generated_Source\PSoC4/PWM_1_PM.c **** }
  45              		.loc 1 67 0
  46              		@ sp needed
  47 0016 10BD     		pop	{r4, pc}
ARM GAS  C:\Users\kbuchi\AppData\Local\Temp\ccp7JS6i.s 			page 3


  48              	.L3:
  49              		.align	2
  50              	.L2:
  51 0018 00000000 		.word	.LANCHOR0
  52 001c 81000F40 		.word	1074724993
  53              		.cfi_endproc
  54              	.LFE0:
  55              		.size	PWM_1_SaveConfig, .-PWM_1_SaveConfig
  56              		.section	.text.PWM_1_RestoreConfig,"ax",%progbits
  57              		.align	2
  58              		.global	PWM_1_RestoreConfig
  59              		.code	16
  60              		.thumb_func
  61              		.type	PWM_1_RestoreConfig, %function
  62              	PWM_1_RestoreConfig:
  63              	.LFB1:
  68:.\Generated_Source\PSoC4/PWM_1_PM.c **** 
  69:.\Generated_Source\PSoC4/PWM_1_PM.c **** 
  70:.\Generated_Source\PSoC4/PWM_1_PM.c **** /*******************************************************************************
  71:.\Generated_Source\PSoC4/PWM_1_PM.c **** * Function Name: PWM_1_RestoreConfig
  72:.\Generated_Source\PSoC4/PWM_1_PM.c **** ********************************************************************************
  73:.\Generated_Source\PSoC4/PWM_1_PM.c **** *
  74:.\Generated_Source\PSoC4/PWM_1_PM.c **** * Summary:
  75:.\Generated_Source\PSoC4/PWM_1_PM.c **** *  Restores the current user configuration of the component.
  76:.\Generated_Source\PSoC4/PWM_1_PM.c **** *
  77:.\Generated_Source\PSoC4/PWM_1_PM.c **** * Parameters:
  78:.\Generated_Source\PSoC4/PWM_1_PM.c **** *  None
  79:.\Generated_Source\PSoC4/PWM_1_PM.c **** *
  80:.\Generated_Source\PSoC4/PWM_1_PM.c **** * Return:
  81:.\Generated_Source\PSoC4/PWM_1_PM.c **** *  None
  82:.\Generated_Source\PSoC4/PWM_1_PM.c **** *
  83:.\Generated_Source\PSoC4/PWM_1_PM.c **** * Global variables:
  84:.\Generated_Source\PSoC4/PWM_1_PM.c **** *  PWM_1_backup:  Variables of this global structure are used to
  85:.\Generated_Source\PSoC4/PWM_1_PM.c **** *  restore the values of non retention registers on wakeup from sleep mode.
  86:.\Generated_Source\PSoC4/PWM_1_PM.c **** *
  87:.\Generated_Source\PSoC4/PWM_1_PM.c **** *******************************************************************************/
  88:.\Generated_Source\PSoC4/PWM_1_PM.c **** void PWM_1_RestoreConfig(void) 
  89:.\Generated_Source\PSoC4/PWM_1_PM.c **** {
  64              		.loc 1 89 0
  65              		.cfi_startproc
  66 0000 10B5     		push	{r4, lr}
  67              		.cfi_def_cfa_offset 8
  68              		.cfi_offset 4, -8
  69              		.cfi_offset 14, -4
  90:.\Generated_Source\PSoC4/PWM_1_PM.c ****         #if(!PWM_1_UsingFixedFunction)
  91:.\Generated_Source\PSoC4/PWM_1_PM.c ****             #if(!PWM_1_PWMModeIsCenterAligned)
  92:.\Generated_Source\PSoC4/PWM_1_PM.c ****                 PWM_1_WritePeriod(PWM_1_backup.PWMPeriod);
  70              		.loc 1 92 0
  71 0002 054C     		ldr	r4, .L5
  72 0004 A078     		ldrb	r0, [r4, #2]
  73 0006 FFF7FEFF 		bl	PWM_1_WritePeriod
  74              	.LVL2:
  93:.\Generated_Source\PSoC4/PWM_1_PM.c ****             #endif /* (!PWM_1_PWMModeIsCenterAligned) */
  94:.\Generated_Source\PSoC4/PWM_1_PM.c **** 
  95:.\Generated_Source\PSoC4/PWM_1_PM.c ****             PWM_1_WriteCounter(PWM_1_backup.PWMUdb);
  75              		.loc 1 95 0
  76 000a 6078     		ldrb	r0, [r4, #1]
ARM GAS  C:\Users\kbuchi\AppData\Local\Temp\ccp7JS6i.s 			page 4


  77 000c FFF7FEFF 		bl	PWM_1_WriteCounter
  78              	.LVL3:
  96:.\Generated_Source\PSoC4/PWM_1_PM.c **** 
  97:.\Generated_Source\PSoC4/PWM_1_PM.c ****             #if (PWM_1_UseStatus)
  98:.\Generated_Source\PSoC4/PWM_1_PM.c ****                 PWM_1_STATUS_MASK = PWM_1_backup.InterruptMaskValue;
  79              		.loc 1 98 0
  80 0010 E278     		ldrb	r2, [r4, #3]
  81 0012 024B     		ldr	r3, .L5+4
  82 0014 1A70     		strb	r2, [r3]
  99:.\Generated_Source\PSoC4/PWM_1_PM.c ****             #endif /* (PWM_1_UseStatus) */
 100:.\Generated_Source\PSoC4/PWM_1_PM.c **** 
 101:.\Generated_Source\PSoC4/PWM_1_PM.c ****             #if(PWM_1_DeadBandMode == PWM_1__B_PWM__DBM_256_CLOCKS || \
 102:.\Generated_Source\PSoC4/PWM_1_PM.c ****                 PWM_1_DeadBandMode == PWM_1__B_PWM__DBM_2_4_CLOCKS)
 103:.\Generated_Source\PSoC4/PWM_1_PM.c ****                 PWM_1_WriteDeadTime(PWM_1_backup.PWMdeadBandValue);
 104:.\Generated_Source\PSoC4/PWM_1_PM.c ****             #endif /* deadband count is either 2-4 clocks or 256 clocks */
 105:.\Generated_Source\PSoC4/PWM_1_PM.c **** 
 106:.\Generated_Source\PSoC4/PWM_1_PM.c ****             #if(PWM_1_KillModeMinTime)
 107:.\Generated_Source\PSoC4/PWM_1_PM.c ****                 PWM_1_WriteKillTime(PWM_1_backup.PWMKillCounterPeriod);
 108:.\Generated_Source\PSoC4/PWM_1_PM.c ****             #endif /* (PWM_1_KillModeMinTime) */
 109:.\Generated_Source\PSoC4/PWM_1_PM.c **** 
 110:.\Generated_Source\PSoC4/PWM_1_PM.c ****             #if(PWM_1_UseControl)
 111:.\Generated_Source\PSoC4/PWM_1_PM.c ****                 PWM_1_WriteControlRegister(PWM_1_backup.PWMControlRegister);
 112:.\Generated_Source\PSoC4/PWM_1_PM.c ****             #endif /* (PWM_1_UseControl) */
 113:.\Generated_Source\PSoC4/PWM_1_PM.c ****         #endif  /* (!PWM_1_UsingFixedFunction) */
 114:.\Generated_Source\PSoC4/PWM_1_PM.c ****     }
  83              		.loc 1 114 0
  84              		@ sp needed
  85 0016 10BD     		pop	{r4, pc}
  86              	.L6:
  87              		.align	2
  88              	.L5:
  89 0018 00000000 		.word	.LANCHOR0
  90 001c 81000F40 		.word	1074724993
  91              		.cfi_endproc
  92              	.LFE1:
  93              		.size	PWM_1_RestoreConfig, .-PWM_1_RestoreConfig
  94              		.section	.text.PWM_1_Sleep,"ax",%progbits
  95              		.align	2
  96              		.global	PWM_1_Sleep
  97              		.code	16
  98              		.thumb_func
  99              		.type	PWM_1_Sleep, %function
 100              	PWM_1_Sleep:
 101              	.LFB2:
 115:.\Generated_Source\PSoC4/PWM_1_PM.c **** 
 116:.\Generated_Source\PSoC4/PWM_1_PM.c **** 
 117:.\Generated_Source\PSoC4/PWM_1_PM.c **** /*******************************************************************************
 118:.\Generated_Source\PSoC4/PWM_1_PM.c **** * Function Name: PWM_1_Sleep
 119:.\Generated_Source\PSoC4/PWM_1_PM.c **** ********************************************************************************
 120:.\Generated_Source\PSoC4/PWM_1_PM.c **** *
 121:.\Generated_Source\PSoC4/PWM_1_PM.c **** * Summary:
 122:.\Generated_Source\PSoC4/PWM_1_PM.c **** *  Disables block's operation and saves the user configuration. Should be called
 123:.\Generated_Source\PSoC4/PWM_1_PM.c **** *  just prior to entering sleep.
 124:.\Generated_Source\PSoC4/PWM_1_PM.c **** *
 125:.\Generated_Source\PSoC4/PWM_1_PM.c **** * Parameters:
 126:.\Generated_Source\PSoC4/PWM_1_PM.c **** *  None
 127:.\Generated_Source\PSoC4/PWM_1_PM.c **** *
ARM GAS  C:\Users\kbuchi\AppData\Local\Temp\ccp7JS6i.s 			page 5


 128:.\Generated_Source\PSoC4/PWM_1_PM.c **** * Return:
 129:.\Generated_Source\PSoC4/PWM_1_PM.c **** *  None
 130:.\Generated_Source\PSoC4/PWM_1_PM.c **** *
 131:.\Generated_Source\PSoC4/PWM_1_PM.c **** * Global variables:
 132:.\Generated_Source\PSoC4/PWM_1_PM.c **** *  PWM_1_backup.PWMEnableState:  Is modified depending on the enable
 133:.\Generated_Source\PSoC4/PWM_1_PM.c **** *  state of the block before entering sleep mode.
 134:.\Generated_Source\PSoC4/PWM_1_PM.c **** *
 135:.\Generated_Source\PSoC4/PWM_1_PM.c **** *******************************************************************************/
 136:.\Generated_Source\PSoC4/PWM_1_PM.c **** void PWM_1_Sleep(void) 
 137:.\Generated_Source\PSoC4/PWM_1_PM.c **** {
 102              		.loc 1 137 0
 103              		.cfi_startproc
 104 0000 08B5     		push	{r3, lr}
 105              		.cfi_def_cfa_offset 8
 106              		.cfi_offset 3, -8
 107              		.cfi_offset 14, -4
 138:.\Generated_Source\PSoC4/PWM_1_PM.c ****     #if(PWM_1_UseControl)
 139:.\Generated_Source\PSoC4/PWM_1_PM.c ****         if(PWM_1_CTRL_ENABLE == (PWM_1_CONTROL & PWM_1_CTRL_ENABLE))
 140:.\Generated_Source\PSoC4/PWM_1_PM.c ****         {
 141:.\Generated_Source\PSoC4/PWM_1_PM.c ****             /*Component is enabled */
 142:.\Generated_Source\PSoC4/PWM_1_PM.c ****             PWM_1_backup.PWMEnableState = 1u;
 143:.\Generated_Source\PSoC4/PWM_1_PM.c ****         }
 144:.\Generated_Source\PSoC4/PWM_1_PM.c ****         else
 145:.\Generated_Source\PSoC4/PWM_1_PM.c ****         {
 146:.\Generated_Source\PSoC4/PWM_1_PM.c ****             /* Component is disabled */
 147:.\Generated_Source\PSoC4/PWM_1_PM.c ****             PWM_1_backup.PWMEnableState = 0u;
 148:.\Generated_Source\PSoC4/PWM_1_PM.c ****         }
 149:.\Generated_Source\PSoC4/PWM_1_PM.c ****     #endif /* (PWM_1_UseControl) */
 150:.\Generated_Source\PSoC4/PWM_1_PM.c **** 
 151:.\Generated_Source\PSoC4/PWM_1_PM.c ****     /* Stop component */
 152:.\Generated_Source\PSoC4/PWM_1_PM.c ****     PWM_1_Stop();
 108              		.loc 1 152 0
 109 0002 FFF7FEFF 		bl	PWM_1_Stop
 110              	.LVL4:
 153:.\Generated_Source\PSoC4/PWM_1_PM.c **** 
 154:.\Generated_Source\PSoC4/PWM_1_PM.c ****     /* Save registers configuration */
 155:.\Generated_Source\PSoC4/PWM_1_PM.c ****     PWM_1_SaveConfig();
 111              		.loc 1 155 0
 112 0006 FFF7FEFF 		bl	PWM_1_SaveConfig
 113              	.LVL5:
 156:.\Generated_Source\PSoC4/PWM_1_PM.c **** }
 114              		.loc 1 156 0
 115              		@ sp needed
 116 000a 08BD     		pop	{r3, pc}
 117              		.cfi_endproc
 118              	.LFE2:
 119              		.size	PWM_1_Sleep, .-PWM_1_Sleep
 120              		.section	.text.PWM_1_Wakeup,"ax",%progbits
 121              		.align	2
 122              		.global	PWM_1_Wakeup
 123              		.code	16
 124              		.thumb_func
 125              		.type	PWM_1_Wakeup, %function
 126              	PWM_1_Wakeup:
 127              	.LFB3:
 157:.\Generated_Source\PSoC4/PWM_1_PM.c **** 
 158:.\Generated_Source\PSoC4/PWM_1_PM.c **** 
ARM GAS  C:\Users\kbuchi\AppData\Local\Temp\ccp7JS6i.s 			page 6


 159:.\Generated_Source\PSoC4/PWM_1_PM.c **** /*******************************************************************************
 160:.\Generated_Source\PSoC4/PWM_1_PM.c **** * Function Name: PWM_1_Wakeup
 161:.\Generated_Source\PSoC4/PWM_1_PM.c **** ********************************************************************************
 162:.\Generated_Source\PSoC4/PWM_1_PM.c **** *
 163:.\Generated_Source\PSoC4/PWM_1_PM.c **** * Summary:
 164:.\Generated_Source\PSoC4/PWM_1_PM.c **** *  Restores and enables the user configuration. Should be called just after
 165:.\Generated_Source\PSoC4/PWM_1_PM.c **** *  awaking from sleep.
 166:.\Generated_Source\PSoC4/PWM_1_PM.c **** *
 167:.\Generated_Source\PSoC4/PWM_1_PM.c **** * Parameters:
 168:.\Generated_Source\PSoC4/PWM_1_PM.c **** *  None
 169:.\Generated_Source\PSoC4/PWM_1_PM.c **** *
 170:.\Generated_Source\PSoC4/PWM_1_PM.c **** * Return:
 171:.\Generated_Source\PSoC4/PWM_1_PM.c **** *  None
 172:.\Generated_Source\PSoC4/PWM_1_PM.c **** *
 173:.\Generated_Source\PSoC4/PWM_1_PM.c **** * Global variables:
 174:.\Generated_Source\PSoC4/PWM_1_PM.c **** *  PWM_1_backup.pwmEnable:  Is used to restore the enable state of
 175:.\Generated_Source\PSoC4/PWM_1_PM.c **** *  block on wakeup from sleep mode.
 176:.\Generated_Source\PSoC4/PWM_1_PM.c **** *
 177:.\Generated_Source\PSoC4/PWM_1_PM.c **** *******************************************************************************/
 178:.\Generated_Source\PSoC4/PWM_1_PM.c **** void PWM_1_Wakeup(void) 
 179:.\Generated_Source\PSoC4/PWM_1_PM.c **** {
 128              		.loc 1 179 0
 129              		.cfi_startproc
 130 0000 08B5     		push	{r3, lr}
 131              		.cfi_def_cfa_offset 8
 132              		.cfi_offset 3, -8
 133              		.cfi_offset 14, -4
 180:.\Generated_Source\PSoC4/PWM_1_PM.c ****      /* Restore registers values */
 181:.\Generated_Source\PSoC4/PWM_1_PM.c ****     PWM_1_RestoreConfig();
 134              		.loc 1 181 0
 135 0002 FFF7FEFF 		bl	PWM_1_RestoreConfig
 136              	.LVL6:
 182:.\Generated_Source\PSoC4/PWM_1_PM.c **** 
 183:.\Generated_Source\PSoC4/PWM_1_PM.c ****     if(PWM_1_backup.PWMEnableState != 0u)
 137              		.loc 1 183 0
 138 0006 034B     		ldr	r3, .L10
 139 0008 1B78     		ldrb	r3, [r3]
 140 000a 002B     		cmp	r3, #0
 141 000c 01D0     		beq	.L8
 184:.\Generated_Source\PSoC4/PWM_1_PM.c ****     {
 185:.\Generated_Source\PSoC4/PWM_1_PM.c ****         /* Enable component's operation */
 186:.\Generated_Source\PSoC4/PWM_1_PM.c ****         PWM_1_Enable();
 142              		.loc 1 186 0
 143 000e FFF7FEFF 		bl	PWM_1_Enable
 144              	.LVL7:
 145              	.L8:
 187:.\Generated_Source\PSoC4/PWM_1_PM.c ****     } /* Do nothing if component's block was disabled before */
 188:.\Generated_Source\PSoC4/PWM_1_PM.c **** 
 189:.\Generated_Source\PSoC4/PWM_1_PM.c **** }
 146              		.loc 1 189 0
 147              		@ sp needed
 148 0012 08BD     		pop	{r3, pc}
 149              	.L11:
 150              		.align	2
 151              	.L10:
 152 0014 00000000 		.word	.LANCHOR0
 153              		.cfi_endproc
ARM GAS  C:\Users\kbuchi\AppData\Local\Temp\ccp7JS6i.s 			page 7


 154              	.LFE3:
 155              		.size	PWM_1_Wakeup, .-PWM_1_Wakeup
 156              		.bss
 157              		.align	2
 158              		.set	.LANCHOR0,. + 0
 159              		.type	PWM_1_backup, %object
 160              		.size	PWM_1_backup, 4
 161              	PWM_1_backup:
 162 0000 00000000 		.space	4
 163              		.text
 164              	.Letext0:
 165              		.file 2 ".\\Generated_Source\\PSoC4\\cytypes.h"
 166              		.file 3 ".\\Generated_Source\\PSoC4\\PWM_1.h"
 167              		.section	.debug_info,"",%progbits
 168              	.Ldebug_info0:
 169 0000 DB010000 		.4byte	0x1db
 170 0004 0400     		.2byte	0x4
 171 0006 00000000 		.4byte	.Ldebug_abbrev0
 172 000a 04       		.byte	0x4
 173 000b 01       		.uleb128 0x1
 174 000c 66010000 		.4byte	.LASF30
 175 0010 01       		.byte	0x1
 176 0011 31000000 		.4byte	.LASF31
 177 0015 D6000000 		.4byte	.LASF32
 178 0019 00000000 		.4byte	.Ldebug_ranges0+0
 179 001d 00000000 		.4byte	0
 180 0021 00000000 		.4byte	.Ldebug_line0
 181 0025 02       		.uleb128 0x2
 182 0026 01       		.byte	0x1
 183 0027 06       		.byte	0x6
 184 0028 3D020000 		.4byte	.LASF0
 185 002c 02       		.uleb128 0x2
 186 002d 01       		.byte	0x1
 187 002e 08       		.byte	0x8
 188 002f 95000000 		.4byte	.LASF1
 189 0033 02       		.uleb128 0x2
 190 0034 02       		.byte	0x2
 191 0035 05       		.byte	0x5
 192 0036 85000000 		.4byte	.LASF2
 193 003a 02       		.uleb128 0x2
 194 003b 02       		.byte	0x2
 195 003c 07       		.byte	0x7
 196 003d 55000000 		.4byte	.LASF3
 197 0041 02       		.uleb128 0x2
 198 0042 04       		.byte	0x4
 199 0043 05       		.byte	0x5
 200 0044 34020000 		.4byte	.LASF4
 201 0048 02       		.uleb128 0x2
 202 0049 04       		.byte	0x4
 203 004a 07       		.byte	0x7
 204 004b 23010000 		.4byte	.LASF5
 205 004f 02       		.uleb128 0x2
 206 0050 08       		.byte	0x8
 207 0051 05       		.byte	0x5
 208 0052 04020000 		.4byte	.LASF6
 209 0056 02       		.uleb128 0x2
 210 0057 08       		.byte	0x8
ARM GAS  C:\Users\kbuchi\AppData\Local\Temp\ccp7JS6i.s 			page 8


 211 0058 07       		.byte	0x7
 212 0059 4F010000 		.4byte	.LASF7
 213 005d 03       		.uleb128 0x3
 214 005e 04       		.byte	0x4
 215 005f 05       		.byte	0x5
 216 0060 696E7400 		.ascii	"int\000"
 217 0064 02       		.uleb128 0x2
 218 0065 04       		.byte	0x4
 219 0066 07       		.byte	0x7
 220 0067 35010000 		.4byte	.LASF8
 221 006b 04       		.uleb128 0x4
 222 006c D0000000 		.4byte	.LASF12
 223 0070 02       		.byte	0x2
 224 0071 B3       		.byte	0xb3
 225 0072 2C000000 		.4byte	0x2c
 226 0076 02       		.uleb128 0x2
 227 0077 04       		.byte	0x4
 228 0078 04       		.byte	0x4
 229 0079 8F000000 		.4byte	.LASF9
 230 007d 02       		.uleb128 0x2
 231 007e 08       		.byte	0x8
 232 007f 04       		.byte	0x4
 233 0080 09010000 		.4byte	.LASF10
 234 0084 02       		.uleb128 0x2
 235 0085 01       		.byte	0x1
 236 0086 08       		.byte	0x8
 237 0087 12020000 		.4byte	.LASF11
 238 008b 05       		.uleb128 0x5
 239 008c F6010000 		.4byte	.LASF13
 240 0090 02       		.byte	0x2
 241 0091 5D01     		.2byte	0x15d
 242 0093 97000000 		.4byte	0x97
 243 0097 06       		.uleb128 0x6
 244 0098 6B000000 		.4byte	0x6b
 245 009c 02       		.uleb128 0x2
 246 009d 04       		.byte	0x4
 247 009e 07       		.byte	0x7
 248 009f FB010000 		.4byte	.LASF14
 249 00a3 07       		.uleb128 0x7
 250 00a4 04       		.byte	0x4
 251 00a5 03       		.byte	0x3
 252 00a6 6B       		.byte	0x6b
 253 00a7 DC000000 		.4byte	0xdc
 254 00ab 08       		.uleb128 0x8
 255 00ac A3000000 		.4byte	.LASF15
 256 00b0 03       		.byte	0x3
 257 00b1 6E       		.byte	0x6e
 258 00b2 6B000000 		.4byte	0x6b
 259 00b6 00       		.byte	0
 260 00b7 08       		.uleb128 0x8
 261 00b8 0D000000 		.4byte	.LASF16
 262 00bc 03       		.byte	0x3
 263 00bd 71       		.byte	0x71
 264 00be 6B000000 		.4byte	0x6b
 265 00c2 01       		.byte	0x1
 266 00c3 08       		.uleb128 0x8
 267 00c4 14000000 		.4byte	.LASF17
ARM GAS  C:\Users\kbuchi\AppData\Local\Temp\ccp7JS6i.s 			page 9


 268 00c8 03       		.byte	0x3
 269 00c9 73       		.byte	0x73
 270 00ca 6B000000 		.4byte	0x6b
 271 00ce 02       		.byte	0x2
 272 00cf 08       		.uleb128 0x8
 273 00d0 49020000 		.4byte	.LASF18
 274 00d4 03       		.byte	0x3
 275 00d5 76       		.byte	0x76
 276 00d6 6B000000 		.4byte	0x6b
 277 00da 03       		.byte	0x3
 278 00db 00       		.byte	0
 279 00dc 04       		.uleb128 0x4
 280 00dd 10010000 		.4byte	.LASF19
 281 00e1 03       		.byte	0x3
 282 00e2 8B       		.byte	0x8b
 283 00e3 A3000000 		.4byte	0xa3
 284 00e7 09       		.uleb128 0x9
 285 00e8 68000000 		.4byte	.LASF20
 286 00ec 01       		.byte	0x1
 287 00ed 2A       		.byte	0x2a
 288 00ee 00000000 		.4byte	.LFB0
 289 00f2 20000000 		.4byte	.LFE0-.LFB0
 290 00f6 01       		.uleb128 0x1
 291 00f7 9C       		.byte	0x9c
 292 00f8 0F010000 		.4byte	0x10f
 293 00fc 0A       		.uleb128 0xa
 294 00fd 06000000 		.4byte	.LVL0
 295 0101 98010000 		.4byte	0x198
 296 0105 0A       		.uleb128 0xa
 297 0106 0E000000 		.4byte	.LVL1
 298 010a A3010000 		.4byte	0x1a3
 299 010e 00       		.byte	0
 300 010f 09       		.uleb128 0x9
 301 0110 E2010000 		.4byte	.LASF21
 302 0114 01       		.byte	0x1
 303 0115 58       		.byte	0x58
 304 0116 00000000 		.4byte	.LFB1
 305 011a 20000000 		.4byte	.LFE1-.LFB1
 306 011e 01       		.uleb128 0x1
 307 011f 9C       		.byte	0x9c
 308 0120 37010000 		.4byte	0x137
 309 0124 0A       		.uleb128 0xa
 310 0125 0A000000 		.4byte	.LVL2
 311 0129 AE010000 		.4byte	0x1ae
 312 012d 0A       		.uleb128 0xa
 313 012e 10000000 		.4byte	.LVL3
 314 0132 BF010000 		.4byte	0x1bf
 315 0136 00       		.byte	0
 316 0137 09       		.uleb128 0x9
 317 0138 79000000 		.4byte	.LASF22
 318 013c 01       		.byte	0x1
 319 013d 88       		.byte	0x88
 320 013e 00000000 		.4byte	.LFB2
 321 0142 0C000000 		.4byte	.LFE2-.LFB2
 322 0146 01       		.uleb128 0x1
 323 0147 9C       		.byte	0x9c
 324 0148 5F010000 		.4byte	0x15f
ARM GAS  C:\Users\kbuchi\AppData\Local\Temp\ccp7JS6i.s 			page 10


 325 014c 0A       		.uleb128 0xa
 326 014d 06000000 		.4byte	.LVL4
 327 0151 D0010000 		.4byte	0x1d0
 328 0155 0A       		.uleb128 0xa
 329 0156 0A000000 		.4byte	.LVL5
 330 015a E7000000 		.4byte	0xe7
 331 015e 00       		.byte	0
 332 015f 09       		.uleb128 0x9
 333 0160 42010000 		.4byte	.LASF23
 334 0164 01       		.byte	0x1
 335 0165 B2       		.byte	0xb2
 336 0166 00000000 		.4byte	.LFB3
 337 016a 18000000 		.4byte	.LFE3-.LFB3
 338 016e 01       		.uleb128 0x1
 339 016f 9C       		.byte	0x9c
 340 0170 87010000 		.4byte	0x187
 341 0174 0A       		.uleb128 0xa
 342 0175 06000000 		.4byte	.LVL6
 343 0179 0F010000 		.4byte	0x10f
 344 017d 0A       		.uleb128 0xa
 345 017e 12000000 		.4byte	.LVL7
 346 0182 D7010000 		.4byte	0x1d7
 347 0186 00       		.byte	0
 348 0187 0B       		.uleb128 0xb
 349 0188 C3000000 		.4byte	.LASF33
 350 018c 01       		.byte	0x1
 351 018d 14       		.byte	0x14
 352 018e DC000000 		.4byte	0xdc
 353 0192 05       		.uleb128 0x5
 354 0193 03       		.byte	0x3
 355 0194 00000000 		.4byte	PWM_1_backup
 356 0198 0C       		.uleb128 0xc
 357 0199 B2000000 		.4byte	.LASF24
 358 019d 03       		.byte	0x3
 359 019e C0       		.byte	0xc0
 360 019f 6B000000 		.4byte	0x6b
 361 01a3 0C       		.uleb128 0xc
 362 01a4 17020000 		.4byte	.LASF25
 363 01a8 03       		.byte	0x3
 364 01a9 B3       		.byte	0xb3
 365 01aa 6B000000 		.4byte	0x6b
 366 01ae 0D       		.uleb128 0xd
 367 01af 5C020000 		.4byte	.LASF26
 368 01b3 03       		.byte	0x3
 369 01b4 BE       		.byte	0xbe
 370 01b5 BF010000 		.4byte	0x1bf
 371 01b9 0E       		.uleb128 0xe
 372 01ba 6B000000 		.4byte	0x6b
 373 01be 00       		.byte	0
 374 01bf 0D       		.uleb128 0xd
 375 01c0 1E000000 		.4byte	.LASF27
 376 01c4 03       		.byte	0x3
 377 01c5 BA       		.byte	0xba
 378 01c6 D0010000 		.4byte	0x1d0
 379 01ca 0E       		.uleb128 0xe
 380 01cb 6B000000 		.4byte	0x6b
 381 01cf 00       		.byte	0
ARM GAS  C:\Users\kbuchi\AppData\Local\Temp\ccp7JS6i.s 			page 11


 382 01d0 0F       		.uleb128 0xf
 383 01d1 29020000 		.4byte	.LASF28
 384 01d5 03       		.byte	0x3
 385 01d6 93       		.byte	0x93
 386 01d7 0F       		.uleb128 0xf
 387 01d8 00000000 		.4byte	.LASF29
 388 01dc 03       		.byte	0x3
 389 01dd DB       		.byte	0xdb
 390 01de 00       		.byte	0
 391              		.section	.debug_abbrev,"",%progbits
 392              	.Ldebug_abbrev0:
 393 0000 01       		.uleb128 0x1
 394 0001 11       		.uleb128 0x11
 395 0002 01       		.byte	0x1
 396 0003 25       		.uleb128 0x25
 397 0004 0E       		.uleb128 0xe
 398 0005 13       		.uleb128 0x13
 399 0006 0B       		.uleb128 0xb
 400 0007 03       		.uleb128 0x3
 401 0008 0E       		.uleb128 0xe
 402 0009 1B       		.uleb128 0x1b
 403 000a 0E       		.uleb128 0xe
 404 000b 55       		.uleb128 0x55
 405 000c 17       		.uleb128 0x17
 406 000d 11       		.uleb128 0x11
 407 000e 01       		.uleb128 0x1
 408 000f 10       		.uleb128 0x10
 409 0010 17       		.uleb128 0x17
 410 0011 00       		.byte	0
 411 0012 00       		.byte	0
 412 0013 02       		.uleb128 0x2
 413 0014 24       		.uleb128 0x24
 414 0015 00       		.byte	0
 415 0016 0B       		.uleb128 0xb
 416 0017 0B       		.uleb128 0xb
 417 0018 3E       		.uleb128 0x3e
 418 0019 0B       		.uleb128 0xb
 419 001a 03       		.uleb128 0x3
 420 001b 0E       		.uleb128 0xe
 421 001c 00       		.byte	0
 422 001d 00       		.byte	0
 423 001e 03       		.uleb128 0x3
 424 001f 24       		.uleb128 0x24
 425 0020 00       		.byte	0
 426 0021 0B       		.uleb128 0xb
 427 0022 0B       		.uleb128 0xb
 428 0023 3E       		.uleb128 0x3e
 429 0024 0B       		.uleb128 0xb
 430 0025 03       		.uleb128 0x3
 431 0026 08       		.uleb128 0x8
 432 0027 00       		.byte	0
 433 0028 00       		.byte	0
 434 0029 04       		.uleb128 0x4
 435 002a 16       		.uleb128 0x16
 436 002b 00       		.byte	0
 437 002c 03       		.uleb128 0x3
 438 002d 0E       		.uleb128 0xe
ARM GAS  C:\Users\kbuchi\AppData\Local\Temp\ccp7JS6i.s 			page 12


 439 002e 3A       		.uleb128 0x3a
 440 002f 0B       		.uleb128 0xb
 441 0030 3B       		.uleb128 0x3b
 442 0031 0B       		.uleb128 0xb
 443 0032 49       		.uleb128 0x49
 444 0033 13       		.uleb128 0x13
 445 0034 00       		.byte	0
 446 0035 00       		.byte	0
 447 0036 05       		.uleb128 0x5
 448 0037 16       		.uleb128 0x16
 449 0038 00       		.byte	0
 450 0039 03       		.uleb128 0x3
 451 003a 0E       		.uleb128 0xe
 452 003b 3A       		.uleb128 0x3a
 453 003c 0B       		.uleb128 0xb
 454 003d 3B       		.uleb128 0x3b
 455 003e 05       		.uleb128 0x5
 456 003f 49       		.uleb128 0x49
 457 0040 13       		.uleb128 0x13
 458 0041 00       		.byte	0
 459 0042 00       		.byte	0
 460 0043 06       		.uleb128 0x6
 461 0044 35       		.uleb128 0x35
 462 0045 00       		.byte	0
 463 0046 49       		.uleb128 0x49
 464 0047 13       		.uleb128 0x13
 465 0048 00       		.byte	0
 466 0049 00       		.byte	0
 467 004a 07       		.uleb128 0x7
 468 004b 13       		.uleb128 0x13
 469 004c 01       		.byte	0x1
 470 004d 0B       		.uleb128 0xb
 471 004e 0B       		.uleb128 0xb
 472 004f 3A       		.uleb128 0x3a
 473 0050 0B       		.uleb128 0xb
 474 0051 3B       		.uleb128 0x3b
 475 0052 0B       		.uleb128 0xb
 476 0053 01       		.uleb128 0x1
 477 0054 13       		.uleb128 0x13
 478 0055 00       		.byte	0
 479 0056 00       		.byte	0
 480 0057 08       		.uleb128 0x8
 481 0058 0D       		.uleb128 0xd
 482 0059 00       		.byte	0
 483 005a 03       		.uleb128 0x3
 484 005b 0E       		.uleb128 0xe
 485 005c 3A       		.uleb128 0x3a
 486 005d 0B       		.uleb128 0xb
 487 005e 3B       		.uleb128 0x3b
 488 005f 0B       		.uleb128 0xb
 489 0060 49       		.uleb128 0x49
 490 0061 13       		.uleb128 0x13
 491 0062 38       		.uleb128 0x38
 492 0063 0B       		.uleb128 0xb
 493 0064 00       		.byte	0
 494 0065 00       		.byte	0
 495 0066 09       		.uleb128 0x9
ARM GAS  C:\Users\kbuchi\AppData\Local\Temp\ccp7JS6i.s 			page 13


 496 0067 2E       		.uleb128 0x2e
 497 0068 01       		.byte	0x1
 498 0069 3F       		.uleb128 0x3f
 499 006a 19       		.uleb128 0x19
 500 006b 03       		.uleb128 0x3
 501 006c 0E       		.uleb128 0xe
 502 006d 3A       		.uleb128 0x3a
 503 006e 0B       		.uleb128 0xb
 504 006f 3B       		.uleb128 0x3b
 505 0070 0B       		.uleb128 0xb
 506 0071 27       		.uleb128 0x27
 507 0072 19       		.uleb128 0x19
 508 0073 11       		.uleb128 0x11
 509 0074 01       		.uleb128 0x1
 510 0075 12       		.uleb128 0x12
 511 0076 06       		.uleb128 0x6
 512 0077 40       		.uleb128 0x40
 513 0078 18       		.uleb128 0x18
 514 0079 9742     		.uleb128 0x2117
 515 007b 19       		.uleb128 0x19
 516 007c 01       		.uleb128 0x1
 517 007d 13       		.uleb128 0x13
 518 007e 00       		.byte	0
 519 007f 00       		.byte	0
 520 0080 0A       		.uleb128 0xa
 521 0081 898201   		.uleb128 0x4109
 522 0084 00       		.byte	0
 523 0085 11       		.uleb128 0x11
 524 0086 01       		.uleb128 0x1
 525 0087 31       		.uleb128 0x31
 526 0088 13       		.uleb128 0x13
 527 0089 00       		.byte	0
 528 008a 00       		.byte	0
 529 008b 0B       		.uleb128 0xb
 530 008c 34       		.uleb128 0x34
 531 008d 00       		.byte	0
 532 008e 03       		.uleb128 0x3
 533 008f 0E       		.uleb128 0xe
 534 0090 3A       		.uleb128 0x3a
 535 0091 0B       		.uleb128 0xb
 536 0092 3B       		.uleb128 0x3b
 537 0093 0B       		.uleb128 0xb
 538 0094 49       		.uleb128 0x49
 539 0095 13       		.uleb128 0x13
 540 0096 02       		.uleb128 0x2
 541 0097 18       		.uleb128 0x18
 542 0098 00       		.byte	0
 543 0099 00       		.byte	0
 544 009a 0C       		.uleb128 0xc
 545 009b 2E       		.uleb128 0x2e
 546 009c 00       		.byte	0
 547 009d 3F       		.uleb128 0x3f
 548 009e 19       		.uleb128 0x19
 549 009f 03       		.uleb128 0x3
 550 00a0 0E       		.uleb128 0xe
 551 00a1 3A       		.uleb128 0x3a
 552 00a2 0B       		.uleb128 0xb
ARM GAS  C:\Users\kbuchi\AppData\Local\Temp\ccp7JS6i.s 			page 14


 553 00a3 3B       		.uleb128 0x3b
 554 00a4 0B       		.uleb128 0xb
 555 00a5 27       		.uleb128 0x27
 556 00a6 19       		.uleb128 0x19
 557 00a7 49       		.uleb128 0x49
 558 00a8 13       		.uleb128 0x13
 559 00a9 3C       		.uleb128 0x3c
 560 00aa 19       		.uleb128 0x19
 561 00ab 00       		.byte	0
 562 00ac 00       		.byte	0
 563 00ad 0D       		.uleb128 0xd
 564 00ae 2E       		.uleb128 0x2e
 565 00af 01       		.byte	0x1
 566 00b0 3F       		.uleb128 0x3f
 567 00b1 19       		.uleb128 0x19
 568 00b2 03       		.uleb128 0x3
 569 00b3 0E       		.uleb128 0xe
 570 00b4 3A       		.uleb128 0x3a
 571 00b5 0B       		.uleb128 0xb
 572 00b6 3B       		.uleb128 0x3b
 573 00b7 0B       		.uleb128 0xb
 574 00b8 27       		.uleb128 0x27
 575 00b9 19       		.uleb128 0x19
 576 00ba 3C       		.uleb128 0x3c
 577 00bb 19       		.uleb128 0x19
 578 00bc 01       		.uleb128 0x1
 579 00bd 13       		.uleb128 0x13
 580 00be 00       		.byte	0
 581 00bf 00       		.byte	0
 582 00c0 0E       		.uleb128 0xe
 583 00c1 05       		.uleb128 0x5
 584 00c2 00       		.byte	0
 585 00c3 49       		.uleb128 0x49
 586 00c4 13       		.uleb128 0x13
 587 00c5 00       		.byte	0
 588 00c6 00       		.byte	0
 589 00c7 0F       		.uleb128 0xf
 590 00c8 2E       		.uleb128 0x2e
 591 00c9 00       		.byte	0
 592 00ca 3F       		.uleb128 0x3f
 593 00cb 19       		.uleb128 0x19
 594 00cc 03       		.uleb128 0x3
 595 00cd 0E       		.uleb128 0xe
 596 00ce 3A       		.uleb128 0x3a
 597 00cf 0B       		.uleb128 0xb
 598 00d0 3B       		.uleb128 0x3b
 599 00d1 0B       		.uleb128 0xb
 600 00d2 27       		.uleb128 0x27
 601 00d3 19       		.uleb128 0x19
 602 00d4 3C       		.uleb128 0x3c
 603 00d5 19       		.uleb128 0x19
 604 00d6 00       		.byte	0
 605 00d7 00       		.byte	0
 606 00d8 00       		.byte	0
 607              		.section	.debug_aranges,"",%progbits
 608 0000 34000000 		.4byte	0x34
 609 0004 0200     		.2byte	0x2
ARM GAS  C:\Users\kbuchi\AppData\Local\Temp\ccp7JS6i.s 			page 15


 610 0006 00000000 		.4byte	.Ldebug_info0
 611 000a 04       		.byte	0x4
 612 000b 00       		.byte	0
 613 000c 0000     		.2byte	0
 614 000e 0000     		.2byte	0
 615 0010 00000000 		.4byte	.LFB0
 616 0014 20000000 		.4byte	.LFE0-.LFB0
 617 0018 00000000 		.4byte	.LFB1
 618 001c 20000000 		.4byte	.LFE1-.LFB1
 619 0020 00000000 		.4byte	.LFB2
 620 0024 0C000000 		.4byte	.LFE2-.LFB2
 621 0028 00000000 		.4byte	.LFB3
 622 002c 18000000 		.4byte	.LFE3-.LFB3
 623 0030 00000000 		.4byte	0
 624 0034 00000000 		.4byte	0
 625              		.section	.debug_ranges,"",%progbits
 626              	.Ldebug_ranges0:
 627 0000 00000000 		.4byte	.LFB0
 628 0004 20000000 		.4byte	.LFE0
 629 0008 00000000 		.4byte	.LFB1
 630 000c 20000000 		.4byte	.LFE1
 631 0010 00000000 		.4byte	.LFB2
 632 0014 0C000000 		.4byte	.LFE2
 633 0018 00000000 		.4byte	.LFB3
 634 001c 18000000 		.4byte	.LFE3
 635 0020 00000000 		.4byte	0
 636 0024 00000000 		.4byte	0
 637              		.section	.debug_line,"",%progbits
 638              	.Ldebug_line0:
 639 0000 AC000000 		.section	.debug_str,"MS",%progbits,1
 639      02005200 
 639      00000201 
 639      FB0E0D00 
 639      01010101 
 640              	.LASF29:
 641 0000 50574D5F 		.ascii	"PWM_1_Enable\000"
 641      315F456E 
 641      61626C65 
 641      00
 642              	.LASF16:
 643 000d 50574D55 		.ascii	"PWMUdb\000"
 643      646200
 644              	.LASF17:
 645 0014 50574D50 		.ascii	"PWMPeriod\000"
 645      6572696F 
 645      6400
 646              	.LASF27:
 647 001e 50574D5F 		.ascii	"PWM_1_WriteCounter\000"
 647      315F5772 
 647      69746543 
 647      6F756E74 
 647      657200
 648              	.LASF31:
 649 0031 2E5C4765 		.ascii	".\\Generated_Source\\PSoC4\\PWM_1_PM.c\000"
 649      6E657261 
 649      7465645F 
 649      536F7572 
ARM GAS  C:\Users\kbuchi\AppData\Local\Temp\ccp7JS6i.s 			page 16


 649      63655C50 
 650              	.LASF3:
 651 0055 73686F72 		.ascii	"short unsigned int\000"
 651      7420756E 
 651      7369676E 
 651      65642069 
 651      6E7400
 652              	.LASF20:
 653 0068 50574D5F 		.ascii	"PWM_1_SaveConfig\000"
 653      315F5361 
 653      7665436F 
 653      6E666967 
 653      00
 654              	.LASF22:
 655 0079 50574D5F 		.ascii	"PWM_1_Sleep\000"
 655      315F536C 
 655      65657000 
 656              	.LASF2:
 657 0085 73686F72 		.ascii	"short int\000"
 657      7420696E 
 657      7400
 658              	.LASF9:
 659 008f 666C6F61 		.ascii	"float\000"
 659      7400
 660              	.LASF1:
 661 0095 756E7369 		.ascii	"unsigned char\000"
 661      676E6564 
 661      20636861 
 661      7200
 662              	.LASF15:
 663 00a3 50574D45 		.ascii	"PWMEnableState\000"
 663      6E61626C 
 663      65537461 
 663      746500
 664              	.LASF24:
 665 00b2 50574D5F 		.ascii	"PWM_1_ReadPeriod\000"
 665      315F5265 
 665      61645065 
 665      72696F64 
 665      00
 666              	.LASF33:
 667 00c3 50574D5F 		.ascii	"PWM_1_backup\000"
 667      315F6261 
 667      636B7570 
 667      00
 668              	.LASF12:
 669 00d0 75696E74 		.ascii	"uint8\000"
 669      3800
 670              	.LASF32:
 671 00d6 433A5C57 		.ascii	"C:\\WORKS\\WS\\WS_E2\\psoc\\D-21_s-6#1\\D-21_s-6#1."
 671      4F524B53 
 671      5C57535C 
 671      57535F45 
 671      325C7073 
 672 0103 63796473 		.ascii	"cydsn\000"
 672      6E00
 673              	.LASF10:
ARM GAS  C:\Users\kbuchi\AppData\Local\Temp\ccp7JS6i.s 			page 17


 674 0109 646F7562 		.ascii	"double\000"
 674      6C6500
 675              	.LASF19:
 676 0110 50574D5F 		.ascii	"PWM_1_backupStruct\000"
 676      315F6261 
 676      636B7570 
 676      53747275 
 676      637400
 677              	.LASF5:
 678 0123 6C6F6E67 		.ascii	"long unsigned int\000"
 678      20756E73 
 678      69676E65 
 678      6420696E 
 678      7400
 679              	.LASF8:
 680 0135 756E7369 		.ascii	"unsigned int\000"
 680      676E6564 
 680      20696E74 
 680      00
 681              	.LASF23:
 682 0142 50574D5F 		.ascii	"PWM_1_Wakeup\000"
 682      315F5761 
 682      6B657570 
 682      00
 683              	.LASF7:
 684 014f 6C6F6E67 		.ascii	"long long unsigned int\000"
 684      206C6F6E 
 684      6720756E 
 684      7369676E 
 684      65642069 
 685              	.LASF30:
 686 0166 474E5520 		.ascii	"GNU C 4.8.4 20140526 (release) [ARM/embedded-4_8-br"
 686      4320342E 
 686      382E3420 
 686      32303134 
 686      30353236 
 687 0199 616E6368 		.ascii	"anch revision 211358] -mcpu=cortex-m0 -mthumb -g -O"
 687      20726576 
 687      6973696F 
 687      6E203231 
 687      31333538 
 688 01cc 67202D66 		.ascii	"g -ffunction-sections\000"
 688      66756E63 
 688      74696F6E 
 688      2D736563 
 688      74696F6E 
 689              	.LASF21:
 690 01e2 50574D5F 		.ascii	"PWM_1_RestoreConfig\000"
 690      315F5265 
 690      73746F72 
 690      65436F6E 
 690      66696700 
 691              	.LASF13:
 692 01f6 72656738 		.ascii	"reg8\000"
 692      00
 693              	.LASF14:
 694 01fb 73697A65 		.ascii	"sizetype\000"
ARM GAS  C:\Users\kbuchi\AppData\Local\Temp\ccp7JS6i.s 			page 18


 694      74797065 
 694      00
 695              	.LASF6:
 696 0204 6C6F6E67 		.ascii	"long long int\000"
 696      206C6F6E 
 696      6720696E 
 696      7400
 697              	.LASF11:
 698 0212 63686172 		.ascii	"char\000"
 698      00
 699              	.LASF25:
 700 0217 50574D5F 		.ascii	"PWM_1_ReadCounter\000"
 700      315F5265 
 700      6164436F 
 700      756E7465 
 700      7200
 701              	.LASF28:
 702 0229 50574D5F 		.ascii	"PWM_1_Stop\000"
 702      315F5374 
 702      6F7000
 703              	.LASF4:
 704 0234 6C6F6E67 		.ascii	"long int\000"
 704      20696E74 
 704      00
 705              	.LASF0:
 706 023d 7369676E 		.ascii	"signed char\000"
 706      65642063 
 706      68617200 
 707              	.LASF18:
 708 0249 496E7465 		.ascii	"InterruptMaskValue\000"
 708      72727570 
 708      744D6173 
 708      6B56616C 
 708      756500
 709              	.LASF26:
 710 025c 50574D5F 		.ascii	"PWM_1_WritePeriod\000"
 710      315F5772 
 710      69746550 
 710      6572696F 
 710      6400
 711              		.ident	"GCC: (GNU Tools for ARM Embedded Processors) 4.8.4 20140526 (release) [ARM/embedded-4_8-br
