

Microchip Technology PIC LITE Macro Assembler V1.33 build 59893 
                                                                                               Sat Aug 01 10:07:40 2015

Microchip Technology Omniscient Code Generator (Lite mode) build 59893
     1                           	processor	16F88
     2                           	opt	pw 120
     3                           	opt	lm
     4                           	psect	maintext,global,class=CODE,split=1,delta=2
     5                           	psect	cinit,global,class=CODE,merge=1,delta=2
     6                           	psect	cstackCOMMON,global,class=COMMON,space=1,delta=1
     7                           	dabs	1,0x7E,2
     8  0000                     	;# 
     9  0001                     	;# 
    10  0002                     	;# 
    11  0003                     	;# 
    12  0004                     	;# 
    13  0005                     	;# 
    14  0006                     	;# 
    15  000A                     	;# 
    16  000B                     	;# 
    17  000C                     	;# 
    18  000D                     	;# 
    19  000E                     	;# 
    20  000E                     	;# 
    21  000F                     	;# 
    22  0010                     	;# 
    23  0011                     	;# 
    24  0012                     	;# 
    25  0013                     	;# 
    26  0014                     	;# 
    27  0015                     	;# 
    28  0015                     	;# 
    29  0016                     	;# 
    30  0017                     	;# 
    31  0018                     	;# 
    32  0019                     	;# 
    33  001A                     	;# 
    34  001E                     	;# 
    35  001F                     	;# 
    36  0081                     	;# 
    37  0085                     	;# 
    38  0086                     	;# 
    39  008C                     	;# 
    40  008D                     	;# 
    41  008E                     	;# 
    42  008F                     	;# 
    43  0090                     	;# 
    44  0092                     	;# 
    45  0093                     	;# 
    46  0094                     	;# 
    47  0098                     	;# 
    48  0099                     	;# 
    49  009B                     	;# 
    50  009C                     	;# 
    51  009D                     	;# 
    52  009E                     	;# 
    53  009F                     	;# 
    54  0105                     	;# 
    55  010C                     	;# 
    56  010D                     	;# 
    57  010E                     	;# 
    58  010F                     	;# 
    59  018C                     	;# 
    60  018D                     	;# 
    61  0005                     _PORTA	set	5
    62  0006                     _PORTB	set	6
    63  0006                     _PORTBbits	set	6
    64  0081                     _OPTION_REGbits	set	129
    65  0085                     _TRISA	set	133
    66  0086                     _TRISB	set	134
    67                           
    68                           	psect	maintext
    69  07D1                     __pmaintext:	
    70                           ; #config settings
    71                           
    72                           
    73                           ;psect for function _main
    74  0000                     
    75 ;;
    76 ;;Main: autosize = 0, tempsize = 3, incstack = 0, save=0
    77 ;;
    78 ;; *************** function _main *****************
    79 ;; Defined at:
    80 ;;		line 67 in file "D-11-1_PIC16F84A_retry.c"
    81 ;; Parameters:    Size  Location     Type
    82 ;;		None
    83 ;; Auto vars:     Size  Location     Type
    84 ;;		None
    85 ;; Return value:  Size  Location     Type
    86 ;;		None               void
    87 ;; Registers used:
    88 ;;		wreg, status,2
    89 ;; Tracked objects:
    90 ;;		On entry : 17F/0
    91 ;;		On exit  : 0/0
    92 ;;		Unchanged: 0/0
    93 ;; Data sizes:     COMMON   BANK0   BANK1   BANK3   BANK2
    94 ;;      Params:         0       0       0       0       0
    95 ;;      Locals:         0       0       0       0       0
    96 ;;      Temps:          3       0       0       0       0
    97 ;;      Totals:         3       0       0       0       0
    98 ;;Total ram usage:        3 bytes
    99 ;; This function calls:
   100 ;;		Nothing
   101 ;; This function is called by:
   102 ;;		Startup code after reset
   103 ;; This function uses a non-reentrant model
   104 ;;
   105  07D1                     _main:	
   106                           
   107                           ;D-11-1_PIC16F84A_retry.c: 77: OPTION_REGbits.nRBPU = 0;
   108                           
   109                           ;incstack = 0
   110                           ; Regs used in _main: [wreg+status,2]
   111  07D1  1683               	bsf	3,5	;RP0=1, select bank1
   112  07D2  1303               	bcf	3,6	;RP1=0, select bank1
   113  07D3  1381               	bcf	1,7	;volatile
   114                           
   115                           ;D-11-1_PIC16F84A_retry.c: 82: TRISB = 0b00000000;
   116  07D4  0186               	clrf	6	;volatile
   117                           
   118                           ;D-11-1_PIC16F84A_retry.c: 83: TRISA = 0x00000000;
   119  07D5  0185               	clrf	5	;volatile
   120                           
   121                           ;D-11-1_PIC16F84A_retry.c: 88: PORTA = 0b00000000;
   122  07D6  1283               	bcf	3,5	;RP0=0, select bank0
   123  07D7  1303               	bcf	3,6	;RP1=0, select bank0
   124  07D8  0185               	clrf	5	;volatile
   125                           
   126                           ;D-11-1_PIC16F84A_retry.c: 89: PORTB = 0x00;
   127  07D9  0186               	clrf	6	;volatile
   128  07DA                     l481:	
   129                           ;D-11-1_PIC16F84A_retry.c: 105: while(1) {
   130                           
   131                           
   132                           ;D-11-1_PIC16F84A_retry.c: 107: PORTBbits.RB0 = 0;
   133  07DA  1283               	bcf	3,5	;RP0=0, select bank0
   134  07DB  1303               	bcf	3,6	;RP1=0, select bank0
   135  07DC  1006               	bcf	6,0	;volatile
   136                           
   137                           ;D-11-1_PIC16F84A_retry.c: 108: PORTBbits.RB1 = 1;
   138  07DD  1486               	bsf	6,1	;volatile
   139                           
   140                           ;D-11-1_PIC16F84A_retry.c: 112: _delay((unsigned long)((500)*(20000000/4000.0)));
   141  07DE  300D               	movlw	13
   142  07DF  00F2               	movwf	??_main+2
   143  07E0  30AF               	movlw	175
   144  07E1  00F1               	movwf	??_main+1
   145  07E2  30C1               	movlw	193
   146  07E3  00F0               	movwf	??_main
   147  07E4                     u17:	
   148  07E4  0BF0               	decfsz	??_main,f
   149  07E5  2FE4               	goto	u17
   150  07E6  0BF1               	decfsz	??_main+1,f
   151  07E7  2FE4               	goto	u17
   152  07E8  0BF2               	decfsz	??_main+2,f
   153  07E9  2FE4               	goto	u17
   154  07EA  0000               	nop
   155                           
   156                           ;D-11-1_PIC16F84A_retry.c: 117: PORTBbits.RB0 = 1;
   157  07EB  1283               	bcf	3,5	;RP0=0, select bank0
   158  07EC  1303               	bcf	3,6	;RP1=0, select bank0
   159  07ED  1406               	bsf	6,0	;volatile
   160                           
   161                           ;D-11-1_PIC16F84A_retry.c: 118: PORTBbits.RB1 = 0;
   162  07EE  1086               	bcf	6,1	;volatile
   163                           
   164                           ;D-11-1_PIC16F84A_retry.c: 120: _delay((unsigned long)((100)*(20000000/4000.0)));
   165  07EF  3003               	movlw	3
   166  07F0  00F2               	movwf	??_main+2
   167  07F1  308A               	movlw	138
   168  07F2  00F1               	movwf	??_main+1
   169  07F3  3056               	movlw	86
   170  07F4  00F0               	movwf	??_main
   171  07F5                     u27:	
   172  07F5  0BF0               	decfsz	??_main,f
   173  07F6  2FF5               	goto	u27
   174  07F7  0BF1               	decfsz	??_main+1,f
   175  07F8  2FF5               	goto	u27
   176  07F9  0BF2               	decfsz	??_main+2,f
   177  07FA  2FF5               	goto	u27
   178  07FB  2FFC               	nop2
   179  07FC  2FDA               	goto	l481
   180  07FD                     __end_of_main:	
   181                           ;D-11-1_PIC16F84A_retry.c: 122: }
   182                           ;D-11-1_PIC16F84A_retry.c: 124: return;
   183                           
   184  007E                     btemp	set	126	;btemp
   185  007E                     wtemp	set	126
   186  007E                     wtemp0	set	126
   187  0080                     wtemp1	set	128
   188  0082                     wtemp2	set	130
   189  0084                     wtemp3	set	132
   190  0086                     wtemp4	set	134
   191  0088                     wtemp5	set	136
   192  007F                     wtemp6	set	127
   193  007E                     ttemp	set	126
   194  007E                     ttemp0	set	126
   195  0081                     ttemp1	set	129
   196  0084                     ttemp2	set	132
   197  0087                     ttemp3	set	135
   198  007F                     ttemp4	set	127
   199  007E                     ltemp	set	126
   200  007E                     ltemp0	set	126
   201  0082                     ltemp1	set	130
   202  0086                     ltemp2	set	134
   203  0080                     ltemp3	set	128
   204                           
   205                           	psect	cinit
   206  07FD                     start_initialization:	
   207  07FD                     __initialization:	
   208  07FD                     end_of_initialization:	
   209                           ;End of C runtime variable initialization code
   210                           
   211  07FD                     __end_of__initialization:	
   212  07FD  0183               	clrf	3
   213  07FE  118A  2FD1         	ljmp	_main	;jump to C main() function
   214                           
   215                           	psect	cstackCOMMON
   216  0070                     __pcstackCOMMON:	
   217  0070                     ?_main:	
   218  0070                     ??_main:	
   219                           ; 0 bytes @ 0x0
   220                           
   221                           
   222                           ; 0 bytes @ 0x0
   223  0070                     	ds	3


Data Sizes:
    Strings     0
    Constant    0
    Data        0
    BSS         0
    Persistent  0
    Stack       0

Auto Spaces:
    Space          Size  Autos    Used
    COMMON           14      3       3
    BANK0            80      0       0
    BANK1            80      0       0
    BANK3            96      0       0
    BANK2            96      0       0

Pointer List with Targets:

    None.

Critical Paths under _main in COMMON

    None.

Critical Paths under _main in BANK0

    None.

Critical Paths under _main in BANK1

    None.

Critical Paths under _main in BANK3

    None.

Critical Paths under _main in BANK2

    None.

Call Graph Tables:

 ---------------------------------------------------------------------------------
 (Depth) Function   	        Calls       Base Space   Used Autos Params    Refs
 ---------------------------------------------------------------------------------
 (0) _main                                                 3     3      0       0
                                              0 COMMON     3     3      0
 ---------------------------------------------------------------------------------
 Estimated maximum stack depth 0
 ---------------------------------------------------------------------------------

 Call Graph Graphs:

 _main (ROOT)

 Address spaces:
Name               Size   Autos  Total    Cost      Usage
BITCOMMON            E      0       0       0        0.0%
EEDATA             100      0       0       0        0.0%
NULL                 0      0       0       0        0.0%
CODE                 0      0       0       0        0.0%
COMMON               E      3       3       1       21.4%
BITSFR0              0      0       0       1        0.0%
SFR0                 0      0       0       1        0.0%
BITSFR1              0      0       0       2        0.0%
SFR1                 0      0       0       2        0.0%
STACK                0      0       0       2        0.0%
ABS                  0      0       0       3        0.0%
BITBANK0            50      0       0       4        0.0%
BITSFR3              0      0       0       4        0.0%
SFR3                 0      0       0       4        0.0%
BANK0               50      0       0       5        0.0%
BITSFR2              0      0       0       5        0.0%
SFR2                 0      0       0       5        0.0%
BITBANK1            50      0       0       6        0.0%
BANK1               50      0       0       7        0.0%
BITBANK3            60      0       0       8        0.0%
BANK3               60      0       0       9        0.0%
BITBANK2            60      0       0      10        0.0%
BANK2               60      0       0      11        0.0%
DATA                 0      0       0      12        0.0%


Microchip Technology PIC Macro Assembler V1.33 build 59893 
Symbol Table                                                                                   Sat Aug 01 10:07:40 2015

            __CFG_CP$OFF 0000                       u17 07E4                       u27 07F5  
                    l481 07DA             __CFG_CPD$OFF 0000             __CFG_FOSC$HS 0000  
           __CFG_LVP$OFF 0000             __CFG_WRT$OFF 0000                     _main 07D1  
                   btemp 007E            __CFG_BOREN$ON 0000                     ltemp 007E  
                   start 0000                     ttemp 007E                     wtemp 007E  
          __CFG_MCLRE$ON 0000                    ?_main 0070            __CFG_WDTE$OFF 0000  
         __CFG_DEBUG$OFF 0000                    _PORTA 0005                    _PORTB 0006  
                  _TRISA 0085                    _TRISB 0086            __CFG_PWRTE$ON 0000  
                  ltemp0 007E                    ltemp1 0082                    ltemp2 0086  
                  ltemp3 0080                    ttemp0 007E                    ttemp1 0081  
                  ttemp2 0084                    ttemp3 0087                    ttemp4 007F  
                  status 0003                    wtemp0 007E                    wtemp1 0080  
                  wtemp2 0082                    wtemp3 0084                    wtemp4 0086  
                  wtemp5 0088                    wtemp6 007F          __initialization 07FD  
           __end_of_main 07FD                   ??_main 0070  __end_of__initialization 07FD  
         __pcstackCOMMON 0070           _OPTION_REGbits 0081               __pmaintext 07D1  
   end_of_initialization 07FD                _PORTBbits 0006      start_initialization 07FD  
              ___latbits 0001            __size_of_main 002C  
