ARM GAS  C:\Users\kbuchi\AppData\Local\Temp\ccQIDz4N.s 			page 1


   1              		.cpu cortex-m0
   2              		.fpu softvfp
   3              		.eabi_attribute 20, 1
   4              		.eabi_attribute 21, 1
   5              		.eabi_attribute 23, 3
   6              		.eabi_attribute 24, 1
   7              		.eabi_attribute 25, 1
   8              		.eabi_attribute 26, 1
   9              		.eabi_attribute 30, 1
  10              		.eabi_attribute 34, 0
  11              		.eabi_attribute 18, 4
  12              		.code	16
  13              		.file	"cyfitter_cfg.c"
  14              		.text
  15              	.Ltext0:
  16              		.cfi_sections	.debug_frame
  17              		.section	.text.CYMEMZERO,"ax",%progbits
  18              		.align	2
  19              		.code	16
  20              		.thumb_func
  21              		.type	CYMEMZERO, %function
  22              	CYMEMZERO:
  23              	.LFB0:
  24              		.file 1 ".\\Generated_Source\\PSoC4\\cyfitter_cfg.c"
   1:.\Generated_Source\PSoC4/cyfitter_cfg.c **** /*******************************************************************************
   2:.\Generated_Source\PSoC4/cyfitter_cfg.c **** * FILENAME: cyfitter_cfg.c
   3:.\Generated_Source\PSoC4/cyfitter_cfg.c **** * 
   4:.\Generated_Source\PSoC4/cyfitter_cfg.c **** * PSoC Creator  3.2
   5:.\Generated_Source\PSoC4/cyfitter_cfg.c **** *
   6:.\Generated_Source\PSoC4/cyfitter_cfg.c **** * DESCRIPTION:
   7:.\Generated_Source\PSoC4/cyfitter_cfg.c **** * This file contains device initialization code.
   8:.\Generated_Source\PSoC4/cyfitter_cfg.c **** * Except for the user defined sections in CyClockStartupError(), this file should not be modified.
   9:.\Generated_Source\PSoC4/cyfitter_cfg.c **** * This file is automatically generated by PSoC Creator.
  10:.\Generated_Source\PSoC4/cyfitter_cfg.c **** *
  11:.\Generated_Source\PSoC4/cyfitter_cfg.c **** ********************************************************************************
  12:.\Generated_Source\PSoC4/cyfitter_cfg.c **** * Copyright (c) 2007-2015 Cypress Semiconductor.  All rights reserved.
  13:.\Generated_Source\PSoC4/cyfitter_cfg.c **** * You may use this file only in accordance with the license, terms, conditions, 
  14:.\Generated_Source\PSoC4/cyfitter_cfg.c **** * disclaimers, and limitations in the end user license agreement accompanying 
  15:.\Generated_Source\PSoC4/cyfitter_cfg.c **** * the software package with which this file was provided.
  16:.\Generated_Source\PSoC4/cyfitter_cfg.c **** ********************************************************************************/
  17:.\Generated_Source\PSoC4/cyfitter_cfg.c **** 
  18:.\Generated_Source\PSoC4/cyfitter_cfg.c **** #include <string.h>
  19:.\Generated_Source\PSoC4/cyfitter_cfg.c **** #include "cytypes.h"
  20:.\Generated_Source\PSoC4/cyfitter_cfg.c **** #include "cydevice_trm.h"
  21:.\Generated_Source\PSoC4/cyfitter_cfg.c **** #include "cyfitter.h"
  22:.\Generated_Source\PSoC4/cyfitter_cfg.c **** #include "CyLib.h"
  23:.\Generated_Source\PSoC4/cyfitter_cfg.c **** #include "CyLFClk.h"
  24:.\Generated_Source\PSoC4/cyfitter_cfg.c **** #include "cyfitter_cfg.h"
  25:.\Generated_Source\PSoC4/cyfitter_cfg.c **** 
  26:.\Generated_Source\PSoC4/cyfitter_cfg.c **** 
  27:.\Generated_Source\PSoC4/cyfitter_cfg.c **** #if defined(__GNUC__) || defined(__ARMCC_VERSION)
  28:.\Generated_Source\PSoC4/cyfitter_cfg.c ****     #define CYPACKED 
  29:.\Generated_Source\PSoC4/cyfitter_cfg.c ****     #define CYPACKED_ATTR __attribute__ ((packed))
  30:.\Generated_Source\PSoC4/cyfitter_cfg.c ****     #define CYALIGNED __attribute__ ((aligned))
  31:.\Generated_Source\PSoC4/cyfitter_cfg.c ****     #define CY_CFG_UNUSED __attribute__ ((unused))
  32:.\Generated_Source\PSoC4/cyfitter_cfg.c ****     #define CY_CFG_SECTION __attribute__ ((section(".psocinit")))
  33:.\Generated_Source\PSoC4/cyfitter_cfg.c ****     
ARM GAS  C:\Users\kbuchi\AppData\Local\Temp\ccQIDz4N.s 			page 2


  34:.\Generated_Source\PSoC4/cyfitter_cfg.c ****     #if defined(__ARMCC_VERSION)
  35:.\Generated_Source\PSoC4/cyfitter_cfg.c ****         #define CY_CFG_MEMORY_BARRIER() __memory_changed()
  36:.\Generated_Source\PSoC4/cyfitter_cfg.c ****     #else
  37:.\Generated_Source\PSoC4/cyfitter_cfg.c ****         #define CY_CFG_MEMORY_BARRIER() __sync_synchronize()
  38:.\Generated_Source\PSoC4/cyfitter_cfg.c ****     #endif
  39:.\Generated_Source\PSoC4/cyfitter_cfg.c ****     
  40:.\Generated_Source\PSoC4/cyfitter_cfg.c **** #elif defined(__ICCARM__)
  41:.\Generated_Source\PSoC4/cyfitter_cfg.c ****     #include <intrinsics.h>
  42:.\Generated_Source\PSoC4/cyfitter_cfg.c **** 
  43:.\Generated_Source\PSoC4/cyfitter_cfg.c ****     #define CYPACKED __packed
  44:.\Generated_Source\PSoC4/cyfitter_cfg.c ****     #define CYPACKED_ATTR 
  45:.\Generated_Source\PSoC4/cyfitter_cfg.c ****     #define CYALIGNED _Pragma("data_alignment=4")
  46:.\Generated_Source\PSoC4/cyfitter_cfg.c ****     #define CY_CFG_UNUSED _Pragma("diag_suppress=Pe177")
  47:.\Generated_Source\PSoC4/cyfitter_cfg.c ****     #define CY_CFG_SECTION _Pragma("location=\".psocinit\"")
  48:.\Generated_Source\PSoC4/cyfitter_cfg.c ****     
  49:.\Generated_Source\PSoC4/cyfitter_cfg.c ****     #define CY_CFG_MEMORY_BARRIER() __DMB()
  50:.\Generated_Source\PSoC4/cyfitter_cfg.c ****     
  51:.\Generated_Source\PSoC4/cyfitter_cfg.c **** #else
  52:.\Generated_Source\PSoC4/cyfitter_cfg.c ****     #error Unsupported toolchain
  53:.\Generated_Source\PSoC4/cyfitter_cfg.c **** #endif
  54:.\Generated_Source\PSoC4/cyfitter_cfg.c **** 
  55:.\Generated_Source\PSoC4/cyfitter_cfg.c **** 
  56:.\Generated_Source\PSoC4/cyfitter_cfg.c **** CY_CFG_UNUSED
  57:.\Generated_Source\PSoC4/cyfitter_cfg.c **** static void CYMEMZERO(void *s, size_t n);
  58:.\Generated_Source\PSoC4/cyfitter_cfg.c **** CY_CFG_UNUSED
  59:.\Generated_Source\PSoC4/cyfitter_cfg.c **** static void CYMEMZERO(void *s, size_t n)
  60:.\Generated_Source\PSoC4/cyfitter_cfg.c **** {
  25              		.loc 1 60 0
  26              		.cfi_startproc
  27              	.LVL0:
  28 0000 08B5     		push	{r3, lr}
  29              		.cfi_def_cfa_offset 8
  30              		.cfi_offset 3, -8
  31              		.cfi_offset 14, -4
  32 0002 0A1C     		mov	r2, r1
  61:.\Generated_Source\PSoC4/cyfitter_cfg.c **** 	(void)memset(s, 0, n);
  33              		.loc 1 61 0
  34 0004 0021     		mov	r1, #0
  35              	.LVL1:
  36 0006 FFF7FEFF 		bl	memset
  37              	.LVL2:
  62:.\Generated_Source\PSoC4/cyfitter_cfg.c **** }
  38              		.loc 1 62 0
  39              		@ sp needed
  40 000a 08BD     		pop	{r3, pc}
  41              		.cfi_endproc
  42              	.LFE0:
  43              		.size	CYMEMZERO, .-CYMEMZERO
  44              		.section	.psocinit,"ax",%progbits
  45              		.align	2
  46              		.code	16
  47              		.thumb_func
  48              		.type	ClockSetup, %function
  49              	ClockSetup:
  50              	.LFB3:
  63:.\Generated_Source\PSoC4/cyfitter_cfg.c **** CY_CFG_UNUSED
  64:.\Generated_Source\PSoC4/cyfitter_cfg.c **** static void CYCONFIGCPY(void *dest, const void *src, size_t n);
ARM GAS  C:\Users\kbuchi\AppData\Local\Temp\ccQIDz4N.s 			page 3


  65:.\Generated_Source\PSoC4/cyfitter_cfg.c **** CY_CFG_UNUSED
  66:.\Generated_Source\PSoC4/cyfitter_cfg.c **** static void CYCONFIGCPY(void *dest, const void *src, size_t n)
  67:.\Generated_Source\PSoC4/cyfitter_cfg.c **** {
  68:.\Generated_Source\PSoC4/cyfitter_cfg.c **** 	(void)memcpy(dest, src, n);
  69:.\Generated_Source\PSoC4/cyfitter_cfg.c **** }
  70:.\Generated_Source\PSoC4/cyfitter_cfg.c **** CY_CFG_UNUSED
  71:.\Generated_Source\PSoC4/cyfitter_cfg.c **** static void CYCONFIGCPYCODE(void *dest, const void *src, size_t n);
  72:.\Generated_Source\PSoC4/cyfitter_cfg.c **** CY_CFG_UNUSED
  73:.\Generated_Source\PSoC4/cyfitter_cfg.c **** static void CYCONFIGCPYCODE(void *dest, const void *src, size_t n)
  74:.\Generated_Source\PSoC4/cyfitter_cfg.c **** {
  75:.\Generated_Source\PSoC4/cyfitter_cfg.c **** 	(void)memcpy(dest, src, n);
  76:.\Generated_Source\PSoC4/cyfitter_cfg.c **** }
  77:.\Generated_Source\PSoC4/cyfitter_cfg.c **** 
  78:.\Generated_Source\PSoC4/cyfitter_cfg.c **** 
  79:.\Generated_Source\PSoC4/cyfitter_cfg.c **** 
  80:.\Generated_Source\PSoC4/cyfitter_cfg.c **** /* Clock startup error codes                                                   */
  81:.\Generated_Source\PSoC4/cyfitter_cfg.c **** #define CYCLOCKSTART_NO_ERROR    0u
  82:.\Generated_Source\PSoC4/cyfitter_cfg.c **** #define CYCLOCKSTART_XTAL_ERROR  1u
  83:.\Generated_Source\PSoC4/cyfitter_cfg.c **** #define CYCLOCKSTART_32KHZ_ERROR 2u
  84:.\Generated_Source\PSoC4/cyfitter_cfg.c **** #define CYCLOCKSTART_PLL_ERROR   3u
  85:.\Generated_Source\PSoC4/cyfitter_cfg.c **** 
  86:.\Generated_Source\PSoC4/cyfitter_cfg.c **** #ifdef CY_NEED_CYCLOCKSTARTUPERROR
  87:.\Generated_Source\PSoC4/cyfitter_cfg.c **** /*******************************************************************************
  88:.\Generated_Source\PSoC4/cyfitter_cfg.c **** * Function Name: CyClockStartupError
  89:.\Generated_Source\PSoC4/cyfitter_cfg.c **** ********************************************************************************
  90:.\Generated_Source\PSoC4/cyfitter_cfg.c **** * Summary:
  91:.\Generated_Source\PSoC4/cyfitter_cfg.c **** *  If an error is encountered during clock configuration (crystal startup error,
  92:.\Generated_Source\PSoC4/cyfitter_cfg.c **** *  PLL lock error, etc.), the system will end up here.  Unless reimplemented by
  93:.\Generated_Source\PSoC4/cyfitter_cfg.c **** *  the customer, this function will stop in an infinite loop.
  94:.\Generated_Source\PSoC4/cyfitter_cfg.c **** *
  95:.\Generated_Source\PSoC4/cyfitter_cfg.c **** * Parameters:
  96:.\Generated_Source\PSoC4/cyfitter_cfg.c **** *   void
  97:.\Generated_Source\PSoC4/cyfitter_cfg.c **** *
  98:.\Generated_Source\PSoC4/cyfitter_cfg.c **** * Return:
  99:.\Generated_Source\PSoC4/cyfitter_cfg.c **** *   void
 100:.\Generated_Source\PSoC4/cyfitter_cfg.c **** *
 101:.\Generated_Source\PSoC4/cyfitter_cfg.c **** *******************************************************************************/
 102:.\Generated_Source\PSoC4/cyfitter_cfg.c **** CY_CFG_UNUSED
 103:.\Generated_Source\PSoC4/cyfitter_cfg.c **** static void CyClockStartupError(uint8 errorCode);
 104:.\Generated_Source\PSoC4/cyfitter_cfg.c **** CY_CFG_UNUSED
 105:.\Generated_Source\PSoC4/cyfitter_cfg.c **** static void CyClockStartupError(uint8 errorCode)
 106:.\Generated_Source\PSoC4/cyfitter_cfg.c **** {
 107:.\Generated_Source\PSoC4/cyfitter_cfg.c ****     /* To remove the compiler warning if errorCode not used.                */
 108:.\Generated_Source\PSoC4/cyfitter_cfg.c ****     errorCode = errorCode;
 109:.\Generated_Source\PSoC4/cyfitter_cfg.c **** 
 110:.\Generated_Source\PSoC4/cyfitter_cfg.c ****     /* `#START CyClockStartupError` */
 111:.\Generated_Source\PSoC4/cyfitter_cfg.c **** 
 112:.\Generated_Source\PSoC4/cyfitter_cfg.c ****     /* If we have a clock startup error (bad MHz crystal, PLL lock, etc.),  */
 113:.\Generated_Source\PSoC4/cyfitter_cfg.c ****     /* we will end up here to allow the customer to implement something to  */
 114:.\Generated_Source\PSoC4/cyfitter_cfg.c ****     /* deal with the clock condition.                                       */
 115:.\Generated_Source\PSoC4/cyfitter_cfg.c **** 
 116:.\Generated_Source\PSoC4/cyfitter_cfg.c ****     /* `#END` */
 117:.\Generated_Source\PSoC4/cyfitter_cfg.c **** 
 118:.\Generated_Source\PSoC4/cyfitter_cfg.c ****     /* If nothing else, stop here since the clocks have not started         */
 119:.\Generated_Source\PSoC4/cyfitter_cfg.c ****     /* correctly.                                                           */
 120:.\Generated_Source\PSoC4/cyfitter_cfg.c ****     while(1) {}
 121:.\Generated_Source\PSoC4/cyfitter_cfg.c **** }
ARM GAS  C:\Users\kbuchi\AppData\Local\Temp\ccQIDz4N.s 			page 4


 122:.\Generated_Source\PSoC4/cyfitter_cfg.c **** #endif
 123:.\Generated_Source\PSoC4/cyfitter_cfg.c **** 
 124:.\Generated_Source\PSoC4/cyfitter_cfg.c **** 
 125:.\Generated_Source\PSoC4/cyfitter_cfg.c **** 
 126:.\Generated_Source\PSoC4/cyfitter_cfg.c **** /*******************************************************************************
 127:.\Generated_Source\PSoC4/cyfitter_cfg.c **** * Function Name: ClockSetup
 128:.\Generated_Source\PSoC4/cyfitter_cfg.c **** ********************************************************************************
 129:.\Generated_Source\PSoC4/cyfitter_cfg.c **** *
 130:.\Generated_Source\PSoC4/cyfitter_cfg.c **** * Summary:
 131:.\Generated_Source\PSoC4/cyfitter_cfg.c **** *   Performs the initialization of all of the clocks in the device based on the
 132:.\Generated_Source\PSoC4/cyfitter_cfg.c **** *   settings in the Clock tab of the DWR.  This includes enabling the requested
 133:.\Generated_Source\PSoC4/cyfitter_cfg.c **** *   clocks and setting the necessary dividers to produce the desired frequency. 
 134:.\Generated_Source\PSoC4/cyfitter_cfg.c **** *
 135:.\Generated_Source\PSoC4/cyfitter_cfg.c **** * Parameters:
 136:.\Generated_Source\PSoC4/cyfitter_cfg.c **** *   void
 137:.\Generated_Source\PSoC4/cyfitter_cfg.c **** *
 138:.\Generated_Source\PSoC4/cyfitter_cfg.c **** * Return:
 139:.\Generated_Source\PSoC4/cyfitter_cfg.c **** *   void
 140:.\Generated_Source\PSoC4/cyfitter_cfg.c **** *
 141:.\Generated_Source\PSoC4/cyfitter_cfg.c **** *******************************************************************************/
 142:.\Generated_Source\PSoC4/cyfitter_cfg.c **** static void ClockSetup(void);
 143:.\Generated_Source\PSoC4/cyfitter_cfg.c **** CY_CFG_SECTION
 144:.\Generated_Source\PSoC4/cyfitter_cfg.c **** static void ClockSetup(void)
 145:.\Generated_Source\PSoC4/cyfitter_cfg.c **** {
  51              		.loc 1 145 0
  52              		.cfi_startproc
  53 0000 10B5     		push	{r4, lr}
  54              		.cfi_def_cfa_offset 8
  55              		.cfi_offset 4, -8
  56              		.cfi_offset 14, -4
 146:.\Generated_Source\PSoC4/cyfitter_cfg.c **** 	/* Enable HALF_EN before trimming for the flash accelerator. */
 147:.\Generated_Source\PSoC4/cyfitter_cfg.c **** 	CY_SET_REG32((void CYXDATA *)(CYREG_CLK_SELECT), (CY_GET_REG32((void *)CYREG_CLK_SELECT) | 0x00040
  57              		.loc 1 147 0
  58 0002 0F4C     		ldr	r4, .L3
  59 0004 2268     		ldr	r2, [r4]
  60 0006 8023     		mov	r3, #128
  61 0008 DB02     		lsl	r3, r3, #11
  62 000a 1343     		orr	r3, r2
  63 000c 2360     		str	r3, [r4]
 148:.\Generated_Source\PSoC4/cyfitter_cfg.c **** 
 149:.\Generated_Source\PSoC4/cyfitter_cfg.c **** 	/* Setup and trim IMO based on desired frequency. */
 150:.\Generated_Source\PSoC4/cyfitter_cfg.c **** 	CySysClkWriteImoFreq(24u);
  64              		.loc 1 150 0
  65 000e 1820     		mov	r0, #24
  66 0010 FFF7FEFF 		bl	CySysClkWriteImoFreq
  67              	.LVL3:
 151:.\Generated_Source\PSoC4/cyfitter_cfg.c **** 
 152:.\Generated_Source\PSoC4/cyfitter_cfg.c **** 	/* Disable HALF_EN since it is not required at this IMO frequency. */
 153:.\Generated_Source\PSoC4/cyfitter_cfg.c **** 	CY_SET_REG32((void CYXDATA *)(CYREG_CLK_SELECT), (CY_GET_REG32((void *)CYREG_CLK_SELECT) & 0xFFFBF
  68              		.loc 1 153 0
  69 0014 2268     		ldr	r2, [r4]
  70 0016 0B4B     		ldr	r3, .L3+4
  71 0018 1340     		and	r3, r2
  72 001a 2360     		str	r3, [r4]
 154:.\Generated_Source\PSoC4/cyfitter_cfg.c **** 	/* CYDEV_CLK_ILO_CONFIG Starting address: CYDEV_CLK_ILO_CONFIG */
 155:.\Generated_Source\PSoC4/cyfitter_cfg.c **** 	CY_SET_XTND_REG32((void CYFAR *)(CYREG_CLK_ILO_CONFIG), 0x80000006u);
  73              		.loc 1 155 0
ARM GAS  C:\Users\kbuchi\AppData\Local\Temp\ccQIDz4N.s 			page 5


  74 001c 0A4A     		ldr	r2, .L3+8
  75 001e 0B4B     		ldr	r3, .L3+12
  76 0020 1A60     		str	r2, [r3]
 156:.\Generated_Source\PSoC4/cyfitter_cfg.c **** 
 157:.\Generated_Source\PSoC4/cyfitter_cfg.c **** 
 158:.\Generated_Source\PSoC4/cyfitter_cfg.c **** 	/* CYDEV_CLK_IMO_CONFIG Starting address: CYDEV_CLK_IMO_CONFIG */
 159:.\Generated_Source\PSoC4/cyfitter_cfg.c **** 	CY_SET_XTND_REG32((void CYFAR *)(CYREG_CLK_IMO_CONFIG), 0x80000000u);
  77              		.loc 1 159 0
  78 0022 8022     		mov	r2, #128
  79 0024 1206     		lsl	r2, r2, #24
  80 0026 0A4B     		ldr	r3, .L3+16
  81 0028 1A60     		str	r2, [r3]
 160:.\Generated_Source\PSoC4/cyfitter_cfg.c **** 
 161:.\Generated_Source\PSoC4/cyfitter_cfg.c **** 	(void)CyIntSetVector(9u, &CySysWdtIsr);
  82              		.loc 1 161 0
  83 002a 0920     		mov	r0, #9
  84 002c 0949     		ldr	r1, .L3+20
  85 002e FFF7FEFF 		bl	CyIntSetVector
  86              	.LVL4:
 162:.\Generated_Source\PSoC4/cyfitter_cfg.c **** 	CyIntEnable(9u);
  87              		.loc 1 162 0
  88 0032 0920     		mov	r0, #9
  89 0034 FFF7FEFF 		bl	CyIntEnable
  90              	.LVL5:
 163:.\Generated_Source\PSoC4/cyfitter_cfg.c **** 	CY_SET_XTND_REG32((void CYFAR *)(CYREG_WDT_CONFIG), 0x00000000u);
  91              		.loc 1 163 0
  92 0038 0022     		mov	r2, #0
  93 003a 074B     		ldr	r3, .L3+24
  94 003c 1A60     		str	r2, [r3]
 164:.\Generated_Source\PSoC4/cyfitter_cfg.c **** }
  95              		.loc 1 164 0
  96              		@ sp needed
  97 003e 10BD     		pop	{r4, pc}
  98              	.L4:
  99              		.align	2
 100              	.L3:
 101 0040 00010B40 		.word	1074462976
 102 0044 FFFFFBFF 		.word	-262145
 103 0048 06000080 		.word	-2147483642
 104 004c 04010B40 		.word	1074462980
 105 0050 08010B40 		.word	1074462984
 106 0054 00000000 		.word	CySysWdtIsr
 107 0058 0C020B40 		.word	1074463244
 108              		.cfi_endproc
 109              	.LFE3:
 110              		.size	ClockSetup, .-ClockSetup
 111              		.align	2
 112              		.global	cyfitter_cfg
 113              		.code	16
 114              		.thumb_func
 115              		.type	cyfitter_cfg, %function
 116              	cyfitter_cfg:
 117              	.LFB5:
 165:.\Generated_Source\PSoC4/cyfitter_cfg.c **** 
 166:.\Generated_Source\PSoC4/cyfitter_cfg.c **** 
 167:.\Generated_Source\PSoC4/cyfitter_cfg.c **** /* Analog API Functions */
 168:.\Generated_Source\PSoC4/cyfitter_cfg.c **** 
ARM GAS  C:\Users\kbuchi\AppData\Local\Temp\ccQIDz4N.s 			page 6


 169:.\Generated_Source\PSoC4/cyfitter_cfg.c **** 
 170:.\Generated_Source\PSoC4/cyfitter_cfg.c **** /*******************************************************************************
 171:.\Generated_Source\PSoC4/cyfitter_cfg.c **** * Function Name: AnalogSetDefault
 172:.\Generated_Source\PSoC4/cyfitter_cfg.c **** ********************************************************************************
 173:.\Generated_Source\PSoC4/cyfitter_cfg.c **** *
 174:.\Generated_Source\PSoC4/cyfitter_cfg.c **** * Summary:
 175:.\Generated_Source\PSoC4/cyfitter_cfg.c **** *  Sets up the analog portions of the chip to default values based on chip
 176:.\Generated_Source\PSoC4/cyfitter_cfg.c **** *  configuration options from the project.
 177:.\Generated_Source\PSoC4/cyfitter_cfg.c **** *
 178:.\Generated_Source\PSoC4/cyfitter_cfg.c **** * Parameters:
 179:.\Generated_Source\PSoC4/cyfitter_cfg.c **** *  void
 180:.\Generated_Source\PSoC4/cyfitter_cfg.c **** *
 181:.\Generated_Source\PSoC4/cyfitter_cfg.c **** * Return:
 182:.\Generated_Source\PSoC4/cyfitter_cfg.c **** *  void
 183:.\Generated_Source\PSoC4/cyfitter_cfg.c **** *
 184:.\Generated_Source\PSoC4/cyfitter_cfg.c **** *******************************************************************************/
 185:.\Generated_Source\PSoC4/cyfitter_cfg.c **** static void AnalogSetDefault(void);
 186:.\Generated_Source\PSoC4/cyfitter_cfg.c **** static void AnalogSetDefault(void)
 187:.\Generated_Source\PSoC4/cyfitter_cfg.c **** {
 188:.\Generated_Source\PSoC4/cyfitter_cfg.c **** }
 189:.\Generated_Source\PSoC4/cyfitter_cfg.c **** 
 190:.\Generated_Source\PSoC4/cyfitter_cfg.c **** #define CY_AMUX_UNUSED CYREG_CM0_ROM_DWT
 191:.\Generated_Source\PSoC4/cyfitter_cfg.c **** 
 192:.\Generated_Source\PSoC4/cyfitter_cfg.c **** 
 193:.\Generated_Source\PSoC4/cyfitter_cfg.c **** /*******************************************************************************
 194:.\Generated_Source\PSoC4/cyfitter_cfg.c **** * Function Name: cyfitter_cfg
 195:.\Generated_Source\PSoC4/cyfitter_cfg.c **** ********************************************************************************
 196:.\Generated_Source\PSoC4/cyfitter_cfg.c **** * Summary:
 197:.\Generated_Source\PSoC4/cyfitter_cfg.c **** *  This function is called by the start-up code for the selected device. It
 198:.\Generated_Source\PSoC4/cyfitter_cfg.c **** *  performs all of the necessary device configuration based on the design
 199:.\Generated_Source\PSoC4/cyfitter_cfg.c **** *  settings.  This includes settings from the Design Wide Resources (DWR) such
 200:.\Generated_Source\PSoC4/cyfitter_cfg.c **** *  as Clocks and Pins as well as any component configuration that is necessary.
 201:.\Generated_Source\PSoC4/cyfitter_cfg.c **** *
 202:.\Generated_Source\PSoC4/cyfitter_cfg.c **** * Parameters:  
 203:.\Generated_Source\PSoC4/cyfitter_cfg.c **** *   void
 204:.\Generated_Source\PSoC4/cyfitter_cfg.c **** *
 205:.\Generated_Source\PSoC4/cyfitter_cfg.c **** * Return:
 206:.\Generated_Source\PSoC4/cyfitter_cfg.c **** *   void
 207:.\Generated_Source\PSoC4/cyfitter_cfg.c **** *
 208:.\Generated_Source\PSoC4/cyfitter_cfg.c **** *******************************************************************************/
 209:.\Generated_Source\PSoC4/cyfitter_cfg.c **** CY_CFG_SECTION
 210:.\Generated_Source\PSoC4/cyfitter_cfg.c **** void cyfitter_cfg(void)
 211:.\Generated_Source\PSoC4/cyfitter_cfg.c **** {
 118              		.loc 1 211 0
 119              		.cfi_startproc
 120 005c 38B5     		push	{r3, r4, r5, lr}
 121              		.cfi_def_cfa_offset 16
 122              		.cfi_offset 3, -16
 123              		.cfi_offset 4, -12
 124              		.cfi_offset 5, -8
 125              		.cfi_offset 14, -4
 212:.\Generated_Source\PSoC4/cyfitter_cfg.c **** 	/* Disable interrupts by default. Let user enable if/when they want. */
 213:.\Generated_Source\PSoC4/cyfitter_cfg.c **** 	CyGlobalIntDisable;
 126              		.loc 1 213 0
 127              	@ 213 ".\Generated_Source\PSoC4\cyfitter_cfg.c" 1
 128 005e 72B6     		CPSID   i
 129              	@ 0 "" 2
ARM GAS  C:\Users\kbuchi\AppData\Local\Temp\ccQIDz4N.s 			page 7


 130              	.LVL6:
 131              		.code	16
 132              	.LBB2:
 214:.\Generated_Source\PSoC4/cyfitter_cfg.c **** 
 215:.\Generated_Source\PSoC4/cyfitter_cfg.c **** 	{
 216:.\Generated_Source\PSoC4/cyfitter_cfg.c **** 
 217:.\Generated_Source\PSoC4/cyfitter_cfg.c **** 		CYPACKED typedef struct {
 218:.\Generated_Source\PSoC4/cyfitter_cfg.c **** 			void CYFAR *address;
 219:.\Generated_Source\PSoC4/cyfitter_cfg.c **** 			uint16 size;
 220:.\Generated_Source\PSoC4/cyfitter_cfg.c **** 		} CYPACKED_ATTR cfg_memset_t;
 221:.\Generated_Source\PSoC4/cyfitter_cfg.c **** 
 222:.\Generated_Source\PSoC4/cyfitter_cfg.c **** 		static const cfg_memset_t CYCODE cfg_memset_list [] = {
 223:.\Generated_Source\PSoC4/cyfitter_cfg.c **** 			/* address, size */
 224:.\Generated_Source\PSoC4/cyfitter_cfg.c **** 			{(void CYFAR *)(CYDEV_UDB_P0_U0_BASE), 1024u},
 225:.\Generated_Source\PSoC4/cyfitter_cfg.c **** 			{(void CYFAR *)(CYDEV_UDB_DSI0_BASE), 1024u},
 226:.\Generated_Source\PSoC4/cyfitter_cfg.c **** 		};
 227:.\Generated_Source\PSoC4/cyfitter_cfg.c **** 
 228:.\Generated_Source\PSoC4/cyfitter_cfg.c **** 		uint8 CYDATA i;
 229:.\Generated_Source\PSoC4/cyfitter_cfg.c **** 
 230:.\Generated_Source\PSoC4/cyfitter_cfg.c **** 		/* Zero out critical memory blocks before beginning configuration */
 231:.\Generated_Source\PSoC4/cyfitter_cfg.c **** 		for (i = 0u; i < (sizeof(cfg_memset_list)/sizeof(cfg_memset_list[0])); i++)
 133              		.loc 1 231 0
 134 0060 0024     		mov	r4, #0
 135              	.LBB3:
 232:.\Generated_Source\PSoC4/cyfitter_cfg.c **** 		{
 233:.\Generated_Source\PSoC4/cyfitter_cfg.c **** 			const cfg_memset_t CYCODE * CYDATA ms = &cfg_memset_list[i];
 136              		.loc 1 233 0
 137 0062 1B4D     		ldr	r5, .L8
 138              	.LBE3:
 231:.\Generated_Source\PSoC4/cyfitter_cfg.c **** 		for (i = 0u; i < (sizeof(cfg_memset_list)/sizeof(cfg_memset_list[0])); i++)
 139              		.loc 1 231 0
 140 0064 0CE0     		b	.L6
 141              	.LVL7:
 142              	.L7:
 143              	.LBB4:
 144              		.loc 1 233 0 discriminator 2
 145 0066 6300     		lsl	r3, r4, #1
 146 0068 1B19     		add	r3, r3, r4
 147 006a 5B00     		lsl	r3, r3, #1
 148 006c EB18     		add	r3, r5, r3
 149              	.LVL8:
 234:.\Generated_Source\PSoC4/cyfitter_cfg.c **** 			CYMEMZERO(ms->address, (size_t)(uint32)(ms->size));
 150              		.loc 1 234 0 discriminator 2
 151 006e 9988     		ldrh	r1, [r3, #4]
 152 0070 1A88     		ldrh	r2, [r3]
 153 0072 5888     		ldrh	r0, [r3, #2]
 154 0074 0004     		lsl	r0, r0, #16
 155 0076 1043     		orr	r0, r2
 156 0078 FFF7FEFF 		bl	CYMEMZERO
 157              	.LVL9:
 158              	.LBE4:
 231:.\Generated_Source\PSoC4/cyfitter_cfg.c **** 		for (i = 0u; i < (sizeof(cfg_memset_list)/sizeof(cfg_memset_list[0])); i++)
 159              		.loc 1 231 0 discriminator 2
 160 007c 0134     		add	r4, r4, #1
 161              	.LVL10:
 162 007e E4B2     		uxtb	r4, r4
 163              	.LVL11:
ARM GAS  C:\Users\kbuchi\AppData\Local\Temp\ccQIDz4N.s 			page 8


 164              	.L6:
 231:.\Generated_Source\PSoC4/cyfitter_cfg.c **** 		for (i = 0u; i < (sizeof(cfg_memset_list)/sizeof(cfg_memset_list[0])); i++)
 165              		.loc 1 231 0 is_stmt 0 discriminator 1
 166 0080 012C     		cmp	r4, #1
 167 0082 F0D9     		bls	.L7
 235:.\Generated_Source\PSoC4/cyfitter_cfg.c **** 		}
 236:.\Generated_Source\PSoC4/cyfitter_cfg.c **** 
 237:.\Generated_Source\PSoC4/cyfitter_cfg.c **** 		/* HSIOM Starting address: CYDEV_HSIOM_BASE */
 238:.\Generated_Source\PSoC4/cyfitter_cfg.c **** 		CY_SET_XTND_REG32((void CYFAR *)(CYREG_HSIOM_PORT_SEL3), 0x0000EE00u);
 168              		.loc 1 238 0 is_stmt 1
 169 0084 EE22     		mov	r2, #238
 170 0086 1202     		lsl	r2, r2, #8
 171 0088 124B     		ldr	r3, .L8+4
 172 008a 1A60     		str	r2, [r3]
 239:.\Generated_Source\PSoC4/cyfitter_cfg.c **** 
 240:.\Generated_Source\PSoC4/cyfitter_cfg.c **** 		/* UDB_PA_1 Starting address: CYDEV_UDB_PA1_BASE */
 241:.\Generated_Source\PSoC4/cyfitter_cfg.c **** 		CY_SET_XTND_REG32((void CYFAR *)(CYDEV_UDB_PA1_BASE), 0x00990000u);
 173              		.loc 1 241 0
 174 008c 9923     		mov	r3, #153
 175 008e 1B04     		lsl	r3, r3, #16
 176 0090 114A     		ldr	r2, .L8+8
 177 0092 1360     		str	r3, [r2]
 242:.\Generated_Source\PSoC4/cyfitter_cfg.c **** 
 243:.\Generated_Source\PSoC4/cyfitter_cfg.c **** 		/* UDB_PA_3 Starting address: CYDEV_UDB_PA3_BASE */
 244:.\Generated_Source\PSoC4/cyfitter_cfg.c **** 		CY_SET_XTND_REG32((void CYFAR *)(CYDEV_UDB_PA3_BASE), 0x00990000u);
 178              		.loc 1 244 0
 179 0094 114A     		ldr	r2, .L8+12
 180 0096 1360     		str	r3, [r2]
 245:.\Generated_Source\PSoC4/cyfitter_cfg.c **** 
 246:.\Generated_Source\PSoC4/cyfitter_cfg.c **** 		/* Enable digital routing */
 247:.\Generated_Source\PSoC4/cyfitter_cfg.c **** 		CY_SET_XTND_REG8((void *)CYREG_UDB_UDBIF_BANK_CTL, CY_GET_XTND_REG8((void *)CYREG_UDB_UDBIF_BANK_
 181              		.loc 1 247 0
 182 0098 114B     		ldr	r3, .L8+16
 183 009a 1978     		ldrb	r1, [r3]
 184 009c 0222     		mov	r2, #2
 185 009e 0A43     		orr	r2, r1
 186 00a0 1A70     		strb	r2, [r3]
 248:.\Generated_Source\PSoC4/cyfitter_cfg.c **** 
 249:.\Generated_Source\PSoC4/cyfitter_cfg.c **** 		/* Enable UDB array */
 250:.\Generated_Source\PSoC4/cyfitter_cfg.c **** 		CY_SET_XTND_REG8((void *)CYREG_UDB_UDBIF_WAIT_CFG, (uint8)((CY_GET_XTND_REG8((void *)CYREG_UDB_UD
 187              		.loc 1 250 0
 188 00a2 104A     		ldr	r2, .L8+20
 189 00a4 1178     		ldrb	r1, [r2]
 190 00a6 3C20     		mov	r0, #60
 191 00a8 8143     		bic	r1, r0
 192 00aa 1420     		mov	r0, #20
 193 00ac 0143     		orr	r1, r0
 194 00ae 1170     		strb	r1, [r2]
 251:.\Generated_Source\PSoC4/cyfitter_cfg.c **** 		CY_SET_XTND_REG8((void *)CYREG_UDB_UDBIF_BANK_CTL, (uint8)(CY_GET_XTND_REG8((void *)CYREG_UDB_UDB
 195              		.loc 1 251 0
 196 00b0 1978     		ldrb	r1, [r3]
 197 00b2 1622     		mov	r2, #22
 198 00b4 0A43     		orr	r2, r1
 199 00b6 1A70     		strb	r2, [r3]
 200              	.LBE2:
 252:.\Generated_Source\PSoC4/cyfitter_cfg.c **** 	}
 253:.\Generated_Source\PSoC4/cyfitter_cfg.c **** 
ARM GAS  C:\Users\kbuchi\AppData\Local\Temp\ccQIDz4N.s 			page 9


 254:.\Generated_Source\PSoC4/cyfitter_cfg.c **** 	/* Perform second pass device configuration. These items must be configured in specific order afte
 255:.\Generated_Source\PSoC4/cyfitter_cfg.c **** 	/* IOPINS0_1 Starting address: CYDEV_PRT1_DR */
 256:.\Generated_Source\PSoC4/cyfitter_cfg.c **** 	CY_SET_XTND_REG32((void CYFAR *)(CYREG_PRT1_PC), 0x00036000u);
 201              		.loc 1 256 0
 202 00b8 D822     		mov	r2, #216
 203 00ba 9202     		lsl	r2, r2, #10
 204 00bc 0A4B     		ldr	r3, .L8+24
 205 00be 1A60     		str	r2, [r3]
 257:.\Generated_Source\PSoC4/cyfitter_cfg.c **** 
 258:.\Generated_Source\PSoC4/cyfitter_cfg.c **** 	/* IOPINS0_3 Starting address: CYDEV_PRT3_DR */
 259:.\Generated_Source\PSoC4/cyfitter_cfg.c **** 	CY_SET_XTND_REG32((void CYFAR *)(CYREG_PRT3_PC), 0x00000D80u);
 206              		.loc 1 259 0
 207 00c0 D822     		mov	r2, #216
 208 00c2 1201     		lsl	r2, r2, #4
 209 00c4 094B     		ldr	r3, .L8+28
 210 00c6 1A60     		str	r2, [r3]
 260:.\Generated_Source\PSoC4/cyfitter_cfg.c **** 
 261:.\Generated_Source\PSoC4/cyfitter_cfg.c **** 	/* Setup clocks based on selections from Clock DWR */
 262:.\Generated_Source\PSoC4/cyfitter_cfg.c **** 	ClockSetup();
 211              		.loc 1 262 0
 212 00c8 FFF79AFF 		bl	ClockSetup
 213              	.LVL12:
 263:.\Generated_Source\PSoC4/cyfitter_cfg.c **** 
 264:.\Generated_Source\PSoC4/cyfitter_cfg.c **** 	/* Perform basic analog initialization to defaults */
 265:.\Generated_Source\PSoC4/cyfitter_cfg.c **** 	AnalogSetDefault();
 266:.\Generated_Source\PSoC4/cyfitter_cfg.c **** 
 267:.\Generated_Source\PSoC4/cyfitter_cfg.c **** }
 214              		.loc 1 267 0
 215              		@ sp needed
 216              	.LVL13:
 217 00cc 38BD     		pop	{r3, r4, r5, pc}
 218              	.L9:
 219 00ce C046     		.align	2
 220              	.L8:
 221 00d0 00000000 		.word	.LANCHOR0
 222 00d4 0C000140 		.word	1073807372
 223 00d8 10500F40 		.word	1074745360
 224 00dc 30500F40 		.word	1074745392
 225 00e0 00700F40 		.word	1074753536
 226 00e4 01700F40 		.word	1074753537
 227 00e8 08010440 		.word	1074004232
 228 00ec 08030440 		.word	1074004744
 229              		.cfi_endproc
 230              	.LFE5:
 231              		.size	cyfitter_cfg, .-cyfitter_cfg
 232              		.section	.rodata
 233              		.align	2
 234              		.set	.LANCHOR0,. + 0
 235              		.type	cfg_memset_list.4717, %object
 236              		.size	cfg_memset_list.4717, 12
 237              	cfg_memset_list.4717:
 238 0000 00300F40 		.word	1074737152
 239 0004 0004     		.short	1024
 240 0006 00400F40 		.4byte	1074741248
 241 000a 0004     		.short	1024
 242              		.text
 243              	.Letext0:
ARM GAS  C:\Users\kbuchi\AppData\Local\Temp\ccQIDz4N.s 			page 10


 244              		.file 2 "c:\\works\\programs\\psoc_creator\\psoc creator\\3.2\\psoc_creator\\import\\gnu\\arm\\4.8
 245              		.file 3 ".\\Generated_Source\\PSoC4\\cytypes.h"
 246              		.file 4 ".\\Generated_Source\\PSoC4\\CyLib.h"
 247              		.section	.debug_info,"",%progbits
 248              	.Ldebug_info0:
 249 0000 88020000 		.4byte	0x288
 250 0004 0400     		.2byte	0x4
 251 0006 00000000 		.4byte	.Ldebug_abbrev0
 252 000a 04       		.byte	0x4
 253 000b 01       		.uleb128 0x1
 254 000c 0F010000 		.4byte	.LASF28
 255 0010 01       		.byte	0x1
 256 0011 A5010000 		.4byte	.LASF29
 257 0015 2C000000 		.4byte	.LASF30
 258 0019 18000000 		.4byte	.Ldebug_ranges0+0x18
 259 001d 00000000 		.4byte	0
 260 0021 00000000 		.4byte	.Ldebug_line0
 261 0025 02       		.uleb128 0x2
 262 0026 04       		.byte	0x4
 263 0027 05       		.byte	0x5
 264 0028 696E7400 		.ascii	"int\000"
 265 002c 03       		.uleb128 0x3
 266 002d 06000000 		.4byte	.LASF11
 267 0031 02       		.byte	0x2
 268 0032 D4       		.byte	0xd4
 269 0033 37000000 		.4byte	0x37
 270 0037 04       		.uleb128 0x4
 271 0038 04       		.byte	0x4
 272 0039 07       		.byte	0x7
 273 003a D6000000 		.4byte	.LASF0
 274 003e 04       		.uleb128 0x4
 275 003f 01       		.byte	0x1
 276 0040 06       		.byte	0x6
 277 0041 1C020000 		.4byte	.LASF1
 278 0045 04       		.uleb128 0x4
 279 0046 01       		.byte	0x1
 280 0047 08       		.byte	0x8
 281 0048 A0000000 		.4byte	.LASF2
 282 004c 04       		.uleb128 0x4
 283 004d 02       		.byte	0x2
 284 004e 05       		.byte	0x5
 285 004f EF010000 		.4byte	.LASF3
 286 0053 04       		.uleb128 0x4
 287 0054 02       		.byte	0x2
 288 0055 07       		.byte	0x7
 289 0056 5B000000 		.4byte	.LASF4
 290 005a 04       		.uleb128 0x4
 291 005b 04       		.byte	0x4
 292 005c 05       		.byte	0x5
 293 005d 0E020000 		.4byte	.LASF5
 294 0061 04       		.uleb128 0x4
 295 0062 04       		.byte	0x4
 296 0063 07       		.byte	0x7
 297 0064 7E000000 		.4byte	.LASF6
 298 0068 04       		.uleb128 0x4
 299 0069 08       		.byte	0x8
 300 006a 05       		.byte	0x5
ARM GAS  C:\Users\kbuchi\AppData\Local\Temp\ccQIDz4N.s 			page 11


 301 006b D6010000 		.4byte	.LASF7
 302 006f 04       		.uleb128 0x4
 303 0070 08       		.byte	0x8
 304 0071 07       		.byte	0x7
 305 0072 F8000000 		.4byte	.LASF8
 306 0076 04       		.uleb128 0x4
 307 0077 04       		.byte	0x4
 308 0078 07       		.byte	0x7
 309 0079 CD010000 		.4byte	.LASF9
 310 007d 05       		.uleb128 0x5
 311 007e 04       		.byte	0x4
 312 007f 06       		.uleb128 0x6
 313 0080 04       		.byte	0x4
 314 0081 85000000 		.4byte	0x85
 315 0085 07       		.uleb128 0x7
 316 0086 04       		.uleb128 0x4
 317 0087 01       		.byte	0x1
 318 0088 08       		.byte	0x8
 319 0089 17020000 		.4byte	.LASF10
 320 008d 03       		.uleb128 0x3
 321 008e 90000000 		.4byte	.LASF12
 322 0092 03       		.byte	0x3
 323 0093 B3       		.byte	0xb3
 324 0094 45000000 		.4byte	0x45
 325 0098 03       		.uleb128 0x3
 326 0099 C8000000 		.4byte	.LASF13
 327 009d 03       		.byte	0x3
 328 009e B4       		.byte	0xb4
 329 009f 53000000 		.4byte	0x53
 330 00a3 03       		.uleb128 0x3
 331 00a4 CF000000 		.4byte	.LASF14
 332 00a8 03       		.byte	0x3
 333 00a9 B5       		.byte	0xb5
 334 00aa 61000000 		.4byte	0x61
 335 00ae 04       		.uleb128 0x4
 336 00af 04       		.byte	0x4
 337 00b0 04       		.byte	0x4
 338 00b1 6E000000 		.4byte	.LASF15
 339 00b5 04       		.uleb128 0x4
 340 00b6 08       		.byte	0x8
 341 00b7 04       		.byte	0x4
 342 00b8 B5000000 		.4byte	.LASF16
 343 00bc 08       		.uleb128 0x8
 344 00bd 79000000 		.4byte	.LASF17
 345 00c1 03       		.byte	0x3
 346 00c2 5D01     		.2byte	0x15d
 347 00c4 C8000000 		.4byte	0xc8
 348 00c8 09       		.uleb128 0x9
 349 00c9 8D000000 		.4byte	0x8d
 350 00cd 08       		.uleb128 0x8
 351 00ce 00000000 		.4byte	.LASF18
 352 00d2 03       		.byte	0x3
 353 00d3 5F01     		.2byte	0x15f
 354 00d5 D9000000 		.4byte	0xd9
 355 00d9 09       		.uleb128 0x9
 356 00da A3000000 		.4byte	0xa3
 357 00de 08       		.uleb128 0x8
ARM GAS  C:\Users\kbuchi\AppData\Local\Temp\ccQIDz4N.s 			page 12


 358 00df 8B010000 		.4byte	.LASF19
 359 00e3 03       		.byte	0x3
 360 00e4 6F01     		.2byte	0x16f
 361 00e6 7F000000 		.4byte	0x7f
 362 00ea 0A       		.uleb128 0xa
 363 00eb 96000000 		.4byte	.LASF20
 364 00ef 01       		.byte	0x1
 365 00f0 3B       		.byte	0x3b
 366 00f1 00000000 		.4byte	.LFB0
 367 00f5 0C000000 		.4byte	.LFE0-.LFB0
 368 00f9 01       		.uleb128 0x1
 369 00fa 9C       		.byte	0x9c
 370 00fb 37010000 		.4byte	0x137
 371 00ff 0B       		.uleb128 0xb
 372 0100 7300     		.ascii	"s\000"
 373 0102 01       		.byte	0x1
 374 0103 3B       		.byte	0x3b
 375 0104 7D000000 		.4byte	0x7d
 376 0108 00000000 		.4byte	.LLST0
 377 010c 0B       		.uleb128 0xb
 378 010d 6E00     		.ascii	"n\000"
 379 010f 01       		.byte	0x1
 380 0110 3B       		.byte	0x3b
 381 0111 2C000000 		.4byte	0x2c
 382 0115 21000000 		.4byte	.LLST1
 383 0119 0C       		.uleb128 0xc
 384 011a 0A000000 		.4byte	.LVL2
 385 011e 36020000 		.4byte	0x236
 386 0122 0D       		.uleb128 0xd
 387 0123 01       		.uleb128 0x1
 388 0124 52       		.byte	0x52
 389 0125 03       		.uleb128 0x3
 390 0126 F3       		.byte	0xf3
 391 0127 01       		.uleb128 0x1
 392 0128 51       		.byte	0x51
 393 0129 0D       		.uleb128 0xd
 394 012a 01       		.uleb128 0x1
 395 012b 51       		.byte	0x51
 396 012c 01       		.uleb128 0x1
 397 012d 30       		.byte	0x30
 398 012e 0D       		.uleb128 0xd
 399 012f 01       		.uleb128 0x1
 400 0130 50       		.byte	0x50
 401 0131 03       		.uleb128 0x3
 402 0132 F3       		.byte	0xf3
 403 0133 01       		.uleb128 0x1
 404 0134 50       		.byte	0x50
 405 0135 00       		.byte	0
 406 0136 00       		.byte	0
 407 0137 0A       		.uleb128 0xa
 408 0138 E4010000 		.4byte	.LASF21
 409 013c 01       		.byte	0x1
 410 013d 90       		.byte	0x90
 411 013e 00000000 		.4byte	.LFB3
 412 0142 5C000000 		.4byte	.LFE3-.LFB3
 413 0146 01       		.uleb128 0x1
 414 0147 9C       		.byte	0x9c
ARM GAS  C:\Users\kbuchi\AppData\Local\Temp\ccQIDz4N.s 			page 13


 415 0148 82010000 		.4byte	0x182
 416 014c 0E       		.uleb128 0xe
 417 014d 14000000 		.4byte	.LVL3
 418 0151 53020000 		.4byte	0x253
 419 0155 5F010000 		.4byte	0x15f
 420 0159 0D       		.uleb128 0xd
 421 015a 01       		.uleb128 0x1
 422 015b 50       		.byte	0x50
 423 015c 01       		.uleb128 0x1
 424 015d 48       		.byte	0x48
 425 015e 00       		.byte	0
 426 015f 0E       		.uleb128 0xe
 427 0160 32000000 		.4byte	.LVL4
 428 0164 64020000 		.4byte	0x264
 429 0168 72010000 		.4byte	0x172
 430 016c 0D       		.uleb128 0xd
 431 016d 01       		.uleb128 0x1
 432 016e 50       		.byte	0x50
 433 016f 01       		.uleb128 0x1
 434 0170 39       		.byte	0x39
 435 0171 00       		.byte	0
 436 0172 0C       		.uleb128 0xc
 437 0173 38000000 		.4byte	.LVL5
 438 0177 7E020000 		.4byte	0x27e
 439 017b 0D       		.uleb128 0xd
 440 017c 01       		.uleb128 0x1
 441 017d 50       		.byte	0x50
 442 017e 01       		.uleb128 0x1
 443 017f 39       		.byte	0x39
 444 0180 00       		.byte	0
 445 0181 00       		.byte	0
 446 0182 0F       		.uleb128 0xf
 447 0183 E3000000 		.4byte	.LASF31
 448 0187 01       		.byte	0x1
 449 0188 D2       		.byte	0xd2
 450 0189 5C000000 		.4byte	.LFB5
 451 018d 94000000 		.4byte	.LFE5-.LFB5
 452 0191 01       		.uleb128 0x1
 453 0192 9C       		.byte	0x9c
 454 0193 36020000 		.4byte	0x236
 455 0197 10       		.uleb128 0x10
 456 0198 60000000 		.4byte	.LBB2
 457 019c 58000000 		.4byte	.LBE2-.LBB2
 458 01a0 2C020000 		.4byte	0x22c
 459 01a4 11       		.uleb128 0x11
 460 01a5 06       		.byte	0x6
 461 01a6 01       		.byte	0x1
 462 01a7 D9       		.byte	0xd9
 463 01a8 C5010000 		.4byte	0x1c5
 464 01ac 12       		.uleb128 0x12
 465 01ad F0000000 		.4byte	.LASF22
 466 01b1 01       		.byte	0x1
 467 01b2 DA       		.byte	0xda
 468 01b3 7D000000 		.4byte	0x7d
 469 01b7 00       		.byte	0
 470 01b8 12       		.uleb128 0x12
 471 01b9 74000000 		.4byte	.LASF23
ARM GAS  C:\Users\kbuchi\AppData\Local\Temp\ccQIDz4N.s 			page 14


 472 01bd 01       		.byte	0x1
 473 01be DB       		.byte	0xdb
 474 01bf 98000000 		.4byte	0x98
 475 01c3 04       		.byte	0x4
 476 01c4 00       		.byte	0
 477 01c5 03       		.uleb128 0x3
 478 01c6 98010000 		.4byte	.LASF24
 479 01ca 01       		.byte	0x1
 480 01cb DC       		.byte	0xdc
 481 01cc A4010000 		.4byte	0x1a4
 482 01d0 13       		.uleb128 0x13
 483 01d1 C5010000 		.4byte	0x1c5
 484 01d5 E0010000 		.4byte	0x1e0
 485 01d9 14       		.uleb128 0x14
 486 01da 76000000 		.4byte	0x76
 487 01de 01       		.byte	0x1
 488 01df 00       		.byte	0
 489 01e0 15       		.uleb128 0x15
 490 01e1 1C000000 		.4byte	.LASF25
 491 01e5 01       		.byte	0x1
 492 01e6 DE       		.byte	0xde
 493 01e7 F1010000 		.4byte	0x1f1
 494 01eb 05       		.uleb128 0x5
 495 01ec 03       		.byte	0x3
 496 01ed 00000000 		.4byte	cfg_memset_list.4717
 497 01f1 16       		.uleb128 0x16
 498 01f2 D0010000 		.4byte	0x1d0
 499 01f6 17       		.uleb128 0x17
 500 01f7 6900     		.ascii	"i\000"
 501 01f9 01       		.byte	0x1
 502 01fa E4       		.byte	0xe4
 503 01fb 8D000000 		.4byte	0x8d
 504 01ff 4D000000 		.4byte	.LLST2
 505 0203 18       		.uleb128 0x18
 506 0204 00000000 		.4byte	.Ldebug_ranges0+0
 507 0208 17       		.uleb128 0x17
 508 0209 6D7300   		.ascii	"ms\000"
 509 020c 01       		.byte	0x1
 510 020d E9       		.byte	0xe9
 511 020e 16020000 		.4byte	0x216
 512 0212 84000000 		.4byte	.LLST3
 513 0216 06       		.uleb128 0x6
 514 0217 04       		.byte	0x4
 515 0218 1C020000 		.4byte	0x21c
 516 021c 16       		.uleb128 0x16
 517 021d C5010000 		.4byte	0x1c5
 518 0221 19       		.uleb128 0x19
 519 0222 7C000000 		.4byte	.LVL9
 520 0226 EA000000 		.4byte	0xea
 521 022a 00       		.byte	0
 522 022b 00       		.byte	0
 523 022c 19       		.uleb128 0x19
 524 022d CC000000 		.4byte	.LVL12
 525 0231 37010000 		.4byte	0x137
 526 0235 00       		.byte	0
 527 0236 1A       		.uleb128 0x1a
 528 0237 AE000000 		.4byte	.LASF26
ARM GAS  C:\Users\kbuchi\AppData\Local\Temp\ccQIDz4N.s 			page 15


 529 023b 7D000000 		.4byte	0x7d
 530 023f 53020000 		.4byte	0x253
 531 0243 1B       		.uleb128 0x1b
 532 0244 7D000000 		.4byte	0x7d
 533 0248 1B       		.uleb128 0x1b
 534 0249 25000000 		.4byte	0x25
 535 024d 1B       		.uleb128 0x1b
 536 024e 76000000 		.4byte	0x76
 537 0252 00       		.byte	0
 538 0253 1C       		.uleb128 0x1c
 539 0254 F9010000 		.4byte	.LASF27
 540 0258 04       		.byte	0x4
 541 0259 31       		.byte	0x31
 542 025a 64020000 		.4byte	0x264
 543 025e 1B       		.uleb128 0x1b
 544 025f A3000000 		.4byte	0xa3
 545 0263 00       		.byte	0
 546 0264 1D       		.uleb128 0x1d
 547 0265 0D000000 		.4byte	.LASF32
 548 0269 04       		.byte	0x4
 549 026a 46       		.byte	0x46
 550 026b DE000000 		.4byte	0xde
 551 026f 7E020000 		.4byte	0x27e
 552 0273 1B       		.uleb128 0x1b
 553 0274 8D000000 		.4byte	0x8d
 554 0278 1B       		.uleb128 0x1b
 555 0279 DE000000 		.4byte	0xde
 556 027d 00       		.byte	0
 557 027e 1E       		.uleb128 0x1e
 558 027f BC000000 		.4byte	.LASF33
 559 0283 04       		.byte	0x4
 560 0284 4C       		.byte	0x4c
 561 0285 1B       		.uleb128 0x1b
 562 0286 8D000000 		.4byte	0x8d
 563 028a 00       		.byte	0
 564 028b 00       		.byte	0
 565              		.section	.debug_abbrev,"",%progbits
 566              	.Ldebug_abbrev0:
 567 0000 01       		.uleb128 0x1
 568 0001 11       		.uleb128 0x11
 569 0002 01       		.byte	0x1
 570 0003 25       		.uleb128 0x25
 571 0004 0E       		.uleb128 0xe
 572 0005 13       		.uleb128 0x13
 573 0006 0B       		.uleb128 0xb
 574 0007 03       		.uleb128 0x3
 575 0008 0E       		.uleb128 0xe
 576 0009 1B       		.uleb128 0x1b
 577 000a 0E       		.uleb128 0xe
 578 000b 55       		.uleb128 0x55
 579 000c 17       		.uleb128 0x17
 580 000d 11       		.uleb128 0x11
 581 000e 01       		.uleb128 0x1
 582 000f 10       		.uleb128 0x10
 583 0010 17       		.uleb128 0x17
 584 0011 00       		.byte	0
 585 0012 00       		.byte	0
ARM GAS  C:\Users\kbuchi\AppData\Local\Temp\ccQIDz4N.s 			page 16


 586 0013 02       		.uleb128 0x2
 587 0014 24       		.uleb128 0x24
 588 0015 00       		.byte	0
 589 0016 0B       		.uleb128 0xb
 590 0017 0B       		.uleb128 0xb
 591 0018 3E       		.uleb128 0x3e
 592 0019 0B       		.uleb128 0xb
 593 001a 03       		.uleb128 0x3
 594 001b 08       		.uleb128 0x8
 595 001c 00       		.byte	0
 596 001d 00       		.byte	0
 597 001e 03       		.uleb128 0x3
 598 001f 16       		.uleb128 0x16
 599 0020 00       		.byte	0
 600 0021 03       		.uleb128 0x3
 601 0022 0E       		.uleb128 0xe
 602 0023 3A       		.uleb128 0x3a
 603 0024 0B       		.uleb128 0xb
 604 0025 3B       		.uleb128 0x3b
 605 0026 0B       		.uleb128 0xb
 606 0027 49       		.uleb128 0x49
 607 0028 13       		.uleb128 0x13
 608 0029 00       		.byte	0
 609 002a 00       		.byte	0
 610 002b 04       		.uleb128 0x4
 611 002c 24       		.uleb128 0x24
 612 002d 00       		.byte	0
 613 002e 0B       		.uleb128 0xb
 614 002f 0B       		.uleb128 0xb
 615 0030 3E       		.uleb128 0x3e
 616 0031 0B       		.uleb128 0xb
 617 0032 03       		.uleb128 0x3
 618 0033 0E       		.uleb128 0xe
 619 0034 00       		.byte	0
 620 0035 00       		.byte	0
 621 0036 05       		.uleb128 0x5
 622 0037 0F       		.uleb128 0xf
 623 0038 00       		.byte	0
 624 0039 0B       		.uleb128 0xb
 625 003a 0B       		.uleb128 0xb
 626 003b 00       		.byte	0
 627 003c 00       		.byte	0
 628 003d 06       		.uleb128 0x6
 629 003e 0F       		.uleb128 0xf
 630 003f 00       		.byte	0
 631 0040 0B       		.uleb128 0xb
 632 0041 0B       		.uleb128 0xb
 633 0042 49       		.uleb128 0x49
 634 0043 13       		.uleb128 0x13
 635 0044 00       		.byte	0
 636 0045 00       		.byte	0
 637 0046 07       		.uleb128 0x7
 638 0047 15       		.uleb128 0x15
 639 0048 00       		.byte	0
 640 0049 27       		.uleb128 0x27
 641 004a 19       		.uleb128 0x19
 642 004b 00       		.byte	0
ARM GAS  C:\Users\kbuchi\AppData\Local\Temp\ccQIDz4N.s 			page 17


 643 004c 00       		.byte	0
 644 004d 08       		.uleb128 0x8
 645 004e 16       		.uleb128 0x16
 646 004f 00       		.byte	0
 647 0050 03       		.uleb128 0x3
 648 0051 0E       		.uleb128 0xe
 649 0052 3A       		.uleb128 0x3a
 650 0053 0B       		.uleb128 0xb
 651 0054 3B       		.uleb128 0x3b
 652 0055 05       		.uleb128 0x5
 653 0056 49       		.uleb128 0x49
 654 0057 13       		.uleb128 0x13
 655 0058 00       		.byte	0
 656 0059 00       		.byte	0
 657 005a 09       		.uleb128 0x9
 658 005b 35       		.uleb128 0x35
 659 005c 00       		.byte	0
 660 005d 49       		.uleb128 0x49
 661 005e 13       		.uleb128 0x13
 662 005f 00       		.byte	0
 663 0060 00       		.byte	0
 664 0061 0A       		.uleb128 0xa
 665 0062 2E       		.uleb128 0x2e
 666 0063 01       		.byte	0x1
 667 0064 03       		.uleb128 0x3
 668 0065 0E       		.uleb128 0xe
 669 0066 3A       		.uleb128 0x3a
 670 0067 0B       		.uleb128 0xb
 671 0068 3B       		.uleb128 0x3b
 672 0069 0B       		.uleb128 0xb
 673 006a 27       		.uleb128 0x27
 674 006b 19       		.uleb128 0x19
 675 006c 11       		.uleb128 0x11
 676 006d 01       		.uleb128 0x1
 677 006e 12       		.uleb128 0x12
 678 006f 06       		.uleb128 0x6
 679 0070 40       		.uleb128 0x40
 680 0071 18       		.uleb128 0x18
 681 0072 9742     		.uleb128 0x2117
 682 0074 19       		.uleb128 0x19
 683 0075 01       		.uleb128 0x1
 684 0076 13       		.uleb128 0x13
 685 0077 00       		.byte	0
 686 0078 00       		.byte	0
 687 0079 0B       		.uleb128 0xb
 688 007a 05       		.uleb128 0x5
 689 007b 00       		.byte	0
 690 007c 03       		.uleb128 0x3
 691 007d 08       		.uleb128 0x8
 692 007e 3A       		.uleb128 0x3a
 693 007f 0B       		.uleb128 0xb
 694 0080 3B       		.uleb128 0x3b
 695 0081 0B       		.uleb128 0xb
 696 0082 49       		.uleb128 0x49
 697 0083 13       		.uleb128 0x13
 698 0084 02       		.uleb128 0x2
 699 0085 17       		.uleb128 0x17
ARM GAS  C:\Users\kbuchi\AppData\Local\Temp\ccQIDz4N.s 			page 18


 700 0086 00       		.byte	0
 701 0087 00       		.byte	0
 702 0088 0C       		.uleb128 0xc
 703 0089 898201   		.uleb128 0x4109
 704 008c 01       		.byte	0x1
 705 008d 11       		.uleb128 0x11
 706 008e 01       		.uleb128 0x1
 707 008f 31       		.uleb128 0x31
 708 0090 13       		.uleb128 0x13
 709 0091 00       		.byte	0
 710 0092 00       		.byte	0
 711 0093 0D       		.uleb128 0xd
 712 0094 8A8201   		.uleb128 0x410a
 713 0097 00       		.byte	0
 714 0098 02       		.uleb128 0x2
 715 0099 18       		.uleb128 0x18
 716 009a 9142     		.uleb128 0x2111
 717 009c 18       		.uleb128 0x18
 718 009d 00       		.byte	0
 719 009e 00       		.byte	0
 720 009f 0E       		.uleb128 0xe
 721 00a0 898201   		.uleb128 0x4109
 722 00a3 01       		.byte	0x1
 723 00a4 11       		.uleb128 0x11
 724 00a5 01       		.uleb128 0x1
 725 00a6 31       		.uleb128 0x31
 726 00a7 13       		.uleb128 0x13
 727 00a8 01       		.uleb128 0x1
 728 00a9 13       		.uleb128 0x13
 729 00aa 00       		.byte	0
 730 00ab 00       		.byte	0
 731 00ac 0F       		.uleb128 0xf
 732 00ad 2E       		.uleb128 0x2e
 733 00ae 01       		.byte	0x1
 734 00af 3F       		.uleb128 0x3f
 735 00b0 19       		.uleb128 0x19
 736 00b1 03       		.uleb128 0x3
 737 00b2 0E       		.uleb128 0xe
 738 00b3 3A       		.uleb128 0x3a
 739 00b4 0B       		.uleb128 0xb
 740 00b5 3B       		.uleb128 0x3b
 741 00b6 0B       		.uleb128 0xb
 742 00b7 27       		.uleb128 0x27
 743 00b8 19       		.uleb128 0x19
 744 00b9 11       		.uleb128 0x11
 745 00ba 01       		.uleb128 0x1
 746 00bb 12       		.uleb128 0x12
 747 00bc 06       		.uleb128 0x6
 748 00bd 40       		.uleb128 0x40
 749 00be 18       		.uleb128 0x18
 750 00bf 9742     		.uleb128 0x2117
 751 00c1 19       		.uleb128 0x19
 752 00c2 01       		.uleb128 0x1
 753 00c3 13       		.uleb128 0x13
 754 00c4 00       		.byte	0
 755 00c5 00       		.byte	0
 756 00c6 10       		.uleb128 0x10
ARM GAS  C:\Users\kbuchi\AppData\Local\Temp\ccQIDz4N.s 			page 19


 757 00c7 0B       		.uleb128 0xb
 758 00c8 01       		.byte	0x1
 759 00c9 11       		.uleb128 0x11
 760 00ca 01       		.uleb128 0x1
 761 00cb 12       		.uleb128 0x12
 762 00cc 06       		.uleb128 0x6
 763 00cd 01       		.uleb128 0x1
 764 00ce 13       		.uleb128 0x13
 765 00cf 00       		.byte	0
 766 00d0 00       		.byte	0
 767 00d1 11       		.uleb128 0x11
 768 00d2 13       		.uleb128 0x13
 769 00d3 01       		.byte	0x1
 770 00d4 0B       		.uleb128 0xb
 771 00d5 0B       		.uleb128 0xb
 772 00d6 3A       		.uleb128 0x3a
 773 00d7 0B       		.uleb128 0xb
 774 00d8 3B       		.uleb128 0x3b
 775 00d9 0B       		.uleb128 0xb
 776 00da 01       		.uleb128 0x1
 777 00db 13       		.uleb128 0x13
 778 00dc 00       		.byte	0
 779 00dd 00       		.byte	0
 780 00de 12       		.uleb128 0x12
 781 00df 0D       		.uleb128 0xd
 782 00e0 00       		.byte	0
 783 00e1 03       		.uleb128 0x3
 784 00e2 0E       		.uleb128 0xe
 785 00e3 3A       		.uleb128 0x3a
 786 00e4 0B       		.uleb128 0xb
 787 00e5 3B       		.uleb128 0x3b
 788 00e6 0B       		.uleb128 0xb
 789 00e7 49       		.uleb128 0x49
 790 00e8 13       		.uleb128 0x13
 791 00e9 38       		.uleb128 0x38
 792 00ea 0B       		.uleb128 0xb
 793 00eb 00       		.byte	0
 794 00ec 00       		.byte	0
 795 00ed 13       		.uleb128 0x13
 796 00ee 01       		.uleb128 0x1
 797 00ef 01       		.byte	0x1
 798 00f0 49       		.uleb128 0x49
 799 00f1 13       		.uleb128 0x13
 800 00f2 01       		.uleb128 0x1
 801 00f3 13       		.uleb128 0x13
 802 00f4 00       		.byte	0
 803 00f5 00       		.byte	0
 804 00f6 14       		.uleb128 0x14
 805 00f7 21       		.uleb128 0x21
 806 00f8 00       		.byte	0
 807 00f9 49       		.uleb128 0x49
 808 00fa 13       		.uleb128 0x13
 809 00fb 2F       		.uleb128 0x2f
 810 00fc 0B       		.uleb128 0xb
 811 00fd 00       		.byte	0
 812 00fe 00       		.byte	0
 813 00ff 15       		.uleb128 0x15
ARM GAS  C:\Users\kbuchi\AppData\Local\Temp\ccQIDz4N.s 			page 20


 814 0100 34       		.uleb128 0x34
 815 0101 00       		.byte	0
 816 0102 03       		.uleb128 0x3
 817 0103 0E       		.uleb128 0xe
 818 0104 3A       		.uleb128 0x3a
 819 0105 0B       		.uleb128 0xb
 820 0106 3B       		.uleb128 0x3b
 821 0107 0B       		.uleb128 0xb
 822 0108 49       		.uleb128 0x49
 823 0109 13       		.uleb128 0x13
 824 010a 02       		.uleb128 0x2
 825 010b 18       		.uleb128 0x18
 826 010c 00       		.byte	0
 827 010d 00       		.byte	0
 828 010e 16       		.uleb128 0x16
 829 010f 26       		.uleb128 0x26
 830 0110 00       		.byte	0
 831 0111 49       		.uleb128 0x49
 832 0112 13       		.uleb128 0x13
 833 0113 00       		.byte	0
 834 0114 00       		.byte	0
 835 0115 17       		.uleb128 0x17
 836 0116 34       		.uleb128 0x34
 837 0117 00       		.byte	0
 838 0118 03       		.uleb128 0x3
 839 0119 08       		.uleb128 0x8
 840 011a 3A       		.uleb128 0x3a
 841 011b 0B       		.uleb128 0xb
 842 011c 3B       		.uleb128 0x3b
 843 011d 0B       		.uleb128 0xb
 844 011e 49       		.uleb128 0x49
 845 011f 13       		.uleb128 0x13
 846 0120 02       		.uleb128 0x2
 847 0121 17       		.uleb128 0x17
 848 0122 00       		.byte	0
 849 0123 00       		.byte	0
 850 0124 18       		.uleb128 0x18
 851 0125 0B       		.uleb128 0xb
 852 0126 01       		.byte	0x1
 853 0127 55       		.uleb128 0x55
 854 0128 17       		.uleb128 0x17
 855 0129 00       		.byte	0
 856 012a 00       		.byte	0
 857 012b 19       		.uleb128 0x19
 858 012c 898201   		.uleb128 0x4109
 859 012f 00       		.byte	0
 860 0130 11       		.uleb128 0x11
 861 0131 01       		.uleb128 0x1
 862 0132 31       		.uleb128 0x31
 863 0133 13       		.uleb128 0x13
 864 0134 00       		.byte	0
 865 0135 00       		.byte	0
 866 0136 1A       		.uleb128 0x1a
 867 0137 2E       		.uleb128 0x2e
 868 0138 01       		.byte	0x1
 869 0139 3F       		.uleb128 0x3f
 870 013a 19       		.uleb128 0x19
ARM GAS  C:\Users\kbuchi\AppData\Local\Temp\ccQIDz4N.s 			page 21


 871 013b 03       		.uleb128 0x3
 872 013c 0E       		.uleb128 0xe
 873 013d 27       		.uleb128 0x27
 874 013e 19       		.uleb128 0x19
 875 013f 49       		.uleb128 0x49
 876 0140 13       		.uleb128 0x13
 877 0141 34       		.uleb128 0x34
 878 0142 19       		.uleb128 0x19
 879 0143 3C       		.uleb128 0x3c
 880 0144 19       		.uleb128 0x19
 881 0145 01       		.uleb128 0x1
 882 0146 13       		.uleb128 0x13
 883 0147 00       		.byte	0
 884 0148 00       		.byte	0
 885 0149 1B       		.uleb128 0x1b
 886 014a 05       		.uleb128 0x5
 887 014b 00       		.byte	0
 888 014c 49       		.uleb128 0x49
 889 014d 13       		.uleb128 0x13
 890 014e 00       		.byte	0
 891 014f 00       		.byte	0
 892 0150 1C       		.uleb128 0x1c
 893 0151 2E       		.uleb128 0x2e
 894 0152 01       		.byte	0x1
 895 0153 3F       		.uleb128 0x3f
 896 0154 19       		.uleb128 0x19
 897 0155 03       		.uleb128 0x3
 898 0156 0E       		.uleb128 0xe
 899 0157 3A       		.uleb128 0x3a
 900 0158 0B       		.uleb128 0xb
 901 0159 3B       		.uleb128 0x3b
 902 015a 0B       		.uleb128 0xb
 903 015b 27       		.uleb128 0x27
 904 015c 19       		.uleb128 0x19
 905 015d 3C       		.uleb128 0x3c
 906 015e 19       		.uleb128 0x19
 907 015f 01       		.uleb128 0x1
 908 0160 13       		.uleb128 0x13
 909 0161 00       		.byte	0
 910 0162 00       		.byte	0
 911 0163 1D       		.uleb128 0x1d
 912 0164 2E       		.uleb128 0x2e
 913 0165 01       		.byte	0x1
 914 0166 3F       		.uleb128 0x3f
 915 0167 19       		.uleb128 0x19
 916 0168 03       		.uleb128 0x3
 917 0169 0E       		.uleb128 0xe
 918 016a 3A       		.uleb128 0x3a
 919 016b 0B       		.uleb128 0xb
 920 016c 3B       		.uleb128 0x3b
 921 016d 0B       		.uleb128 0xb
 922 016e 27       		.uleb128 0x27
 923 016f 19       		.uleb128 0x19
 924 0170 49       		.uleb128 0x49
 925 0171 13       		.uleb128 0x13
 926 0172 3C       		.uleb128 0x3c
 927 0173 19       		.uleb128 0x19
ARM GAS  C:\Users\kbuchi\AppData\Local\Temp\ccQIDz4N.s 			page 22


 928 0174 01       		.uleb128 0x1
 929 0175 13       		.uleb128 0x13
 930 0176 00       		.byte	0
 931 0177 00       		.byte	0
 932 0178 1E       		.uleb128 0x1e
 933 0179 2E       		.uleb128 0x2e
 934 017a 01       		.byte	0x1
 935 017b 3F       		.uleb128 0x3f
 936 017c 19       		.uleb128 0x19
 937 017d 03       		.uleb128 0x3
 938 017e 0E       		.uleb128 0xe
 939 017f 3A       		.uleb128 0x3a
 940 0180 0B       		.uleb128 0xb
 941 0181 3B       		.uleb128 0x3b
 942 0182 0B       		.uleb128 0xb
 943 0183 27       		.uleb128 0x27
 944 0184 19       		.uleb128 0x19
 945 0185 3C       		.uleb128 0x3c
 946 0186 19       		.uleb128 0x19
 947 0187 00       		.byte	0
 948 0188 00       		.byte	0
 949 0189 00       		.byte	0
 950              		.section	.debug_loc,"",%progbits
 951              	.Ldebug_loc0:
 952              	.LLST0:
 953 0000 00000000 		.4byte	.LVL0
 954 0004 09000000 		.4byte	.LVL2-1
 955 0008 0100     		.2byte	0x1
 956 000a 50       		.byte	0x50
 957 000b 09000000 		.4byte	.LVL2-1
 958 000f 0C000000 		.4byte	.LFE0
 959 0013 0400     		.2byte	0x4
 960 0015 F3       		.byte	0xf3
 961 0016 01       		.uleb128 0x1
 962 0017 50       		.byte	0x50
 963 0018 9F       		.byte	0x9f
 964 0019 00000000 		.4byte	0
 965 001d 00000000 		.4byte	0
 966              	.LLST1:
 967 0021 00000000 		.4byte	.LVL0
 968 0025 06000000 		.4byte	.LVL1
 969 0029 0100     		.2byte	0x1
 970 002b 51       		.byte	0x51
 971 002c 06000000 		.4byte	.LVL1
 972 0030 09000000 		.4byte	.LVL2-1
 973 0034 0100     		.2byte	0x1
 974 0036 52       		.byte	0x52
 975 0037 09000000 		.4byte	.LVL2-1
 976 003b 0C000000 		.4byte	.LFE0
 977 003f 0400     		.2byte	0x4
 978 0041 F3       		.byte	0xf3
 979 0042 01       		.uleb128 0x1
 980 0043 51       		.byte	0x51
 981 0044 9F       		.byte	0x9f
 982 0045 00000000 		.4byte	0
 983 0049 00000000 		.4byte	0
 984              	.LLST2:
ARM GAS  C:\Users\kbuchi\AppData\Local\Temp\ccQIDz4N.s 			page 23


 985 004d 60000000 		.4byte	.LVL6
 986 0051 66000000 		.4byte	.LVL7
 987 0055 0200     		.2byte	0x2
 988 0057 30       		.byte	0x30
 989 0058 9F       		.byte	0x9f
 990 0059 66000000 		.4byte	.LVL7
 991 005d 7E000000 		.4byte	.LVL10
 992 0061 0100     		.2byte	0x1
 993 0063 54       		.byte	0x54
 994 0064 7E000000 		.4byte	.LVL10
 995 0068 80000000 		.4byte	.LVL11
 996 006c 0300     		.2byte	0x3
 997 006e 74       		.byte	0x74
 998 006f 7F       		.sleb128 -1
 999 0070 9F       		.byte	0x9f
 1000 0071 80000000 		.4byte	.LVL11
 1001 0075 CC000000 		.4byte	.LVL13
 1002 0079 0100     		.2byte	0x1
 1003 007b 54       		.byte	0x54
 1004 007c 00000000 		.4byte	0
 1005 0080 00000000 		.4byte	0
 1006              	.LLST3:
 1007 0084 6E000000 		.4byte	.LVL8
 1008 0088 7B000000 		.4byte	.LVL9-1
 1009 008c 0100     		.2byte	0x1
 1010 008e 53       		.byte	0x53
 1011 008f 7B000000 		.4byte	.LVL9-1
 1012 0093 7E000000 		.4byte	.LVL10
 1013 0097 0D00     		.2byte	0xd
 1014 0099 74       		.byte	0x74
 1015 009a 00       		.sleb128 0
 1016 009b 31       		.byte	0x31
 1017 009c 24       		.byte	0x24
 1018 009d 74       		.byte	0x74
 1019 009e 00       		.sleb128 0
 1020 009f 22       		.byte	0x22
 1021 00a0 31       		.byte	0x31
 1022 00a1 24       		.byte	0x24
 1023 00a2 75       		.byte	0x75
 1024 00a3 00       		.sleb128 0
 1025 00a4 22       		.byte	0x22
 1026 00a5 9F       		.byte	0x9f
 1027 00a6 7E000000 		.4byte	.LVL10
 1028 00aa 80000000 		.4byte	.LVL11
 1029 00ae 0D00     		.2byte	0xd
 1030 00b0 74       		.byte	0x74
 1031 00b1 7F       		.sleb128 -1
 1032 00b2 74       		.byte	0x74
 1033 00b3 7F       		.sleb128 -1
 1034 00b4 31       		.byte	0x31
 1035 00b5 24       		.byte	0x24
 1036 00b6 22       		.byte	0x22
 1037 00b7 31       		.byte	0x31
 1038 00b8 24       		.byte	0x24
 1039 00b9 75       		.byte	0x75
 1040 00ba 00       		.sleb128 0
 1041 00bb 22       		.byte	0x22
ARM GAS  C:\Users\kbuchi\AppData\Local\Temp\ccQIDz4N.s 			page 24


 1042 00bc 9F       		.byte	0x9f
 1043 00bd 00000000 		.4byte	0
 1044 00c1 00000000 		.4byte	0
 1045              		.section	.debug_aranges,"",%progbits
 1046 0000 2C000000 		.4byte	0x2c
 1047 0004 0200     		.2byte	0x2
 1048 0006 00000000 		.4byte	.Ldebug_info0
 1049 000a 04       		.byte	0x4
 1050 000b 00       		.byte	0
 1051 000c 0000     		.2byte	0
 1052 000e 0000     		.2byte	0
 1053 0010 00000000 		.4byte	.LFB0
 1054 0014 0C000000 		.4byte	.LFE0-.LFB0
 1055 0018 00000000 		.4byte	.LFB3
 1056 001c 5C000000 		.4byte	.LFE3-.LFB3
 1057 0020 5C000000 		.4byte	.LFB5
 1058 0024 94000000 		.4byte	.LFE5-.LFB5
 1059 0028 00000000 		.4byte	0
 1060 002c 00000000 		.4byte	0
 1061              		.section	.debug_ranges,"",%progbits
 1062              	.Ldebug_ranges0:
 1063 0000 62000000 		.4byte	.LBB3
 1064 0004 64000000 		.4byte	.LBE3
 1065 0008 66000000 		.4byte	.LBB4
 1066 000c 7C000000 		.4byte	.LBE4
 1067 0010 00000000 		.4byte	0
 1068 0014 00000000 		.4byte	0
 1069 0018 00000000 		.4byte	.LFB0
 1070 001c 0C000000 		.4byte	.LFE0
 1071 0020 00000000 		.4byte	.LFB3
 1072 0024 5C000000 		.4byte	.LFE3
 1073 0028 5C000000 		.4byte	.LFB5
 1074 002c F0000000 		.4byte	.LFE5
 1075 0030 00000000 		.4byte	0
 1076 0034 00000000 		.4byte	0
 1077              		.section	.debug_line,"",%progbits
 1078              	.Ldebug_line0:
 1079 0000 31010000 		.section	.debug_str,"MS",%progbits,1
 1079      0200D800 
 1079      00000201 
 1079      FB0E0D00 
 1079      01010101 
 1080              	.LASF18:
 1081 0000 72656733 		.ascii	"reg32\000"
 1081      3200
 1082              	.LASF11:
 1083 0006 73697A65 		.ascii	"size_t\000"
 1083      5F7400
 1084              	.LASF32:
 1085 000d 4379496E 		.ascii	"CyIntSetVector\000"
 1085      74536574 
 1085      56656374 
 1085      6F7200
 1086              	.LASF25:
 1087 001c 6366675F 		.ascii	"cfg_memset_list\000"
 1087      6D656D73 
 1087      65745F6C 
ARM GAS  C:\Users\kbuchi\AppData\Local\Temp\ccQIDz4N.s 			page 25


 1087      69737400 
 1088              	.LASF30:
 1089 002c 433A5C57 		.ascii	"C:\\WORKS\\WS\\WS_E2\\psoc\\Design01\\Design01.cyds"
 1089      4F524B53 
 1089      5C57535C 
 1089      57535F45 
 1089      325C7073 
 1090 0059 6E00     		.ascii	"n\000"
 1091              	.LASF4:
 1092 005b 73686F72 		.ascii	"short unsigned int\000"
 1092      7420756E 
 1092      7369676E 
 1092      65642069 
 1092      6E7400
 1093              	.LASF15:
 1094 006e 666C6F61 		.ascii	"float\000"
 1094      7400
 1095              	.LASF23:
 1096 0074 73697A65 		.ascii	"size\000"
 1096      00
 1097              	.LASF17:
 1098 0079 72656738 		.ascii	"reg8\000"
 1098      00
 1099              	.LASF6:
 1100 007e 6C6F6E67 		.ascii	"long unsigned int\000"
 1100      20756E73 
 1100      69676E65 
 1100      6420696E 
 1100      7400
 1101              	.LASF12:
 1102 0090 75696E74 		.ascii	"uint8\000"
 1102      3800
 1103              	.LASF20:
 1104 0096 43594D45 		.ascii	"CYMEMZERO\000"
 1104      4D5A4552 
 1104      4F00
 1105              	.LASF2:
 1106 00a0 756E7369 		.ascii	"unsigned char\000"
 1106      676E6564 
 1106      20636861 
 1106      7200
 1107              	.LASF26:
 1108 00ae 6D656D73 		.ascii	"memset\000"
 1108      657400
 1109              	.LASF16:
 1110 00b5 646F7562 		.ascii	"double\000"
 1110      6C6500
 1111              	.LASF33:
 1112 00bc 4379496E 		.ascii	"CyIntEnable\000"
 1112      74456E61 
 1112      626C6500 
 1113              	.LASF13:
 1114 00c8 75696E74 		.ascii	"uint16\000"
 1114      313600
 1115              	.LASF14:
 1116 00cf 75696E74 		.ascii	"uint32\000"
 1116      333200
ARM GAS  C:\Users\kbuchi\AppData\Local\Temp\ccQIDz4N.s 			page 26


 1117              	.LASF0:
 1118 00d6 756E7369 		.ascii	"unsigned int\000"
 1118      676E6564 
 1118      20696E74 
 1118      00
 1119              	.LASF31:
 1120 00e3 63796669 		.ascii	"cyfitter_cfg\000"
 1120      74746572 
 1120      5F636667 
 1120      00
 1121              	.LASF22:
 1122 00f0 61646472 		.ascii	"address\000"
 1122      65737300 
 1123              	.LASF8:
 1124 00f8 6C6F6E67 		.ascii	"long long unsigned int\000"
 1124      206C6F6E 
 1124      6720756E 
 1124      7369676E 
 1124      65642069 
 1125              	.LASF28:
 1126 010f 474E5520 		.ascii	"GNU C 4.8.4 20140526 (release) [ARM/embedded-4_8-br"
 1126      4320342E 
 1126      382E3420 
 1126      32303134 
 1126      30353236 
 1127 0142 616E6368 		.ascii	"anch revision 211358] -mcpu=cortex-m0 -mthumb -g -O"
 1127      20726576 
 1127      6973696F 
 1127      6E203231 
 1127      31333538 
 1128 0175 67202D66 		.ascii	"g -ffunction-sections\000"
 1128      66756E63 
 1128      74696F6E 
 1128      2D736563 
 1128      74696F6E 
 1129              	.LASF19:
 1130 018b 63796973 		.ascii	"cyisraddress\000"
 1130      72616464 
 1130      72657373 
 1130      00
 1131              	.LASF24:
 1132 0198 6366675F 		.ascii	"cfg_memset_t\000"
 1132      6D656D73 
 1132      65745F74 
 1132      00
 1133              	.LASF29:
 1134 01a5 2E5C4765 		.ascii	".\\Generated_Source\\PSoC4\\cyfitter_cfg.c\000"
 1134      6E657261 
 1134      7465645F 
 1134      536F7572 
 1134      63655C50 
 1135              	.LASF9:
 1136 01cd 73697A65 		.ascii	"sizetype\000"
 1136      74797065 
 1136      00
 1137              	.LASF7:
 1138 01d6 6C6F6E67 		.ascii	"long long int\000"
ARM GAS  C:\Users\kbuchi\AppData\Local\Temp\ccQIDz4N.s 			page 27


 1138      206C6F6E 
 1138      6720696E 
 1138      7400
 1139              	.LASF21:
 1140 01e4 436C6F63 		.ascii	"ClockSetup\000"
 1140      6B536574 
 1140      757000
 1141              	.LASF3:
 1142 01ef 73686F72 		.ascii	"short int\000"
 1142      7420696E 
 1142      7400
 1143              	.LASF27:
 1144 01f9 43795379 		.ascii	"CySysClkWriteImoFreq\000"
 1144      73436C6B 
 1144      57726974 
 1144      65496D6F 
 1144      46726571 
 1145              	.LASF5:
 1146 020e 6C6F6E67 		.ascii	"long int\000"
 1146      20696E74 
 1146      00
 1147              	.LASF10:
 1148 0217 63686172 		.ascii	"char\000"
 1148      00
 1149              	.LASF1:
 1150 021c 7369676E 		.ascii	"signed char\000"
 1150      65642063 
 1150      68617200 
 1151              		.ident	"GCC: (GNU Tools for ARM Embedded Processors) 4.8.4 20140526 (release) [ARM/embedded-4_8-br
