ARM GAS  C:\Users\kbuchi\AppData\Local\Temp\ccPAFpTj.s 			page 1


   1              		.cpu cortex-m0
   2              		.fpu softvfp
   3              		.eabi_attribute 20, 1
   4              		.eabi_attribute 21, 1
   5              		.eabi_attribute 23, 3
   6              		.eabi_attribute 24, 1
   7              		.eabi_attribute 25, 1
   8              		.eabi_attribute 26, 1
   9              		.eabi_attribute 30, 1
  10              		.eabi_attribute 34, 0
  11              		.eabi_attribute 18, 4
  12              		.code	16
  13              		.file	"cyfitter_cfg.c"
  14              		.text
  15              	.Ltext0:
  16              		.cfi_sections	.debug_frame
  17              		.section	.text.cfg_write_bytes32,"ax",%progbits
  18              		.align	2
  19              		.code	16
  20              		.thumb_func
  21              		.type	cfg_write_bytes32, %function
  22              	cfg_write_bytes32:
  23              	.LFB3:
  24              		.file 1 ".\\Generated_Source\\PSoC4\\cyfitter_cfg.c"
   1:.\Generated_Source\PSoC4/cyfitter_cfg.c **** /*******************************************************************************
   2:.\Generated_Source\PSoC4/cyfitter_cfg.c **** * FILENAME: cyfitter_cfg.c
   3:.\Generated_Source\PSoC4/cyfitter_cfg.c **** * 
   4:.\Generated_Source\PSoC4/cyfitter_cfg.c **** * PSoC Creator  3.2
   5:.\Generated_Source\PSoC4/cyfitter_cfg.c **** *
   6:.\Generated_Source\PSoC4/cyfitter_cfg.c **** * DESCRIPTION:
   7:.\Generated_Source\PSoC4/cyfitter_cfg.c **** * This file contains device initialization code.
   8:.\Generated_Source\PSoC4/cyfitter_cfg.c **** * Except for the user defined sections in CyClockStartupError(), this file should not be modified.
   9:.\Generated_Source\PSoC4/cyfitter_cfg.c **** * This file is automatically generated by PSoC Creator.
  10:.\Generated_Source\PSoC4/cyfitter_cfg.c **** *
  11:.\Generated_Source\PSoC4/cyfitter_cfg.c **** ********************************************************************************
  12:.\Generated_Source\PSoC4/cyfitter_cfg.c **** * Copyright (c) 2007-2015 Cypress Semiconductor.  All rights reserved.
  13:.\Generated_Source\PSoC4/cyfitter_cfg.c **** * You may use this file only in accordance with the license, terms, conditions, 
  14:.\Generated_Source\PSoC4/cyfitter_cfg.c **** * disclaimers, and limitations in the end user license agreement accompanying 
  15:.\Generated_Source\PSoC4/cyfitter_cfg.c **** * the software package with which this file was provided.
  16:.\Generated_Source\PSoC4/cyfitter_cfg.c **** ********************************************************************************/
  17:.\Generated_Source\PSoC4/cyfitter_cfg.c **** 
  18:.\Generated_Source\PSoC4/cyfitter_cfg.c **** #include <string.h>
  19:.\Generated_Source\PSoC4/cyfitter_cfg.c **** #include "cytypes.h"
  20:.\Generated_Source\PSoC4/cyfitter_cfg.c **** #include "cydevice_trm.h"
  21:.\Generated_Source\PSoC4/cyfitter_cfg.c **** #include "cyfitter.h"
  22:.\Generated_Source\PSoC4/cyfitter_cfg.c **** #include "CyLib.h"
  23:.\Generated_Source\PSoC4/cyfitter_cfg.c **** #include "CyLFClk.h"
  24:.\Generated_Source\PSoC4/cyfitter_cfg.c **** #include "cyfitter_cfg.h"
  25:.\Generated_Source\PSoC4/cyfitter_cfg.c **** 
  26:.\Generated_Source\PSoC4/cyfitter_cfg.c **** 
  27:.\Generated_Source\PSoC4/cyfitter_cfg.c **** #if defined(__GNUC__) || defined(__ARMCC_VERSION)
  28:.\Generated_Source\PSoC4/cyfitter_cfg.c ****     #define CYPACKED 
  29:.\Generated_Source\PSoC4/cyfitter_cfg.c ****     #define CYPACKED_ATTR __attribute__ ((packed))
  30:.\Generated_Source\PSoC4/cyfitter_cfg.c ****     #define CYALIGNED __attribute__ ((aligned))
  31:.\Generated_Source\PSoC4/cyfitter_cfg.c ****     #define CY_CFG_UNUSED __attribute__ ((unused))
  32:.\Generated_Source\PSoC4/cyfitter_cfg.c ****     #define CY_CFG_SECTION __attribute__ ((section(".psocinit")))
  33:.\Generated_Source\PSoC4/cyfitter_cfg.c ****     
ARM GAS  C:\Users\kbuchi\AppData\Local\Temp\ccPAFpTj.s 			page 2


  34:.\Generated_Source\PSoC4/cyfitter_cfg.c ****     #if defined(__ARMCC_VERSION)
  35:.\Generated_Source\PSoC4/cyfitter_cfg.c ****         #define CY_CFG_MEMORY_BARRIER() __memory_changed()
  36:.\Generated_Source\PSoC4/cyfitter_cfg.c ****     #else
  37:.\Generated_Source\PSoC4/cyfitter_cfg.c ****         #define CY_CFG_MEMORY_BARRIER() __sync_synchronize()
  38:.\Generated_Source\PSoC4/cyfitter_cfg.c ****     #endif
  39:.\Generated_Source\PSoC4/cyfitter_cfg.c ****     
  40:.\Generated_Source\PSoC4/cyfitter_cfg.c **** #elif defined(__ICCARM__)
  41:.\Generated_Source\PSoC4/cyfitter_cfg.c ****     #include <intrinsics.h>
  42:.\Generated_Source\PSoC4/cyfitter_cfg.c **** 
  43:.\Generated_Source\PSoC4/cyfitter_cfg.c ****     #define CYPACKED __packed
  44:.\Generated_Source\PSoC4/cyfitter_cfg.c ****     #define CYPACKED_ATTR 
  45:.\Generated_Source\PSoC4/cyfitter_cfg.c ****     #define CYALIGNED _Pragma("data_alignment=4")
  46:.\Generated_Source\PSoC4/cyfitter_cfg.c ****     #define CY_CFG_UNUSED _Pragma("diag_suppress=Pe177")
  47:.\Generated_Source\PSoC4/cyfitter_cfg.c ****     #define CY_CFG_SECTION _Pragma("location=\".psocinit\"")
  48:.\Generated_Source\PSoC4/cyfitter_cfg.c ****     
  49:.\Generated_Source\PSoC4/cyfitter_cfg.c ****     #define CY_CFG_MEMORY_BARRIER() __DMB()
  50:.\Generated_Source\PSoC4/cyfitter_cfg.c ****     
  51:.\Generated_Source\PSoC4/cyfitter_cfg.c **** #else
  52:.\Generated_Source\PSoC4/cyfitter_cfg.c ****     #error Unsupported toolchain
  53:.\Generated_Source\PSoC4/cyfitter_cfg.c **** #endif
  54:.\Generated_Source\PSoC4/cyfitter_cfg.c **** 
  55:.\Generated_Source\PSoC4/cyfitter_cfg.c **** 
  56:.\Generated_Source\PSoC4/cyfitter_cfg.c **** CY_CFG_UNUSED
  57:.\Generated_Source\PSoC4/cyfitter_cfg.c **** static void CYMEMZERO(void *s, size_t n);
  58:.\Generated_Source\PSoC4/cyfitter_cfg.c **** CY_CFG_UNUSED
  59:.\Generated_Source\PSoC4/cyfitter_cfg.c **** static void CYMEMZERO(void *s, size_t n)
  60:.\Generated_Source\PSoC4/cyfitter_cfg.c **** {
  61:.\Generated_Source\PSoC4/cyfitter_cfg.c **** 	(void)memset(s, 0, n);
  62:.\Generated_Source\PSoC4/cyfitter_cfg.c **** }
  63:.\Generated_Source\PSoC4/cyfitter_cfg.c **** CY_CFG_UNUSED
  64:.\Generated_Source\PSoC4/cyfitter_cfg.c **** static void CYCONFIGCPY(void *dest, const void *src, size_t n);
  65:.\Generated_Source\PSoC4/cyfitter_cfg.c **** CY_CFG_UNUSED
  66:.\Generated_Source\PSoC4/cyfitter_cfg.c **** static void CYCONFIGCPY(void *dest, const void *src, size_t n)
  67:.\Generated_Source\PSoC4/cyfitter_cfg.c **** {
  68:.\Generated_Source\PSoC4/cyfitter_cfg.c **** 	(void)memcpy(dest, src, n);
  69:.\Generated_Source\PSoC4/cyfitter_cfg.c **** }
  70:.\Generated_Source\PSoC4/cyfitter_cfg.c **** CY_CFG_UNUSED
  71:.\Generated_Source\PSoC4/cyfitter_cfg.c **** static void CYCONFIGCPYCODE(void *dest, const void *src, size_t n);
  72:.\Generated_Source\PSoC4/cyfitter_cfg.c **** CY_CFG_UNUSED
  73:.\Generated_Source\PSoC4/cyfitter_cfg.c **** static void CYCONFIGCPYCODE(void *dest, const void *src, size_t n)
  74:.\Generated_Source\PSoC4/cyfitter_cfg.c **** {
  75:.\Generated_Source\PSoC4/cyfitter_cfg.c **** 	(void)memcpy(dest, src, n);
  76:.\Generated_Source\PSoC4/cyfitter_cfg.c **** }
  77:.\Generated_Source\PSoC4/cyfitter_cfg.c **** 
  78:.\Generated_Source\PSoC4/cyfitter_cfg.c **** 
  79:.\Generated_Source\PSoC4/cyfitter_cfg.c **** 
  80:.\Generated_Source\PSoC4/cyfitter_cfg.c **** /* Clock startup error codes                                                   */
  81:.\Generated_Source\PSoC4/cyfitter_cfg.c **** #define CYCLOCKSTART_NO_ERROR    0u
  82:.\Generated_Source\PSoC4/cyfitter_cfg.c **** #define CYCLOCKSTART_XTAL_ERROR  1u
  83:.\Generated_Source\PSoC4/cyfitter_cfg.c **** #define CYCLOCKSTART_32KHZ_ERROR 2u
  84:.\Generated_Source\PSoC4/cyfitter_cfg.c **** #define CYCLOCKSTART_PLL_ERROR   3u
  85:.\Generated_Source\PSoC4/cyfitter_cfg.c **** 
  86:.\Generated_Source\PSoC4/cyfitter_cfg.c **** #ifdef CY_NEED_CYCLOCKSTARTUPERROR
  87:.\Generated_Source\PSoC4/cyfitter_cfg.c **** /*******************************************************************************
  88:.\Generated_Source\PSoC4/cyfitter_cfg.c **** * Function Name: CyClockStartupError
  89:.\Generated_Source\PSoC4/cyfitter_cfg.c **** ********************************************************************************
  90:.\Generated_Source\PSoC4/cyfitter_cfg.c **** * Summary:
ARM GAS  C:\Users\kbuchi\AppData\Local\Temp\ccPAFpTj.s 			page 3


  91:.\Generated_Source\PSoC4/cyfitter_cfg.c **** *  If an error is encountered during clock configuration (crystal startup error,
  92:.\Generated_Source\PSoC4/cyfitter_cfg.c **** *  PLL lock error, etc.), the system will end up here.  Unless reimplemented by
  93:.\Generated_Source\PSoC4/cyfitter_cfg.c **** *  the customer, this function will stop in an infinite loop.
  94:.\Generated_Source\PSoC4/cyfitter_cfg.c **** *
  95:.\Generated_Source\PSoC4/cyfitter_cfg.c **** * Parameters:
  96:.\Generated_Source\PSoC4/cyfitter_cfg.c **** *   void
  97:.\Generated_Source\PSoC4/cyfitter_cfg.c **** *
  98:.\Generated_Source\PSoC4/cyfitter_cfg.c **** * Return:
  99:.\Generated_Source\PSoC4/cyfitter_cfg.c **** *   void
 100:.\Generated_Source\PSoC4/cyfitter_cfg.c **** *
 101:.\Generated_Source\PSoC4/cyfitter_cfg.c **** *******************************************************************************/
 102:.\Generated_Source\PSoC4/cyfitter_cfg.c **** CY_CFG_UNUSED
 103:.\Generated_Source\PSoC4/cyfitter_cfg.c **** static void CyClockStartupError(uint8 errorCode);
 104:.\Generated_Source\PSoC4/cyfitter_cfg.c **** CY_CFG_UNUSED
 105:.\Generated_Source\PSoC4/cyfitter_cfg.c **** static void CyClockStartupError(uint8 errorCode)
 106:.\Generated_Source\PSoC4/cyfitter_cfg.c **** {
 107:.\Generated_Source\PSoC4/cyfitter_cfg.c ****     /* To remove the compiler warning if errorCode not used.                */
 108:.\Generated_Source\PSoC4/cyfitter_cfg.c ****     errorCode = errorCode;
 109:.\Generated_Source\PSoC4/cyfitter_cfg.c **** 
 110:.\Generated_Source\PSoC4/cyfitter_cfg.c ****     /* `#START CyClockStartupError` */
 111:.\Generated_Source\PSoC4/cyfitter_cfg.c **** 
 112:.\Generated_Source\PSoC4/cyfitter_cfg.c ****     /* If we have a clock startup error (bad MHz crystal, PLL lock, etc.),  */
 113:.\Generated_Source\PSoC4/cyfitter_cfg.c ****     /* we will end up here to allow the customer to implement something to  */
 114:.\Generated_Source\PSoC4/cyfitter_cfg.c ****     /* deal with the clock condition.                                       */
 115:.\Generated_Source\PSoC4/cyfitter_cfg.c **** 
 116:.\Generated_Source\PSoC4/cyfitter_cfg.c ****     /* `#END` */
 117:.\Generated_Source\PSoC4/cyfitter_cfg.c **** 
 118:.\Generated_Source\PSoC4/cyfitter_cfg.c ****     /* If nothing else, stop here since the clocks have not started         */
 119:.\Generated_Source\PSoC4/cyfitter_cfg.c ****     /* correctly.                                                           */
 120:.\Generated_Source\PSoC4/cyfitter_cfg.c ****     while(1) {}
 121:.\Generated_Source\PSoC4/cyfitter_cfg.c **** }
 122:.\Generated_Source\PSoC4/cyfitter_cfg.c **** #endif
 123:.\Generated_Source\PSoC4/cyfitter_cfg.c **** 
 124:.\Generated_Source\PSoC4/cyfitter_cfg.c **** #define CY_CFG_BASE_ADDR_COUNT 1u
 125:.\Generated_Source\PSoC4/cyfitter_cfg.c **** CYPACKED typedef struct
 126:.\Generated_Source\PSoC4/cyfitter_cfg.c **** {
 127:.\Generated_Source\PSoC4/cyfitter_cfg.c **** 	uint8 offset;
 128:.\Generated_Source\PSoC4/cyfitter_cfg.c **** 	uint8 value;
 129:.\Generated_Source\PSoC4/cyfitter_cfg.c **** } CYPACKED_ATTR cy_cfg_addrvalue_t;
 130:.\Generated_Source\PSoC4/cyfitter_cfg.c **** 
 131:.\Generated_Source\PSoC4/cyfitter_cfg.c **** 
 132:.\Generated_Source\PSoC4/cyfitter_cfg.c **** 
 133:.\Generated_Source\PSoC4/cyfitter_cfg.c **** /*******************************************************************************
 134:.\Generated_Source\PSoC4/cyfitter_cfg.c **** * Function Name: cfg_write_bytes32
 135:.\Generated_Source\PSoC4/cyfitter_cfg.c **** ********************************************************************************
 136:.\Generated_Source\PSoC4/cyfitter_cfg.c **** * Summary:
 137:.\Generated_Source\PSoC4/cyfitter_cfg.c **** *  This function is used for setting up the chip configuration areas that
 138:.\Generated_Source\PSoC4/cyfitter_cfg.c **** *  contain relatively sparse data.
 139:.\Generated_Source\PSoC4/cyfitter_cfg.c **** *
 140:.\Generated_Source\PSoC4/cyfitter_cfg.c **** * Parameters:
 141:.\Generated_Source\PSoC4/cyfitter_cfg.c **** *   void
 142:.\Generated_Source\PSoC4/cyfitter_cfg.c **** *
 143:.\Generated_Source\PSoC4/cyfitter_cfg.c **** * Return:
 144:.\Generated_Source\PSoC4/cyfitter_cfg.c **** *   void
 145:.\Generated_Source\PSoC4/cyfitter_cfg.c **** *
 146:.\Generated_Source\PSoC4/cyfitter_cfg.c **** *******************************************************************************/
 147:.\Generated_Source\PSoC4/cyfitter_cfg.c **** static void cfg_write_bytes32(const uint32 addr_table[], const cy_cfg_addrvalue_t data_table[]);
ARM GAS  C:\Users\kbuchi\AppData\Local\Temp\ccPAFpTj.s 			page 4


 148:.\Generated_Source\PSoC4/cyfitter_cfg.c **** static void cfg_write_bytes32(const uint32 addr_table[], const cy_cfg_addrvalue_t data_table[])
 149:.\Generated_Source\PSoC4/cyfitter_cfg.c **** {
  25              		.loc 1 149 0
  26              		.cfi_startproc
  27              	.LVL0:
  28 0000 F0B5     		push	{r4, r5, r6, r7, lr}
  29              		.cfi_def_cfa_offset 20
  30              		.cfi_offset 4, -20
  31              		.cfi_offset 5, -16
  32              		.cfi_offset 6, -12
  33              		.cfi_offset 7, -8
  34              		.cfi_offset 14, -4
  35              	.LVL1:
 150:.\Generated_Source\PSoC4/cyfitter_cfg.c **** 	/* For 32-bit little-endian architectures */
 151:.\Generated_Source\PSoC4/cyfitter_cfg.c **** 	uint32 i, j = 0u;
  36              		.loc 1 151 0
  37 0002 0022     		mov	r2, #0
 152:.\Generated_Source\PSoC4/cyfitter_cfg.c **** 	for (i = 0u; i < CY_CFG_BASE_ADDR_COUNT; i++)
  38              		.loc 1 152 0
  39 0004 0027     		mov	r7, #0
  40              	.LBB2:
 153:.\Generated_Source\PSoC4/cyfitter_cfg.c **** 	{
 154:.\Generated_Source\PSoC4/cyfitter_cfg.c **** 		uint32 baseAddr = addr_table[i];
 155:.\Generated_Source\PSoC4/cyfitter_cfg.c **** 		uint8 count = (uint8)baseAddr;
 156:.\Generated_Source\PSoC4/cyfitter_cfg.c **** 		baseAddr &= 0xFFFFFF00u;
  41              		.loc 1 156 0
  42 0006 FF23     		mov	r3, #255
  43 0008 9C46     		mov	ip, r3
  44              	.LBE2:
 152:.\Generated_Source\PSoC4/cyfitter_cfg.c **** 	for (i = 0u; i < CY_CFG_BASE_ADDR_COUNT; i++)
  45              		.loc 1 152 0
  46 000a 11E0     		b	.L2
  47              	.LVL2:
  48              	.L5:
  49              	.LBB3:
 154:.\Generated_Source\PSoC4/cyfitter_cfg.c **** 		uint32 baseAddr = addr_table[i];
  50              		.loc 1 154 0
  51 000c BB00     		lsl	r3, r7, #2
  52 000e C658     		ldr	r6, [r0, r3]
  53              	.LVL3:
 155:.\Generated_Source\PSoC4/cyfitter_cfg.c **** 		uint8 count = (uint8)baseAddr;
  54              		.loc 1 155 0
  55 0010 F3B2     		uxtb	r3, r6
  56              	.LVL4:
  57              		.loc 1 156 0
  58 0012 6446     		mov	r4, ip
  59 0014 A643     		bic	r6, r4
  60              	.LVL5:
 157:.\Generated_Source\PSoC4/cyfitter_cfg.c **** 		while (count != 0u)
  61              		.loc 1 157 0
  62 0016 08E0     		b	.L3
  63              	.L4:
 158:.\Generated_Source\PSoC4/cyfitter_cfg.c **** 		{
 159:.\Generated_Source\PSoC4/cyfitter_cfg.c **** 			CY_SET_XTND_REG8((void CYFAR *)(baseAddr + data_table[j].offset), data_table[j].value);
  64              		.loc 1 159 0
  65 0018 5400     		lsl	r4, r2, #1
  66 001a 0C19     		add	r4, r1, r4
ARM GAS  C:\Users\kbuchi\AppData\Local\Temp\ccPAFpTj.s 			page 5


  67 001c 2578     		ldrb	r5, [r4]
  68 001e AD19     		add	r5, r5, r6
  69 0020 6478     		ldrb	r4, [r4, #1]
  70 0022 2C70     		strb	r4, [r5]
 160:.\Generated_Source\PSoC4/cyfitter_cfg.c **** 			j++;
  71              		.loc 1 160 0
  72 0024 0132     		add	r2, r2, #1
  73              	.LVL6:
 161:.\Generated_Source\PSoC4/cyfitter_cfg.c **** 			count--;
  74              		.loc 1 161 0
  75 0026 013B     		sub	r3, r3, #1
  76              	.LVL7:
  77 0028 DBB2     		uxtb	r3, r3
  78              	.LVL8:
  79              	.L3:
 157:.\Generated_Source\PSoC4/cyfitter_cfg.c **** 		while (count != 0u)
  80              		.loc 1 157 0 discriminator 1
  81 002a 002B     		cmp	r3, #0
  82 002c F4D1     		bne	.L4
  83              	.LBE3:
 152:.\Generated_Source\PSoC4/cyfitter_cfg.c **** 	for (i = 0u; i < CY_CFG_BASE_ADDR_COUNT; i++)
  84              		.loc 1 152 0
  85 002e 0137     		add	r7, r7, #1
  86              	.LVL9:
  87              	.L2:
 152:.\Generated_Source\PSoC4/cyfitter_cfg.c **** 	for (i = 0u; i < CY_CFG_BASE_ADDR_COUNT; i++)
  88              		.loc 1 152 0 is_stmt 0 discriminator 1
  89 0030 002F     		cmp	r7, #0
  90 0032 EBD0     		beq	.L5
 162:.\Generated_Source\PSoC4/cyfitter_cfg.c **** 		}
 163:.\Generated_Source\PSoC4/cyfitter_cfg.c **** 	}
 164:.\Generated_Source\PSoC4/cyfitter_cfg.c **** }
  91              		.loc 1 164 0 is_stmt 1
  92              		@ sp needed
  93              	.LVL10:
  94 0034 F0BD     		pop	{r4, r5, r6, r7, pc}
  95              		.cfi_endproc
  96              	.LFE3:
  97              		.size	cfg_write_bytes32, .-cfg_write_bytes32
  98 0036 C046     		.section	.text.CYMEMZERO,"ax",%progbits
  99              		.align	2
 100              		.code	16
 101              		.thumb_func
 102              		.type	CYMEMZERO, %function
 103              	CYMEMZERO:
 104              	.LFB0:
  60:.\Generated_Source\PSoC4/cyfitter_cfg.c **** {
 105              		.loc 1 60 0
 106              		.cfi_startproc
 107              	.LVL11:
 108 0000 08B5     		push	{r3, lr}
 109              		.cfi_def_cfa_offset 8
 110              		.cfi_offset 3, -8
 111              		.cfi_offset 14, -4
 112 0002 0A1C     		mov	r2, r1
  61:.\Generated_Source\PSoC4/cyfitter_cfg.c **** 	(void)memset(s, 0, n);
 113              		.loc 1 61 0
ARM GAS  C:\Users\kbuchi\AppData\Local\Temp\ccPAFpTj.s 			page 6


 114 0004 0021     		mov	r1, #0
 115              	.LVL12:
 116 0006 FFF7FEFF 		bl	memset
 117              	.LVL13:
  62:.\Generated_Source\PSoC4/cyfitter_cfg.c **** }
 118              		.loc 1 62 0
 119              		@ sp needed
 120 000a 08BD     		pop	{r3, pc}
 121              		.cfi_endproc
 122              	.LFE0:
 123              		.size	CYMEMZERO, .-CYMEMZERO
 124              		.section	.psocinit,"ax",%progbits
 125              		.align	2
 126              		.code	16
 127              		.thumb_func
 128              		.type	ClockSetup, %function
 129              	ClockSetup:
 130              	.LFB4:
 165:.\Generated_Source\PSoC4/cyfitter_cfg.c **** 
 166:.\Generated_Source\PSoC4/cyfitter_cfg.c **** 
 167:.\Generated_Source\PSoC4/cyfitter_cfg.c **** /*******************************************************************************
 168:.\Generated_Source\PSoC4/cyfitter_cfg.c **** * Function Name: ClockSetup
 169:.\Generated_Source\PSoC4/cyfitter_cfg.c **** ********************************************************************************
 170:.\Generated_Source\PSoC4/cyfitter_cfg.c **** *
 171:.\Generated_Source\PSoC4/cyfitter_cfg.c **** * Summary:
 172:.\Generated_Source\PSoC4/cyfitter_cfg.c **** *   Performs the initialization of all of the clocks in the device based on the
 173:.\Generated_Source\PSoC4/cyfitter_cfg.c **** *   settings in the Clock tab of the DWR.  This includes enabling the requested
 174:.\Generated_Source\PSoC4/cyfitter_cfg.c **** *   clocks and setting the necessary dividers to produce the desired frequency. 
 175:.\Generated_Source\PSoC4/cyfitter_cfg.c **** *
 176:.\Generated_Source\PSoC4/cyfitter_cfg.c **** * Parameters:
 177:.\Generated_Source\PSoC4/cyfitter_cfg.c **** *   void
 178:.\Generated_Source\PSoC4/cyfitter_cfg.c **** *
 179:.\Generated_Source\PSoC4/cyfitter_cfg.c **** * Return:
 180:.\Generated_Source\PSoC4/cyfitter_cfg.c **** *   void
 181:.\Generated_Source\PSoC4/cyfitter_cfg.c **** *
 182:.\Generated_Source\PSoC4/cyfitter_cfg.c **** *******************************************************************************/
 183:.\Generated_Source\PSoC4/cyfitter_cfg.c **** static void ClockSetup(void);
 184:.\Generated_Source\PSoC4/cyfitter_cfg.c **** CY_CFG_SECTION
 185:.\Generated_Source\PSoC4/cyfitter_cfg.c **** static void ClockSetup(void)
 186:.\Generated_Source\PSoC4/cyfitter_cfg.c **** {
 131              		.loc 1 186 0
 132              		.cfi_startproc
 133 0000 10B5     		push	{r4, lr}
 134              		.cfi_def_cfa_offset 8
 135              		.cfi_offset 4, -8
 136              		.cfi_offset 14, -4
 187:.\Generated_Source\PSoC4/cyfitter_cfg.c **** 	/* Enable HALF_EN before trimming for the flash accelerator. */
 188:.\Generated_Source\PSoC4/cyfitter_cfg.c **** 	CY_SET_REG32((void CYXDATA *)(CYREG_CLK_SELECT), (CY_GET_REG32((void *)CYREG_CLK_SELECT) | 0x00040
 137              		.loc 1 188 0
 138 0002 0F4C     		ldr	r4, .L8
 139 0004 2268     		ldr	r2, [r4]
 140 0006 8023     		mov	r3, #128
 141 0008 DB02     		lsl	r3, r3, #11
 142 000a 1343     		orr	r3, r2
 143 000c 2360     		str	r3, [r4]
 189:.\Generated_Source\PSoC4/cyfitter_cfg.c **** 
 190:.\Generated_Source\PSoC4/cyfitter_cfg.c **** 	/* Setup and trim IMO based on desired frequency. */
ARM GAS  C:\Users\kbuchi\AppData\Local\Temp\ccPAFpTj.s 			page 7


 191:.\Generated_Source\PSoC4/cyfitter_cfg.c **** 	CySysClkWriteImoFreq(24u);
 144              		.loc 1 191 0
 145 000e 1820     		mov	r0, #24
 146 0010 FFF7FEFF 		bl	CySysClkWriteImoFreq
 147              	.LVL14:
 192:.\Generated_Source\PSoC4/cyfitter_cfg.c **** 
 193:.\Generated_Source\PSoC4/cyfitter_cfg.c **** 	/* Disable HALF_EN since it is not required at this IMO frequency. */
 194:.\Generated_Source\PSoC4/cyfitter_cfg.c **** 	CY_SET_REG32((void CYXDATA *)(CYREG_CLK_SELECT), (CY_GET_REG32((void *)CYREG_CLK_SELECT) & 0xFFFBF
 148              		.loc 1 194 0
 149 0014 2268     		ldr	r2, [r4]
 150 0016 0B4B     		ldr	r3, .L8+4
 151 0018 1340     		and	r3, r2
 152 001a 2360     		str	r3, [r4]
 195:.\Generated_Source\PSoC4/cyfitter_cfg.c **** 	/* CYDEV_CLK_ILO_CONFIG Starting address: CYDEV_CLK_ILO_CONFIG */
 196:.\Generated_Source\PSoC4/cyfitter_cfg.c **** 	CY_SET_XTND_REG32((void CYFAR *)(CYREG_CLK_ILO_CONFIG), 0x80000006u);
 153              		.loc 1 196 0
 154 001c 0A4A     		ldr	r2, .L8+8
 155 001e 0B4B     		ldr	r3, .L8+12
 156 0020 1A60     		str	r2, [r3]
 197:.\Generated_Source\PSoC4/cyfitter_cfg.c **** 
 198:.\Generated_Source\PSoC4/cyfitter_cfg.c **** 
 199:.\Generated_Source\PSoC4/cyfitter_cfg.c **** 	/* CYDEV_CLK_IMO_CONFIG Starting address: CYDEV_CLK_IMO_CONFIG */
 200:.\Generated_Source\PSoC4/cyfitter_cfg.c **** 	CY_SET_XTND_REG32((void CYFAR *)(CYREG_CLK_IMO_CONFIG), 0x80000000u);
 157              		.loc 1 200 0
 158 0022 8022     		mov	r2, #128
 159 0024 1206     		lsl	r2, r2, #24
 160 0026 0A4B     		ldr	r3, .L8+16
 161 0028 1A60     		str	r2, [r3]
 201:.\Generated_Source\PSoC4/cyfitter_cfg.c **** 
 202:.\Generated_Source\PSoC4/cyfitter_cfg.c **** 	(void)CyIntSetVector(9u, &CySysWdtIsr);
 162              		.loc 1 202 0
 163 002a 0920     		mov	r0, #9
 164 002c 0949     		ldr	r1, .L8+20
 165 002e FFF7FEFF 		bl	CyIntSetVector
 166              	.LVL15:
 203:.\Generated_Source\PSoC4/cyfitter_cfg.c **** 	CyIntEnable(9u);
 167              		.loc 1 203 0
 168 0032 0920     		mov	r0, #9
 169 0034 FFF7FEFF 		bl	CyIntEnable
 170              	.LVL16:
 204:.\Generated_Source\PSoC4/cyfitter_cfg.c **** 	CY_SET_XTND_REG32((void CYFAR *)(CYREG_WDT_CONFIG), 0x00000000u);
 171              		.loc 1 204 0
 172 0038 0022     		mov	r2, #0
 173 003a 074B     		ldr	r3, .L8+24
 174 003c 1A60     		str	r2, [r3]
 205:.\Generated_Source\PSoC4/cyfitter_cfg.c **** }
 175              		.loc 1 205 0
 176              		@ sp needed
 177 003e 10BD     		pop	{r4, pc}
 178              	.L9:
 179              		.align	2
 180              	.L8:
 181 0040 00010B40 		.word	1074462976
 182 0044 FFFFFBFF 		.word	-262145
 183 0048 06000080 		.word	-2147483642
 184 004c 04010B40 		.word	1074462980
 185 0050 08010B40 		.word	1074462984
ARM GAS  C:\Users\kbuchi\AppData\Local\Temp\ccPAFpTj.s 			page 8


 186 0054 00000000 		.word	CySysWdtIsr
 187 0058 0C020B40 		.word	1074463244
 188              		.cfi_endproc
 189              	.LFE4:
 190              		.size	ClockSetup, .-ClockSetup
 191              		.align	2
 192              		.global	cyfitter_cfg
 193              		.code	16
 194              		.thumb_func
 195              		.type	cyfitter_cfg, %function
 196              	cyfitter_cfg:
 197              	.LFB6:
 206:.\Generated_Source\PSoC4/cyfitter_cfg.c **** 
 207:.\Generated_Source\PSoC4/cyfitter_cfg.c **** 
 208:.\Generated_Source\PSoC4/cyfitter_cfg.c **** /* Analog API Functions */
 209:.\Generated_Source\PSoC4/cyfitter_cfg.c **** 
 210:.\Generated_Source\PSoC4/cyfitter_cfg.c **** 
 211:.\Generated_Source\PSoC4/cyfitter_cfg.c **** /*******************************************************************************
 212:.\Generated_Source\PSoC4/cyfitter_cfg.c **** * Function Name: AnalogSetDefault
 213:.\Generated_Source\PSoC4/cyfitter_cfg.c **** ********************************************************************************
 214:.\Generated_Source\PSoC4/cyfitter_cfg.c **** *
 215:.\Generated_Source\PSoC4/cyfitter_cfg.c **** * Summary:
 216:.\Generated_Source\PSoC4/cyfitter_cfg.c **** *  Sets up the analog portions of the chip to default values based on chip
 217:.\Generated_Source\PSoC4/cyfitter_cfg.c **** *  configuration options from the project.
 218:.\Generated_Source\PSoC4/cyfitter_cfg.c **** *
 219:.\Generated_Source\PSoC4/cyfitter_cfg.c **** * Parameters:
 220:.\Generated_Source\PSoC4/cyfitter_cfg.c **** *  void
 221:.\Generated_Source\PSoC4/cyfitter_cfg.c **** *
 222:.\Generated_Source\PSoC4/cyfitter_cfg.c **** * Return:
 223:.\Generated_Source\PSoC4/cyfitter_cfg.c **** *  void
 224:.\Generated_Source\PSoC4/cyfitter_cfg.c **** *
 225:.\Generated_Source\PSoC4/cyfitter_cfg.c **** *******************************************************************************/
 226:.\Generated_Source\PSoC4/cyfitter_cfg.c **** static void AnalogSetDefault(void);
 227:.\Generated_Source\PSoC4/cyfitter_cfg.c **** static void AnalogSetDefault(void)
 228:.\Generated_Source\PSoC4/cyfitter_cfg.c **** {
 229:.\Generated_Source\PSoC4/cyfitter_cfg.c **** }
 230:.\Generated_Source\PSoC4/cyfitter_cfg.c **** 
 231:.\Generated_Source\PSoC4/cyfitter_cfg.c **** #define CY_AMUX_UNUSED CYREG_CM0_ROM_DWT
 232:.\Generated_Source\PSoC4/cyfitter_cfg.c **** 
 233:.\Generated_Source\PSoC4/cyfitter_cfg.c **** 
 234:.\Generated_Source\PSoC4/cyfitter_cfg.c **** /*******************************************************************************
 235:.\Generated_Source\PSoC4/cyfitter_cfg.c **** * Function Name: cyfitter_cfg
 236:.\Generated_Source\PSoC4/cyfitter_cfg.c **** ********************************************************************************
 237:.\Generated_Source\PSoC4/cyfitter_cfg.c **** * Summary:
 238:.\Generated_Source\PSoC4/cyfitter_cfg.c **** *  This function is called by the start-up code for the selected device. It
 239:.\Generated_Source\PSoC4/cyfitter_cfg.c **** *  performs all of the necessary device configuration based on the design
 240:.\Generated_Source\PSoC4/cyfitter_cfg.c **** *  settings.  This includes settings from the Design Wide Resources (DWR) such
 241:.\Generated_Source\PSoC4/cyfitter_cfg.c **** *  as Clocks and Pins as well as any component configuration that is necessary.
 242:.\Generated_Source\PSoC4/cyfitter_cfg.c **** *
 243:.\Generated_Source\PSoC4/cyfitter_cfg.c **** * Parameters:  
 244:.\Generated_Source\PSoC4/cyfitter_cfg.c **** *   void
 245:.\Generated_Source\PSoC4/cyfitter_cfg.c **** *
 246:.\Generated_Source\PSoC4/cyfitter_cfg.c **** * Return:
 247:.\Generated_Source\PSoC4/cyfitter_cfg.c **** *   void
 248:.\Generated_Source\PSoC4/cyfitter_cfg.c **** *
 249:.\Generated_Source\PSoC4/cyfitter_cfg.c **** *******************************************************************************/
 250:.\Generated_Source\PSoC4/cyfitter_cfg.c **** CY_CFG_SECTION
ARM GAS  C:\Users\kbuchi\AppData\Local\Temp\ccPAFpTj.s 			page 9


 251:.\Generated_Source\PSoC4/cyfitter_cfg.c **** void cyfitter_cfg(void)
 252:.\Generated_Source\PSoC4/cyfitter_cfg.c **** {
 198              		.loc 1 252 0
 199              		.cfi_startproc
 200 005c 38B5     		push	{r3, r4, r5, lr}
 201              		.cfi_def_cfa_offset 16
 202              		.cfi_offset 3, -16
 203              		.cfi_offset 4, -12
 204              		.cfi_offset 5, -8
 205              		.cfi_offset 14, -4
 253:.\Generated_Source\PSoC4/cyfitter_cfg.c **** 	/* Disable interrupts by default. Let user enable if/when they want. */
 254:.\Generated_Source\PSoC4/cyfitter_cfg.c **** 	CyGlobalIntDisable;
 206              		.loc 1 254 0
 207              	@ 254 ".\Generated_Source\PSoC4\cyfitter_cfg.c" 1
 208 005e 72B6     		CPSID   i
 209              	@ 0 "" 2
 210              	.LVL17:
 211              		.code	16
 212              	.LBB4:
 255:.\Generated_Source\PSoC4/cyfitter_cfg.c **** 
 256:.\Generated_Source\PSoC4/cyfitter_cfg.c **** 	{
 257:.\Generated_Source\PSoC4/cyfitter_cfg.c **** 		static const uint32 CYCODE cy_cfg_addr_table[] = {
 258:.\Generated_Source\PSoC4/cyfitter_cfg.c **** 			0x400F6002u, /* Base address: 0x400F6000 Count: 2 */
 259:.\Generated_Source\PSoC4/cyfitter_cfg.c **** 		};
 260:.\Generated_Source\PSoC4/cyfitter_cfg.c **** 
 261:.\Generated_Source\PSoC4/cyfitter_cfg.c **** 		static const cy_cfg_addrvalue_t CYCODE cy_cfg_data_table[] = {
 262:.\Generated_Source\PSoC4/cyfitter_cfg.c **** 			{0x02u, 0x01u},
 263:.\Generated_Source\PSoC4/cyfitter_cfg.c **** 			{0x11u, 0x01u},
 264:.\Generated_Source\PSoC4/cyfitter_cfg.c **** 		};
 265:.\Generated_Source\PSoC4/cyfitter_cfg.c **** 
 266:.\Generated_Source\PSoC4/cyfitter_cfg.c **** 
 267:.\Generated_Source\PSoC4/cyfitter_cfg.c **** 
 268:.\Generated_Source\PSoC4/cyfitter_cfg.c **** 		CYPACKED typedef struct {
 269:.\Generated_Source\PSoC4/cyfitter_cfg.c **** 			void CYFAR *address;
 270:.\Generated_Source\PSoC4/cyfitter_cfg.c **** 			uint16 size;
 271:.\Generated_Source\PSoC4/cyfitter_cfg.c **** 		} CYPACKED_ATTR cfg_memset_t;
 272:.\Generated_Source\PSoC4/cyfitter_cfg.c **** 
 273:.\Generated_Source\PSoC4/cyfitter_cfg.c **** 		static const cfg_memset_t CYCODE cfg_memset_list [] = {
 274:.\Generated_Source\PSoC4/cyfitter_cfg.c **** 			/* address, size */
 275:.\Generated_Source\PSoC4/cyfitter_cfg.c **** 			{(void CYFAR *)(CYDEV_UDB_P0_U0_BASE), 1024u},
 276:.\Generated_Source\PSoC4/cyfitter_cfg.c **** 			{(void CYFAR *)(CYDEV_UDB_DSI0_BASE), 1024u},
 277:.\Generated_Source\PSoC4/cyfitter_cfg.c **** 		};
 278:.\Generated_Source\PSoC4/cyfitter_cfg.c **** 
 279:.\Generated_Source\PSoC4/cyfitter_cfg.c **** 		uint8 CYDATA i;
 280:.\Generated_Source\PSoC4/cyfitter_cfg.c **** 
 281:.\Generated_Source\PSoC4/cyfitter_cfg.c **** 		/* Zero out critical memory blocks before beginning configuration */
 282:.\Generated_Source\PSoC4/cyfitter_cfg.c **** 		for (i = 0u; i < (sizeof(cfg_memset_list)/sizeof(cfg_memset_list[0])); i++)
 213              		.loc 1 282 0
 214 0060 0024     		mov	r4, #0
 215              	.LBB5:
 283:.\Generated_Source\PSoC4/cyfitter_cfg.c **** 		{
 284:.\Generated_Source\PSoC4/cyfitter_cfg.c **** 			const cfg_memset_t CYCODE * CYDATA ms = &cfg_memset_list[i];
 216              		.loc 1 284 0
 217 0062 244D     		ldr	r5, .L13
 218              	.LBE5:
 282:.\Generated_Source\PSoC4/cyfitter_cfg.c **** 		for (i = 0u; i < (sizeof(cfg_memset_list)/sizeof(cfg_memset_list[0])); i++)
 219              		.loc 1 282 0
ARM GAS  C:\Users\kbuchi\AppData\Local\Temp\ccPAFpTj.s 			page 10


 220 0064 0CE0     		b	.L11
 221              	.LVL18:
 222              	.L12:
 223              	.LBB6:
 224              		.loc 1 284 0 discriminator 2
 225 0066 6300     		lsl	r3, r4, #1
 226 0068 1B19     		add	r3, r3, r4
 227 006a 5B00     		lsl	r3, r3, #1
 228 006c EB18     		add	r3, r5, r3
 229              	.LVL19:
 285:.\Generated_Source\PSoC4/cyfitter_cfg.c **** 			CYMEMZERO(ms->address, (size_t)(uint32)(ms->size));
 230              		.loc 1 285 0 discriminator 2
 231 006e 9988     		ldrh	r1, [r3, #4]
 232 0070 1A88     		ldrh	r2, [r3]
 233 0072 5888     		ldrh	r0, [r3, #2]
 234 0074 0004     		lsl	r0, r0, #16
 235 0076 1043     		orr	r0, r2
 236 0078 FFF7FEFF 		bl	CYMEMZERO
 237              	.LVL20:
 238              	.LBE6:
 282:.\Generated_Source\PSoC4/cyfitter_cfg.c **** 		for (i = 0u; i < (sizeof(cfg_memset_list)/sizeof(cfg_memset_list[0])); i++)
 239              		.loc 1 282 0 discriminator 2
 240 007c 0134     		add	r4, r4, #1
 241              	.LVL21:
 242 007e E4B2     		uxtb	r4, r4
 243              	.LVL22:
 244              	.L11:
 282:.\Generated_Source\PSoC4/cyfitter_cfg.c **** 		for (i = 0u; i < (sizeof(cfg_memset_list)/sizeof(cfg_memset_list[0])); i++)
 245              		.loc 1 282 0 is_stmt 0 discriminator 1
 246 0080 012C     		cmp	r4, #1
 247 0082 F0D9     		bls	.L12
 286:.\Generated_Source\PSoC4/cyfitter_cfg.c **** 		}
 287:.\Generated_Source\PSoC4/cyfitter_cfg.c **** 
 288:.\Generated_Source\PSoC4/cyfitter_cfg.c **** 		cfg_write_bytes32(cy_cfg_addr_table, cy_cfg_data_table);
 248              		.loc 1 288 0 is_stmt 1
 249 0084 1B49     		ldr	r1, .L13
 250 0086 081C     		mov	r0, r1
 251 0088 0C30     		add	r0, r0, #12
 252 008a 1031     		add	r1, r1, #16
 253 008c FFF7FEFF 		bl	cfg_write_bytes32
 254              	.LVL23:
 289:.\Generated_Source\PSoC4/cyfitter_cfg.c **** 
 290:.\Generated_Source\PSoC4/cyfitter_cfg.c **** 		/* HSIOM Starting address: CYDEV_HSIOM_BASE */
 291:.\Generated_Source\PSoC4/cyfitter_cfg.c **** 		CY_SET_XTND_REG32((void CYFAR *)(CYREG_HSIOM_PORT_SEL3), 0x0000EE00u);
 255              		.loc 1 291 0
 256 0090 EE22     		mov	r2, #238
 257 0092 1202     		lsl	r2, r2, #8
 258 0094 184B     		ldr	r3, .L13+4
 259 0096 1A60     		str	r2, [r3]
 292:.\Generated_Source\PSoC4/cyfitter_cfg.c **** 
 293:.\Generated_Source\PSoC4/cyfitter_cfg.c **** 		/* UDB_PA_0 Starting address: CYDEV_UDB_PA0_BASE */
 294:.\Generated_Source\PSoC4/cyfitter_cfg.c **** 		CY_SET_XTND_REG32((void CYFAR *)(CYDEV_UDB_PA0_BASE), 0x00990000u);
 260              		.loc 1 294 0
 261 0098 9923     		mov	r3, #153
 262 009a 1B04     		lsl	r3, r3, #16
 263 009c 174A     		ldr	r2, .L13+8
 264 009e 1360     		str	r3, [r2]
ARM GAS  C:\Users\kbuchi\AppData\Local\Temp\ccPAFpTj.s 			page 11


 295:.\Generated_Source\PSoC4/cyfitter_cfg.c **** 		CY_SET_XTND_REG32((void CYFAR *)(CYREG_UDB_PA0_CFG4), 0x80000000u);
 265              		.loc 1 295 0
 266 00a0 8021     		mov	r1, #128
 267 00a2 0906     		lsl	r1, r1, #24
 268 00a4 164A     		ldr	r2, .L13+12
 269 00a6 1160     		str	r1, [r2]
 296:.\Generated_Source\PSoC4/cyfitter_cfg.c **** 
 297:.\Generated_Source\PSoC4/cyfitter_cfg.c **** 		/* UDB_PA_1 Starting address: CYDEV_UDB_PA1_BASE */
 298:.\Generated_Source\PSoC4/cyfitter_cfg.c **** 		CY_SET_XTND_REG32((void CYFAR *)(CYDEV_UDB_PA1_BASE), 0x00990000u);
 270              		.loc 1 298 0
 271 00a8 164A     		ldr	r2, .L13+16
 272 00aa 1360     		str	r3, [r2]
 299:.\Generated_Source\PSoC4/cyfitter_cfg.c **** 
 300:.\Generated_Source\PSoC4/cyfitter_cfg.c **** 		/* UDB_PA_3 Starting address: CYDEV_UDB_PA3_BASE */
 301:.\Generated_Source\PSoC4/cyfitter_cfg.c **** 		CY_SET_XTND_REG32((void CYFAR *)(CYDEV_UDB_PA3_BASE), 0x00990000u);
 273              		.loc 1 301 0
 274 00ac 164A     		ldr	r2, .L13+20
 275 00ae 1360     		str	r3, [r2]
 302:.\Generated_Source\PSoC4/cyfitter_cfg.c **** 
 303:.\Generated_Source\PSoC4/cyfitter_cfg.c **** 		/* Enable digital routing */
 304:.\Generated_Source\PSoC4/cyfitter_cfg.c **** 		CY_SET_XTND_REG8((void *)CYREG_UDB_UDBIF_BANK_CTL, CY_GET_XTND_REG8((void *)CYREG_UDB_UDBIF_BANK_
 276              		.loc 1 304 0
 277 00b0 164B     		ldr	r3, .L13+24
 278 00b2 1978     		ldrb	r1, [r3]
 279 00b4 0222     		mov	r2, #2
 280 00b6 0A43     		orr	r2, r1
 281 00b8 1A70     		strb	r2, [r3]
 305:.\Generated_Source\PSoC4/cyfitter_cfg.c **** 
 306:.\Generated_Source\PSoC4/cyfitter_cfg.c **** 		/* Enable UDB array */
 307:.\Generated_Source\PSoC4/cyfitter_cfg.c **** 		CY_SET_XTND_REG8((void *)CYREG_UDB_UDBIF_WAIT_CFG, (uint8)((CY_GET_XTND_REG8((void *)CYREG_UDB_UD
 282              		.loc 1 307 0
 283 00ba 154A     		ldr	r2, .L13+28
 284 00bc 1178     		ldrb	r1, [r2]
 285 00be 3C20     		mov	r0, #60
 286 00c0 8143     		bic	r1, r0
 287 00c2 1420     		mov	r0, #20
 288 00c4 0143     		orr	r1, r0
 289 00c6 1170     		strb	r1, [r2]
 308:.\Generated_Source\PSoC4/cyfitter_cfg.c **** 		CY_SET_XTND_REG8((void *)CYREG_UDB_UDBIF_BANK_CTL, (uint8)(CY_GET_XTND_REG8((void *)CYREG_UDB_UDB
 290              		.loc 1 308 0
 291 00c8 1978     		ldrb	r1, [r3]
 292 00ca 1622     		mov	r2, #22
 293 00cc 0A43     		orr	r2, r1
 294 00ce 1A70     		strb	r2, [r3]
 295              	.LBE4:
 309:.\Generated_Source\PSoC4/cyfitter_cfg.c **** 	}
 310:.\Generated_Source\PSoC4/cyfitter_cfg.c **** 
 311:.\Generated_Source\PSoC4/cyfitter_cfg.c **** 	/* Perform second pass device configuration. These items must be configured in specific order afte
 312:.\Generated_Source\PSoC4/cyfitter_cfg.c **** 	/* IOPINS0_0 Starting address: CYDEV_PRT0_DR */
 313:.\Generated_Source\PSoC4/cyfitter_cfg.c **** 	CY_SET_XTND_REG32((void CYFAR *)(CYREG_PRT0_DR), 0x00000080u);
 296              		.loc 1 313 0
 297 00d0 8022     		mov	r2, #128
 298 00d2 104B     		ldr	r3, .L13+32
 299 00d4 1A60     		str	r2, [r3]
 314:.\Generated_Source\PSoC4/cyfitter_cfg.c **** 	CY_SET_XTND_REG32((void CYFAR *)(CYREG_PRT0_PC), 0x00400000u);
 300              		.loc 1 314 0
 301 00d6 D203     		lsl	r2, r2, #15
ARM GAS  C:\Users\kbuchi\AppData\Local\Temp\ccPAFpTj.s 			page 12


 302 00d8 0F4B     		ldr	r3, .L13+36
 303 00da 1A60     		str	r2, [r3]
 315:.\Generated_Source\PSoC4/cyfitter_cfg.c **** 
 316:.\Generated_Source\PSoC4/cyfitter_cfg.c **** 	/* IOPINS0_1 Starting address: CYDEV_PRT1_DR */
 317:.\Generated_Source\PSoC4/cyfitter_cfg.c **** 	CY_SET_XTND_REG32((void CYFAR *)(CYREG_PRT1_PC), 0x00180000u);
 304              		.loc 1 317 0
 305 00dc C022     		mov	r2, #192
 306 00de 5203     		lsl	r2, r2, #13
 307 00e0 0E4B     		ldr	r3, .L13+40
 308 00e2 1A60     		str	r2, [r3]
 318:.\Generated_Source\PSoC4/cyfitter_cfg.c **** 
 319:.\Generated_Source\PSoC4/cyfitter_cfg.c **** 	/* IOPINS0_3 Starting address: CYDEV_PRT3_DR */
 320:.\Generated_Source\PSoC4/cyfitter_cfg.c **** 	CY_SET_XTND_REG32((void CYFAR *)(CYREG_PRT3_PC), 0x00000D80u);
 309              		.loc 1 320 0
 310 00e4 D822     		mov	r2, #216
 311 00e6 1201     		lsl	r2, r2, #4
 312 00e8 0D4B     		ldr	r3, .L13+44
 313 00ea 1A60     		str	r2, [r3]
 321:.\Generated_Source\PSoC4/cyfitter_cfg.c **** 
 322:.\Generated_Source\PSoC4/cyfitter_cfg.c **** 	/* Setup clocks based on selections from Clock DWR */
 323:.\Generated_Source\PSoC4/cyfitter_cfg.c **** 	ClockSetup();
 314              		.loc 1 323 0
 315 00ec FFF788FF 		bl	ClockSetup
 316              	.LVL24:
 324:.\Generated_Source\PSoC4/cyfitter_cfg.c **** 
 325:.\Generated_Source\PSoC4/cyfitter_cfg.c **** 	/* Perform basic analog initialization to defaults */
 326:.\Generated_Source\PSoC4/cyfitter_cfg.c **** 	AnalogSetDefault();
 327:.\Generated_Source\PSoC4/cyfitter_cfg.c **** 
 328:.\Generated_Source\PSoC4/cyfitter_cfg.c **** }
 317              		.loc 1 328 0
 318              		@ sp needed
 319              	.LVL25:
 320 00f0 38BD     		pop	{r3, r4, r5, pc}
 321              	.L14:
 322 00f2 C046     		.align	2
 323              	.L13:
 324 00f4 00000000 		.word	.LANCHOR0
 325 00f8 0C000140 		.word	1073807372
 326 00fc 00500F40 		.word	1074745344
 327 0100 04500F40 		.word	1074745348
 328 0104 10500F40 		.word	1074745360
 329 0108 30500F40 		.word	1074745392
 330 010c 00700F40 		.word	1074753536
 331 0110 01700F40 		.word	1074753537
 332 0114 00000440 		.word	1074003968
 333 0118 08000440 		.word	1074003976
 334 011c 08010440 		.word	1074004232
 335 0120 08030440 		.word	1074004744
 336              		.cfi_endproc
 337              	.LFE6:
 338              		.size	cyfitter_cfg, .-cyfitter_cfg
 339              		.section	.rodata
 340              		.align	2
 341              		.set	.LANCHOR0,. + 0
 342              		.type	cfg_memset_list.4740, %object
 343              		.size	cfg_memset_list.4740, 12
 344              	cfg_memset_list.4740:
ARM GAS  C:\Users\kbuchi\AppData\Local\Temp\ccPAFpTj.s 			page 13


 345 0000 00300F40 		.word	1074737152
 346 0004 0004     		.short	1024
 347 0006 00400F40 		.4byte	1074741248
 348 000a 0004     		.short	1024
 349              		.type	cy_cfg_addr_table.4734, %object
 350              		.size	cy_cfg_addr_table.4734, 4
 351              	cy_cfg_addr_table.4734:
 352 000c 02600F40 		.word	1074749442
 353              		.type	cy_cfg_data_table.4735, %object
 354              		.size	cy_cfg_data_table.4735, 4
 355              	cy_cfg_data_table.4735:
 356 0010 02       		.byte	2
 357 0011 01       		.byte	1
 358 0012 11       		.byte	17
 359 0013 01       		.byte	1
 360              		.text
 361              	.Letext0:
 362              		.file 2 "c:\\works\\programs\\psoc_creator\\psoc creator\\3.2\\psoc_creator\\import\\gnu\\arm\\4.8
 363              		.file 3 ".\\Generated_Source\\PSoC4\\cytypes.h"
 364              		.file 4 ".\\Generated_Source\\PSoC4\\CyLib.h"
 365              		.section	.debug_info,"",%progbits
 366              	.Ldebug_info0:
 367 0000 A7030000 		.4byte	0x3a7
 368 0004 0400     		.2byte	0x4
 369 0006 00000000 		.4byte	.Ldebug_abbrev0
 370 000a 04       		.byte	0x4
 371 000b 01       		.uleb128 0x1
 372 000c 30010000 		.4byte	.LASF38
 373 0010 01       		.byte	0x1
 374 0011 D8010000 		.4byte	.LASF39
 375 0015 74020000 		.4byte	.LASF40
 376 0019 30000000 		.4byte	.Ldebug_ranges0+0x30
 377 001d 00000000 		.4byte	0
 378 0021 00000000 		.4byte	.Ldebug_line0
 379 0025 02       		.uleb128 0x2
 380 0026 04       		.byte	0x4
 381 0027 05       		.byte	0x5
 382 0028 696E7400 		.ascii	"int\000"
 383 002c 03       		.uleb128 0x3
 384 002d 06000000 		.4byte	.LASF11
 385 0031 02       		.byte	0x2
 386 0032 D4       		.byte	0xd4
 387 0033 37000000 		.4byte	0x37
 388 0037 04       		.uleb128 0x4
 389 0038 04       		.byte	0x4
 390 0039 07       		.byte	0x7
 391 003a F7000000 		.4byte	.LASF0
 392 003e 04       		.uleb128 0x4
 393 003f 01       		.byte	0x1
 394 0040 06       		.byte	0x6
 395 0041 55020000 		.4byte	.LASF1
 396 0045 04       		.uleb128 0x4
 397 0046 01       		.byte	0x1
 398 0047 08       		.byte	0x8
 399 0048 99000000 		.4byte	.LASF2
 400 004c 04       		.uleb128 0x4
 401 004d 02       		.byte	0x2
ARM GAS  C:\Users\kbuchi\AppData\Local\Temp\ccPAFpTj.s 			page 14


 402 004e 05       		.byte	0x5
 403 004f 2D020000 		.4byte	.LASF3
 404 0053 04       		.uleb128 0x4
 405 0054 02       		.byte	0x2
 406 0055 07       		.byte	0x7
 407 0056 61020000 		.4byte	.LASF4
 408 005a 04       		.uleb128 0x4
 409 005b 04       		.byte	0x4
 410 005c 05       		.byte	0x5
 411 005d 4C020000 		.4byte	.LASF5
 412 0061 04       		.uleb128 0x4
 413 0062 04       		.byte	0x4
 414 0063 07       		.byte	0x7
 415 0064 77000000 		.4byte	.LASF6
 416 0068 04       		.uleb128 0x4
 417 0069 08       		.byte	0x8
 418 006a 05       		.byte	0x5
 419 006b 00020000 		.4byte	.LASF7
 420 006f 04       		.uleb128 0x4
 421 0070 08       		.byte	0x8
 422 0071 07       		.byte	0x7
 423 0072 19010000 		.4byte	.LASF8
 424 0076 04       		.uleb128 0x4
 425 0077 04       		.byte	0x4
 426 0078 07       		.byte	0x7
 427 0079 CF010000 		.4byte	.LASF9
 428 007d 05       		.uleb128 0x5
 429 007e 04       		.byte	0x4
 430 007f 06       		.uleb128 0x6
 431 0080 04       		.byte	0x4
 432 0081 85000000 		.4byte	0x85
 433 0085 07       		.uleb128 0x7
 434 0086 04       		.uleb128 0x4
 435 0087 01       		.byte	0x1
 436 0088 08       		.byte	0x8
 437 0089 0E020000 		.4byte	.LASF10
 438 008d 03       		.uleb128 0x3
 439 008e 89000000 		.4byte	.LASF12
 440 0092 03       		.byte	0x3
 441 0093 B3       		.byte	0xb3
 442 0094 45000000 		.4byte	0x45
 443 0098 03       		.uleb128 0x3
 444 0099 DE000000 		.4byte	.LASF13
 445 009d 03       		.byte	0x3
 446 009e B4       		.byte	0xb4
 447 009f 53000000 		.4byte	0x53
 448 00a3 03       		.uleb128 0x3
 449 00a4 F0000000 		.4byte	.LASF14
 450 00a8 03       		.byte	0x3
 451 00a9 B5       		.byte	0xb5
 452 00aa 61000000 		.4byte	0x61
 453 00ae 04       		.uleb128 0x4
 454 00af 04       		.byte	0x4
 455 00b0 04       		.byte	0x4
 456 00b1 57000000 		.4byte	.LASF15
 457 00b5 04       		.uleb128 0x4
 458 00b6 08       		.byte	0x8
ARM GAS  C:\Users\kbuchi\AppData\Local\Temp\ccPAFpTj.s 			page 15


 459 00b7 04       		.byte	0x4
 460 00b8 AE000000 		.4byte	.LASF16
 461 00bc 08       		.uleb128 0x8
 462 00bd 72000000 		.4byte	.LASF17
 463 00c1 03       		.byte	0x3
 464 00c2 5D01     		.2byte	0x15d
 465 00c4 C8000000 		.4byte	0xc8
 466 00c8 09       		.uleb128 0x9
 467 00c9 8D000000 		.4byte	0x8d
 468 00cd 08       		.uleb128 0x8
 469 00ce 00000000 		.4byte	.LASF18
 470 00d2 03       		.byte	0x3
 471 00d3 5F01     		.2byte	0x15f
 472 00d5 D9000000 		.4byte	0xd9
 473 00d9 09       		.uleb128 0x9
 474 00da A3000000 		.4byte	0xa3
 475 00de 08       		.uleb128 0x8
 476 00df AC010000 		.4byte	.LASF19
 477 00e3 03       		.byte	0x3
 478 00e4 6F01     		.2byte	0x16f
 479 00e6 7F000000 		.4byte	0x7f
 480 00ea 0A       		.uleb128 0xa
 481 00eb 02       		.byte	0x2
 482 00ec 01       		.byte	0x1
 483 00ed 7D       		.byte	0x7d
 484 00ee 0B010000 		.4byte	0x10b
 485 00f2 0B       		.uleb128 0xb
 486 00f3 26020000 		.4byte	.LASF20
 487 00f7 01       		.byte	0x1
 488 00f8 7F       		.byte	0x7f
 489 00f9 8D000000 		.4byte	0x8d
 490 00fd 00       		.byte	0
 491 00fe 0B       		.uleb128 0xb
 492 00ff 1C000000 		.4byte	.LASF21
 493 0103 01       		.byte	0x1
 494 0104 80       		.byte	0x80
 495 0105 8D000000 		.4byte	0x8d
 496 0109 01       		.byte	0x1
 497 010a 00       		.byte	0
 498 010b 03       		.uleb128 0x3
 499 010c 13020000 		.4byte	.LASF22
 500 0110 01       		.byte	0x1
 501 0111 81       		.byte	0x81
 502 0112 EA000000 		.4byte	0xea
 503 0116 0C       		.uleb128 0xc
 504 0117 B5000000 		.4byte	.LASF27
 505 011b 01       		.byte	0x1
 506 011c 94       		.byte	0x94
 507 011d 00000000 		.4byte	.LFB3
 508 0121 36000000 		.4byte	.LFE3-.LFB3
 509 0125 01       		.uleb128 0x1
 510 0126 9C       		.byte	0x9c
 511 0127 84010000 		.4byte	0x184
 512 012b 0D       		.uleb128 0xd
 513 012c D3000000 		.4byte	.LASF23
 514 0130 01       		.byte	0x1
 515 0131 94       		.byte	0x94
ARM GAS  C:\Users\kbuchi\AppData\Local\Temp\ccPAFpTj.s 			page 16


 516 0132 84010000 		.4byte	0x184
 517 0136 01       		.uleb128 0x1
 518 0137 50       		.byte	0x50
 519 0138 0D       		.uleb128 0xd
 520 0139 E5000000 		.4byte	.LASF24
 521 013d 01       		.byte	0x1
 522 013e 94       		.byte	0x94
 523 013f 8F010000 		.4byte	0x18f
 524 0143 01       		.uleb128 0x1
 525 0144 51       		.byte	0x51
 526 0145 0E       		.uleb128 0xe
 527 0146 6900     		.ascii	"i\000"
 528 0148 01       		.byte	0x1
 529 0149 97       		.byte	0x97
 530 014a A3000000 		.4byte	0xa3
 531 014e 00000000 		.4byte	.LLST0
 532 0152 0E       		.uleb128 0xe
 533 0153 6A00     		.ascii	"j\000"
 534 0155 01       		.byte	0x1
 535 0156 97       		.byte	0x97
 536 0157 A3000000 		.4byte	0xa3
 537 015b 1F000000 		.4byte	.LLST1
 538 015f 0F       		.uleb128 0xf
 539 0160 00000000 		.4byte	.Ldebug_ranges0+0
 540 0164 10       		.uleb128 0x10
 541 0165 C6010000 		.4byte	.LASF25
 542 0169 01       		.byte	0x1
 543 016a 9A       		.byte	0x9a
 544 016b A3000000 		.4byte	0xa3
 545 016f 3E000000 		.4byte	.LLST2
 546 0173 10       		.uleb128 0x10
 547 0174 22000000 		.4byte	.LASF26
 548 0178 01       		.byte	0x1
 549 0179 9B       		.byte	0x9b
 550 017a 8D000000 		.4byte	0x8d
 551 017e 51000000 		.4byte	.LLST3
 552 0182 00       		.byte	0
 553 0183 00       		.byte	0
 554 0184 06       		.uleb128 0x6
 555 0185 04       		.byte	0x4
 556 0186 8A010000 		.4byte	0x18a
 557 018a 11       		.uleb128 0x11
 558 018b A3000000 		.4byte	0xa3
 559 018f 06       		.uleb128 0x6
 560 0190 04       		.byte	0x4
 561 0191 95010000 		.4byte	0x195
 562 0195 11       		.uleb128 0x11
 563 0196 0B010000 		.4byte	0x10b
 564 019a 0C       		.uleb128 0xc
 565 019b 8F000000 		.4byte	.LASF28
 566 019f 01       		.byte	0x1
 567 01a0 3B       		.byte	0x3b
 568 01a1 00000000 		.4byte	.LFB0
 569 01a5 0C000000 		.4byte	.LFE0-.LFB0
 570 01a9 01       		.uleb128 0x1
 571 01aa 9C       		.byte	0x9c
 572 01ab E7010000 		.4byte	0x1e7
ARM GAS  C:\Users\kbuchi\AppData\Local\Temp\ccPAFpTj.s 			page 17


 573 01af 12       		.uleb128 0x12
 574 01b0 7300     		.ascii	"s\000"
 575 01b2 01       		.byte	0x1
 576 01b3 3B       		.byte	0x3b
 577 01b4 7D000000 		.4byte	0x7d
 578 01b8 87000000 		.4byte	.LLST4
 579 01bc 12       		.uleb128 0x12
 580 01bd 6E00     		.ascii	"n\000"
 581 01bf 01       		.byte	0x1
 582 01c0 3B       		.byte	0x3b
 583 01c1 2C000000 		.4byte	0x2c
 584 01c5 A8000000 		.4byte	.LLST5
 585 01c9 13       		.uleb128 0x13
 586 01ca 0A000000 		.4byte	.LVL13
 587 01ce 55030000 		.4byte	0x355
 588 01d2 14       		.uleb128 0x14
 589 01d3 01       		.uleb128 0x1
 590 01d4 52       		.byte	0x52
 591 01d5 03       		.uleb128 0x3
 592 01d6 F3       		.byte	0xf3
 593 01d7 01       		.uleb128 0x1
 594 01d8 51       		.byte	0x51
 595 01d9 14       		.uleb128 0x14
 596 01da 01       		.uleb128 0x1
 597 01db 51       		.byte	0x51
 598 01dc 01       		.uleb128 0x1
 599 01dd 30       		.byte	0x30
 600 01de 14       		.uleb128 0x14
 601 01df 01       		.uleb128 0x1
 602 01e0 50       		.byte	0x50
 603 01e1 03       		.uleb128 0x3
 604 01e2 F3       		.byte	0xf3
 605 01e3 01       		.uleb128 0x1
 606 01e4 50       		.byte	0x50
 607 01e5 00       		.byte	0
 608 01e6 00       		.byte	0
 609 01e7 0C       		.uleb128 0xc
 610 01e8 28000000 		.4byte	.LASF29
 611 01ec 01       		.byte	0x1
 612 01ed B9       		.byte	0xb9
 613 01ee 00000000 		.4byte	.LFB4
 614 01f2 5C000000 		.4byte	.LFE4-.LFB4
 615 01f6 01       		.uleb128 0x1
 616 01f7 9C       		.byte	0x9c
 617 01f8 32020000 		.4byte	0x232
 618 01fc 15       		.uleb128 0x15
 619 01fd 14000000 		.4byte	.LVL14
 620 0201 72030000 		.4byte	0x372
 621 0205 0F020000 		.4byte	0x20f
 622 0209 14       		.uleb128 0x14
 623 020a 01       		.uleb128 0x1
 624 020b 50       		.byte	0x50
 625 020c 01       		.uleb128 0x1
 626 020d 48       		.byte	0x48
 627 020e 00       		.byte	0
 628 020f 15       		.uleb128 0x15
 629 0210 32000000 		.4byte	.LVL15
ARM GAS  C:\Users\kbuchi\AppData\Local\Temp\ccPAFpTj.s 			page 18


 630 0214 83030000 		.4byte	0x383
 631 0218 22020000 		.4byte	0x222
 632 021c 14       		.uleb128 0x14
 633 021d 01       		.uleb128 0x1
 634 021e 50       		.byte	0x50
 635 021f 01       		.uleb128 0x1
 636 0220 39       		.byte	0x39
 637 0221 00       		.byte	0
 638 0222 13       		.uleb128 0x13
 639 0223 38000000 		.4byte	.LVL16
 640 0227 9D030000 		.4byte	0x39d
 641 022b 14       		.uleb128 0x14
 642 022c 01       		.uleb128 0x1
 643 022d 50       		.byte	0x50
 644 022e 01       		.uleb128 0x1
 645 022f 39       		.byte	0x39
 646 0230 00       		.byte	0
 647 0231 00       		.byte	0
 648 0232 16       		.uleb128 0x16
 649 0233 04010000 		.4byte	.LASF41
 650 0237 01       		.byte	0x1
 651 0238 FB       		.byte	0xfb
 652 0239 5C000000 		.4byte	.LFB6
 653 023d C8000000 		.4byte	.LFE6-.LFB6
 654 0241 01       		.uleb128 0x1
 655 0242 9C       		.byte	0x9c
 656 0243 2B030000 		.4byte	0x32b
 657 0247 17       		.uleb128 0x17
 658 0248 60000000 		.4byte	.LBB4
 659 024c 70000000 		.4byte	.LBE4-.LBB4
 660 0250 21030000 		.4byte	0x321
 661 0254 18       		.uleb128 0x18
 662 0255 33000000 		.4byte	.LASF30
 663 0259 01       		.byte	0x1
 664 025a 0101     		.2byte	0x101
 665 025c 3B030000 		.4byte	0x33b
 666 0260 05       		.uleb128 0x5
 667 0261 03       		.byte	0x3
 668 0262 0C000000 		.4byte	cy_cfg_addr_table.4734
 669 0266 18       		.uleb128 0x18
 670 0267 45000000 		.4byte	.LASF31
 671 026b 01       		.byte	0x1
 672 026c 0501     		.2byte	0x105
 673 026e 50030000 		.4byte	0x350
 674 0272 05       		.uleb128 0x5
 675 0273 03       		.byte	0x3
 676 0274 10000000 		.4byte	cy_cfg_data_table.4735
 677 0278 19       		.uleb128 0x19
 678 0279 06       		.byte	0x6
 679 027a 01       		.byte	0x1
 680 027b 0C01     		.2byte	0x10c
 681 027d 9C020000 		.4byte	0x29c
 682 0281 1A       		.uleb128 0x1a
 683 0282 11010000 		.4byte	.LASF32
 684 0286 01       		.byte	0x1
 685 0287 0D01     		.2byte	0x10d
 686 0289 7D000000 		.4byte	0x7d
ARM GAS  C:\Users\kbuchi\AppData\Local\Temp\ccPAFpTj.s 			page 19


 687 028d 00       		.byte	0
 688 028e 1A       		.uleb128 0x1a
 689 028f 6D000000 		.4byte	.LASF33
 690 0293 01       		.byte	0x1
 691 0294 0E01     		.2byte	0x10e
 692 0296 98000000 		.4byte	0x98
 693 029a 04       		.byte	0x4
 694 029b 00       		.byte	0
 695 029c 08       		.uleb128 0x8
 696 029d B9010000 		.4byte	.LASF34
 697 02a1 01       		.byte	0x1
 698 02a2 0F01     		.2byte	0x10f
 699 02a4 78020000 		.4byte	0x278
 700 02a8 1B       		.uleb128 0x1b
 701 02a9 9C020000 		.4byte	0x29c
 702 02ad B8020000 		.4byte	0x2b8
 703 02b1 1C       		.uleb128 0x1c
 704 02b2 76000000 		.4byte	0x76
 705 02b6 01       		.byte	0x1
 706 02b7 00       		.byte	0
 707 02b8 18       		.uleb128 0x18
 708 02b9 5D000000 		.4byte	.LASF35
 709 02bd 01       		.byte	0x1
 710 02be 1101     		.2byte	0x111
 711 02c0 CA020000 		.4byte	0x2ca
 712 02c4 05       		.uleb128 0x5
 713 02c5 03       		.byte	0x3
 714 02c6 00000000 		.4byte	cfg_memset_list.4740
 715 02ca 11       		.uleb128 0x11
 716 02cb A8020000 		.4byte	0x2a8
 717 02cf 1D       		.uleb128 0x1d
 718 02d0 6900     		.ascii	"i\000"
 719 02d2 01       		.byte	0x1
 720 02d3 1701     		.2byte	0x117
 721 02d5 8D000000 		.4byte	0x8d
 722 02d9 D4000000 		.4byte	.LLST6
 723 02dd 1E       		.uleb128 0x1e
 724 02de 18000000 		.4byte	.Ldebug_ranges0+0x18
 725 02e2 0A030000 		.4byte	0x30a
 726 02e6 1D       		.uleb128 0x1d
 727 02e7 6D7300   		.ascii	"ms\000"
 728 02ea 01       		.byte	0x1
 729 02eb 1C01     		.2byte	0x11c
 730 02ed F5020000 		.4byte	0x2f5
 731 02f1 0B010000 		.4byte	.LLST7
 732 02f5 06       		.uleb128 0x6
 733 02f6 04       		.byte	0x4
 734 02f7 FB020000 		.4byte	0x2fb
 735 02fb 11       		.uleb128 0x11
 736 02fc 9C020000 		.4byte	0x29c
 737 0300 1F       		.uleb128 0x1f
 738 0301 7C000000 		.4byte	.LVL20
 739 0305 9A010000 		.4byte	0x19a
 740 0309 00       		.byte	0
 741 030a 13       		.uleb128 0x13
 742 030b 90000000 		.4byte	.LVL23
 743 030f 16010000 		.4byte	0x116
ARM GAS  C:\Users\kbuchi\AppData\Local\Temp\ccPAFpTj.s 			page 20


 744 0313 14       		.uleb128 0x14
 745 0314 01       		.uleb128 0x1
 746 0315 51       		.byte	0x51
 747 0316 02       		.uleb128 0x2
 748 0317 75       		.byte	0x75
 749 0318 10       		.sleb128 16
 750 0319 14       		.uleb128 0x14
 751 031a 01       		.uleb128 0x1
 752 031b 50       		.byte	0x50
 753 031c 02       		.uleb128 0x2
 754 031d 75       		.byte	0x75
 755 031e 0C       		.sleb128 12
 756 031f 00       		.byte	0
 757 0320 00       		.byte	0
 758 0321 1F       		.uleb128 0x1f
 759 0322 F0000000 		.4byte	.LVL24
 760 0326 E7010000 		.4byte	0x1e7
 761 032a 00       		.byte	0
 762 032b 1B       		.uleb128 0x1b
 763 032c A3000000 		.4byte	0xa3
 764 0330 3B030000 		.4byte	0x33b
 765 0334 1C       		.uleb128 0x1c
 766 0335 76000000 		.4byte	0x76
 767 0339 00       		.byte	0
 768 033a 00       		.byte	0
 769 033b 11       		.uleb128 0x11
 770 033c 2B030000 		.4byte	0x32b
 771 0340 1B       		.uleb128 0x1b
 772 0341 0B010000 		.4byte	0x10b
 773 0345 50030000 		.4byte	0x350
 774 0349 1C       		.uleb128 0x1c
 775 034a 76000000 		.4byte	0x76
 776 034e 01       		.byte	0x1
 777 034f 00       		.byte	0
 778 0350 11       		.uleb128 0x11
 779 0351 40030000 		.4byte	0x340
 780 0355 20       		.uleb128 0x20
 781 0356 A7000000 		.4byte	.LASF36
 782 035a 7D000000 		.4byte	0x7d
 783 035e 72030000 		.4byte	0x372
 784 0362 21       		.uleb128 0x21
 785 0363 7D000000 		.4byte	0x7d
 786 0367 21       		.uleb128 0x21
 787 0368 25000000 		.4byte	0x25
 788 036c 21       		.uleb128 0x21
 789 036d 76000000 		.4byte	0x76
 790 0371 00       		.byte	0
 791 0372 22       		.uleb128 0x22
 792 0373 37020000 		.4byte	.LASF37
 793 0377 04       		.byte	0x4
 794 0378 31       		.byte	0x31
 795 0379 83030000 		.4byte	0x383
 796 037d 21       		.uleb128 0x21
 797 037e A3000000 		.4byte	0xa3
 798 0382 00       		.byte	0
 799 0383 23       		.uleb128 0x23
 800 0384 0D000000 		.4byte	.LASF42
ARM GAS  C:\Users\kbuchi\AppData\Local\Temp\ccPAFpTj.s 			page 21


 801 0388 04       		.byte	0x4
 802 0389 46       		.byte	0x46
 803 038a DE000000 		.4byte	0xde
 804 038e 9D030000 		.4byte	0x39d
 805 0392 21       		.uleb128 0x21
 806 0393 8D000000 		.4byte	0x8d
 807 0397 21       		.uleb128 0x21
 808 0398 DE000000 		.4byte	0xde
 809 039c 00       		.byte	0
 810 039d 24       		.uleb128 0x24
 811 039e C7000000 		.4byte	.LASF43
 812 03a2 04       		.byte	0x4
 813 03a3 4C       		.byte	0x4c
 814 03a4 21       		.uleb128 0x21
 815 03a5 8D000000 		.4byte	0x8d
 816 03a9 00       		.byte	0
 817 03aa 00       		.byte	0
 818              		.section	.debug_abbrev,"",%progbits
 819              	.Ldebug_abbrev0:
 820 0000 01       		.uleb128 0x1
 821 0001 11       		.uleb128 0x11
 822 0002 01       		.byte	0x1
 823 0003 25       		.uleb128 0x25
 824 0004 0E       		.uleb128 0xe
 825 0005 13       		.uleb128 0x13
 826 0006 0B       		.uleb128 0xb
 827 0007 03       		.uleb128 0x3
 828 0008 0E       		.uleb128 0xe
 829 0009 1B       		.uleb128 0x1b
 830 000a 0E       		.uleb128 0xe
 831 000b 55       		.uleb128 0x55
 832 000c 17       		.uleb128 0x17
 833 000d 11       		.uleb128 0x11
 834 000e 01       		.uleb128 0x1
 835 000f 10       		.uleb128 0x10
 836 0010 17       		.uleb128 0x17
 837 0011 00       		.byte	0
 838 0012 00       		.byte	0
 839 0013 02       		.uleb128 0x2
 840 0014 24       		.uleb128 0x24
 841 0015 00       		.byte	0
 842 0016 0B       		.uleb128 0xb
 843 0017 0B       		.uleb128 0xb
 844 0018 3E       		.uleb128 0x3e
 845 0019 0B       		.uleb128 0xb
 846 001a 03       		.uleb128 0x3
 847 001b 08       		.uleb128 0x8
 848 001c 00       		.byte	0
 849 001d 00       		.byte	0
 850 001e 03       		.uleb128 0x3
 851 001f 16       		.uleb128 0x16
 852 0020 00       		.byte	0
 853 0021 03       		.uleb128 0x3
 854 0022 0E       		.uleb128 0xe
 855 0023 3A       		.uleb128 0x3a
 856 0024 0B       		.uleb128 0xb
 857 0025 3B       		.uleb128 0x3b
ARM GAS  C:\Users\kbuchi\AppData\Local\Temp\ccPAFpTj.s 			page 22


 858 0026 0B       		.uleb128 0xb
 859 0027 49       		.uleb128 0x49
 860 0028 13       		.uleb128 0x13
 861 0029 00       		.byte	0
 862 002a 00       		.byte	0
 863 002b 04       		.uleb128 0x4
 864 002c 24       		.uleb128 0x24
 865 002d 00       		.byte	0
 866 002e 0B       		.uleb128 0xb
 867 002f 0B       		.uleb128 0xb
 868 0030 3E       		.uleb128 0x3e
 869 0031 0B       		.uleb128 0xb
 870 0032 03       		.uleb128 0x3
 871 0033 0E       		.uleb128 0xe
 872 0034 00       		.byte	0
 873 0035 00       		.byte	0
 874 0036 05       		.uleb128 0x5
 875 0037 0F       		.uleb128 0xf
 876 0038 00       		.byte	0
 877 0039 0B       		.uleb128 0xb
 878 003a 0B       		.uleb128 0xb
 879 003b 00       		.byte	0
 880 003c 00       		.byte	0
 881 003d 06       		.uleb128 0x6
 882 003e 0F       		.uleb128 0xf
 883 003f 00       		.byte	0
 884 0040 0B       		.uleb128 0xb
 885 0041 0B       		.uleb128 0xb
 886 0042 49       		.uleb128 0x49
 887 0043 13       		.uleb128 0x13
 888 0044 00       		.byte	0
 889 0045 00       		.byte	0
 890 0046 07       		.uleb128 0x7
 891 0047 15       		.uleb128 0x15
 892 0048 00       		.byte	0
 893 0049 27       		.uleb128 0x27
 894 004a 19       		.uleb128 0x19
 895 004b 00       		.byte	0
 896 004c 00       		.byte	0
 897 004d 08       		.uleb128 0x8
 898 004e 16       		.uleb128 0x16
 899 004f 00       		.byte	0
 900 0050 03       		.uleb128 0x3
 901 0051 0E       		.uleb128 0xe
 902 0052 3A       		.uleb128 0x3a
 903 0053 0B       		.uleb128 0xb
 904 0054 3B       		.uleb128 0x3b
 905 0055 05       		.uleb128 0x5
 906 0056 49       		.uleb128 0x49
 907 0057 13       		.uleb128 0x13
 908 0058 00       		.byte	0
 909 0059 00       		.byte	0
 910 005a 09       		.uleb128 0x9
 911 005b 35       		.uleb128 0x35
 912 005c 00       		.byte	0
 913 005d 49       		.uleb128 0x49
 914 005e 13       		.uleb128 0x13
ARM GAS  C:\Users\kbuchi\AppData\Local\Temp\ccPAFpTj.s 			page 23


 915 005f 00       		.byte	0
 916 0060 00       		.byte	0
 917 0061 0A       		.uleb128 0xa
 918 0062 13       		.uleb128 0x13
 919 0063 01       		.byte	0x1
 920 0064 0B       		.uleb128 0xb
 921 0065 0B       		.uleb128 0xb
 922 0066 3A       		.uleb128 0x3a
 923 0067 0B       		.uleb128 0xb
 924 0068 3B       		.uleb128 0x3b
 925 0069 0B       		.uleb128 0xb
 926 006a 01       		.uleb128 0x1
 927 006b 13       		.uleb128 0x13
 928 006c 00       		.byte	0
 929 006d 00       		.byte	0
 930 006e 0B       		.uleb128 0xb
 931 006f 0D       		.uleb128 0xd
 932 0070 00       		.byte	0
 933 0071 03       		.uleb128 0x3
 934 0072 0E       		.uleb128 0xe
 935 0073 3A       		.uleb128 0x3a
 936 0074 0B       		.uleb128 0xb
 937 0075 3B       		.uleb128 0x3b
 938 0076 0B       		.uleb128 0xb
 939 0077 49       		.uleb128 0x49
 940 0078 13       		.uleb128 0x13
 941 0079 38       		.uleb128 0x38
 942 007a 0B       		.uleb128 0xb
 943 007b 00       		.byte	0
 944 007c 00       		.byte	0
 945 007d 0C       		.uleb128 0xc
 946 007e 2E       		.uleb128 0x2e
 947 007f 01       		.byte	0x1
 948 0080 03       		.uleb128 0x3
 949 0081 0E       		.uleb128 0xe
 950 0082 3A       		.uleb128 0x3a
 951 0083 0B       		.uleb128 0xb
 952 0084 3B       		.uleb128 0x3b
 953 0085 0B       		.uleb128 0xb
 954 0086 27       		.uleb128 0x27
 955 0087 19       		.uleb128 0x19
 956 0088 11       		.uleb128 0x11
 957 0089 01       		.uleb128 0x1
 958 008a 12       		.uleb128 0x12
 959 008b 06       		.uleb128 0x6
 960 008c 40       		.uleb128 0x40
 961 008d 18       		.uleb128 0x18
 962 008e 9742     		.uleb128 0x2117
 963 0090 19       		.uleb128 0x19
 964 0091 01       		.uleb128 0x1
 965 0092 13       		.uleb128 0x13
 966 0093 00       		.byte	0
 967 0094 00       		.byte	0
 968 0095 0D       		.uleb128 0xd
 969 0096 05       		.uleb128 0x5
 970 0097 00       		.byte	0
 971 0098 03       		.uleb128 0x3
ARM GAS  C:\Users\kbuchi\AppData\Local\Temp\ccPAFpTj.s 			page 24


 972 0099 0E       		.uleb128 0xe
 973 009a 3A       		.uleb128 0x3a
 974 009b 0B       		.uleb128 0xb
 975 009c 3B       		.uleb128 0x3b
 976 009d 0B       		.uleb128 0xb
 977 009e 49       		.uleb128 0x49
 978 009f 13       		.uleb128 0x13
 979 00a0 02       		.uleb128 0x2
 980 00a1 18       		.uleb128 0x18
 981 00a2 00       		.byte	0
 982 00a3 00       		.byte	0
 983 00a4 0E       		.uleb128 0xe
 984 00a5 34       		.uleb128 0x34
 985 00a6 00       		.byte	0
 986 00a7 03       		.uleb128 0x3
 987 00a8 08       		.uleb128 0x8
 988 00a9 3A       		.uleb128 0x3a
 989 00aa 0B       		.uleb128 0xb
 990 00ab 3B       		.uleb128 0x3b
 991 00ac 0B       		.uleb128 0xb
 992 00ad 49       		.uleb128 0x49
 993 00ae 13       		.uleb128 0x13
 994 00af 02       		.uleb128 0x2
 995 00b0 17       		.uleb128 0x17
 996 00b1 00       		.byte	0
 997 00b2 00       		.byte	0
 998 00b3 0F       		.uleb128 0xf
 999 00b4 0B       		.uleb128 0xb
 1000 00b5 01       		.byte	0x1
 1001 00b6 55       		.uleb128 0x55
 1002 00b7 17       		.uleb128 0x17
 1003 00b8 00       		.byte	0
 1004 00b9 00       		.byte	0
 1005 00ba 10       		.uleb128 0x10
 1006 00bb 34       		.uleb128 0x34
 1007 00bc 00       		.byte	0
 1008 00bd 03       		.uleb128 0x3
 1009 00be 0E       		.uleb128 0xe
 1010 00bf 3A       		.uleb128 0x3a
 1011 00c0 0B       		.uleb128 0xb
 1012 00c1 3B       		.uleb128 0x3b
 1013 00c2 0B       		.uleb128 0xb
 1014 00c3 49       		.uleb128 0x49
 1015 00c4 13       		.uleb128 0x13
 1016 00c5 02       		.uleb128 0x2
 1017 00c6 17       		.uleb128 0x17
 1018 00c7 00       		.byte	0
 1019 00c8 00       		.byte	0
 1020 00c9 11       		.uleb128 0x11
 1021 00ca 26       		.uleb128 0x26
 1022 00cb 00       		.byte	0
 1023 00cc 49       		.uleb128 0x49
 1024 00cd 13       		.uleb128 0x13
 1025 00ce 00       		.byte	0
 1026 00cf 00       		.byte	0
 1027 00d0 12       		.uleb128 0x12
 1028 00d1 05       		.uleb128 0x5
ARM GAS  C:\Users\kbuchi\AppData\Local\Temp\ccPAFpTj.s 			page 25


 1029 00d2 00       		.byte	0
 1030 00d3 03       		.uleb128 0x3
 1031 00d4 08       		.uleb128 0x8
 1032 00d5 3A       		.uleb128 0x3a
 1033 00d6 0B       		.uleb128 0xb
 1034 00d7 3B       		.uleb128 0x3b
 1035 00d8 0B       		.uleb128 0xb
 1036 00d9 49       		.uleb128 0x49
 1037 00da 13       		.uleb128 0x13
 1038 00db 02       		.uleb128 0x2
 1039 00dc 17       		.uleb128 0x17
 1040 00dd 00       		.byte	0
 1041 00de 00       		.byte	0
 1042 00df 13       		.uleb128 0x13
 1043 00e0 898201   		.uleb128 0x4109
 1044 00e3 01       		.byte	0x1
 1045 00e4 11       		.uleb128 0x11
 1046 00e5 01       		.uleb128 0x1
 1047 00e6 31       		.uleb128 0x31
 1048 00e7 13       		.uleb128 0x13
 1049 00e8 00       		.byte	0
 1050 00e9 00       		.byte	0
 1051 00ea 14       		.uleb128 0x14
 1052 00eb 8A8201   		.uleb128 0x410a
 1053 00ee 00       		.byte	0
 1054 00ef 02       		.uleb128 0x2
 1055 00f0 18       		.uleb128 0x18
 1056 00f1 9142     		.uleb128 0x2111
 1057 00f3 18       		.uleb128 0x18
 1058 00f4 00       		.byte	0
 1059 00f5 00       		.byte	0
 1060 00f6 15       		.uleb128 0x15
 1061 00f7 898201   		.uleb128 0x4109
 1062 00fa 01       		.byte	0x1
 1063 00fb 11       		.uleb128 0x11
 1064 00fc 01       		.uleb128 0x1
 1065 00fd 31       		.uleb128 0x31
 1066 00fe 13       		.uleb128 0x13
 1067 00ff 01       		.uleb128 0x1
 1068 0100 13       		.uleb128 0x13
 1069 0101 00       		.byte	0
 1070 0102 00       		.byte	0
 1071 0103 16       		.uleb128 0x16
 1072 0104 2E       		.uleb128 0x2e
 1073 0105 01       		.byte	0x1
 1074 0106 3F       		.uleb128 0x3f
 1075 0107 19       		.uleb128 0x19
 1076 0108 03       		.uleb128 0x3
 1077 0109 0E       		.uleb128 0xe
 1078 010a 3A       		.uleb128 0x3a
 1079 010b 0B       		.uleb128 0xb
 1080 010c 3B       		.uleb128 0x3b
 1081 010d 0B       		.uleb128 0xb
 1082 010e 27       		.uleb128 0x27
 1083 010f 19       		.uleb128 0x19
 1084 0110 11       		.uleb128 0x11
 1085 0111 01       		.uleb128 0x1
ARM GAS  C:\Users\kbuchi\AppData\Local\Temp\ccPAFpTj.s 			page 26


 1086 0112 12       		.uleb128 0x12
 1087 0113 06       		.uleb128 0x6
 1088 0114 40       		.uleb128 0x40
 1089 0115 18       		.uleb128 0x18
 1090 0116 9742     		.uleb128 0x2117
 1091 0118 19       		.uleb128 0x19
 1092 0119 01       		.uleb128 0x1
 1093 011a 13       		.uleb128 0x13
 1094 011b 00       		.byte	0
 1095 011c 00       		.byte	0
 1096 011d 17       		.uleb128 0x17
 1097 011e 0B       		.uleb128 0xb
 1098 011f 01       		.byte	0x1
 1099 0120 11       		.uleb128 0x11
 1100 0121 01       		.uleb128 0x1
 1101 0122 12       		.uleb128 0x12
 1102 0123 06       		.uleb128 0x6
 1103 0124 01       		.uleb128 0x1
 1104 0125 13       		.uleb128 0x13
 1105 0126 00       		.byte	0
 1106 0127 00       		.byte	0
 1107 0128 18       		.uleb128 0x18
 1108 0129 34       		.uleb128 0x34
 1109 012a 00       		.byte	0
 1110 012b 03       		.uleb128 0x3
 1111 012c 0E       		.uleb128 0xe
 1112 012d 3A       		.uleb128 0x3a
 1113 012e 0B       		.uleb128 0xb
 1114 012f 3B       		.uleb128 0x3b
 1115 0130 05       		.uleb128 0x5
 1116 0131 49       		.uleb128 0x49
 1117 0132 13       		.uleb128 0x13
 1118 0133 02       		.uleb128 0x2
 1119 0134 18       		.uleb128 0x18
 1120 0135 00       		.byte	0
 1121 0136 00       		.byte	0
 1122 0137 19       		.uleb128 0x19
 1123 0138 13       		.uleb128 0x13
 1124 0139 01       		.byte	0x1
 1125 013a 0B       		.uleb128 0xb
 1126 013b 0B       		.uleb128 0xb
 1127 013c 3A       		.uleb128 0x3a
 1128 013d 0B       		.uleb128 0xb
 1129 013e 3B       		.uleb128 0x3b
 1130 013f 05       		.uleb128 0x5
 1131 0140 01       		.uleb128 0x1
 1132 0141 13       		.uleb128 0x13
 1133 0142 00       		.byte	0
 1134 0143 00       		.byte	0
 1135 0144 1A       		.uleb128 0x1a
 1136 0145 0D       		.uleb128 0xd
 1137 0146 00       		.byte	0
 1138 0147 03       		.uleb128 0x3
 1139 0148 0E       		.uleb128 0xe
 1140 0149 3A       		.uleb128 0x3a
 1141 014a 0B       		.uleb128 0xb
 1142 014b 3B       		.uleb128 0x3b
ARM GAS  C:\Users\kbuchi\AppData\Local\Temp\ccPAFpTj.s 			page 27


 1143 014c 05       		.uleb128 0x5
 1144 014d 49       		.uleb128 0x49
 1145 014e 13       		.uleb128 0x13
 1146 014f 38       		.uleb128 0x38
 1147 0150 0B       		.uleb128 0xb
 1148 0151 00       		.byte	0
 1149 0152 00       		.byte	0
 1150 0153 1B       		.uleb128 0x1b
 1151 0154 01       		.uleb128 0x1
 1152 0155 01       		.byte	0x1
 1153 0156 49       		.uleb128 0x49
 1154 0157 13       		.uleb128 0x13
 1155 0158 01       		.uleb128 0x1
 1156 0159 13       		.uleb128 0x13
 1157 015a 00       		.byte	0
 1158 015b 00       		.byte	0
 1159 015c 1C       		.uleb128 0x1c
 1160 015d 21       		.uleb128 0x21
 1161 015e 00       		.byte	0
 1162 015f 49       		.uleb128 0x49
 1163 0160 13       		.uleb128 0x13
 1164 0161 2F       		.uleb128 0x2f
 1165 0162 0B       		.uleb128 0xb
 1166 0163 00       		.byte	0
 1167 0164 00       		.byte	0
 1168 0165 1D       		.uleb128 0x1d
 1169 0166 34       		.uleb128 0x34
 1170 0167 00       		.byte	0
 1171 0168 03       		.uleb128 0x3
 1172 0169 08       		.uleb128 0x8
 1173 016a 3A       		.uleb128 0x3a
 1174 016b 0B       		.uleb128 0xb
 1175 016c 3B       		.uleb128 0x3b
 1176 016d 05       		.uleb128 0x5
 1177 016e 49       		.uleb128 0x49
 1178 016f 13       		.uleb128 0x13
 1179 0170 02       		.uleb128 0x2
 1180 0171 17       		.uleb128 0x17
 1181 0172 00       		.byte	0
 1182 0173 00       		.byte	0
 1183 0174 1E       		.uleb128 0x1e
 1184 0175 0B       		.uleb128 0xb
 1185 0176 01       		.byte	0x1
 1186 0177 55       		.uleb128 0x55
 1187 0178 17       		.uleb128 0x17
 1188 0179 01       		.uleb128 0x1
 1189 017a 13       		.uleb128 0x13
 1190 017b 00       		.byte	0
 1191 017c 00       		.byte	0
 1192 017d 1F       		.uleb128 0x1f
 1193 017e 898201   		.uleb128 0x4109
 1194 0181 00       		.byte	0
 1195 0182 11       		.uleb128 0x11
 1196 0183 01       		.uleb128 0x1
 1197 0184 31       		.uleb128 0x31
 1198 0185 13       		.uleb128 0x13
 1199 0186 00       		.byte	0
ARM GAS  C:\Users\kbuchi\AppData\Local\Temp\ccPAFpTj.s 			page 28


 1200 0187 00       		.byte	0
 1201 0188 20       		.uleb128 0x20
 1202 0189 2E       		.uleb128 0x2e
 1203 018a 01       		.byte	0x1
 1204 018b 3F       		.uleb128 0x3f
 1205 018c 19       		.uleb128 0x19
 1206 018d 03       		.uleb128 0x3
 1207 018e 0E       		.uleb128 0xe
 1208 018f 27       		.uleb128 0x27
 1209 0190 19       		.uleb128 0x19
 1210 0191 49       		.uleb128 0x49
 1211 0192 13       		.uleb128 0x13
 1212 0193 34       		.uleb128 0x34
 1213 0194 19       		.uleb128 0x19
 1214 0195 3C       		.uleb128 0x3c
 1215 0196 19       		.uleb128 0x19
 1216 0197 01       		.uleb128 0x1
 1217 0198 13       		.uleb128 0x13
 1218 0199 00       		.byte	0
 1219 019a 00       		.byte	0
 1220 019b 21       		.uleb128 0x21
 1221 019c 05       		.uleb128 0x5
 1222 019d 00       		.byte	0
 1223 019e 49       		.uleb128 0x49
 1224 019f 13       		.uleb128 0x13
 1225 01a0 00       		.byte	0
 1226 01a1 00       		.byte	0
 1227 01a2 22       		.uleb128 0x22
 1228 01a3 2E       		.uleb128 0x2e
 1229 01a4 01       		.byte	0x1
 1230 01a5 3F       		.uleb128 0x3f
 1231 01a6 19       		.uleb128 0x19
 1232 01a7 03       		.uleb128 0x3
 1233 01a8 0E       		.uleb128 0xe
 1234 01a9 3A       		.uleb128 0x3a
 1235 01aa 0B       		.uleb128 0xb
 1236 01ab 3B       		.uleb128 0x3b
 1237 01ac 0B       		.uleb128 0xb
 1238 01ad 27       		.uleb128 0x27
 1239 01ae 19       		.uleb128 0x19
 1240 01af 3C       		.uleb128 0x3c
 1241 01b0 19       		.uleb128 0x19
 1242 01b1 01       		.uleb128 0x1
 1243 01b2 13       		.uleb128 0x13
 1244 01b3 00       		.byte	0
 1245 01b4 00       		.byte	0
 1246 01b5 23       		.uleb128 0x23
 1247 01b6 2E       		.uleb128 0x2e
 1248 01b7 01       		.byte	0x1
 1249 01b8 3F       		.uleb128 0x3f
 1250 01b9 19       		.uleb128 0x19
 1251 01ba 03       		.uleb128 0x3
 1252 01bb 0E       		.uleb128 0xe
 1253 01bc 3A       		.uleb128 0x3a
 1254 01bd 0B       		.uleb128 0xb
 1255 01be 3B       		.uleb128 0x3b
 1256 01bf 0B       		.uleb128 0xb
ARM GAS  C:\Users\kbuchi\AppData\Local\Temp\ccPAFpTj.s 			page 29


 1257 01c0 27       		.uleb128 0x27
 1258 01c1 19       		.uleb128 0x19
 1259 01c2 49       		.uleb128 0x49
 1260 01c3 13       		.uleb128 0x13
 1261 01c4 3C       		.uleb128 0x3c
 1262 01c5 19       		.uleb128 0x19
 1263 01c6 01       		.uleb128 0x1
 1264 01c7 13       		.uleb128 0x13
 1265 01c8 00       		.byte	0
 1266 01c9 00       		.byte	0
 1267 01ca 24       		.uleb128 0x24
 1268 01cb 2E       		.uleb128 0x2e
 1269 01cc 01       		.byte	0x1
 1270 01cd 3F       		.uleb128 0x3f
 1271 01ce 19       		.uleb128 0x19
 1272 01cf 03       		.uleb128 0x3
 1273 01d0 0E       		.uleb128 0xe
 1274 01d1 3A       		.uleb128 0x3a
 1275 01d2 0B       		.uleb128 0xb
 1276 01d3 3B       		.uleb128 0x3b
 1277 01d4 0B       		.uleb128 0xb
 1278 01d5 27       		.uleb128 0x27
 1279 01d6 19       		.uleb128 0x19
 1280 01d7 3C       		.uleb128 0x3c
 1281 01d8 19       		.uleb128 0x19
 1282 01d9 00       		.byte	0
 1283 01da 00       		.byte	0
 1284 01db 00       		.byte	0
 1285              		.section	.debug_loc,"",%progbits
 1286              	.Ldebug_loc0:
 1287              	.LLST0:
 1288 0000 02000000 		.4byte	.LVL1
 1289 0004 0C000000 		.4byte	.LVL2
 1290 0008 0200     		.2byte	0x2
 1291 000a 30       		.byte	0x30
 1292 000b 9F       		.byte	0x9f
 1293 000c 0C000000 		.4byte	.LVL2
 1294 0010 34000000 		.4byte	.LVL10
 1295 0014 0100     		.2byte	0x1
 1296 0016 57       		.byte	0x57
 1297 0017 00000000 		.4byte	0
 1298 001b 00000000 		.4byte	0
 1299              	.LLST1:
 1300 001f 02000000 		.4byte	.LVL1
 1301 0023 0C000000 		.4byte	.LVL2
 1302 0027 0200     		.2byte	0x2
 1303 0029 30       		.byte	0x30
 1304 002a 9F       		.byte	0x9f
 1305 002b 0C000000 		.4byte	.LVL2
 1306 002f 36000000 		.4byte	.LFE3
 1307 0033 0100     		.2byte	0x1
 1308 0035 52       		.byte	0x52
 1309 0036 00000000 		.4byte	0
 1310 003a 00000000 		.4byte	0
 1311              	.LLST2:
 1312 003e 10000000 		.4byte	.LVL3
 1313 0042 30000000 		.4byte	.LVL9
ARM GAS  C:\Users\kbuchi\AppData\Local\Temp\ccPAFpTj.s 			page 30


 1314 0046 0100     		.2byte	0x1
 1315 0048 56       		.byte	0x56
 1316 0049 00000000 		.4byte	0
 1317 004d 00000000 		.4byte	0
 1318              	.LLST3:
 1319 0051 12000000 		.4byte	.LVL4
 1320 0055 16000000 		.4byte	.LVL5
 1321 0059 0100     		.2byte	0x1
 1322 005b 56       		.byte	0x56
 1323 005c 16000000 		.4byte	.LVL5
 1324 0060 28000000 		.4byte	.LVL7
 1325 0064 0100     		.2byte	0x1
 1326 0066 53       		.byte	0x53
 1327 0067 28000000 		.4byte	.LVL7
 1328 006b 2A000000 		.4byte	.LVL8
 1329 006f 0300     		.2byte	0x3
 1330 0071 73       		.byte	0x73
 1331 0072 01       		.sleb128 1
 1332 0073 9F       		.byte	0x9f
 1333 0074 2A000000 		.4byte	.LVL8
 1334 0078 30000000 		.4byte	.LVL9
 1335 007c 0100     		.2byte	0x1
 1336 007e 53       		.byte	0x53
 1337 007f 00000000 		.4byte	0
 1338 0083 00000000 		.4byte	0
 1339              	.LLST4:
 1340 0087 00000000 		.4byte	.LVL11
 1341 008b 09000000 		.4byte	.LVL13-1
 1342 008f 0100     		.2byte	0x1
 1343 0091 50       		.byte	0x50
 1344 0092 09000000 		.4byte	.LVL13-1
 1345 0096 0C000000 		.4byte	.LFE0
 1346 009a 0400     		.2byte	0x4
 1347 009c F3       		.byte	0xf3
 1348 009d 01       		.uleb128 0x1
 1349 009e 50       		.byte	0x50
 1350 009f 9F       		.byte	0x9f
 1351 00a0 00000000 		.4byte	0
 1352 00a4 00000000 		.4byte	0
 1353              	.LLST5:
 1354 00a8 00000000 		.4byte	.LVL11
 1355 00ac 06000000 		.4byte	.LVL12
 1356 00b0 0100     		.2byte	0x1
 1357 00b2 51       		.byte	0x51
 1358 00b3 06000000 		.4byte	.LVL12
 1359 00b7 09000000 		.4byte	.LVL13-1
 1360 00bb 0100     		.2byte	0x1
 1361 00bd 52       		.byte	0x52
 1362 00be 09000000 		.4byte	.LVL13-1
 1363 00c2 0C000000 		.4byte	.LFE0
 1364 00c6 0400     		.2byte	0x4
 1365 00c8 F3       		.byte	0xf3
 1366 00c9 01       		.uleb128 0x1
 1367 00ca 51       		.byte	0x51
 1368 00cb 9F       		.byte	0x9f
 1369 00cc 00000000 		.4byte	0
 1370 00d0 00000000 		.4byte	0
ARM GAS  C:\Users\kbuchi\AppData\Local\Temp\ccPAFpTj.s 			page 31


 1371              	.LLST6:
 1372 00d4 60000000 		.4byte	.LVL17
 1373 00d8 66000000 		.4byte	.LVL18
 1374 00dc 0200     		.2byte	0x2
 1375 00de 30       		.byte	0x30
 1376 00df 9F       		.byte	0x9f
 1377 00e0 66000000 		.4byte	.LVL18
 1378 00e4 7E000000 		.4byte	.LVL21
 1379 00e8 0100     		.2byte	0x1
 1380 00ea 54       		.byte	0x54
 1381 00eb 7E000000 		.4byte	.LVL21
 1382 00ef 80000000 		.4byte	.LVL22
 1383 00f3 0300     		.2byte	0x3
 1384 00f5 74       		.byte	0x74
 1385 00f6 7F       		.sleb128 -1
 1386 00f7 9F       		.byte	0x9f
 1387 00f8 80000000 		.4byte	.LVL22
 1388 00fc F0000000 		.4byte	.LVL25
 1389 0100 0100     		.2byte	0x1
 1390 0102 54       		.byte	0x54
 1391 0103 00000000 		.4byte	0
 1392 0107 00000000 		.4byte	0
 1393              	.LLST7:
 1394 010b 6E000000 		.4byte	.LVL19
 1395 010f 7B000000 		.4byte	.LVL20-1
 1396 0113 0100     		.2byte	0x1
 1397 0115 53       		.byte	0x53
 1398 0116 7B000000 		.4byte	.LVL20-1
 1399 011a 7E000000 		.4byte	.LVL21
 1400 011e 0D00     		.2byte	0xd
 1401 0120 74       		.byte	0x74
 1402 0121 00       		.sleb128 0
 1403 0122 31       		.byte	0x31
 1404 0123 24       		.byte	0x24
 1405 0124 74       		.byte	0x74
 1406 0125 00       		.sleb128 0
 1407 0126 22       		.byte	0x22
 1408 0127 31       		.byte	0x31
 1409 0128 24       		.byte	0x24
 1410 0129 75       		.byte	0x75
 1411 012a 00       		.sleb128 0
 1412 012b 22       		.byte	0x22
 1413 012c 9F       		.byte	0x9f
 1414 012d 7E000000 		.4byte	.LVL21
 1415 0131 80000000 		.4byte	.LVL22
 1416 0135 0D00     		.2byte	0xd
 1417 0137 74       		.byte	0x74
 1418 0138 7F       		.sleb128 -1
 1419 0139 74       		.byte	0x74
 1420 013a 7F       		.sleb128 -1
 1421 013b 31       		.byte	0x31
 1422 013c 24       		.byte	0x24
 1423 013d 22       		.byte	0x22
 1424 013e 31       		.byte	0x31
 1425 013f 24       		.byte	0x24
 1426 0140 75       		.byte	0x75
 1427 0141 00       		.sleb128 0
ARM GAS  C:\Users\kbuchi\AppData\Local\Temp\ccPAFpTj.s 			page 32


 1428 0142 22       		.byte	0x22
 1429 0143 9F       		.byte	0x9f
 1430 0144 00000000 		.4byte	0
 1431 0148 00000000 		.4byte	0
 1432              		.section	.debug_aranges,"",%progbits
 1433 0000 34000000 		.4byte	0x34
 1434 0004 0200     		.2byte	0x2
 1435 0006 00000000 		.4byte	.Ldebug_info0
 1436 000a 04       		.byte	0x4
 1437 000b 00       		.byte	0
 1438 000c 0000     		.2byte	0
 1439 000e 0000     		.2byte	0
 1440 0010 00000000 		.4byte	.LFB3
 1441 0014 36000000 		.4byte	.LFE3-.LFB3
 1442 0018 00000000 		.4byte	.LFB0
 1443 001c 0C000000 		.4byte	.LFE0-.LFB0
 1444 0020 00000000 		.4byte	.LFB4
 1445 0024 5C000000 		.4byte	.LFE4-.LFB4
 1446 0028 5C000000 		.4byte	.LFB6
 1447 002c C8000000 		.4byte	.LFE6-.LFB6
 1448 0030 00000000 		.4byte	0
 1449 0034 00000000 		.4byte	0
 1450              		.section	.debug_ranges,"",%progbits
 1451              	.Ldebug_ranges0:
 1452 0000 06000000 		.4byte	.LBB2
 1453 0004 0A000000 		.4byte	.LBE2
 1454 0008 0C000000 		.4byte	.LBB3
 1455 000c 2E000000 		.4byte	.LBE3
 1456 0010 00000000 		.4byte	0
 1457 0014 00000000 		.4byte	0
 1458 0018 62000000 		.4byte	.LBB5
 1459 001c 64000000 		.4byte	.LBE5
 1460 0020 66000000 		.4byte	.LBB6
 1461 0024 7C000000 		.4byte	.LBE6
 1462 0028 00000000 		.4byte	0
 1463 002c 00000000 		.4byte	0
 1464 0030 00000000 		.4byte	.LFB3
 1465 0034 36000000 		.4byte	.LFE3
 1466 0038 00000000 		.4byte	.LFB0
 1467 003c 0C000000 		.4byte	.LFE0
 1468 0040 00000000 		.4byte	.LFB4
 1469 0044 5C000000 		.4byte	.LFE4
 1470 0048 5C000000 		.4byte	.LFB6
 1471 004c 24010000 		.4byte	.LFE6
 1472 0050 00000000 		.4byte	0
 1473 0054 00000000 		.4byte	0
 1474              		.section	.debug_line,"",%progbits
 1475              	.Ldebug_line0:
 1476 0000 61010000 		.section	.debug_str,"MS",%progbits,1
 1476      0200D800 
 1476      00000201 
 1476      FB0E0D00 
 1476      01010101 
 1477              	.LASF18:
 1478 0000 72656733 		.ascii	"reg32\000"
 1478      3200
 1479              	.LASF11:
ARM GAS  C:\Users\kbuchi\AppData\Local\Temp\ccPAFpTj.s 			page 33


 1480 0006 73697A65 		.ascii	"size_t\000"
 1480      5F7400
 1481              	.LASF42:
 1482 000d 4379496E 		.ascii	"CyIntSetVector\000"
 1482      74536574 
 1482      56656374 
 1482      6F7200
 1483              	.LASF21:
 1484 001c 76616C75 		.ascii	"value\000"
 1484      6500
 1485              	.LASF26:
 1486 0022 636F756E 		.ascii	"count\000"
 1486      7400
 1487              	.LASF29:
 1488 0028 436C6F63 		.ascii	"ClockSetup\000"
 1488      6B536574 
 1488      757000
 1489              	.LASF30:
 1490 0033 63795F63 		.ascii	"cy_cfg_addr_table\000"
 1490      66675F61 
 1490      6464725F 
 1490      7461626C 
 1490      6500
 1491              	.LASF31:
 1492 0045 63795F63 		.ascii	"cy_cfg_data_table\000"
 1492      66675F64 
 1492      6174615F 
 1492      7461626C 
 1492      6500
 1493              	.LASF15:
 1494 0057 666C6F61 		.ascii	"float\000"
 1494      7400
 1495              	.LASF35:
 1496 005d 6366675F 		.ascii	"cfg_memset_list\000"
 1496      6D656D73 
 1496      65745F6C 
 1496      69737400 
 1497              	.LASF33:
 1498 006d 73697A65 		.ascii	"size\000"
 1498      00
 1499              	.LASF17:
 1500 0072 72656738 		.ascii	"reg8\000"
 1500      00
 1501              	.LASF6:
 1502 0077 6C6F6E67 		.ascii	"long unsigned int\000"
 1502      20756E73 
 1502      69676E65 
 1502      6420696E 
 1502      7400
 1503              	.LASF12:
 1504 0089 75696E74 		.ascii	"uint8\000"
 1504      3800
 1505              	.LASF28:
 1506 008f 43594D45 		.ascii	"CYMEMZERO\000"
 1506      4D5A4552 
 1506      4F00
 1507              	.LASF2:
ARM GAS  C:\Users\kbuchi\AppData\Local\Temp\ccPAFpTj.s 			page 34


 1508 0099 756E7369 		.ascii	"unsigned char\000"
 1508      676E6564 
 1508      20636861 
 1508      7200
 1509              	.LASF36:
 1510 00a7 6D656D73 		.ascii	"memset\000"
 1510      657400
 1511              	.LASF16:
 1512 00ae 646F7562 		.ascii	"double\000"
 1512      6C6500
 1513              	.LASF27:
 1514 00b5 6366675F 		.ascii	"cfg_write_bytes32\000"
 1514      77726974 
 1514      655F6279 
 1514      74657333 
 1514      3200
 1515              	.LASF43:
 1516 00c7 4379496E 		.ascii	"CyIntEnable\000"
 1516      74456E61 
 1516      626C6500 
 1517              	.LASF23:
 1518 00d3 61646472 		.ascii	"addr_table\000"
 1518      5F746162 
 1518      6C6500
 1519              	.LASF13:
 1520 00de 75696E74 		.ascii	"uint16\000"
 1520      313600
 1521              	.LASF24:
 1522 00e5 64617461 		.ascii	"data_table\000"
 1522      5F746162 
 1522      6C6500
 1523              	.LASF14:
 1524 00f0 75696E74 		.ascii	"uint32\000"
 1524      333200
 1525              	.LASF0:
 1526 00f7 756E7369 		.ascii	"unsigned int\000"
 1526      676E6564 
 1526      20696E74 
 1526      00
 1527              	.LASF41:
 1528 0104 63796669 		.ascii	"cyfitter_cfg\000"
 1528      74746572 
 1528      5F636667 
 1528      00
 1529              	.LASF32:
 1530 0111 61646472 		.ascii	"address\000"
 1530      65737300 
 1531              	.LASF8:
 1532 0119 6C6F6E67 		.ascii	"long long unsigned int\000"
 1532      206C6F6E 
 1532      6720756E 
 1532      7369676E 
 1532      65642069 
 1533              	.LASF38:
 1534 0130 474E5520 		.ascii	"GNU C 4.8.4 20140526 (release) [ARM/embedded-4_8-br"
 1534      4320342E 
 1534      382E3420 
ARM GAS  C:\Users\kbuchi\AppData\Local\Temp\ccPAFpTj.s 			page 35


 1534      32303134 
 1534      30353236 
 1535 0163 616E6368 		.ascii	"anch revision 211358] -mcpu=cortex-m0 -mthumb -g -O"
 1535      20726576 
 1535      6973696F 
 1535      6E203231 
 1535      31333538 
 1536 0196 67202D66 		.ascii	"g -ffunction-sections\000"
 1536      66756E63 
 1536      74696F6E 
 1536      2D736563 
 1536      74696F6E 
 1537              	.LASF19:
 1538 01ac 63796973 		.ascii	"cyisraddress\000"
 1538      72616464 
 1538      72657373 
 1538      00
 1539              	.LASF34:
 1540 01b9 6366675F 		.ascii	"cfg_memset_t\000"
 1540      6D656D73 
 1540      65745F74 
 1540      00
 1541              	.LASF25:
 1542 01c6 62617365 		.ascii	"baseAddr\000"
 1542      41646472 
 1542      00
 1543              	.LASF9:
 1544 01cf 73697A65 		.ascii	"sizetype\000"
 1544      74797065 
 1544      00
 1545              	.LASF39:
 1546 01d8 2E5C4765 		.ascii	".\\Generated_Source\\PSoC4\\cyfitter_cfg.c\000"
 1546      6E657261 
 1546      7465645F 
 1546      536F7572 
 1546      63655C50 
 1547              	.LASF7:
 1548 0200 6C6F6E67 		.ascii	"long long int\000"
 1548      206C6F6E 
 1548      6720696E 
 1548      7400
 1549              	.LASF10:
 1550 020e 63686172 		.ascii	"char\000"
 1550      00
 1551              	.LASF22:
 1552 0213 63795F63 		.ascii	"cy_cfg_addrvalue_t\000"
 1552      66675F61 
 1552      64647276 
 1552      616C7565 
 1552      5F7400
 1553              	.LASF20:
 1554 0226 6F666673 		.ascii	"offset\000"
 1554      657400
 1555              	.LASF3:
 1556 022d 73686F72 		.ascii	"short int\000"
 1556      7420696E 
 1556      7400
ARM GAS  C:\Users\kbuchi\AppData\Local\Temp\ccPAFpTj.s 			page 36


 1557              	.LASF37:
 1558 0237 43795379 		.ascii	"CySysClkWriteImoFreq\000"
 1558      73436C6B 
 1558      57726974 
 1558      65496D6F 
 1558      46726571 
 1559              	.LASF5:
 1560 024c 6C6F6E67 		.ascii	"long int\000"
 1560      20696E74 
 1560      00
 1561              	.LASF1:
 1562 0255 7369676E 		.ascii	"signed char\000"
 1562      65642063 
 1562      68617200 
 1563              	.LASF4:
 1564 0261 73686F72 		.ascii	"short unsigned int\000"
 1564      7420756E 
 1564      7369676E 
 1564      65642069 
 1564      6E7400
 1565              	.LASF40:
 1566 0274 433A5C57 		.ascii	"C:\\WORKS\\WS\\WS_E2\\psoc\\D-21_s-8#1\\D-21_s-8#1."
 1566      4F524B53 
 1566      5C57535C 
 1566      57535F45 
 1566      325C7073 
 1567 02a1 63796473 		.ascii	"cydsn\000"
 1567      6E00
 1568              		.ident	"GCC: (GNU Tools for ARM Embedded Processors) 4.8.4 20140526 (release) [ARM/embedded-4_8-br
