

Microchip Technology PIC LITE Macro Assembler V1.33 build 59893 
                                                                                               Sat Dec 19 20:45:42 2015

Microchip Technology Omniscient Code Generator (Lite mode) build 59893
     1                           	processor	16F84A
     2                           	opt	pw 120
     3                           	opt	lm
     4                           	psect	idataBANK0,global,class=CODE,delta=2
     5                           	psect	cinit,global,class=CODE,merge=1,delta=2
     6                           	psect	dataBANK0,global,class=BANK0,space=1,delta=1
     7                           	psect	inittext,global,class=CODE,delta=2
     8                           	psect	cstackCOMMON,global,class=COMMON,space=1,delta=1
     9                           	psect	cstackBANK0,global,class=BANK0,space=1,delta=1
    10                           	psect	maintext,global,class=CODE,split=1,delta=2
    11                           	psect	text1,local,class=CODE,merge=1,delta=2
    12                           	psect	text2,local,class=CODE,merge=1,delta=2
    13                           	dabs	1,0x4E,2
    14  0000                     	;# 
    15  0001                     	;# 
    16  0002                     	;# 
    17  0003                     	;# 
    18  0004                     	;# 
    19  0005                     	;# 
    20  0006                     	;# 
    21  0008                     	;# 
    22  0009                     	;# 
    23  000A                     	;# 
    24  000B                     	;# 
    25  0081                     	;# 
    26  0085                     	;# 
    27  0086                     	;# 
    28  0088                     	;# 
    29  0089                     	;# 
    30                           
    31                           	psect	idataBANK0
    32  03B6                     __pidataBANK0:	
    33                           
    34                           ;initializer for _msg_Project_Name
    35  03B6  3444               	retlw	68
    36  03B7  342D               	retlw	45
    37  03B8  3431               	retlw	49
    38  03B9  3431               	retlw	49
    39  03BA  3436               	retlw	54
    40  03BB  3420               	retlw	32
    41  03BC  3476               	retlw	118
    42  03BD  342D               	retlw	45
    43  03BE  3431               	retlw	49
    44  03BF  342E               	retlw	46
    45  03C0  3432               	retlw	50
    46  03C1  3423               	retlw	35
    47  03C2  3431               	retlw	49
    48  03C3  3400               	retlw	0
    49                           
    50                           ;initializer for _msg_Initial
    51  03C4  3463               	retlw	99
    52  03C5  3468               	retlw	104
    53  03C6  3461               	retlw	97
    54  03C7  3472               	retlw	114
    55  03C8  3420               	retlw	32
    56  03C9  3469               	retlw	105
    57  03CA  346E               	retlw	110
    58  03CB  3464               	retlw	100
    59  03CC  3465               	retlw	101
    60  03CD  3478               	retlw	120
    61  03CE  3400               	retlw	0
    62  0005                     _PORTA	set	5
    63  0006                     _PORTB	set	6
    64  0081                     _OPTION_REGbits	set	129
    65  0085                     _TRISA	set	133
    66  0086                     _TRISB	set	134
    67                           
    68                           ; #config settings
    69  0000                     
    70                           	psect	cinit
    71  03F4                     start_initialization:	
    72  03F4                     __initialization:	
    73                           
    74                           ; Initialize objects allocated to BANK0
    75  03F4  1383               	bcf	3,7	;select IRP bank0
    76  03F5  3025               	movlw	low (__pdataBANK0+25)
    77  03F6  00CD               	movwf	btemp+-1
    78  03F7  3003               	movlw	high __pidataBANK0
    79  03F8  00CE               	movwf	btemp
    80  03F9  30B6               	movlw	low __pidataBANK0
    81  03FA  00CF               	movwf	btemp+1
    82  03FB  300C               	movlw	low __pdataBANK0
    83  03FC  0084               	movwf	4
    84  03FD  23AB               	fcall	init_ram0
    85  03FE                     end_of_initialization:	
    86                           ;End of C runtime variable initialization code
    87                           
    88  03FE                     __end_of__initialization:	
    89  03FE  0183               	clrf	3
    90  03FF  2B9C               	ljmp	_main	;jump to C main() function
    91                           
    92                           	psect	dataBANK0
    93  000C                     __pdataBANK0:	
    94  000C                     _msg_Project_Name:	
    95  000C                     	ds	14
    96  001A                     _msg_Initial:	
    97  001A                     	ds	11
    98                           
    99                           	psect	inittext
   100  03A7                     init_fetch0:	
   101                           ;	Called with low address in FSR and high address in W
   102                           
   103  03A7  084E               	movf	78,w
   104  03A8  008A               	movwf	10
   105  03A9  084F               	movf	79,w
   106  03AA  0082               	movwf	2
   107  03AB                     init_ram0:	
   108                           ;Called with:
   109                           ;	high address of idata address in btemp 
   110                           ;	low address of idata address in btemp+1 
   111                           ;	low address of data in FSR
   112                           ;	high address + 1 of data in btemp-1
   113                           
   114  03AB  23A7               	fcall	init_fetch0
   115  03AC  0080               	movwf	0
   116  03AD  0A84               	incf	4,f
   117  03AE  0804               	movf	4,w
   118  03AF  064D               	xorwf	77,w
   119  03B0  1903               	btfsc	3,2
   120  03B1  3400               	retlw	0
   121  03B2  0ACF               	incf	79,f
   122  03B3  1903               	btfsc	3,2
   123  03B4  0ACE               	incf	78,f
   124  03B5  2BAB               	goto	init_ram0
   125                           
   126                           	psect	cstackCOMMON
   127  0000                     __pcstackCOMMON:	
   128  0000                     ??__Setup:	
   129  0000                     ??_main:	
   130                           ; 0 bytes @ 0x0
   131                           
   132                           
   133                           	psect	cstackBANK0
   134  0025                     __pcstackBANK0:	
   135                           ; 0 bytes @ 0x0
   136                           
   137  0025                     ?__Setup:	
   138  0025                     ?__While:	
   139                           ; 0 bytes @ 0x0
   140                           
   141  0025                     ??__While:	
   142                           ; 0 bytes @ 0x0
   143                           
   144  0025                     ?_main:	
   145                           ; 0 bytes @ 0x0
   146                           
   147                           
   148                           ; 0 bytes @ 0x0
   149  0025                     	ds	3
   150                           
   151                           	psect	maintext
   152  039C                     __pmaintext:	
   153 ;;
   154 ;;Main: autosize = 0, tempsize = 0, incstack = 0, save=0
   155 ;;
   156 ;; *************** function _main *****************
   157 ;; Defined at:
   158 ;;		line 48 in file "D-17_s-1.c"
   159 ;; Parameters:    Size  Location     Type
   160 ;;		None
   161 ;; Auto vars:     Size  Location     Type
   162 ;;		None
   163 ;; Return value:  Size  Location     Type
   164 ;;		None               void
   165 ;; Registers used:
   166 ;;		wreg, status,2, status,0, pclath, cstack
   167 ;; Tracked objects:
   168 ;;		On entry : 17F/0
   169 ;;		On exit  : 0/0
   170 ;;		Unchanged: 0/0
   171 ;; Data sizes:     COMMON   BANK0
   172 ;;      Params:         0       0
   173 ;;      Locals:         0       0
   174 ;;      Temps:          0       0
   175 ;;      Totals:         0       0
   176 ;;Total ram usage:        0 bytes
   177 ;; Hardware stack levels required when called:    1
   178 ;; This function calls:
   179 ;;		__Setup
   180 ;;		__While
   181 ;; This function is called by:
   182 ;;		Startup code after reset
   183 ;; This function uses a non-reentrant model
   184 ;;
   185                           
   186                           
   187                           ;psect for function _main
   188  039C                     _main:	
   189                           
   190                           ;D-17_s-1.c: 62: _Setup();
   191                           
   192                           ;incstack = 0
   193                           ; Regs used in _main: [wreg+status,2+status,0+pclath+cstack]
   194  039C  239F               	fcall	__Setup
   195  039D                     l507:	
   196                           ;D-17_s-1.c: 65: while(1) {
   197                           
   198                           
   199                           ;D-17_s-1.c: 67: _While();
   200  039D  23CF               	fcall	__While
   201  039E  2B9D               	goto	l507
   202  039F                     __end_of_main:	
   203                           ;D-17_s-1.c: 69: }
   204                           ;D-17_s-1.c: 71: return;
   205                           
   206                           
   207                           	psect	text1
   208  03CF                     __ptext1:	
   209 ;; *************** function __While *****************
   210 ;; Defined at:
   211 ;;		line 96 in file "D-17_s-1.c"
   212 ;; Parameters:    Size  Location     Type
   213 ;;		None
   214 ;; Auto vars:     Size  Location     Type
   215 ;;		None
   216 ;; Return value:  Size  Location     Type
   217 ;;		None               void
   218 ;; Registers used:
   219 ;;		wreg
   220 ;; Tracked objects:
   221 ;;		On entry : 0/0
   222 ;;		On exit  : 0/0
   223 ;;		Unchanged: 0/0
   224 ;; Data sizes:     COMMON   BANK0
   225 ;;      Params:         0       0
   226 ;;      Locals:         0       0
   227 ;;      Temps:          0       3
   228 ;;      Totals:         0       3
   229 ;;Total ram usage:        3 bytes
   230 ;; Hardware stack levels used:    1
   231 ;; This function calls:
   232 ;;		Nothing
   233 ;; This function is called by:
   234 ;;		_main
   235 ;; This function uses a non-reentrant model
   236 ;;
   237                           
   238                           
   239                           ;psect for function __While
   240  03CF                     __While:	
   241                           
   242                           ;D-17_s-1.c: 98: PORTB = 0x01;
   243                           
   244                           ;incstack = 0
   245                           ; Regs used in __While: [wreg]
   246  03CF  3001               	movlw	1
   247  03D0  1283               	bcf	3,5	;RP0=0, select bank0
   248  03D1  0086               	movwf	6	;volatile
   249                           
   250                           ;D-17_s-1.c: 99: PORTA = 0x01;
   251  03D2  3001               	movlw	1
   252  03D3  0085               	movwf	5	;volatile
   253                           
   254                           ;D-17_s-1.c: 101: _delay((unsigned long)((100)*(20000000/4000.0)));
   255  03D4  3003               	movlw	3
   256  03D5  00A7               	movwf	??__While+2
   257  03D6  308A               	movlw	138
   258  03D7  00A6               	movwf	??__While+1
   259  03D8  3056               	movlw	86
   260  03D9  00A5               	movwf	??__While
   261  03DA                     u17:	
   262  03DA  0BA5               	decfsz	??__While,f
   263  03DB  2BDA               	goto	u17
   264  03DC  0BA6               	decfsz	??__While+1,f
   265  03DD  2BDA               	goto	u17
   266  03DE  0BA7               	decfsz	??__While+2,f
   267  03DF  2BDA               	goto	u17
   268  03E0  2BE1               	nop2
   269                           
   270                           ;D-17_s-1.c: 103: PORTB = 0x02;
   271  03E1  3002               	movlw	2
   272  03E2  1283               	bcf	3,5	;RP0=0, select bank0
   273  03E3  0086               	movwf	6	;volatile
   274                           
   275                           ;D-17_s-1.c: 104: PORTA = 0x02;
   276  03E4  3002               	movlw	2
   277  03E5  0085               	movwf	5	;volatile
   278                           
   279                           ;D-17_s-1.c: 106: _delay((unsigned long)((500)*(20000000/4000.0)));
   280  03E6  300D               	movlw	13
   281  03E7  00A7               	movwf	??__While+2
   282  03E8  30AF               	movlw	175
   283  03E9  00A6               	movwf	??__While+1
   284  03EA  30C1               	movlw	193
   285  03EB  00A5               	movwf	??__While
   286  03EC                     u27:	
   287  03EC  0BA5               	decfsz	??__While,f
   288  03ED  2BEC               	goto	u27
   289  03EE  0BA6               	decfsz	??__While+1,f
   290  03EF  2BEC               	goto	u27
   291  03F0  0BA7               	decfsz	??__While+2,f
   292  03F1  2BEC               	goto	u27
   293  03F2  0000               	nop
   294  03F3  0008               	return
   295  03F4                     __end_of__While:	
   296                           
   297                           	psect	text2
   298  039F                     __ptext2:	
   299 ;; *************** function __Setup *****************
   300 ;; Defined at:
   301 ;;		line 74 in file "D-17_s-1.c"
   302 ;; Parameters:    Size  Location     Type
   303 ;;		None
   304 ;; Auto vars:     Size  Location     Type
   305 ;;		None
   306 ;; Return value:  Size  Location     Type
   307 ;;		None               void
   308 ;; Registers used:
   309 ;;		status,2
   310 ;; Tracked objects:
   311 ;;		On entry : 0/0
   312 ;;		On exit  : 0/0
   313 ;;		Unchanged: 0/0
   314 ;; Data sizes:     COMMON   BANK0
   315 ;;      Params:         0       0
   316 ;;      Locals:         0       0
   317 ;;      Temps:          0       0
   318 ;;      Totals:         0       0
   319 ;;Total ram usage:        0 bytes
   320 ;; Hardware stack levels used:    1
   321 ;; This function calls:
   322 ;;		Nothing
   323 ;; This function is called by:
   324 ;;		_main
   325 ;; This function uses a non-reentrant model
   326 ;;
   327                           
   328                           
   329                           ;psect for function __Setup
   330  039F                     __Setup:	
   331                           
   332                           ;D-17_s-1.c: 79: OPTION_REGbits.nRBPU = 0;
   333                           
   334                           ;incstack = 0
   335                           ; Regs used in __Setup: [status,2]
   336  039F  1683               	bsf	3,5	;RP0=1, select bank1
   337  03A0  1381               	bcf	1,7	;volatile
   338                           
   339                           ;D-17_s-1.c: 84: TRISA = 0x00000000;
   340  03A1  0185               	clrf	5	;volatile
   341                           
   342                           ;D-17_s-1.c: 85: TRISB = 0b00000000;
   343  03A2  0186               	clrf	6	;volatile
   344                           
   345                           ;D-17_s-1.c: 90: PORTA = 0b00000000;
   346  03A3  1283               	bcf	3,5	;RP0=0, select bank0
   347  03A4  0185               	clrf	5	;volatile
   348                           
   349                           ;D-17_s-1.c: 91: PORTB = 0x00;
   350  03A5  0186               	clrf	6	;volatile
   351  03A6  0008               	return
   352  03A7                     __end_of__Setup:	
   353  004E                     btemp	set	78	;btemp
   354  004E                     wtemp	set	78
   355  004E                     wtemp0	set	78
   356  0050                     wtemp1	set	80
   357  0052                     wtemp2	set	82
   358  0054                     wtemp3	set	84
   359  0056                     wtemp4	set	86
   360  0058                     wtemp5	set	88
   361  004F                     wtemp6	set	79
   362  004E                     ttemp	set	78
   363  004E                     ttemp0	set	78
   364  0051                     ttemp1	set	81
   365  0054                     ttemp2	set	84
   366  0057                     ttemp3	set	87
   367  004F                     ttemp4	set	79
   368  004E                     ltemp	set	78
   369  004E                     ltemp0	set	78
   370  0052                     ltemp1	set	82
   371  0056                     ltemp2	set	86
   372  0050                     ltemp3	set	80


Data Sizes:
    Strings     0
    Constant    0
    Data        25
    BSS         0
    Persistent  0
    Stack       0

Auto Spaces:
    Space          Size  Autos    Used
    COMMON            0      0       0
    BANK0            66      3      28

Pointer List with Targets:

    None.

Critical Paths under _main in COMMON

    None.

Critical Paths under _main in BANK0

    _main->__While

Call Graph Tables:

 ---------------------------------------------------------------------------------
 (Depth) Function   	        Calls       Base Space   Used Autos Params    Refs
 ---------------------------------------------------------------------------------
 (0) _main                                                 0     0      0       0
                             __Setup
                             __While
 ---------------------------------------------------------------------------------
 (1) __While                                               3     3      0       0
                                              0 BANK0      3     3      0
 ---------------------------------------------------------------------------------
 (1) __Setup                                               0     0      0       0
 ---------------------------------------------------------------------------------
 Estimated maximum stack depth 1
 ---------------------------------------------------------------------------------

 Call Graph Graphs:

 _main (ROOT)
   __Setup
   __While

 Address spaces:
Name               Size   Autos  Total    Cost      Usage
SFR1                 0      0       0       2        0.0%
BITSFR1              0      0       0       2        0.0%
BANK0               42      3      1C       3       42.4%
BITBANK0            42      0       0       5        0.0%
SFR0                 0      0       0       1        0.0%
BITSFR0              0      0       0       1        0.0%
COMMON               0      0       0       1        0.0%
BITCOMMON            0      0       0       0        0.0%
CODE                 0      0       0       0        0.0%
DATA                 0      0      1C       6        0.0%
ABS                  0      0      1C       4        0.0%
NULL                 0      0       0       0        0.0%
STACK                0      0       0       2        0.0%
EEDATA              40      0       0       0        0.0%


Microchip Technology PIC Macro Assembler V1.33 build 59893 
Symbol Table                                                                                   Sat Dec 19 20:45:42 2015

                      pc 0002              __CFG_CP$OFF 0000                       u17 03DA  
                     u27 03EC                       fsr 0004                      l507 039D  
                    indf 0000             __CFG_FOSC$HS 0000                     _main 039C  
                   btemp 004E                     ltemp 004E                     start 0000  
                   ttemp 004E                     wtemp 004E                    ?_main 0025  
          __CFG_WDTE$OFF 0000                    _PORTA 0005                    _PORTB 0006  
                  _TRISA 0085                    _TRISB 0086            __CFG_PWRTE$ON 0000  
                  pclath 000A                    ltemp0 004E                    ltemp1 0052  
                  ltemp2 0056                    ltemp3 0050                    ttemp0 004E  
                  ttemp1 0051                    ttemp2 0054                    ttemp3 0057  
                  ttemp4 004F                    status 0003                    wtemp0 004E  
                  wtemp1 0050                    wtemp2 0052                    wtemp3 0054  
                  wtemp4 0056                    wtemp5 0058                    wtemp6 004F  
        __initialization 03F4             __end_of_main 039F                   ??_main 0000  
                 __Setup 039F                   __While 03CF  __end_of__initialization 03FE  
         __pcstackCOMMON 0000             __pidataBANK0 03B6           _OPTION_REGbits 0081  
             __pmaintext 039C                  ?__Setup 0025                  ?__While 0025  
        __size_of__Setup 0008          __size_of__While 0025                  __ptext1 03CF  
                __ptext2 039F     end_of_initialization 03FE           __end_of__Setup 03A7  
         __end_of__While 03F4      start_initialization 03F4                 ??__Setup 0000  
               ??__While 0025               init_fetch0 03A7              __pdataBANK0 000C  
              ___latbits 0000            __pcstackBANK0 0025            __size_of_main 0003  
            _msg_Initial 001A                 init_ram0 03AB         _msg_Project_Name 000C  
