MPASM  5.43           D-17_S-2_PIC10_M=58.ASM   12-11-2015  17:56:49         PAGE  1


LOC  OBJECT CODE     LINE SOURCE TEXT
  VALUE

Warning[205]: Found directive in column 1. (list)
                      00001 list            p=10f200
                      00002 #include        <p10f200.inc>
                      00001         LIST
                      00002 
                      00003 ;==========================================================================
                      00004 ;  MPASM PIC10F200 processor include
                      00005 ; 
                      00006 ;  (c) Copyright 1999-2011 Microchip Technology, All rights reserved
                      00007 ;==========================================================================
                      00008 
                      00151         LIST
                      00003 
Warning[205]: Found directive in column 1. (__CONFIG)
0FFF   0FEB           00004 __CONFIG        _CP_OFF & _WDT_OFF & _MCLRE_OFF & _IntRC_OSC
                      00005 
  00000010            00006 CNT1    EQU             0x10
  00000011            00007 CNT2    EQU             0x11
  00000012            00008 CNT3    EQU             0x12
                      00009 
                      00010                 ORG             0x00
                      00011                 
0000   0025           00012                 movwf   OSCCAL
0001   0405           00013                 bcf             OSCCAL,FOSC4
                      00014                 
                      00015                 ;GPIO 0
0002   0CFE           00016                 movlw   b'11111110'     ;GPIO 0 => output
0003   0006           00017                 TRIS    GPIO
                      00018 
0004                  00019 main_loop
                      00020 
0004   0506           00021                 bsf             GPIO,0
                      00022                 ;call   DLY_1S
0005   09??           00023                 CALL    DLY_ms_64
                      00024                 
0006   0406           00025                 bcf             GPIO,0
                      00026                 ;call   DLY_1S
0007   09??           00027                 CALL    DLY_ms_1_exact
                      00028                 
0008   0A??           00029                 goto    main_loop
                      00030                 
                      00031 ;=========================== DLY_1S
                      00032 ;{
0009                  00033 DLY_1S; 1 sec
                      00034 
                      00035                 ;movlw  d'10'
0009   0C05           00036                 movlw   d'5'
000A   0032           00037                 movwf   CNT3
                      00038                 
000B                  00039 DLY_100
                      00040 
000B   0C64           00041                 movlw   d'100'
000C   0030           00042                 movwf   CNT1
MPASM  5.43           D-17_S-2_PIC10_M=58.ASM   12-11-2015  17:56:49         PAGE  2


LOC  OBJECT CODE     LINE SOURCE TEXT
  VALUE

                      00043                 
000D                  00044 DLP1
                      00045 
000D   0CC8           00046                 movlw   d'200'
000E   0031           00047                 movwf   CNT2
                      00048                 
000F                  00049 DLP2
                      00050 
000F   0000           00051                 nop
0010   0000           00052                 nop
                      00053                 
0011   02F1           00054                 decfsz  CNT2,f
0012   0A??           00055                 goto    DLP2
                      00056                 
0013   02F0           00057                 decfsz  CNT1,f
0014   0A??           00058                 goto    DLP1
                      00059                 
0015   02F2           00060                 decfsz  CNT3,f
0016   0A??           00061                 goto    DLY_100
                      00062                 
0017   0800           00063                 retlw   0
                      00064                 
                      00065 ;}
                      00066 
                      00067 ;=========================== DLY_ms_64
                      00068 ;{
0018                  00069 DLY_ms_64
0018   0C40           00070                 MOVLW   d'64'   ; 64 mill seconds
0019   0030           00071                 MOVWF   CNT1
                      00072         
                      00073         
                      00074 ;}
                      00075 
                      00076 ;=========================== DLY_1ms
                      00077 ;{
001A                  00078 DLY_1ms ;       1 mill seconds
                      00079 
001A   0CC8           00080                 MOVLW   d'200'
001B   0031           00081                 MOVWF   CNT2
                      00082                 
001C                  00083 DLY_5us ;       5 micro seconds
                      00084 
001C   0000           00085                 NOP
001D   0000           00086                 NOP
001E   02F1           00087                 DECFSZ  CNT2,f
                      00088                 
001F   0A??           00089                 GOTO    DLY_5us
                      00090                 
0020   02F0           00091                 DECFSZ  CNT1,f
                      00092                 
0021   0A??           00093                 GOTO    DLY_1ms
                      00094 
                      00095 ;}
MPASM  5.43           D-17_S-2_PIC10_M=58.ASM   12-11-2015  17:56:49         PAGE  3


LOC  OBJECT CODE     LINE SOURCE TEXT
  VALUE

0022   0800           00096                 RETLW   0
                      00097 ;
                      00098 
                      00099 ;=========================== DLY_ms_1_exact
                      00100 ;{
0023                  00101 DLY_ms_1_exact  ;       1 mill seconds
                      00102 
0023   0CC8           00103                 MOVLW   d'200'
0024   0031           00104                 MOVWF   CNT2
                      00105                 
0025                  00106 DLY_us_5        ;       5 micro seconds
                      00107 
0025   0000           00108                 NOP
0026   0000           00109                 NOP
0027   02F1           00110                 DECFSZ  CNT2,f
                      00111                 
0028   0A??           00112                 GOTO    DLY_us_5
                      00113                 
0029   0800           00114                 RETLW   0
                      00115 ;}
                      00116                 
                      00117 ;
                      00118 
                      00119 ;=========================== END
                      00120 
0FEB                  00121                 END
MPASM  5.43           D-17_S-2_PIC10_M=58.ASM   12-11-2015  17:56:49         PAGE  4


SYMBOL TABLE
  LABEL                             VALUE 

C                                 00000000
CAL0                              00000001
CAL1                              00000002
CAL2                              00000003
CAL3                              00000004
CAL4                              00000005
CAL5                              00000006
CAL6                              00000007
CNT1                              00000010
CNT2                              00000011
CNT3                              00000012
DC                                00000001
DLP1                              0000000D
DLP2                              0000000F
DLY_100                           0000000B
DLY_1S                            00000009
DLY_1ms                           0000001A
DLY_5us                           0000001C
DLY_ms_1_exact                    00000023
DLY_ms_64                         00000018
DLY_us_5                          00000025
F                                 00000001
FOSC4                             00000000
FSR                               00000004
GP0                               00000000
GP1                               00000001
GP2                               00000002
GP3                               00000003
GPIO                              00000006
GPWUF                             00000007
INDF                              00000000
NOT_GPPU                          00000006
NOT_GPWU                          00000007
NOT_PD                            00000003
NOT_TO                            00000004
OSCCAL                            00000005
PCL                               00000002
PS0                               00000000
PS1                               00000001
PS2                               00000002
PSA                               00000003
STATUS                            00000003
T0CS                              00000005
T0SE                              00000004
TMR0                              00000001
TRISIO0                           00000000
TRISIO1                           00000001
TRISIO2                           00000002
TRISIO3                           00000003
W                                 00000000
Z                                 00000002
_CONFIG                           00000FFF
_CP_OFF                           00000FFF
MPASM  5.43           D-17_S-2_PIC10_M=58.ASM   12-11-2015  17:56:49         PAGE  5


SYMBOL TABLE
  LABEL                             VALUE 

_CP_ON                            00000FF7
_IDLOC0                           00000100
_IDLOC1                           00000101
_IDLOC2                           00000102
_IDLOC3                           00000103
_IntRC_OSC                        00000FFF
_MCLRE_OFF                        00000FEF
_MCLRE_ON                         00000FFF
_OSC_IntRC                        00000FFF
_WDTE_OFF                         00000FFB
_WDTE_ON                          00000FFF
_WDT_OFF                          00000FFB
_WDT_ON                           00000FFF
__10F200                          00000001
__DEBUG                           1
main_loop                         00000004

Errors   :     0
Warnings :     2 reported,     0 suppressed
Messages :     0 reported,     0 suppressed

