#***************************************************************************

#sjplacer

#Version:            1.1

#Build Date:         May  8 2015 09:27:37

#File Generated:     Jan 2 2016 14:09:29

#Purpose:            

#Copyright (C) 2010-2011 by Softjin Technologies Pvt Ltd. All rights reserved.

#***************************************************************************

Executing : C:\WORKS\Programs\PSoC_Creator\PSoC Creator\3.2\PSoC_Creator\bin/sjplacer.exe --proj-name D-21_s-5#1 --netlist-vh2 D-21_s-5#1_p.vh2 --arch-file C:\WORKS\Programs\PSoC_Creator\PSoC Creator\3.2\PSoC_Creator\dev/arch/p4_udb2x2a.ark --rrg-file C:\WORKS\Programs\PSoC_Creator\PSoC Creator\3.2\PSoC_Creator\dev/psoc4/psoc4a/route_arch-rrg.cydata --irq-file C:\WORKS\Programs\PSoC_Creator\PSoC Creator\3.2\PSoC_Creator\dev/psoc4/psoc4a/irqconn.cydata --dsi-conn-file C:\WORKS\Programs\PSoC_Creator\PSoC Creator\3.2\PSoC_Creator\dev/psoc4/psoc4a/dsiconn.cydata --pins-file pins_44-TQFP.xml --lib-file D-21_s-5#1_p.lib --sdc-file D-21_s-5#1.sdc --io-pcf D-21_s-5#1.pci --outdir .

		Softjin Techologies Placer, Version 1.1

Build Date : May  8 2015	08:51:53

D2004: Option and Settings Summary
=============================================================
Netlist vh2 file          - D-21_s-5#1_p.vh2
Architecture file         - C:\WORKS\Programs\PSoC_Creator\PSoC Creator\3.2\PSoC_Creator\dev/arch/p4_udb2x2a.ark
Package                   - 
Defparam file             - 
SDC file                  - D-21_s-5#1.sdc
Output directory          - .
Timing library            - D-21_s-5#1_p.lib
IO Placement file         - D-21_s-5#1.pci

D2050: Starting reading inputs for placer
=============================================================
D2065: Reading netlist file : "D-21_s-5#1_p.vh2"
D2065: Reading arch file : "C:\WORKS\Programs\PSoC_Creator\PSoC Creator\3.2\PSoC_Creator\dev/arch/p4_udb2x2a.ark"
D2051: Reading of inputs for placer completed successfully

D2053: Starting placement of the design
=============================================================

Phase 2
Phase 3

Design Statistics after Packing
    Number of Combinational MCs 	:	0
    Number of Sequential MCs    	:	1
    Number of DPs               	:	0
    Number of Controls          	:	0
    Number of Status            	:	0
    Number of SyncCells         	:	0
    Number of count7cells       	:	0

Device Utilization Summary after Packing
    Macrocells                  :	1/32
    UDBS                        :	1/4
    IOs                         :	2/36


D2088: Phase 3, elapsed time : 0.0 (sec)

Phase 4
D2088: Phase 4, elapsed time : 0.0 (sec)

Phase 6

######################################################################
Placement Timing Summary

The timing summary is based on estimated routing delays after
placement. For final timing report, please carry out the timing
analysis after routing.
======================================================================

######################################################################
                     Clock Summary 
======================================================================
Number of clocks: 6
Clock: CyHFCLK              | Frequency:  93.2 MHz | Target:  24.0 MHz
Clock: CyILO                | Frequency: N/A       | Target:   0.0 MHz
Clock: CyIMO                | Frequency: N/A       | Target:  24.0 MHz
Clock: CyLFCLK              | Frequency: N/A       | Target:   0.0 MHz
Clock: CyRouted1            | Frequency: N/A       | Target:  24.0 MHz
Clock: CySYSCLK             | Frequency: N/A       | Target:  24.0 MHz

======================================================================
                     End of Clock Summary
######################################################################

D2088: Phase 6, elapsed time : 0.0 (sec)

Phase 7
######################################################################
                     Clock Summary 
======================================================================
Number of clocks: 6
Clock: CyHFCLK              | Frequency:  93.2 MHz | Target:  24.0 MHz
Clock: CyILO                | Frequency: N/A       | Target:   0.0 MHz
Clock: CyIMO                | Frequency: N/A       | Target:  24.0 MHz
Clock: CyLFCLK              | Frequency: N/A       | Target:   0.0 MHz
Clock: CyRouted1            | Frequency: N/A       | Target:  24.0 MHz
Clock: CySYSCLK             | Frequency: N/A       | Target:  24.0 MHz

======================================================================
                     End of Clock Summary
######################################################################
D2088: Phase 7, elapsed time : 0.0 (sec)

Final Design Statistics
    Number of Combinational MCs 	:	0
    Number of Sequential MCs    	:	1
    Number of DPs               	:	0
    Number of Controls          	:	0
    Number of Status            	:	0
    Number of SyncCells         	:	0
    Number of count7cells       	:	0
    Number of IOs       	:	2

Device Utilization Summary
    Macrocells                  :	1/32
    IOs                         :	2/36



######################################################################
Placement Timing Summary

The timing summary is based on estimated routing delays after
placement. For final timing report, please carry out the timing
analysis after routing.
======================================================================


######################################################################
                     Clock Summary 
======================================================================
Number of clocks: 6
Clock: CyHFCLK              | Frequency:  93.2 MHz | Target:  26.3 MHz
Clock: CyILO                | Frequency: N/A       | Target:   0.0 MHz
Clock: CyIMO                | Frequency: N/A       | Target:  24.0 MHz
Clock: CyLFCLK              | Frequency: N/A       | Target:   0.0 MHz
Clock: CyRouted1            | Frequency: N/A       | Target:  24.0 MHz
Clock: CySYSCLK             | Frequency: N/A       | Target:  24.0 MHz

======================================================================
                     End of Clock Summary
######################################################################

Phase 6

######################################################################
Placement Timing Summary

The timing summary is based on estimated routing delays after
placement. For final timing report, please carry out the timing
analysis after routing.
======================================================================

######################################################################
                     Clock Summary 
======================================================================
Number of clocks: 6
Clock: CyHFCLK              | Frequency:  93.2 MHz | Target:  26.3 MHz
Clock: CyILO                | Frequency: N/A       | Target:   0.0 MHz
Clock: CyIMO                | Frequency: N/A       | Target:  24.0 MHz
Clock: CyLFCLK              | Frequency: N/A       | Target:   0.0 MHz
Clock: CyRouted1            | Frequency: N/A       | Target:  24.0 MHz
Clock: CySYSCLK             | Frequency: N/A       | Target:  24.0 MHz

======================================================================
                     End of Clock Summary
######################################################################

D2088: Phase 6, elapsed time : 0.0 (sec)

Phase 7
######################################################################
                     Clock Summary 
======================================================================
Number of clocks: 6
Clock: CyHFCLK              | Frequency:  93.2 MHz | Target:  28.6 MHz
Clock: CyILO                | Frequency: N/A       | Target:   0.0 MHz
Clock: CyIMO                | Frequency: N/A       | Target:  24.0 MHz
Clock: CyLFCLK              | Frequency: N/A       | Target:   0.0 MHz
Clock: CyRouted1            | Frequency: N/A       | Target:  24.0 MHz
Clock: CySYSCLK             | Frequency: N/A       | Target:  24.0 MHz

======================================================================
                     End of Clock Summary
######################################################################
D2088: Phase 7, elapsed time : 0.0 (sec)

Final Design Statistics
    Number of Combinational MCs 	:	0
    Number of Sequential MCs    	:	1
    Number of DPs               	:	0
    Number of Controls          	:	0
    Number of Status            	:	0
    Number of SyncCells         	:	0
    Number of count7cells       	:	0
    Number of IOs       	:	2

Device Utilization Summary
    Macrocells                  :	1/32
    IOs                         :	2/36



######################################################################
Placement Timing Summary

The timing summary is based on estimated routing delays after
placement. For final timing report, please carry out the timing
analysis after routing.
======================================================================


######################################################################
                     Clock Summary 
======================================================================
Number of clocks: 6
Clock: CyHFCLK              | Frequency:  93.2 MHz | Target:  31.3 MHz
Clock: CyILO                | Frequency: N/A       | Target:   0.0 MHz
Clock: CyIMO                | Frequency: N/A       | Target:  24.0 MHz
Clock: CyLFCLK              | Frequency: N/A       | Target:   0.0 MHz
Clock: CyRouted1            | Frequency: N/A       | Target:  24.0 MHz
Clock: CySYSCLK             | Frequency: N/A       | Target:  24.0 MHz

======================================================================
                     End of Clock Summary
######################################################################

Phase 8
D2088: Phase 8, elapsed time : 0.0 (sec)

D2054: Placement of the design completed successfully

I2076: Total run-time: 0.4 sec.

