ARM GAS  C:\Users\kbuchi\AppData\Local\Temp\ccWmD5bw.s 			page 1


   1              		.cpu cortex-m0
   2              		.fpu softvfp
   3              		.eabi_attribute 20, 1
   4              		.eabi_attribute 21, 1
   5              		.eabi_attribute 23, 3
   6              		.eabi_attribute 24, 1
   7              		.eabi_attribute 25, 1
   8              		.eabi_attribute 26, 1
   9              		.eabi_attribute 30, 6
  10              		.eabi_attribute 34, 0
  11              		.eabi_attribute 18, 4
  12              		.code	16
  13              		.file	"cyfitter_cfg.c"
  14              		.text
  15              	.Ltext0:
  16              		.cfi_sections	.debug_frame
  17              		.section	.text.CYMEMZERO,"ax",%progbits
  18              		.align	2
  19              		.code	16
  20              		.thumb_func
  21              		.type	CYMEMZERO, %function
  22              	CYMEMZERO:
  23              	.LFB0:
  24              		.file 1 ".\\Generated_Source\\PSoC4\\cyfitter_cfg.c"
   1:.\Generated_Source\PSoC4/cyfitter_cfg.c **** /*******************************************************************************
   2:.\Generated_Source\PSoC4/cyfitter_cfg.c **** * FILENAME: cyfitter_cfg.c
   3:.\Generated_Source\PSoC4/cyfitter_cfg.c **** * 
   4:.\Generated_Source\PSoC4/cyfitter_cfg.c **** * PSoC Creator  3.2
   5:.\Generated_Source\PSoC4/cyfitter_cfg.c **** *
   6:.\Generated_Source\PSoC4/cyfitter_cfg.c **** * DESCRIPTION:
   7:.\Generated_Source\PSoC4/cyfitter_cfg.c **** * This file contains device initialization code.
   8:.\Generated_Source\PSoC4/cyfitter_cfg.c **** * Except for the user defined sections in CyClockStartupError(), this file should not be modified.
   9:.\Generated_Source\PSoC4/cyfitter_cfg.c **** * This file is automatically generated by PSoC Creator.
  10:.\Generated_Source\PSoC4/cyfitter_cfg.c **** *
  11:.\Generated_Source\PSoC4/cyfitter_cfg.c **** ********************************************************************************
  12:.\Generated_Source\PSoC4/cyfitter_cfg.c **** * Copyright (c) 2007-2015 Cypress Semiconductor.  All rights reserved.
  13:.\Generated_Source\PSoC4/cyfitter_cfg.c **** * You may use this file only in accordance with the license, terms, conditions, 
  14:.\Generated_Source\PSoC4/cyfitter_cfg.c **** * disclaimers, and limitations in the end user license agreement accompanying 
  15:.\Generated_Source\PSoC4/cyfitter_cfg.c **** * the software package with which this file was provided.
  16:.\Generated_Source\PSoC4/cyfitter_cfg.c **** ********************************************************************************/
  17:.\Generated_Source\PSoC4/cyfitter_cfg.c **** 
  18:.\Generated_Source\PSoC4/cyfitter_cfg.c **** #include <string.h>
  19:.\Generated_Source\PSoC4/cyfitter_cfg.c **** #include "cytypes.h"
  20:.\Generated_Source\PSoC4/cyfitter_cfg.c **** #include "cydevice_trm.h"
  21:.\Generated_Source\PSoC4/cyfitter_cfg.c **** #include "cyfitter.h"
  22:.\Generated_Source\PSoC4/cyfitter_cfg.c **** #include "CyLib.h"
  23:.\Generated_Source\PSoC4/cyfitter_cfg.c **** #include "cyfitter_cfg.h"
  24:.\Generated_Source\PSoC4/cyfitter_cfg.c **** 
  25:.\Generated_Source\PSoC4/cyfitter_cfg.c **** 
  26:.\Generated_Source\PSoC4/cyfitter_cfg.c **** #if defined(__GNUC__) || defined(__ARMCC_VERSION)
  27:.\Generated_Source\PSoC4/cyfitter_cfg.c ****     #define CYPACKED 
  28:.\Generated_Source\PSoC4/cyfitter_cfg.c ****     #define CYPACKED_ATTR __attribute__ ((packed))
  29:.\Generated_Source\PSoC4/cyfitter_cfg.c ****     #define CYALIGNED __attribute__ ((aligned))
  30:.\Generated_Source\PSoC4/cyfitter_cfg.c ****     #define CY_CFG_UNUSED __attribute__ ((unused))
  31:.\Generated_Source\PSoC4/cyfitter_cfg.c ****     #define CY_CFG_SECTION __attribute__ ((section(".psocinit")))
  32:.\Generated_Source\PSoC4/cyfitter_cfg.c ****     
  33:.\Generated_Source\PSoC4/cyfitter_cfg.c ****     #if defined(__ARMCC_VERSION)
ARM GAS  C:\Users\kbuchi\AppData\Local\Temp\ccWmD5bw.s 			page 2


  34:.\Generated_Source\PSoC4/cyfitter_cfg.c ****         #define CY_CFG_MEMORY_BARRIER() __memory_changed()
  35:.\Generated_Source\PSoC4/cyfitter_cfg.c ****     #else
  36:.\Generated_Source\PSoC4/cyfitter_cfg.c ****         #define CY_CFG_MEMORY_BARRIER() __sync_synchronize()
  37:.\Generated_Source\PSoC4/cyfitter_cfg.c ****     #endif
  38:.\Generated_Source\PSoC4/cyfitter_cfg.c ****     
  39:.\Generated_Source\PSoC4/cyfitter_cfg.c **** #elif defined(__ICCARM__)
  40:.\Generated_Source\PSoC4/cyfitter_cfg.c ****     #include <intrinsics.h>
  41:.\Generated_Source\PSoC4/cyfitter_cfg.c **** 
  42:.\Generated_Source\PSoC4/cyfitter_cfg.c ****     #define CYPACKED __packed
  43:.\Generated_Source\PSoC4/cyfitter_cfg.c ****     #define CYPACKED_ATTR 
  44:.\Generated_Source\PSoC4/cyfitter_cfg.c ****     #define CYALIGNED _Pragma("data_alignment=4")
  45:.\Generated_Source\PSoC4/cyfitter_cfg.c ****     #define CY_CFG_UNUSED _Pragma("diag_suppress=Pe177")
  46:.\Generated_Source\PSoC4/cyfitter_cfg.c ****     #define CY_CFG_SECTION _Pragma("location=\".psocinit\"")
  47:.\Generated_Source\PSoC4/cyfitter_cfg.c ****     
  48:.\Generated_Source\PSoC4/cyfitter_cfg.c ****     #define CY_CFG_MEMORY_BARRIER() __DMB()
  49:.\Generated_Source\PSoC4/cyfitter_cfg.c ****     
  50:.\Generated_Source\PSoC4/cyfitter_cfg.c **** #else
  51:.\Generated_Source\PSoC4/cyfitter_cfg.c ****     #error Unsupported toolchain
  52:.\Generated_Source\PSoC4/cyfitter_cfg.c **** #endif
  53:.\Generated_Source\PSoC4/cyfitter_cfg.c **** 
  54:.\Generated_Source\PSoC4/cyfitter_cfg.c **** 
  55:.\Generated_Source\PSoC4/cyfitter_cfg.c **** CY_CFG_UNUSED
  56:.\Generated_Source\PSoC4/cyfitter_cfg.c **** static void CYMEMZERO(void *s, size_t n);
  57:.\Generated_Source\PSoC4/cyfitter_cfg.c **** CY_CFG_UNUSED
  58:.\Generated_Source\PSoC4/cyfitter_cfg.c **** static void CYMEMZERO(void *s, size_t n)
  59:.\Generated_Source\PSoC4/cyfitter_cfg.c **** {
  25              		.loc 1 59 0
  26              		.cfi_startproc
  27 0000 80B5     		push	{r7, lr}
  28              		.cfi_def_cfa_offset 8
  29              		.cfi_offset 7, -8
  30              		.cfi_offset 14, -4
  31 0002 82B0     		sub	sp, sp, #8
  32              		.cfi_def_cfa_offset 16
  33 0004 00AF     		add	r7, sp, #0
  34              		.cfi_def_cfa_register 7
  35 0006 7860     		str	r0, [r7, #4]
  36 0008 3960     		str	r1, [r7]
  60:.\Generated_Source\PSoC4/cyfitter_cfg.c **** 	(void)memset(s, 0, n);
  37              		.loc 1 60 0
  38 000a 7A68     		ldr	r2, [r7, #4]
  39 000c 3B68     		ldr	r3, [r7]
  40 000e 101C     		mov	r0, r2
  41 0010 0021     		mov	r1, #0
  42 0012 1A1C     		mov	r2, r3
  43 0014 FFF7FEFF 		bl	memset
  61:.\Generated_Source\PSoC4/cyfitter_cfg.c **** }
  44              		.loc 1 61 0
  45 0018 BD46     		mov	sp, r7
  46 001a 02B0     		add	sp, sp, #8
  47              		@ sp needed
  48 001c 80BD     		pop	{r7, pc}
  49              		.cfi_endproc
  50              	.LFE0:
  51              		.size	CYMEMZERO, .-CYMEMZERO
  52 001e C046     		.section	.text.CYCONFIGCPY,"ax",%progbits
  53              		.align	2
ARM GAS  C:\Users\kbuchi\AppData\Local\Temp\ccWmD5bw.s 			page 3


  54              		.code	16
  55              		.thumb_func
  56              		.type	CYCONFIGCPY, %function
  57              	CYCONFIGCPY:
  58              	.LFB1:
  62:.\Generated_Source\PSoC4/cyfitter_cfg.c **** CY_CFG_UNUSED
  63:.\Generated_Source\PSoC4/cyfitter_cfg.c **** static void CYCONFIGCPY(void *dest, const void *src, size_t n);
  64:.\Generated_Source\PSoC4/cyfitter_cfg.c **** CY_CFG_UNUSED
  65:.\Generated_Source\PSoC4/cyfitter_cfg.c **** static void CYCONFIGCPY(void *dest, const void *src, size_t n)
  66:.\Generated_Source\PSoC4/cyfitter_cfg.c **** {
  59              		.loc 1 66 0
  60              		.cfi_startproc
  61 0000 80B5     		push	{r7, lr}
  62              		.cfi_def_cfa_offset 8
  63              		.cfi_offset 7, -8
  64              		.cfi_offset 14, -4
  65 0002 84B0     		sub	sp, sp, #16
  66              		.cfi_def_cfa_offset 24
  67 0004 00AF     		add	r7, sp, #0
  68              		.cfi_def_cfa_register 7
  69 0006 F860     		str	r0, [r7, #12]
  70 0008 B960     		str	r1, [r7, #8]
  71 000a 7A60     		str	r2, [r7, #4]
  67:.\Generated_Source\PSoC4/cyfitter_cfg.c **** 	(void)memcpy(dest, src, n);
  72              		.loc 1 67 0
  73 000c F968     		ldr	r1, [r7, #12]
  74 000e BA68     		ldr	r2, [r7, #8]
  75 0010 7B68     		ldr	r3, [r7, #4]
  76 0012 081C     		mov	r0, r1
  77 0014 111C     		mov	r1, r2
  78 0016 1A1C     		mov	r2, r3
  79 0018 FFF7FEFF 		bl	memcpy
  68:.\Generated_Source\PSoC4/cyfitter_cfg.c **** }
  80              		.loc 1 68 0
  81 001c BD46     		mov	sp, r7
  82 001e 04B0     		add	sp, sp, #16
  83              		@ sp needed
  84 0020 80BD     		pop	{r7, pc}
  85              		.cfi_endproc
  86              	.LFE1:
  87              		.size	CYCONFIGCPY, .-CYCONFIGCPY
  88 0022 C046     		.section	.text.CYCONFIGCPYCODE,"ax",%progbits
  89              		.align	2
  90              		.code	16
  91              		.thumb_func
  92              		.type	CYCONFIGCPYCODE, %function
  93              	CYCONFIGCPYCODE:
  94              	.LFB2:
  69:.\Generated_Source\PSoC4/cyfitter_cfg.c **** CY_CFG_UNUSED
  70:.\Generated_Source\PSoC4/cyfitter_cfg.c **** static void CYCONFIGCPYCODE(void *dest, const void *src, size_t n);
  71:.\Generated_Source\PSoC4/cyfitter_cfg.c **** CY_CFG_UNUSED
  72:.\Generated_Source\PSoC4/cyfitter_cfg.c **** static void CYCONFIGCPYCODE(void *dest, const void *src, size_t n)
  73:.\Generated_Source\PSoC4/cyfitter_cfg.c **** {
  95              		.loc 1 73 0
  96              		.cfi_startproc
  97 0000 80B5     		push	{r7, lr}
  98              		.cfi_def_cfa_offset 8
ARM GAS  C:\Users\kbuchi\AppData\Local\Temp\ccWmD5bw.s 			page 4


  99              		.cfi_offset 7, -8
 100              		.cfi_offset 14, -4
 101 0002 84B0     		sub	sp, sp, #16
 102              		.cfi_def_cfa_offset 24
 103 0004 00AF     		add	r7, sp, #0
 104              		.cfi_def_cfa_register 7
 105 0006 F860     		str	r0, [r7, #12]
 106 0008 B960     		str	r1, [r7, #8]
 107 000a 7A60     		str	r2, [r7, #4]
  74:.\Generated_Source\PSoC4/cyfitter_cfg.c **** 	(void)memcpy(dest, src, n);
 108              		.loc 1 74 0
 109 000c F968     		ldr	r1, [r7, #12]
 110 000e BA68     		ldr	r2, [r7, #8]
 111 0010 7B68     		ldr	r3, [r7, #4]
 112 0012 081C     		mov	r0, r1
 113 0014 111C     		mov	r1, r2
 114 0016 1A1C     		mov	r2, r3
 115 0018 FFF7FEFF 		bl	memcpy
  75:.\Generated_Source\PSoC4/cyfitter_cfg.c **** }
 116              		.loc 1 75 0
 117 001c BD46     		mov	sp, r7
 118 001e 04B0     		add	sp, sp, #16
 119              		@ sp needed
 120 0020 80BD     		pop	{r7, pc}
 121              		.cfi_endproc
 122              	.LFE2:
 123              		.size	CYCONFIGCPYCODE, .-CYCONFIGCPYCODE
 124 0022 C046     		.section	.psocinit,"ax",%progbits
 125              		.align	2
 126              		.code	16
 127              		.thumb_func
 128              		.type	ClockSetup, %function
 129              	ClockSetup:
 130              	.LFB3:
  76:.\Generated_Source\PSoC4/cyfitter_cfg.c **** 
  77:.\Generated_Source\PSoC4/cyfitter_cfg.c **** 
  78:.\Generated_Source\PSoC4/cyfitter_cfg.c **** 
  79:.\Generated_Source\PSoC4/cyfitter_cfg.c **** /* Clock startup error codes                                                   */
  80:.\Generated_Source\PSoC4/cyfitter_cfg.c **** #define CYCLOCKSTART_NO_ERROR    0u
  81:.\Generated_Source\PSoC4/cyfitter_cfg.c **** #define CYCLOCKSTART_XTAL_ERROR  1u
  82:.\Generated_Source\PSoC4/cyfitter_cfg.c **** #define CYCLOCKSTART_32KHZ_ERROR 2u
  83:.\Generated_Source\PSoC4/cyfitter_cfg.c **** #define CYCLOCKSTART_PLL_ERROR   3u
  84:.\Generated_Source\PSoC4/cyfitter_cfg.c **** 
  85:.\Generated_Source\PSoC4/cyfitter_cfg.c **** #ifdef CY_NEED_CYCLOCKSTARTUPERROR
  86:.\Generated_Source\PSoC4/cyfitter_cfg.c **** /*******************************************************************************
  87:.\Generated_Source\PSoC4/cyfitter_cfg.c **** * Function Name: CyClockStartupError
  88:.\Generated_Source\PSoC4/cyfitter_cfg.c **** ********************************************************************************
  89:.\Generated_Source\PSoC4/cyfitter_cfg.c **** * Summary:
  90:.\Generated_Source\PSoC4/cyfitter_cfg.c **** *  If an error is encountered during clock configuration (crystal startup error,
  91:.\Generated_Source\PSoC4/cyfitter_cfg.c **** *  PLL lock error, etc.), the system will end up here.  Unless reimplemented by
  92:.\Generated_Source\PSoC4/cyfitter_cfg.c **** *  the customer, this function will stop in an infinite loop.
  93:.\Generated_Source\PSoC4/cyfitter_cfg.c **** *
  94:.\Generated_Source\PSoC4/cyfitter_cfg.c **** * Parameters:
  95:.\Generated_Source\PSoC4/cyfitter_cfg.c **** *   void
  96:.\Generated_Source\PSoC4/cyfitter_cfg.c **** *
  97:.\Generated_Source\PSoC4/cyfitter_cfg.c **** * Return:
  98:.\Generated_Source\PSoC4/cyfitter_cfg.c **** *   void
ARM GAS  C:\Users\kbuchi\AppData\Local\Temp\ccWmD5bw.s 			page 5


  99:.\Generated_Source\PSoC4/cyfitter_cfg.c **** *
 100:.\Generated_Source\PSoC4/cyfitter_cfg.c **** *******************************************************************************/
 101:.\Generated_Source\PSoC4/cyfitter_cfg.c **** CY_CFG_UNUSED
 102:.\Generated_Source\PSoC4/cyfitter_cfg.c **** static void CyClockStartupError(uint8 errorCode);
 103:.\Generated_Source\PSoC4/cyfitter_cfg.c **** CY_CFG_UNUSED
 104:.\Generated_Source\PSoC4/cyfitter_cfg.c **** static void CyClockStartupError(uint8 errorCode)
 105:.\Generated_Source\PSoC4/cyfitter_cfg.c **** {
 106:.\Generated_Source\PSoC4/cyfitter_cfg.c ****     /* To remove the compiler warning if errorCode not used.                */
 107:.\Generated_Source\PSoC4/cyfitter_cfg.c ****     errorCode = errorCode;
 108:.\Generated_Source\PSoC4/cyfitter_cfg.c **** 
 109:.\Generated_Source\PSoC4/cyfitter_cfg.c ****     /* `#START CyClockStartupError` */
 110:.\Generated_Source\PSoC4/cyfitter_cfg.c **** 
 111:.\Generated_Source\PSoC4/cyfitter_cfg.c ****     /* If we have a clock startup error (bad MHz crystal, PLL lock, etc.),  */
 112:.\Generated_Source\PSoC4/cyfitter_cfg.c ****     /* we will end up here to allow the customer to implement something to  */
 113:.\Generated_Source\PSoC4/cyfitter_cfg.c ****     /* deal with the clock condition.                                       */
 114:.\Generated_Source\PSoC4/cyfitter_cfg.c **** 
 115:.\Generated_Source\PSoC4/cyfitter_cfg.c ****     /* `#END` */
 116:.\Generated_Source\PSoC4/cyfitter_cfg.c **** 
 117:.\Generated_Source\PSoC4/cyfitter_cfg.c ****     /* If nothing else, stop here since the clocks have not started         */
 118:.\Generated_Source\PSoC4/cyfitter_cfg.c ****     /* correctly.                                                           */
 119:.\Generated_Source\PSoC4/cyfitter_cfg.c ****     while(1) {}
 120:.\Generated_Source\PSoC4/cyfitter_cfg.c **** }
 121:.\Generated_Source\PSoC4/cyfitter_cfg.c **** #endif
 122:.\Generated_Source\PSoC4/cyfitter_cfg.c **** 
 123:.\Generated_Source\PSoC4/cyfitter_cfg.c **** 
 124:.\Generated_Source\PSoC4/cyfitter_cfg.c **** 
 125:.\Generated_Source\PSoC4/cyfitter_cfg.c **** /*******************************************************************************
 126:.\Generated_Source\PSoC4/cyfitter_cfg.c **** * Function Name: ClockSetup
 127:.\Generated_Source\PSoC4/cyfitter_cfg.c **** ********************************************************************************
 128:.\Generated_Source\PSoC4/cyfitter_cfg.c **** *
 129:.\Generated_Source\PSoC4/cyfitter_cfg.c **** * Summary:
 130:.\Generated_Source\PSoC4/cyfitter_cfg.c **** *   Performs the initialization of all of the clocks in the device based on the
 131:.\Generated_Source\PSoC4/cyfitter_cfg.c **** *   settings in the Clock tab of the DWR.  This includes enabling the requested
 132:.\Generated_Source\PSoC4/cyfitter_cfg.c **** *   clocks and setting the necessary dividers to produce the desired frequency. 
 133:.\Generated_Source\PSoC4/cyfitter_cfg.c **** *
 134:.\Generated_Source\PSoC4/cyfitter_cfg.c **** * Parameters:
 135:.\Generated_Source\PSoC4/cyfitter_cfg.c **** *   void
 136:.\Generated_Source\PSoC4/cyfitter_cfg.c **** *
 137:.\Generated_Source\PSoC4/cyfitter_cfg.c **** * Return:
 138:.\Generated_Source\PSoC4/cyfitter_cfg.c **** *   void
 139:.\Generated_Source\PSoC4/cyfitter_cfg.c **** *
 140:.\Generated_Source\PSoC4/cyfitter_cfg.c **** *******************************************************************************/
 141:.\Generated_Source\PSoC4/cyfitter_cfg.c **** static void ClockSetup(void);
 142:.\Generated_Source\PSoC4/cyfitter_cfg.c **** CY_CFG_SECTION
 143:.\Generated_Source\PSoC4/cyfitter_cfg.c **** static void ClockSetup(void)
 144:.\Generated_Source\PSoC4/cyfitter_cfg.c **** {
 131              		.loc 1 144 0
 132              		.cfi_startproc
 133 0000 80B5     		push	{r7, lr}
 134              		.cfi_def_cfa_offset 8
 135              		.cfi_offset 7, -8
 136              		.cfi_offset 14, -4
 137 0002 00AF     		add	r7, sp, #0
 138              		.cfi_def_cfa_register 7
 145:.\Generated_Source\PSoC4/cyfitter_cfg.c **** 	/* Enable HALF_EN before trimming for the flash accelerator. */
 146:.\Generated_Source\PSoC4/cyfitter_cfg.c **** 	CY_SET_REG32((void CYXDATA *)(CYREG_CLK_SELECT), (CY_GET_REG32((void *)CYREG_CLK_SELECT) | 0x00040
 139              		.loc 1 146 0
ARM GAS  C:\Users\kbuchi\AppData\Local\Temp\ccWmD5bw.s 			page 6


 140 0004 104B     		ldr	r3, .L5
 141 0006 104A     		ldr	r2, .L5
 142 0008 1268     		ldr	r2, [r2]
 143 000a 8021     		mov	r1, #128
 144 000c C902     		lsl	r1, r1, #11
 145 000e 0A43     		orr	r2, r1
 146 0010 1A60     		str	r2, [r3]
 147:.\Generated_Source\PSoC4/cyfitter_cfg.c **** 
 148:.\Generated_Source\PSoC4/cyfitter_cfg.c **** 	/* Setup and trim IMO based on desired frequency. */
 149:.\Generated_Source\PSoC4/cyfitter_cfg.c **** 	CySysClkWriteImoFreq(3u);
 147              		.loc 1 149 0
 148 0012 0320     		mov	r0, #3
 149 0014 FFF7FEFF 		bl	CySysClkWriteImoFreq
 150:.\Generated_Source\PSoC4/cyfitter_cfg.c **** 
 151:.\Generated_Source\PSoC4/cyfitter_cfg.c **** 	/* Disable HALF_EN since it is not required at this IMO frequency. */
 152:.\Generated_Source\PSoC4/cyfitter_cfg.c **** 	CY_SET_REG32((void CYXDATA *)(CYREG_CLK_SELECT), (CY_GET_REG32((void *)CYREG_CLK_SELECT) & 0xFFFBF
 150              		.loc 1 152 0
 151 0018 0B4B     		ldr	r3, .L5
 152 001a 0B4A     		ldr	r2, .L5
 153 001c 1168     		ldr	r1, [r2]
 154 001e 0B4A     		ldr	r2, .L5+4
 155 0020 0A40     		and	r2, r1
 156 0022 1A60     		str	r2, [r3]
 153:.\Generated_Source\PSoC4/cyfitter_cfg.c **** 	/* CYDEV_CLK_ILO_CONFIG Starting address: CYDEV_CLK_ILO_CONFIG */
 154:.\Generated_Source\PSoC4/cyfitter_cfg.c **** 	CY_SET_XTND_REG32((void CYFAR *)(CYREG_CLK_ILO_CONFIG), 0x80000006u);
 157              		.loc 1 154 0
 158 0024 0A4B     		ldr	r3, .L5+8
 159 0026 0B4A     		ldr	r2, .L5+12
 160 0028 1A60     		str	r2, [r3]
 155:.\Generated_Source\PSoC4/cyfitter_cfg.c **** 
 156:.\Generated_Source\PSoC4/cyfitter_cfg.c **** 
 157:.\Generated_Source\PSoC4/cyfitter_cfg.c **** 	/* CYDEV_CLK_SELECT00 Starting address: CYDEV_CLK_SELECT00 */
 158:.\Generated_Source\PSoC4/cyfitter_cfg.c **** 	CY_SET_XTND_REG32((void CYFAR *)(CYREG_CLK_SELECT08), 0x00000010u);
 161              		.loc 1 158 0
 162 002a 0B4B     		ldr	r3, .L5+16
 163 002c 1022     		mov	r2, #16
 164 002e 1A60     		str	r2, [r3]
 159:.\Generated_Source\PSoC4/cyfitter_cfg.c **** 
 160:.\Generated_Source\PSoC4/cyfitter_cfg.c **** 	/* CYDEV_CLK_IMO_CONFIG Starting address: CYDEV_CLK_IMO_CONFIG */
 161:.\Generated_Source\PSoC4/cyfitter_cfg.c **** 	CY_SET_XTND_REG32((void CYFAR *)(CYREG_CLK_IMO_CONFIG), 0x80000000u);
 165              		.loc 1 161 0
 166 0030 0A4B     		ldr	r3, .L5+20
 167 0032 8022     		mov	r2, #128
 168 0034 1206     		lsl	r2, r2, #24
 169 0036 1A60     		str	r2, [r3]
 162:.\Generated_Source\PSoC4/cyfitter_cfg.c **** 
 163:.\Generated_Source\PSoC4/cyfitter_cfg.c **** 	/* CYDEV_CLK_DIVIDER_A00 Starting address: CYDEV_CLK_DIVIDER_A00 */
 164:.\Generated_Source\PSoC4/cyfitter_cfg.c **** 	CY_SET_XTND_REG32((void CYFAR *)(CYREG_CLK_DIVIDER_A00), 0x80000BB7u);
 170              		.loc 1 164 0
 171 0038 094B     		ldr	r3, .L5+24
 172 003a 0A4A     		ldr	r2, .L5+28
 173 003c 1A60     		str	r2, [r3]
 165:.\Generated_Source\PSoC4/cyfitter_cfg.c **** 
 166:.\Generated_Source\PSoC4/cyfitter_cfg.c **** 	CY_SET_XTND_REG32((void CYFAR *)(CYREG_WDT_CONFIG), 0x00000000u);
 174              		.loc 1 166 0
 175 003e 0A4B     		ldr	r3, .L5+32
 176 0040 0022     		mov	r2, #0
ARM GAS  C:\Users\kbuchi\AppData\Local\Temp\ccWmD5bw.s 			page 7


 177 0042 1A60     		str	r2, [r3]
 167:.\Generated_Source\PSoC4/cyfitter_cfg.c **** }
 178              		.loc 1 167 0
 179 0044 BD46     		mov	sp, r7
 180              		@ sp needed
 181 0046 80BD     		pop	{r7, pc}
 182              	.L6:
 183              		.align	2
 184              	.L5:
 185 0048 00010B40 		.word	1074462976
 186 004c FFFFFBFF 		.word	-262145
 187 0050 04010B40 		.word	1074462980
 188 0054 06000080 		.word	-2147483642
 189 0058 20020240 		.word	1073873440
 190 005c 08010B40 		.word	1074462984
 191 0060 00000240 		.word	1073872896
 192 0064 B70B0080 		.word	-2147480649
 193 0068 0C020B40 		.word	1074463244
 194              		.cfi_endproc
 195              	.LFE3:
 196              		.size	ClockSetup, .-ClockSetup
 197              		.section	.text.AnalogSetDefault,"ax",%progbits
 198              		.align	2
 199              		.code	16
 200              		.thumb_func
 201              		.type	AnalogSetDefault, %function
 202              	AnalogSetDefault:
 203              	.LFB4:
 168:.\Generated_Source\PSoC4/cyfitter_cfg.c **** 
 169:.\Generated_Source\PSoC4/cyfitter_cfg.c **** 
 170:.\Generated_Source\PSoC4/cyfitter_cfg.c **** /* Analog API Functions */
 171:.\Generated_Source\PSoC4/cyfitter_cfg.c **** 
 172:.\Generated_Source\PSoC4/cyfitter_cfg.c **** 
 173:.\Generated_Source\PSoC4/cyfitter_cfg.c **** /*******************************************************************************
 174:.\Generated_Source\PSoC4/cyfitter_cfg.c **** * Function Name: AnalogSetDefault
 175:.\Generated_Source\PSoC4/cyfitter_cfg.c **** ********************************************************************************
 176:.\Generated_Source\PSoC4/cyfitter_cfg.c **** *
 177:.\Generated_Source\PSoC4/cyfitter_cfg.c **** * Summary:
 178:.\Generated_Source\PSoC4/cyfitter_cfg.c **** *  Sets up the analog portions of the chip to default values based on chip
 179:.\Generated_Source\PSoC4/cyfitter_cfg.c **** *  configuration options from the project.
 180:.\Generated_Source\PSoC4/cyfitter_cfg.c **** *
 181:.\Generated_Source\PSoC4/cyfitter_cfg.c **** * Parameters:
 182:.\Generated_Source\PSoC4/cyfitter_cfg.c **** *  void
 183:.\Generated_Source\PSoC4/cyfitter_cfg.c **** *
 184:.\Generated_Source\PSoC4/cyfitter_cfg.c **** * Return:
 185:.\Generated_Source\PSoC4/cyfitter_cfg.c **** *  void
 186:.\Generated_Source\PSoC4/cyfitter_cfg.c **** *
 187:.\Generated_Source\PSoC4/cyfitter_cfg.c **** *******************************************************************************/
 188:.\Generated_Source\PSoC4/cyfitter_cfg.c **** static void AnalogSetDefault(void);
 189:.\Generated_Source\PSoC4/cyfitter_cfg.c **** static void AnalogSetDefault(void)
 190:.\Generated_Source\PSoC4/cyfitter_cfg.c **** {
 204              		.loc 1 190 0
 205              		.cfi_startproc
 206 0000 80B5     		push	{r7, lr}
 207              		.cfi_def_cfa_offset 8
 208              		.cfi_offset 7, -8
 209              		.cfi_offset 14, -4
ARM GAS  C:\Users\kbuchi\AppData\Local\Temp\ccWmD5bw.s 			page 8


 210 0002 00AF     		add	r7, sp, #0
 211              		.cfi_def_cfa_register 7
 191:.\Generated_Source\PSoC4/cyfitter_cfg.c **** }
 212              		.loc 1 191 0
 213 0004 BD46     		mov	sp, r7
 214              		@ sp needed
 215 0006 80BD     		pop	{r7, pc}
 216              		.cfi_endproc
 217              	.LFE4:
 218              		.size	AnalogSetDefault, .-AnalogSetDefault
 219              		.section	.psocinit
 220              		.align	2
 221              		.global	cyfitter_cfg
 222              		.code	16
 223              		.thumb_func
 224              		.type	cyfitter_cfg, %function
 225              	cyfitter_cfg:
 226              	.LFB5:
 192:.\Generated_Source\PSoC4/cyfitter_cfg.c **** 
 193:.\Generated_Source\PSoC4/cyfitter_cfg.c **** #define CY_AMUX_UNUSED CYREG_CM0_ROM_DWT
 194:.\Generated_Source\PSoC4/cyfitter_cfg.c **** 
 195:.\Generated_Source\PSoC4/cyfitter_cfg.c **** 
 196:.\Generated_Source\PSoC4/cyfitter_cfg.c **** /*******************************************************************************
 197:.\Generated_Source\PSoC4/cyfitter_cfg.c **** * Function Name: cyfitter_cfg
 198:.\Generated_Source\PSoC4/cyfitter_cfg.c **** ********************************************************************************
 199:.\Generated_Source\PSoC4/cyfitter_cfg.c **** * Summary:
 200:.\Generated_Source\PSoC4/cyfitter_cfg.c **** *  This function is called by the start-up code for the selected device. It
 201:.\Generated_Source\PSoC4/cyfitter_cfg.c **** *  performs all of the necessary device configuration based on the design
 202:.\Generated_Source\PSoC4/cyfitter_cfg.c **** *  settings.  This includes settings from the Design Wide Resources (DWR) such
 203:.\Generated_Source\PSoC4/cyfitter_cfg.c **** *  as Clocks and Pins as well as any component configuration that is necessary.
 204:.\Generated_Source\PSoC4/cyfitter_cfg.c **** *
 205:.\Generated_Source\PSoC4/cyfitter_cfg.c **** * Parameters:  
 206:.\Generated_Source\PSoC4/cyfitter_cfg.c **** *   void
 207:.\Generated_Source\PSoC4/cyfitter_cfg.c **** *
 208:.\Generated_Source\PSoC4/cyfitter_cfg.c **** * Return:
 209:.\Generated_Source\PSoC4/cyfitter_cfg.c **** *   void
 210:.\Generated_Source\PSoC4/cyfitter_cfg.c **** *
 211:.\Generated_Source\PSoC4/cyfitter_cfg.c **** *******************************************************************************/
 212:.\Generated_Source\PSoC4/cyfitter_cfg.c **** CY_CFG_SECTION
 213:.\Generated_Source\PSoC4/cyfitter_cfg.c **** void cyfitter_cfg(void)
 214:.\Generated_Source\PSoC4/cyfitter_cfg.c **** {
 227              		.loc 1 214 0
 228              		.cfi_startproc
 229 006c 80B5     		push	{r7, lr}
 230              		.cfi_def_cfa_offset 8
 231              		.cfi_offset 7, -8
 232              		.cfi_offset 14, -4
 233 006e 82B0     		sub	sp, sp, #8
 234              		.cfi_def_cfa_offset 16
 235 0070 00AF     		add	r7, sp, #0
 236              		.cfi_def_cfa_register 7
 215:.\Generated_Source\PSoC4/cyfitter_cfg.c **** 	/* Disable interrupts by default. Let user enable if/when they want. */
 216:.\Generated_Source\PSoC4/cyfitter_cfg.c **** 	CyGlobalIntDisable;
 237              		.loc 1 216 0
 238              	@ 216 ".\Generated_Source\PSoC4\cyfitter_cfg.c" 1
 239 0072 72B6     		CPSID   i
 240              	@ 0 "" 2
ARM GAS  C:\Users\kbuchi\AppData\Local\Temp\ccWmD5bw.s 			page 9


 241              		.code	16
 242              	.LBB2:
 217:.\Generated_Source\PSoC4/cyfitter_cfg.c **** 
 218:.\Generated_Source\PSoC4/cyfitter_cfg.c **** 	{
 219:.\Generated_Source\PSoC4/cyfitter_cfg.c **** 
 220:.\Generated_Source\PSoC4/cyfitter_cfg.c **** 		CYPACKED typedef struct {
 221:.\Generated_Source\PSoC4/cyfitter_cfg.c **** 			void CYFAR *address;
 222:.\Generated_Source\PSoC4/cyfitter_cfg.c **** 			uint16 size;
 223:.\Generated_Source\PSoC4/cyfitter_cfg.c **** 		} CYPACKED_ATTR cfg_memset_t;
 224:.\Generated_Source\PSoC4/cyfitter_cfg.c **** 
 225:.\Generated_Source\PSoC4/cyfitter_cfg.c **** 		static const cfg_memset_t CYCODE cfg_memset_list [] = {
 226:.\Generated_Source\PSoC4/cyfitter_cfg.c **** 			/* address, size */
 227:.\Generated_Source\PSoC4/cyfitter_cfg.c **** 			{(void CYFAR *)(CYDEV_UDB_P0_U0_BASE), 1024u},
 228:.\Generated_Source\PSoC4/cyfitter_cfg.c **** 			{(void CYFAR *)(CYDEV_UDB_DSI0_BASE), 1024u},
 229:.\Generated_Source\PSoC4/cyfitter_cfg.c **** 		};
 230:.\Generated_Source\PSoC4/cyfitter_cfg.c **** 
 231:.\Generated_Source\PSoC4/cyfitter_cfg.c **** 		uint8 CYDATA i;
 232:.\Generated_Source\PSoC4/cyfitter_cfg.c **** 
 233:.\Generated_Source\PSoC4/cyfitter_cfg.c **** 		/* Zero out critical memory blocks before beginning configuration */
 234:.\Generated_Source\PSoC4/cyfitter_cfg.c **** 		for (i = 0u; i < (sizeof(cfg_memset_list)/sizeof(cfg_memset_list[0])); i++)
 243              		.loc 1 234 0
 244 0074 FB1D     		add	r3, r7, #7
 245 0076 0022     		mov	r2, #0
 246 0078 1A70     		strb	r2, [r3]
 247 007a 23E0     		b	.L9
 248              	.L10:
 249              	.LBB3:
 235:.\Generated_Source\PSoC4/cyfitter_cfg.c **** 		{
 236:.\Generated_Source\PSoC4/cyfitter_cfg.c **** 			const cfg_memset_t CYCODE * CYDATA ms = &cfg_memset_list[i];
 250              		.loc 1 236 0 discriminator 2
 251 007c FB1D     		add	r3, r7, #7
 252 007e 1A78     		ldrb	r2, [r3]
 253 0080 131C     		mov	r3, r2
 254 0082 5B00     		lsl	r3, r3, #1
 255 0084 9B18     		add	r3, r3, r2
 256 0086 5B00     		lsl	r3, r3, #1
 257 0088 314A     		ldr	r2, .L11
 258 008a 9B18     		add	r3, r3, r2
 259 008c 3B60     		str	r3, [r7]
 237:.\Generated_Source\PSoC4/cyfitter_cfg.c **** 			CYMEMZERO(ms->address, (size_t)(uint32)(ms->size));
 260              		.loc 1 237 0 discriminator 2
 261 008e 3B68     		ldr	r3, [r7]
 262 0090 1A78     		ldrb	r2, [r3]
 263 0092 5978     		ldrb	r1, [r3, #1]
 264 0094 0902     		lsl	r1, r1, #8
 265 0096 0A43     		orr	r2, r1
 266 0098 9978     		ldrb	r1, [r3, #2]
 267 009a 0904     		lsl	r1, r1, #16
 268 009c 0A43     		orr	r2, r1
 269 009e DB78     		ldrb	r3, [r3, #3]
 270 00a0 1B06     		lsl	r3, r3, #24
 271 00a2 1343     		orr	r3, r2
 272 00a4 1A1C     		mov	r2, r3
 273 00a6 3B68     		ldr	r3, [r7]
 274 00a8 1979     		ldrb	r1, [r3, #4]
 275 00aa 5B79     		ldrb	r3, [r3, #5]
 276 00ac 1B02     		lsl	r3, r3, #8
ARM GAS  C:\Users\kbuchi\AppData\Local\Temp\ccWmD5bw.s 			page 10


 277 00ae 0B43     		orr	r3, r1
 278 00b0 9BB2     		uxth	r3, r3
 279 00b2 101C     		mov	r0, r2
 280 00b4 191C     		mov	r1, r3
 281 00b6 FFF7FEFF 		bl	CYMEMZERO
 282              	.LBE3:
 234:.\Generated_Source\PSoC4/cyfitter_cfg.c **** 		for (i = 0u; i < (sizeof(cfg_memset_list)/sizeof(cfg_memset_list[0])); i++)
 283              		.loc 1 234 0 discriminator 2
 284 00ba FB1D     		add	r3, r7, #7
 285 00bc 1A78     		ldrb	r2, [r3]
 286 00be FB1D     		add	r3, r7, #7
 287 00c0 0132     		add	r2, r2, #1
 288 00c2 1A70     		strb	r2, [r3]
 289              	.L9:
 234:.\Generated_Source\PSoC4/cyfitter_cfg.c **** 		for (i = 0u; i < (sizeof(cfg_memset_list)/sizeof(cfg_memset_list[0])); i++)
 290              		.loc 1 234 0 is_stmt 0 discriminator 1
 291 00c4 FB1D     		add	r3, r7, #7
 292 00c6 1B78     		ldrb	r3, [r3]
 293 00c8 012B     		cmp	r3, #1
 294 00ca D7D9     		bls	.L10
 238:.\Generated_Source\PSoC4/cyfitter_cfg.c **** 		}
 239:.\Generated_Source\PSoC4/cyfitter_cfg.c **** 
 240:.\Generated_Source\PSoC4/cyfitter_cfg.c **** 		/* HSIOM Starting address: CYDEV_HSIOM_BASE */
 241:.\Generated_Source\PSoC4/cyfitter_cfg.c **** 		CY_SET_XTND_REG32((void CYFAR *)(CYREG_HSIOM_PORT_SEL2), 0x00080000u);
 295              		.loc 1 241 0 is_stmt 1
 296 00cc 214B     		ldr	r3, .L11+4
 297 00ce 8022     		mov	r2, #128
 298 00d0 1203     		lsl	r2, r2, #12
 299 00d2 1A60     		str	r2, [r3]
 242:.\Generated_Source\PSoC4/cyfitter_cfg.c **** 
 243:.\Generated_Source\PSoC4/cyfitter_cfg.c **** 		/* FORCED_HSIOM Starting address: CYDEV_HSIOM_PORT_SEL3 */
 244:.\Generated_Source\PSoC4/cyfitter_cfg.c **** 		CY_SET_XTND_REG32((void CYFAR *)(CYREG_HSIOM_PORT_SEL3), 0x00000000u);
 300              		.loc 1 244 0
 301 00d4 204B     		ldr	r3, .L11+8
 302 00d6 0022     		mov	r2, #0
 303 00d8 1A60     		str	r2, [r3]
 245:.\Generated_Source\PSoC4/cyfitter_cfg.c **** 
 246:.\Generated_Source\PSoC4/cyfitter_cfg.c **** 		/* IOPINS0_3 Starting address: CYDEV_PRT3_PC */
 247:.\Generated_Source\PSoC4/cyfitter_cfg.c **** 		CY_SET_XTND_REG32((void CYFAR *)(CYREG_PRT3_PC), 0x00000000u);
 304              		.loc 1 247 0
 305 00da 204B     		ldr	r3, .L11+12
 306 00dc 0022     		mov	r2, #0
 307 00de 1A60     		str	r2, [r3]
 248:.\Generated_Source\PSoC4/cyfitter_cfg.c **** 
 249:.\Generated_Source\PSoC4/cyfitter_cfg.c **** 		/* UDB_PA_0 Starting address: CYDEV_UDB_PA0_BASE */
 250:.\Generated_Source\PSoC4/cyfitter_cfg.c **** 		CY_SET_XTND_REG32((void CYFAR *)(CYDEV_UDB_PA0_BASE), 0x00990000u);
 308              		.loc 1 250 0
 309 00e0 1F4B     		ldr	r3, .L11+16
 310 00e2 9922     		mov	r2, #153
 311 00e4 1204     		lsl	r2, r2, #16
 312 00e6 1A60     		str	r2, [r3]
 251:.\Generated_Source\PSoC4/cyfitter_cfg.c **** 
 252:.\Generated_Source\PSoC4/cyfitter_cfg.c **** 		/* UDB_PA_2 Starting address: CYDEV_UDB_PA2_BASE */
 253:.\Generated_Source\PSoC4/cyfitter_cfg.c **** 		CY_SET_XTND_REG32((void CYFAR *)(CYDEV_UDB_PA2_BASE), 0x00990000u);
 313              		.loc 1 253 0
 314 00e8 1E4B     		ldr	r3, .L11+20
 315 00ea 9922     		mov	r2, #153
ARM GAS  C:\Users\kbuchi\AppData\Local\Temp\ccWmD5bw.s 			page 11


 316 00ec 1204     		lsl	r2, r2, #16
 317 00ee 1A60     		str	r2, [r3]
 254:.\Generated_Source\PSoC4/cyfitter_cfg.c **** 
 255:.\Generated_Source\PSoC4/cyfitter_cfg.c **** 		/* TCPWM_CNT0 Starting address: CYDEV_TCPWM_CNT0_TR_CTRL0 */
 256:.\Generated_Source\PSoC4/cyfitter_cfg.c **** 		CY_SET_XTND_REG32((void CYFAR *)(CYREG_TCPWM_CNT0_TR_CTRL0), 0x00010010u);
 318              		.loc 1 256 0
 319 00f0 1D4B     		ldr	r3, .L11+24
 320 00f2 1E4A     		ldr	r2, .L11+28
 321 00f4 1A60     		str	r2, [r3]
 257:.\Generated_Source\PSoC4/cyfitter_cfg.c **** 
 258:.\Generated_Source\PSoC4/cyfitter_cfg.c **** 		/* Enable digital routing */
 259:.\Generated_Source\PSoC4/cyfitter_cfg.c **** 		CY_SET_XTND_REG8((void *)CYREG_UDB_UDBIF_BANK_CTL, CY_GET_XTND_REG8((void *)CYREG_UDB_UDBIF_BANK_
 322              		.loc 1 259 0
 323 00f6 1E4B     		ldr	r3, .L11+32
 324 00f8 1D4A     		ldr	r2, .L11+32
 325 00fa 1278     		ldrb	r2, [r2]
 326 00fc D2B2     		uxtb	r2, r2
 327 00fe 0221     		mov	r1, #2
 328 0100 0A43     		orr	r2, r1
 329 0102 D2B2     		uxtb	r2, r2
 330 0104 1A70     		strb	r2, [r3]
 260:.\Generated_Source\PSoC4/cyfitter_cfg.c **** 
 261:.\Generated_Source\PSoC4/cyfitter_cfg.c **** 		/* Enable UDB array */
 262:.\Generated_Source\PSoC4/cyfitter_cfg.c **** 		CY_SET_XTND_REG8((void *)CYREG_UDB_UDBIF_WAIT_CFG, (uint8)((CY_GET_XTND_REG8((void *)CYREG_UDB_UD
 331              		.loc 1 262 0
 332 0106 1B4B     		ldr	r3, .L11+36
 333 0108 1A4A     		ldr	r2, .L11+36
 334 010a 1278     		ldrb	r2, [r2]
 335 010c D2B2     		uxtb	r2, r2
 336 010e 3C21     		mov	r1, #60
 337 0110 8A43     		bic	r2, r1
 338 0112 D2B2     		uxtb	r2, r2
 339 0114 1421     		mov	r1, #20
 340 0116 0A43     		orr	r2, r1
 341 0118 D2B2     		uxtb	r2, r2
 342 011a 1A70     		strb	r2, [r3]
 263:.\Generated_Source\PSoC4/cyfitter_cfg.c **** 		CY_SET_XTND_REG8((void *)CYREG_UDB_UDBIF_BANK_CTL, (uint8)(CY_GET_XTND_REG8((void *)CYREG_UDB_UDB
 343              		.loc 1 263 0
 344 011c 144B     		ldr	r3, .L11+32
 345 011e 144A     		ldr	r2, .L11+32
 346 0120 1278     		ldrb	r2, [r2]
 347 0122 D2B2     		uxtb	r2, r2
 348 0124 1621     		mov	r1, #22
 349 0126 0A43     		orr	r2, r1
 350 0128 D2B2     		uxtb	r2, r2
 351 012a 1A70     		strb	r2, [r3]
 352              	.LBE2:
 264:.\Generated_Source\PSoC4/cyfitter_cfg.c **** 	}
 265:.\Generated_Source\PSoC4/cyfitter_cfg.c **** 
 266:.\Generated_Source\PSoC4/cyfitter_cfg.c **** 	/* Perform second pass device configuration. These items must be configured in specific order afte
 267:.\Generated_Source\PSoC4/cyfitter_cfg.c **** 	/* IOPINS0_0 Starting address: CYDEV_PRT0_DR */
 268:.\Generated_Source\PSoC4/cyfitter_cfg.c **** 	CY_SET_XTND_REG32((void CYFAR *)(CYREG_PRT0_PC), 0x00000C00u);
 353              		.loc 1 268 0
 354 012c 124B     		ldr	r3, .L11+40
 355 012e C022     		mov	r2, #192
 356 0130 1201     		lsl	r2, r2, #4
 357 0132 1A60     		str	r2, [r3]
ARM GAS  C:\Users\kbuchi\AppData\Local\Temp\ccWmD5bw.s 			page 12


 269:.\Generated_Source\PSoC4/cyfitter_cfg.c **** 
 270:.\Generated_Source\PSoC4/cyfitter_cfg.c **** 	/* IOPINS0_2 Starting address: CYDEV_PRT2_DR */
 271:.\Generated_Source\PSoC4/cyfitter_cfg.c **** 	CY_SET_XTND_REG32((void CYFAR *)(CYREG_PRT2_DR), 0x00000010u);
 358              		.loc 1 271 0
 359 0134 114B     		ldr	r3, .L11+44
 360 0136 1022     		mov	r2, #16
 361 0138 1A60     		str	r2, [r3]
 272:.\Generated_Source\PSoC4/cyfitter_cfg.c **** 	CY_SET_XTND_REG32((void CYFAR *)(CYREG_PRT2_PC), 0x00006000u);
 362              		.loc 1 272 0
 363 013a 114B     		ldr	r3, .L11+48
 364 013c C022     		mov	r2, #192
 365 013e D201     		lsl	r2, r2, #7
 366 0140 1A60     		str	r2, [r3]
 273:.\Generated_Source\PSoC4/cyfitter_cfg.c **** 
 274:.\Generated_Source\PSoC4/cyfitter_cfg.c **** 	/* Setup clocks based on selections from Clock DWR */
 275:.\Generated_Source\PSoC4/cyfitter_cfg.c **** 	ClockSetup();
 367              		.loc 1 275 0
 368 0142 FFF75DFF 		bl	ClockSetup
 276:.\Generated_Source\PSoC4/cyfitter_cfg.c **** 
 277:.\Generated_Source\PSoC4/cyfitter_cfg.c **** 	/* Perform basic analog initialization to defaults */
 278:.\Generated_Source\PSoC4/cyfitter_cfg.c **** 	AnalogSetDefault();
 369              		.loc 1 278 0
 370 0146 FFF7FEFF 		bl	AnalogSetDefault
 279:.\Generated_Source\PSoC4/cyfitter_cfg.c **** 
 280:.\Generated_Source\PSoC4/cyfitter_cfg.c **** }
 371              		.loc 1 280 0
 372 014a BD46     		mov	sp, r7
 373 014c 02B0     		add	sp, sp, #8
 374              		@ sp needed
 375 014e 80BD     		pop	{r7, pc}
 376              	.L12:
 377              		.align	2
 378              	.L11:
 379 0150 00000000 		.word	cfg_memset_list.4691
 380 0154 08000140 		.word	1073807368
 381 0158 0C000140 		.word	1073807372
 382 015c 08030440 		.word	1074004744
 383 0160 00500F40 		.word	1074745344
 384 0164 20500F40 		.word	1074745376
 385 0168 20010540 		.word	1074069792
 386 016c 10000100 		.word	65552
 387 0170 00700F40 		.word	1074753536
 388 0174 01700F40 		.word	1074753537
 389 0178 08000440 		.word	1074003976
 390 017c 00020440 		.word	1074004480
 391 0180 08020440 		.word	1074004488
 392              		.cfi_endproc
 393              	.LFE5:
 394              		.size	cyfitter_cfg, .-cyfitter_cfg
 395              		.section	.rodata
 396              		.align	2
 397              		.type	cfg_memset_list.4691, %object
 398              		.size	cfg_memset_list.4691, 12
 399              	cfg_memset_list.4691:
 400 0000 00300F40 		.word	1074737152
 401 0004 0004     		.short	1024
 402 0006 00400F40 		.4byte	1074741248
ARM GAS  C:\Users\kbuchi\AppData\Local\Temp\ccWmD5bw.s 			page 13


 403 000a 0004     		.short	1024
 404              		.text
 405              	.Letext0:
 406              		.file 2 "c:\\works\\programs\\psoc_creator\\psoc creator\\3.2\\psoc_creator\\import\\gnu\\arm\\4.8
 407              		.file 3 ".\\Generated_Source\\PSoC4\\cytypes.h"
 408              		.section	.debug_info,"",%progbits
 409              	.Ldebug_info0:
 410 0000 43020000 		.4byte	0x243
 411 0004 0400     		.2byte	0x4
 412 0006 00000000 		.4byte	.Ldebug_abbrev0
 413 000a 04       		.byte	0x4
 414 000b 01       		.uleb128 0x1
 415 000c 52000000 		.4byte	.LASF29
 416 0010 01       		.byte	0x1
 417 0011 68010000 		.4byte	.LASF30
 418 0015 99010000 		.4byte	.LASF31
 419 0019 00000000 		.4byte	.Ldebug_ranges0+0
 420 001d 00000000 		.4byte	0
 421 0021 00000000 		.4byte	.Ldebug_line0
 422 0025 02       		.uleb128 0x2
 423 0026 04       		.byte	0x4
 424 0027 05       		.byte	0x5
 425 0028 696E7400 		.ascii	"int\000"
 426 002c 03       		.uleb128 0x3
 427 002d 06000000 		.4byte	.LASF11
 428 0031 02       		.byte	0x2
 429 0032 D4       		.byte	0xd4
 430 0033 37000000 		.4byte	0x37
 431 0037 04       		.uleb128 0x4
 432 0038 04       		.byte	0x4
 433 0039 07       		.byte	0x7
 434 003a 2F010000 		.4byte	.LASF0
 435 003e 04       		.uleb128 0x4
 436 003f 01       		.byte	0x1
 437 0040 06       		.byte	0x6
 438 0041 05020000 		.4byte	.LASF1
 439 0045 04       		.uleb128 0x4
 440 0046 01       		.byte	0x1
 441 0047 08       		.byte	0x8
 442 0048 FF000000 		.4byte	.LASF2
 443 004c 04       		.uleb128 0x4
 444 004d 02       		.byte	0x2
 445 004e 05       		.byte	0x5
 446 004f F2010000 		.4byte	.LASF3
 447 0053 04       		.uleb128 0x4
 448 0054 02       		.byte	0x2
 449 0055 07       		.byte	0x7
 450 0056 39000000 		.4byte	.LASF4
 451 005a 04       		.uleb128 0x4
 452 005b 04       		.byte	0x4
 453 005c 05       		.byte	0x5
 454 005d FC010000 		.4byte	.LASF5
 455 0061 04       		.uleb128 0x4
 456 0062 04       		.byte	0x4
 457 0063 07       		.byte	0x7
 458 0064 DD000000 		.4byte	.LASF6
 459 0068 04       		.uleb128 0x4
ARM GAS  C:\Users\kbuchi\AppData\Local\Temp\ccWmD5bw.s 			page 14


 460 0069 08       		.byte	0x8
 461 006a 05       		.byte	0x5
 462 006b DF010000 		.4byte	.LASF7
 463 006f 04       		.uleb128 0x4
 464 0070 08       		.byte	0x8
 465 0071 07       		.byte	0x7
 466 0072 44010000 		.4byte	.LASF8
 467 0076 04       		.uleb128 0x4
 468 0077 04       		.byte	0x4
 469 0078 07       		.byte	0x7
 470 0079 90010000 		.4byte	.LASF9
 471 007d 05       		.uleb128 0x5
 472 007e 04       		.byte	0x4
 473 007f 04       		.uleb128 0x4
 474 0080 01       		.byte	0x1
 475 0081 08       		.byte	0x8
 476 0082 ED010000 		.4byte	.LASF10
 477 0086 03       		.uleb128 0x3
 478 0087 EF000000 		.4byte	.LASF12
 479 008b 03       		.byte	0x3
 480 008c A1       		.byte	0xa1
 481 008d 45000000 		.4byte	0x45
 482 0091 03       		.uleb128 0x3
 483 0092 21010000 		.4byte	.LASF13
 484 0096 03       		.byte	0x3
 485 0097 A2       		.byte	0xa2
 486 0098 53000000 		.4byte	0x53
 487 009c 03       		.uleb128 0x3
 488 009d 28010000 		.4byte	.LASF14
 489 00a1 03       		.byte	0x3
 490 00a2 A3       		.byte	0xa3
 491 00a3 61000000 		.4byte	0x61
 492 00a7 04       		.uleb128 0x4
 493 00a8 04       		.byte	0x4
 494 00a9 04       		.byte	0x4
 495 00aa 4C000000 		.4byte	.LASF15
 496 00ae 04       		.uleb128 0x4
 497 00af 08       		.byte	0x8
 498 00b0 04       		.byte	0x4
 499 00b1 0D010000 		.4byte	.LASF16
 500 00b5 06       		.uleb128 0x6
 501 00b6 D8000000 		.4byte	.LASF17
 502 00ba 03       		.byte	0x3
 503 00bb 4B01     		.2byte	0x14b
 504 00bd C1000000 		.4byte	0xc1
 505 00c1 07       		.uleb128 0x7
 506 00c2 86000000 		.4byte	0x86
 507 00c6 06       		.uleb128 0x6
 508 00c7 00000000 		.4byte	.LASF18
 509 00cb 03       		.byte	0x3
 510 00cc 4D01     		.2byte	0x14d
 511 00ce D2000000 		.4byte	0xd2
 512 00d2 07       		.uleb128 0x7
 513 00d3 9C000000 		.4byte	0x9c
 514 00d7 08       		.uleb128 0x8
 515 00d8 F5000000 		.4byte	.LASF19
 516 00dc 01       		.byte	0x1
ARM GAS  C:\Users\kbuchi\AppData\Local\Temp\ccWmD5bw.s 			page 15


 517 00dd 3A       		.byte	0x3a
 518 00de 00000000 		.4byte	.LFB0
 519 00e2 1E000000 		.4byte	.LFE0-.LFB0
 520 00e6 01       		.uleb128 0x1
 521 00e7 9C       		.byte	0x9c
 522 00e8 05010000 		.4byte	0x105
 523 00ec 09       		.uleb128 0x9
 524 00ed 7300     		.ascii	"s\000"
 525 00ef 01       		.byte	0x1
 526 00f0 3A       		.byte	0x3a
 527 00f1 7D000000 		.4byte	0x7d
 528 00f5 02       		.uleb128 0x2
 529 00f6 91       		.byte	0x91
 530 00f7 74       		.sleb128 -12
 531 00f8 09       		.uleb128 0x9
 532 00f9 6E00     		.ascii	"n\000"
 533 00fb 01       		.byte	0x1
 534 00fc 3A       		.byte	0x3a
 535 00fd 2C000000 		.4byte	0x2c
 536 0101 02       		.uleb128 0x2
 537 0102 91       		.byte	0x91
 538 0103 70       		.sleb128 -16
 539 0104 00       		.byte	0
 540 0105 08       		.uleb128 0x8
 541 0106 21020000 		.4byte	.LASF20
 542 010a 01       		.byte	0x1
 543 010b 41       		.byte	0x41
 544 010c 00000000 		.4byte	.LFB1
 545 0110 22000000 		.4byte	.LFE1-.LFB1
 546 0114 01       		.uleb128 0x1
 547 0115 9C       		.byte	0x9c
 548 0116 43010000 		.4byte	0x143
 549 011a 0A       		.uleb128 0xa
 550 011b CE000000 		.4byte	.LASF21
 551 011f 01       		.byte	0x1
 552 0120 41       		.byte	0x41
 553 0121 7D000000 		.4byte	0x7d
 554 0125 02       		.uleb128 0x2
 555 0126 91       		.byte	0x91
 556 0127 74       		.sleb128 -12
 557 0128 09       		.uleb128 0x9
 558 0129 73726300 		.ascii	"src\000"
 559 012d 01       		.byte	0x1
 560 012e 41       		.byte	0x41
 561 012f 43010000 		.4byte	0x143
 562 0133 02       		.uleb128 0x2
 563 0134 91       		.byte	0x91
 564 0135 70       		.sleb128 -16
 565 0136 09       		.uleb128 0x9
 566 0137 6E00     		.ascii	"n\000"
 567 0139 01       		.byte	0x1
 568 013a 41       		.byte	0x41
 569 013b 2C000000 		.4byte	0x2c
 570 013f 02       		.uleb128 0x2
 571 0140 91       		.byte	0x91
 572 0141 6C       		.sleb128 -20
 573 0142 00       		.byte	0
ARM GAS  C:\Users\kbuchi\AppData\Local\Temp\ccWmD5bw.s 			page 16


 574 0143 0B       		.uleb128 0xb
 575 0144 04       		.byte	0x4
 576 0145 49010000 		.4byte	0x149
 577 0149 0C       		.uleb128 0xc
 578 014a 08       		.uleb128 0x8
 579 014b 11020000 		.4byte	.LASF22
 580 014f 01       		.byte	0x1
 581 0150 48       		.byte	0x48
 582 0151 00000000 		.4byte	.LFB2
 583 0155 22000000 		.4byte	.LFE2-.LFB2
 584 0159 01       		.uleb128 0x1
 585 015a 9C       		.byte	0x9c
 586 015b 88010000 		.4byte	0x188
 587 015f 0A       		.uleb128 0xa
 588 0160 CE000000 		.4byte	.LASF21
 589 0164 01       		.byte	0x1
 590 0165 48       		.byte	0x48
 591 0166 7D000000 		.4byte	0x7d
 592 016a 02       		.uleb128 0x2
 593 016b 91       		.byte	0x91
 594 016c 74       		.sleb128 -12
 595 016d 09       		.uleb128 0x9
 596 016e 73726300 		.ascii	"src\000"
 597 0172 01       		.byte	0x1
 598 0173 48       		.byte	0x48
 599 0174 43010000 		.4byte	0x143
 600 0178 02       		.uleb128 0x2
 601 0179 91       		.byte	0x91
 602 017a 70       		.sleb128 -16
 603 017b 09       		.uleb128 0x9
 604 017c 6E00     		.ascii	"n\000"
 605 017e 01       		.byte	0x1
 606 017f 48       		.byte	0x48
 607 0180 2C000000 		.4byte	0x2c
 608 0184 02       		.uleb128 0x2
 609 0185 91       		.byte	0x91
 610 0186 6C       		.sleb128 -20
 611 0187 00       		.byte	0
 612 0188 0D       		.uleb128 0xd
 613 0189 2E000000 		.4byte	.LASF23
 614 018d 01       		.byte	0x1
 615 018e 8F       		.byte	0x8f
 616 018f 00000000 		.4byte	.LFB3
 617 0193 6C000000 		.4byte	.LFE3-.LFB3
 618 0197 01       		.uleb128 0x1
 619 0198 9C       		.byte	0x9c
 620 0199 0E       		.uleb128 0xe
 621 019a 0D000000 		.4byte	.LASF24
 622 019e 01       		.byte	0x1
 623 019f BD       		.byte	0xbd
 624 01a0 00000000 		.4byte	.LFB4
 625 01a4 08000000 		.4byte	.LFE4-.LFB4
 626 01a8 01       		.uleb128 0x1
 627 01a9 9C       		.byte	0x9c
 628 01aa 0F       		.uleb128 0xf
 629 01ab 14010000 		.4byte	.LASF32
 630 01af 01       		.byte	0x1
ARM GAS  C:\Users\kbuchi\AppData\Local\Temp\ccWmD5bw.s 			page 17


 631 01b0 D5       		.byte	0xd5
 632 01b1 6C000000 		.4byte	.LFB5
 633 01b5 18010000 		.4byte	.LFE5-.LFB5
 634 01b9 01       		.uleb128 0x1
 635 01ba 9C       		.byte	0x9c
 636 01bb 10       		.uleb128 0x10
 637 01bc 74000000 		.4byte	.LBB2
 638 01c0 B8000000 		.4byte	.LBE2-.LBB2
 639 01c4 11       		.uleb128 0x11
 640 01c5 06       		.byte	0x6
 641 01c6 01       		.byte	0x1
 642 01c7 DC       		.byte	0xdc
 643 01c8 E5010000 		.4byte	0x1e5
 644 01cc 12       		.uleb128 0x12
 645 01cd 3C010000 		.4byte	.LASF25
 646 01d1 01       		.byte	0x1
 647 01d2 DD       		.byte	0xdd
 648 01d3 7D000000 		.4byte	0x7d
 649 01d7 00       		.byte	0
 650 01d8 12       		.uleb128 0x12
 651 01d9 D3000000 		.4byte	.LASF26
 652 01dd 01       		.byte	0x1
 653 01de DE       		.byte	0xde
 654 01df 91000000 		.4byte	0x91
 655 01e3 04       		.byte	0x4
 656 01e4 00       		.byte	0
 657 01e5 03       		.uleb128 0x3
 658 01e6 5B010000 		.4byte	.LASF27
 659 01ea 01       		.byte	0x1
 660 01eb DF       		.byte	0xdf
 661 01ec C4010000 		.4byte	0x1c4
 662 01f0 13       		.uleb128 0x13
 663 01f1 E5010000 		.4byte	0x1e5
 664 01f5 00020000 		.4byte	0x200
 665 01f9 14       		.uleb128 0x14
 666 01fa 76000000 		.4byte	0x76
 667 01fe 01       		.byte	0x1
 668 01ff 00       		.byte	0
 669 0200 15       		.uleb128 0x15
 670 0201 1E000000 		.4byte	.LASF28
 671 0205 01       		.byte	0x1
 672 0206 E1       		.byte	0xe1
 673 0207 11020000 		.4byte	0x211
 674 020b 05       		.uleb128 0x5
 675 020c 03       		.byte	0x3
 676 020d 00000000 		.4byte	cfg_memset_list.4691
 677 0211 16       		.uleb128 0x16
 678 0212 F0010000 		.4byte	0x1f0
 679 0216 17       		.uleb128 0x17
 680 0217 6900     		.ascii	"i\000"
 681 0219 01       		.byte	0x1
 682 021a E7       		.byte	0xe7
 683 021b 86000000 		.4byte	0x86
 684 021f 02       		.uleb128 0x2
 685 0220 91       		.byte	0x91
 686 0221 77       		.sleb128 -9
 687 0222 10       		.uleb128 0x10
ARM GAS  C:\Users\kbuchi\AppData\Local\Temp\ccWmD5bw.s 			page 18


 688 0223 7C000000 		.4byte	.LBB3
 689 0227 3E000000 		.4byte	.LBE3-.LBB3
 690 022b 17       		.uleb128 0x17
 691 022c 6D7300   		.ascii	"ms\000"
 692 022f 01       		.byte	0x1
 693 0230 EC       		.byte	0xec
 694 0231 38020000 		.4byte	0x238
 695 0235 02       		.uleb128 0x2
 696 0236 91       		.byte	0x91
 697 0237 70       		.sleb128 -16
 698 0238 0B       		.uleb128 0xb
 699 0239 04       		.byte	0x4
 700 023a 3E020000 		.4byte	0x23e
 701 023e 16       		.uleb128 0x16
 702 023f E5010000 		.4byte	0x1e5
 703 0243 00       		.byte	0
 704 0244 00       		.byte	0
 705 0245 00       		.byte	0
 706 0246 00       		.byte	0
 707              		.section	.debug_abbrev,"",%progbits
 708              	.Ldebug_abbrev0:
 709 0000 01       		.uleb128 0x1
 710 0001 11       		.uleb128 0x11
 711 0002 01       		.byte	0x1
 712 0003 25       		.uleb128 0x25
 713 0004 0E       		.uleb128 0xe
 714 0005 13       		.uleb128 0x13
 715 0006 0B       		.uleb128 0xb
 716 0007 03       		.uleb128 0x3
 717 0008 0E       		.uleb128 0xe
 718 0009 1B       		.uleb128 0x1b
 719 000a 0E       		.uleb128 0xe
 720 000b 55       		.uleb128 0x55
 721 000c 17       		.uleb128 0x17
 722 000d 11       		.uleb128 0x11
 723 000e 01       		.uleb128 0x1
 724 000f 10       		.uleb128 0x10
 725 0010 17       		.uleb128 0x17
 726 0011 00       		.byte	0
 727 0012 00       		.byte	0
 728 0013 02       		.uleb128 0x2
 729 0014 24       		.uleb128 0x24
 730 0015 00       		.byte	0
 731 0016 0B       		.uleb128 0xb
 732 0017 0B       		.uleb128 0xb
 733 0018 3E       		.uleb128 0x3e
 734 0019 0B       		.uleb128 0xb
 735 001a 03       		.uleb128 0x3
 736 001b 08       		.uleb128 0x8
 737 001c 00       		.byte	0
 738 001d 00       		.byte	0
 739 001e 03       		.uleb128 0x3
 740 001f 16       		.uleb128 0x16
 741 0020 00       		.byte	0
 742 0021 03       		.uleb128 0x3
 743 0022 0E       		.uleb128 0xe
 744 0023 3A       		.uleb128 0x3a
ARM GAS  C:\Users\kbuchi\AppData\Local\Temp\ccWmD5bw.s 			page 19


 745 0024 0B       		.uleb128 0xb
 746 0025 3B       		.uleb128 0x3b
 747 0026 0B       		.uleb128 0xb
 748 0027 49       		.uleb128 0x49
 749 0028 13       		.uleb128 0x13
 750 0029 00       		.byte	0
 751 002a 00       		.byte	0
 752 002b 04       		.uleb128 0x4
 753 002c 24       		.uleb128 0x24
 754 002d 00       		.byte	0
 755 002e 0B       		.uleb128 0xb
 756 002f 0B       		.uleb128 0xb
 757 0030 3E       		.uleb128 0x3e
 758 0031 0B       		.uleb128 0xb
 759 0032 03       		.uleb128 0x3
 760 0033 0E       		.uleb128 0xe
 761 0034 00       		.byte	0
 762 0035 00       		.byte	0
 763 0036 05       		.uleb128 0x5
 764 0037 0F       		.uleb128 0xf
 765 0038 00       		.byte	0
 766 0039 0B       		.uleb128 0xb
 767 003a 0B       		.uleb128 0xb
 768 003b 00       		.byte	0
 769 003c 00       		.byte	0
 770 003d 06       		.uleb128 0x6
 771 003e 16       		.uleb128 0x16
 772 003f 00       		.byte	0
 773 0040 03       		.uleb128 0x3
 774 0041 0E       		.uleb128 0xe
 775 0042 3A       		.uleb128 0x3a
 776 0043 0B       		.uleb128 0xb
 777 0044 3B       		.uleb128 0x3b
 778 0045 05       		.uleb128 0x5
 779 0046 49       		.uleb128 0x49
 780 0047 13       		.uleb128 0x13
 781 0048 00       		.byte	0
 782 0049 00       		.byte	0
 783 004a 07       		.uleb128 0x7
 784 004b 35       		.uleb128 0x35
 785 004c 00       		.byte	0
 786 004d 49       		.uleb128 0x49
 787 004e 13       		.uleb128 0x13
 788 004f 00       		.byte	0
 789 0050 00       		.byte	0
 790 0051 08       		.uleb128 0x8
 791 0052 2E       		.uleb128 0x2e
 792 0053 01       		.byte	0x1
 793 0054 03       		.uleb128 0x3
 794 0055 0E       		.uleb128 0xe
 795 0056 3A       		.uleb128 0x3a
 796 0057 0B       		.uleb128 0xb
 797 0058 3B       		.uleb128 0x3b
 798 0059 0B       		.uleb128 0xb
 799 005a 27       		.uleb128 0x27
 800 005b 19       		.uleb128 0x19
 801 005c 11       		.uleb128 0x11
ARM GAS  C:\Users\kbuchi\AppData\Local\Temp\ccWmD5bw.s 			page 20


 802 005d 01       		.uleb128 0x1
 803 005e 12       		.uleb128 0x12
 804 005f 06       		.uleb128 0x6
 805 0060 40       		.uleb128 0x40
 806 0061 18       		.uleb128 0x18
 807 0062 9642     		.uleb128 0x2116
 808 0064 19       		.uleb128 0x19
 809 0065 01       		.uleb128 0x1
 810 0066 13       		.uleb128 0x13
 811 0067 00       		.byte	0
 812 0068 00       		.byte	0
 813 0069 09       		.uleb128 0x9
 814 006a 05       		.uleb128 0x5
 815 006b 00       		.byte	0
 816 006c 03       		.uleb128 0x3
 817 006d 08       		.uleb128 0x8
 818 006e 3A       		.uleb128 0x3a
 819 006f 0B       		.uleb128 0xb
 820 0070 3B       		.uleb128 0x3b
 821 0071 0B       		.uleb128 0xb
 822 0072 49       		.uleb128 0x49
 823 0073 13       		.uleb128 0x13
 824 0074 02       		.uleb128 0x2
 825 0075 18       		.uleb128 0x18
 826 0076 00       		.byte	0
 827 0077 00       		.byte	0
 828 0078 0A       		.uleb128 0xa
 829 0079 05       		.uleb128 0x5
 830 007a 00       		.byte	0
 831 007b 03       		.uleb128 0x3
 832 007c 0E       		.uleb128 0xe
 833 007d 3A       		.uleb128 0x3a
 834 007e 0B       		.uleb128 0xb
 835 007f 3B       		.uleb128 0x3b
 836 0080 0B       		.uleb128 0xb
 837 0081 49       		.uleb128 0x49
 838 0082 13       		.uleb128 0x13
 839 0083 02       		.uleb128 0x2
 840 0084 18       		.uleb128 0x18
 841 0085 00       		.byte	0
 842 0086 00       		.byte	0
 843 0087 0B       		.uleb128 0xb
 844 0088 0F       		.uleb128 0xf
 845 0089 00       		.byte	0
 846 008a 0B       		.uleb128 0xb
 847 008b 0B       		.uleb128 0xb
 848 008c 49       		.uleb128 0x49
 849 008d 13       		.uleb128 0x13
 850 008e 00       		.byte	0
 851 008f 00       		.byte	0
 852 0090 0C       		.uleb128 0xc
 853 0091 26       		.uleb128 0x26
 854 0092 00       		.byte	0
 855 0093 00       		.byte	0
 856 0094 00       		.byte	0
 857 0095 0D       		.uleb128 0xd
 858 0096 2E       		.uleb128 0x2e
ARM GAS  C:\Users\kbuchi\AppData\Local\Temp\ccWmD5bw.s 			page 21


 859 0097 00       		.byte	0
 860 0098 03       		.uleb128 0x3
 861 0099 0E       		.uleb128 0xe
 862 009a 3A       		.uleb128 0x3a
 863 009b 0B       		.uleb128 0xb
 864 009c 3B       		.uleb128 0x3b
 865 009d 0B       		.uleb128 0xb
 866 009e 27       		.uleb128 0x27
 867 009f 19       		.uleb128 0x19
 868 00a0 11       		.uleb128 0x11
 869 00a1 01       		.uleb128 0x1
 870 00a2 12       		.uleb128 0x12
 871 00a3 06       		.uleb128 0x6
 872 00a4 40       		.uleb128 0x40
 873 00a5 18       		.uleb128 0x18
 874 00a6 9642     		.uleb128 0x2116
 875 00a8 19       		.uleb128 0x19
 876 00a9 00       		.byte	0
 877 00aa 00       		.byte	0
 878 00ab 0E       		.uleb128 0xe
 879 00ac 2E       		.uleb128 0x2e
 880 00ad 00       		.byte	0
 881 00ae 03       		.uleb128 0x3
 882 00af 0E       		.uleb128 0xe
 883 00b0 3A       		.uleb128 0x3a
 884 00b1 0B       		.uleb128 0xb
 885 00b2 3B       		.uleb128 0x3b
 886 00b3 0B       		.uleb128 0xb
 887 00b4 27       		.uleb128 0x27
 888 00b5 19       		.uleb128 0x19
 889 00b6 11       		.uleb128 0x11
 890 00b7 01       		.uleb128 0x1
 891 00b8 12       		.uleb128 0x12
 892 00b9 06       		.uleb128 0x6
 893 00ba 40       		.uleb128 0x40
 894 00bb 18       		.uleb128 0x18
 895 00bc 9742     		.uleb128 0x2117
 896 00be 19       		.uleb128 0x19
 897 00bf 00       		.byte	0
 898 00c0 00       		.byte	0
 899 00c1 0F       		.uleb128 0xf
 900 00c2 2E       		.uleb128 0x2e
 901 00c3 01       		.byte	0x1
 902 00c4 3F       		.uleb128 0x3f
 903 00c5 19       		.uleb128 0x19
 904 00c6 03       		.uleb128 0x3
 905 00c7 0E       		.uleb128 0xe
 906 00c8 3A       		.uleb128 0x3a
 907 00c9 0B       		.uleb128 0xb
 908 00ca 3B       		.uleb128 0x3b
 909 00cb 0B       		.uleb128 0xb
 910 00cc 27       		.uleb128 0x27
 911 00cd 19       		.uleb128 0x19
 912 00ce 11       		.uleb128 0x11
 913 00cf 01       		.uleb128 0x1
 914 00d0 12       		.uleb128 0x12
 915 00d1 06       		.uleb128 0x6
ARM GAS  C:\Users\kbuchi\AppData\Local\Temp\ccWmD5bw.s 			page 22


 916 00d2 40       		.uleb128 0x40
 917 00d3 18       		.uleb128 0x18
 918 00d4 9642     		.uleb128 0x2116
 919 00d6 19       		.uleb128 0x19
 920 00d7 00       		.byte	0
 921 00d8 00       		.byte	0
 922 00d9 10       		.uleb128 0x10
 923 00da 0B       		.uleb128 0xb
 924 00db 01       		.byte	0x1
 925 00dc 11       		.uleb128 0x11
 926 00dd 01       		.uleb128 0x1
 927 00de 12       		.uleb128 0x12
 928 00df 06       		.uleb128 0x6
 929 00e0 00       		.byte	0
 930 00e1 00       		.byte	0
 931 00e2 11       		.uleb128 0x11
 932 00e3 13       		.uleb128 0x13
 933 00e4 01       		.byte	0x1
 934 00e5 0B       		.uleb128 0xb
 935 00e6 0B       		.uleb128 0xb
 936 00e7 3A       		.uleb128 0x3a
 937 00e8 0B       		.uleb128 0xb
 938 00e9 3B       		.uleb128 0x3b
 939 00ea 0B       		.uleb128 0xb
 940 00eb 01       		.uleb128 0x1
 941 00ec 13       		.uleb128 0x13
 942 00ed 00       		.byte	0
 943 00ee 00       		.byte	0
 944 00ef 12       		.uleb128 0x12
 945 00f0 0D       		.uleb128 0xd
 946 00f1 00       		.byte	0
 947 00f2 03       		.uleb128 0x3
 948 00f3 0E       		.uleb128 0xe
 949 00f4 3A       		.uleb128 0x3a
 950 00f5 0B       		.uleb128 0xb
 951 00f6 3B       		.uleb128 0x3b
 952 00f7 0B       		.uleb128 0xb
 953 00f8 49       		.uleb128 0x49
 954 00f9 13       		.uleb128 0x13
 955 00fa 38       		.uleb128 0x38
 956 00fb 0B       		.uleb128 0xb
 957 00fc 00       		.byte	0
 958 00fd 00       		.byte	0
 959 00fe 13       		.uleb128 0x13
 960 00ff 01       		.uleb128 0x1
 961 0100 01       		.byte	0x1
 962 0101 49       		.uleb128 0x49
 963 0102 13       		.uleb128 0x13
 964 0103 01       		.uleb128 0x1
 965 0104 13       		.uleb128 0x13
 966 0105 00       		.byte	0
 967 0106 00       		.byte	0
 968 0107 14       		.uleb128 0x14
 969 0108 21       		.uleb128 0x21
 970 0109 00       		.byte	0
 971 010a 49       		.uleb128 0x49
 972 010b 13       		.uleb128 0x13
ARM GAS  C:\Users\kbuchi\AppData\Local\Temp\ccWmD5bw.s 			page 23


 973 010c 2F       		.uleb128 0x2f
 974 010d 0B       		.uleb128 0xb
 975 010e 00       		.byte	0
 976 010f 00       		.byte	0
 977 0110 15       		.uleb128 0x15
 978 0111 34       		.uleb128 0x34
 979 0112 00       		.byte	0
 980 0113 03       		.uleb128 0x3
 981 0114 0E       		.uleb128 0xe
 982 0115 3A       		.uleb128 0x3a
 983 0116 0B       		.uleb128 0xb
 984 0117 3B       		.uleb128 0x3b
 985 0118 0B       		.uleb128 0xb
 986 0119 49       		.uleb128 0x49
 987 011a 13       		.uleb128 0x13
 988 011b 02       		.uleb128 0x2
 989 011c 18       		.uleb128 0x18
 990 011d 00       		.byte	0
 991 011e 00       		.byte	0
 992 011f 16       		.uleb128 0x16
 993 0120 26       		.uleb128 0x26
 994 0121 00       		.byte	0
 995 0122 49       		.uleb128 0x49
 996 0123 13       		.uleb128 0x13
 997 0124 00       		.byte	0
 998 0125 00       		.byte	0
 999 0126 17       		.uleb128 0x17
 1000 0127 34       		.uleb128 0x34
 1001 0128 00       		.byte	0
 1002 0129 03       		.uleb128 0x3
 1003 012a 08       		.uleb128 0x8
 1004 012b 3A       		.uleb128 0x3a
 1005 012c 0B       		.uleb128 0xb
 1006 012d 3B       		.uleb128 0x3b
 1007 012e 0B       		.uleb128 0xb
 1008 012f 49       		.uleb128 0x49
 1009 0130 13       		.uleb128 0x13
 1010 0131 02       		.uleb128 0x2
 1011 0132 18       		.uleb128 0x18
 1012 0133 00       		.byte	0
 1013 0134 00       		.byte	0
 1014 0135 00       		.byte	0
 1015              		.section	.debug_aranges,"",%progbits
 1016 0000 44000000 		.4byte	0x44
 1017 0004 0200     		.2byte	0x2
 1018 0006 00000000 		.4byte	.Ldebug_info0
 1019 000a 04       		.byte	0x4
 1020 000b 00       		.byte	0
 1021 000c 0000     		.2byte	0
 1022 000e 0000     		.2byte	0
 1023 0010 00000000 		.4byte	.LFB0
 1024 0014 1E000000 		.4byte	.LFE0-.LFB0
 1025 0018 00000000 		.4byte	.LFB1
 1026 001c 22000000 		.4byte	.LFE1-.LFB1
 1027 0020 00000000 		.4byte	.LFB2
 1028 0024 22000000 		.4byte	.LFE2-.LFB2
 1029 0028 00000000 		.4byte	.LFB3
ARM GAS  C:\Users\kbuchi\AppData\Local\Temp\ccWmD5bw.s 			page 24


 1030 002c 6C000000 		.4byte	.LFE3-.LFB3
 1031 0030 00000000 		.4byte	.LFB4
 1032 0034 08000000 		.4byte	.LFE4-.LFB4
 1033 0038 6C000000 		.4byte	.LFB5
 1034 003c 18010000 		.4byte	.LFE5-.LFB5
 1035 0040 00000000 		.4byte	0
 1036 0044 00000000 		.4byte	0
 1037              		.section	.debug_ranges,"",%progbits
 1038              	.Ldebug_ranges0:
 1039 0000 00000000 		.4byte	.LFB0
 1040 0004 1E000000 		.4byte	.LFE0
 1041 0008 00000000 		.4byte	.LFB1
 1042 000c 22000000 		.4byte	.LFE1
 1043 0010 00000000 		.4byte	.LFB2
 1044 0014 22000000 		.4byte	.LFE2
 1045 0018 00000000 		.4byte	.LFB3
 1046 001c 6C000000 		.4byte	.LFE3
 1047 0020 00000000 		.4byte	.LFB4
 1048 0024 08000000 		.4byte	.LFE4
 1049 0028 6C000000 		.4byte	.LFB5
 1050 002c 84010000 		.4byte	.LFE5
 1051 0030 00000000 		.4byte	0
 1052 0034 00000000 		.4byte	0
 1053              		.section	.debug_line,"",%progbits
 1054              	.Ldebug_line0:
 1055 0000 60010000 		.section	.debug_str,"MS",%progbits,1
 1055      0200CD00 
 1055      00000201 
 1055      FB0E0D00 
 1055      01010101 
 1056              	.LASF18:
 1057 0000 72656733 		.ascii	"reg32\000"
 1057      3200
 1058              	.LASF11:
 1059 0006 73697A65 		.ascii	"size_t\000"
 1059      5F7400
 1060              	.LASF24:
 1061 000d 416E616C 		.ascii	"AnalogSetDefault\000"
 1061      6F675365 
 1061      74446566 
 1061      61756C74 
 1061      00
 1062              	.LASF28:
 1063 001e 6366675F 		.ascii	"cfg_memset_list\000"
 1063      6D656D73 
 1063      65745F6C 
 1063      69737400 
 1064              	.LASF23:
 1065 002e 436C6F63 		.ascii	"ClockSetup\000"
 1065      6B536574 
 1065      757000
 1066              	.LASF4:
 1067 0039 73686F72 		.ascii	"short unsigned int\000"
 1067      7420756E 
 1067      7369676E 
 1067      65642069 
 1067      6E7400
ARM GAS  C:\Users\kbuchi\AppData\Local\Temp\ccWmD5bw.s 			page 25


 1068              	.LASF15:
 1069 004c 666C6F61 		.ascii	"float\000"
 1069      7400
 1070              	.LASF29:
 1071 0052 474E5520 		.ascii	"GNU C 4.8.4 20140526 (release) [ARM/embedded-4_8-br"
 1071      4320342E 
 1071      382E3420 
 1071      32303134 
 1071      30353236 
 1072 0085 616E6368 		.ascii	"anch revision 211358] -mcpu=cortex-m0 -mthumb -g -O"
 1072      20726576 
 1072      6973696F 
 1072      6E203231 
 1072      31333538 
 1073 00b8 30202D66 		.ascii	"0 -ffunction-sections\000"
 1073      66756E63 
 1073      74696F6E 
 1073      2D736563 
 1073      74696F6E 
 1074              	.LASF21:
 1075 00ce 64657374 		.ascii	"dest\000"
 1075      00
 1076              	.LASF26:
 1077 00d3 73697A65 		.ascii	"size\000"
 1077      00
 1078              	.LASF17:
 1079 00d8 72656738 		.ascii	"reg8\000"
 1079      00
 1080              	.LASF6:
 1081 00dd 6C6F6E67 		.ascii	"long unsigned int\000"
 1081      20756E73 
 1081      69676E65 
 1081      6420696E 
 1081      7400
 1082              	.LASF12:
 1083 00ef 75696E74 		.ascii	"uint8\000"
 1083      3800
 1084              	.LASF19:
 1085 00f5 43594D45 		.ascii	"CYMEMZERO\000"
 1085      4D5A4552 
 1085      4F00
 1086              	.LASF2:
 1087 00ff 756E7369 		.ascii	"unsigned char\000"
 1087      676E6564 
 1087      20636861 
 1087      7200
 1088              	.LASF16:
 1089 010d 646F7562 		.ascii	"double\000"
 1089      6C6500
 1090              	.LASF32:
 1091 0114 63796669 		.ascii	"cyfitter_cfg\000"
 1091      74746572 
 1091      5F636667 
 1091      00
 1092              	.LASF13:
 1093 0121 75696E74 		.ascii	"uint16\000"
 1093      313600
ARM GAS  C:\Users\kbuchi\AppData\Local\Temp\ccWmD5bw.s 			page 26


 1094              	.LASF14:
 1095 0128 75696E74 		.ascii	"uint32\000"
 1095      333200
 1096              	.LASF0:
 1097 012f 756E7369 		.ascii	"unsigned int\000"
 1097      676E6564 
 1097      20696E74 
 1097      00
 1098              	.LASF25:
 1099 013c 61646472 		.ascii	"address\000"
 1099      65737300 
 1100              	.LASF8:
 1101 0144 6C6F6E67 		.ascii	"long long unsigned int\000"
 1101      206C6F6E 
 1101      6720756E 
 1101      7369676E 
 1101      65642069 
 1102              	.LASF27:
 1103 015b 6366675F 		.ascii	"cfg_memset_t\000"
 1103      6D656D73 
 1103      65745F74 
 1103      00
 1104              	.LASF30:
 1105 0168 2E5C4765 		.ascii	".\\Generated_Source\\PSoC4\\cyfitter_cfg.c\000"
 1105      6E657261 
 1105      7465645F 
 1105      536F7572 
 1105      63655C50 
 1106              	.LASF9:
 1107 0190 73697A65 		.ascii	"sizetype\000"
 1107      74797065 
 1107      00
 1108              	.LASF31:
 1109 0199 433A5C57 		.ascii	"C:\\WORKS\\WS\\WS_E2\\psoc\\SCB_Bootloader\\Bootloa"
 1109      4F524B53 
 1109      5C57535C 
 1109      57535F45 
 1109      325C7073 
 1110 01c6 6461626C 		.ascii	"dable Blinking LED.cydsn\000"
 1110      6520426C 
 1110      696E6B69 
 1110      6E67204C 
 1110      45442E63 
 1111              	.LASF7:
 1112 01df 6C6F6E67 		.ascii	"long long int\000"
 1112      206C6F6E 
 1112      6720696E 
 1112      7400
 1113              	.LASF10:
 1114 01ed 63686172 		.ascii	"char\000"
 1114      00
 1115              	.LASF3:
 1116 01f2 73686F72 		.ascii	"short int\000"
 1116      7420696E 
 1116      7400
 1117              	.LASF5:
 1118 01fc 6C6F6E67 		.ascii	"long int\000"
ARM GAS  C:\Users\kbuchi\AppData\Local\Temp\ccWmD5bw.s 			page 27


 1118      20696E74 
 1118      00
 1119              	.LASF1:
 1120 0205 7369676E 		.ascii	"signed char\000"
 1120      65642063 
 1120      68617200 
 1121              	.LASF22:
 1122 0211 4359434F 		.ascii	"CYCONFIGCPYCODE\000"
 1122      4E464947 
 1122      43505943 
 1122      4F444500 
 1123              	.LASF20:
 1124 0221 4359434F 		.ascii	"CYCONFIGCPY\000"
 1124      4E464947 
 1124      43505900 
 1125              		.ident	"GCC: (GNU Tools for ARM Embedded Processors) 4.8.4 20140526 (release) [ARM/embedded-4_8-br
